#
# A fatal error has been detected by the Java Runtime Environment:
#
#  EXCEPTION_ACCESS_VIOLATION (0xc0000005) at pc=0x00007ffccc58c02a, pid=2576, tid=31176
#
# JRE version: OpenJDK Runtime Environment (22.0.1+8) (build 22.0.1+8-16)
# Java VM: OpenJDK 64-Bit Server VM (22.0.1+8-16, mixed mode, sharing, tiered, compressed oops, compressed class ptrs, g1 gc, windows-amd64)
# Problematic frame:
# C  [igxelpicd64.dll+0x36c02a]
#
# No core dump will be written. Minidumps are not enabled by default on client versions of Windows
#
# If you would like to submit a bug report, please visit:
#   https://bugreport.java.com/bugreport/crash.jsp
#

---------------  S U M M A R Y ------------

Command Line: -javaagent:D:\IntelliJ IDEA\IntelliJ IDEA 2023.2.1\lib\idea_rt.jar=4252:D:\IntelliJ IDEA\IntelliJ IDEA 2023.2.1\bin -Dfile.encoding=UTF-8 -Dsun.stdout.encoding=UTF-8 -Dsun.stderr.encoding=UTF-8 MainWindow

Host: 11th Gen Intel(R) Core(TM) i7-1160G7 @ 1.20GHz, 8 cores, 15G,  Windows 11 , 64 bit Build 22621 (10.0.22621.3958)
Time: Tue Nov  5 21:25:56 2024  Windows 11 , 64 bit Build 22621 (10.0.22621.3958) elapsed time: 144.200833 seconds (0d 0h 2m 24s)

---------------  T H R E A D  ---------------

Current thread (0x0000027e4406caf0):  VMThread "VM Thread"          [id=31176, stack(0x000000e920100000,0x000000e920200000) (1024K)]

Stack: [0x000000e920100000,0x000000e920200000],  sp=0x000000e9201fe250,  free space=1016k
Native frames: (J=compiled Java code, j=interpreted, Vv=VM code, C=native code)
C  [igxelpicd64.dll+0x36c02a]  (no source info available)
C  [igxelpicd64.dll+0x9a847]  (no source info available)
C  [igxelpicd64.dll+0x2d956e]  (no source info available)
C  [igxelpicd64.dll+0x21300e]  (no source info available)
C  [igxelpicd64.dll+0x1c4416]  (no source info available)
C  [igxelpicd64.dll+0x1c460f]  (no source info available)
C  [igxelpicd64.dll+0xa368f]  (no source info available)
C  [igxelpicd64.dll+0xa34bd]  (no source info available)
C  [igxelpicd64.dll+0x7cd62b]  (no source info available)
C  [ntdll.dll+0x28b5f]  (no source info available)
C  [ntdll.dll+0x51566]  (no source info available)
C  [ntdll.dll+0x5115d]  (no source info available)
C  [KERNEL32.DLL+0x17fab]  (no source info available)
C  [ucrtbase.dll+0x1bed8]  (no source info available)
C  [ucrtbase.dll+0x1c099]  (no source info available)
V  [jvm.dll+0x6db40b]  (no source info available)
V  [jvm.dll+0x6daf40]  (no source info available)
V  [jvm.dll+0x3e1ea4]  (no source info available)
V  [jvm.dll+0x87d7d0]  (no source info available)
V  [jvm.dll+0x87eb57]  (no source info available)
V  [jvm.dll+0x87f0d0]  (no source info available)
V  [jvm.dll+0x87f373]  (no source info available)
V  [jvm.dll+0x81d44b]  (no source info available)
V  [jvm.dll+0x6e0915]  (no source info available)
C  [ucrtbase.dll+0x29333]  (no source info available)
C  [KERNEL32.DLL+0x1257d]  (no source info available)
C  [ntdll.dll+0x5af08]  (no source info available)


siginfo: EXCEPTION_ACCESS_VIOLATION (0xc0000005), reading address 0x0000000000035888


Registers:
RAX=0x0000027e8a77c318, RBX=0x0000000000000000, RCX=0x0000000000000000, RDX=0x00000000fffffff0
RSP=0x000000e9201fe250, RBP=0x000000e9201fe2b8, RSI=0x0000027e8a0e0940, RDI=0x0000000000000000
R8 =0x0000000000000000, R9 =0x0000000000000000, R10=0x0000027e8a77c7e0, R11=0x0000000000000246
R12=0x0000027e8a153e98, R13=0x0000000000000000, R14=0x0000027e8a77c210, R15=0x0000000000000016
RIP=0x00007ffccc58c02a, EFLAGS=0x0000000000010206


Register to memory mapping:

RAX=0x0000027e8a77c318 points into unknown readable memory: 0x00000000004caf46 | 46 af 4c 00 00 00 00 00
RBX=0x0 is null
RCX=0x0 is null
RDX=0x00000000fffffff0 is an unknown value
RSP=0x000000e9201fe250 points into unknown readable memory: 0x0000027e8a013c60 | 60 3c 01 8a 7e 02 00 00
RBP=0x000000e9201fe2b8 points into unknown readable memory: 0x000000000000000f | 0f 00 00 00 00 00 00 00
RSI=0x0000027e8a0e0940 points into unknown readable memory: 0x0000027e8a11e200 | 00 e2 11 8a 7e 02 00 00
RDI=0x0 is null
R8 =0x0 is null
R9 =0x0 is null
R10=0x0000027e8a77c7e0 points into unknown readable memory: 0x0000027e8a2c24c0 | c0 24 2c 8a 7e 02 00 00
R11=0x0000000000000246 is an unknown value
R12=0x0000027e8a153e98 points into unknown readable memory: 0x0000000000040000 | 00 00 04 00 00 00 00 00
R13=0x0 is null
R14=0x0000027e8a77c210 points into unknown readable memory: 0x0000027e8a05cc60 | 60 cc 05 8a 7e 02 00 00
R15=0x0000000000000016 is an unknown value

Top of Stack: (sp=0x000000e9201fe250)
0x000000e9201fe250:   0000027e8a013c60 0000000000000000
0x000000e9201fe260:   000000e9201fe400 00007ffd8f4a42a9
0x000000e9201fe270:   0000027e8a2c24c0 0000000000000000
0x000000e9201fe280:   0000027e8a013c60 0000027e8a77c7e0
0x000000e9201fe290:   023dca9300c76993 00007ffd911d4114
0x000000e9201fe2a0:   015ba19402275b94 016e12950300e694
0x000000e9201fe2b0:   00519b9503062395 000000000000000f
0x000000e9201fe2c0:   00000000004caf71 0000b80200000000
0x000000e9201fe2d0:   0000027e8a153e98 0000000000000000
0x000000e9201fe2e0:   0000000000000000 0000027e8a0e0940
0x000000e9201fe2f0:   000000e9201fe400 00007ffccc2ba847
0x000000e9201fe300:   0000027e8a0e0900 0000000000000016
0x000000e9201fe310:   02e3a79c02126f00 00a8e09c02e4c400
0x000000e9201fe320:   000000e9000025d8 0297769e00000000
0x000000e9201fe330:   0000000000000000 02e232a00321fc9f
0x000000e9201fe340:   02de64a0025b41a0 0272a0a1026ea0a1
0x000000e9201fe350:   000605a2027bd0a1 02ba7aa2025d06a2
0x000000e9201fe360:   02d310a3021096a2 02f432a40115e7a3
0x000000e9201fe370:   01e9aea4000258a4 02743ca5021632a5
0x000000e9201fe380:   02de81a5028d6ba5 02a81ca602ae83a5
0x000000e9201fe390:   00a644a602db39a6 0000027e8a11ef40
0x000000e9201fe3a0:   0000027e8da00000 0000000000000060
0x000000e9201fe3b0:   0000b80200000000 00000000000025d8
0x000000e9201fe3c0:   0000000000000000 4000044000000001
0x000000e9201fe3d0:   0000000000000000 0000000000000000
0x000000e9201fe3e0:   0000000000000000 0000000000000000
0x000000e9201fe3f0:   0000000000000000 0000000000000000
0x000000e9201fe400:   0000000000000000 0000000000000000
0x000000e9201fe410:   0000000000000000 0000000000000000
0x000000e9201fe420:   0000000000000000 0000000000000000
0x000000e9201fe430:   0000000000000000 0000000000000000
0x000000e9201fe440:   0000000000000000 0000000000000000 

Instructions: (pc=0x00007ffccc58c02a)
0x00007ffccc58bf2a:   25 58 00 00 00 41 bd 20 00 00 00 48 8b 04 f8 4e
0x00007ffccc58bf3a:   8b 2c 28 40 8a 7d 58 4c 3b 2d 38 98 ba 00 45 0f
0x00007ffccc58bf4a:   44 f8 44 89 7d 50 48 85 c9 0f 84 69 07 00 00 33
0x00007ffccc58bf5a:   db 4c 8b f1 4c 8d 91 d0 05 00 00 4c 89 55 d0 49
0x00007ffccc58bf6a:   8b 02 48 89 45 b8 40 84 ff 74 10 48 8b d1 48 8b
0x00007ffccc58bf7a:   09 e8 f0 2a d3 ff e9 f0 06 00 00 44 8b 86 c8 01
0x00007ffccc58bf8a:   00 00 48 8b 05 6d 71 aa 00 83 b8 68 03 00 00 02
0x00007ffccc58bf9a:   0f 85 1e 02 00 00 41 8d 50 f0 41 83 f8 10 73 11
0x00007ffccc58bfaa:   4a 8d 04 c5 21 00 00 00 49 03 c0 48 8d 04 c1 eb
0x00007ffccc58bfba:   5b 8b c2 c1 e8 04 83 f8 03 73 1f 0f ae e8 8b ca
0x00007ffccc58bfca:   83 e1 0f 4d 8b 8c c6 88 05 00 00 4d 85 c9 74 21
0x00007ffccc58bfda:   48 8d 0c c9 49 8d 04 c9 eb 32 48 8b 81 a0 05 00
0x00007ffccc58bfea:   00 eb 09 44 39 00 74 2f 48 8b 40 50 48 85 c0 75
0x00007ffccc58bffa:   f2 41 38 9e a8 05 00 00 74 23 41 8b c0 83 e0 0f
0x00007ffccc58c00a:   48 8d 04 c0 48 8d 40 21 49 8d 04 c6 48 85 c0 74
0x00007ffccc58c01a:   0c 48 8b 48 08 eb 09 48 83 c0 08 eb ef 48 8b cb
0x00007ffccc58c02a:   49 3b 8d 88 58 03 00 0f 86 87 01 00 00 41 83 f8
0x00007ffccc58c03a:   10 73 0d 4a 8d 04 c5 21 00 00 00 49 03 c0 eb 55
0x00007ffccc58c04a:   8b c2 c1 e8 04 83 f8 03 73 1d 0f ae e8 83 e2 0f
0x00007ffccc58c05a:   4d 8b 8c c6 88 05 00 00 4d 85 c9 74 21 48 8d 0c
0x00007ffccc58c06a:   d2 49 8d 04 c9 eb 32 49 8b 86 a0 05 00 00 eb 09
0x00007ffccc58c07a:   44 39 00 74 2f 48 8b 40 50 48 85 c0 75 f2 41 38
0x00007ffccc58c08a:   9e a8 05 00 00 74 23 41 8b c0 83 e0 0f 48 8d 04
0x00007ffccc58c09a:   c0 48 8d 40 21 49 8d 04 c6 48 85 c0 74 0c 48 8b
0x00007ffccc58c0aa:   48 08 eb 09 48 83 c0 08 eb ef 48 8b cb 49 3b 8e
0x00007ffccc58c0ba:   48 06 00 00 0f 86 fa 00 00 00 48 8b 86 78 02 00
0x00007ffccc58c0ca:   00 49 89 02 4c 89 b6 78 02 00 00 ff 86 80 02 00
0x00007ffccc58c0da:   00 ba 01 00 00 00 49 8b 4e 08 e8 d7 4a cd ff 0f
0x00007ffccc58c0ea:   b7 c8 48 2b c1 48 05 00 00 01 00 48 01 86 88 02
0x00007ffccc58c0fa:   00 00 ba 01 00 00 00 49 8b 4e 08 e8 b6 4a cd ff
0x00007ffccc58c10a:   48 01 86 98 02 00 00 45 85 ff 0f 84 9a 00 00 00
0x00007ffccc58c11a:   49 8b 9d 38 50 03 00 0f 57 c0 f3 0f 7f 45 d8 45 


Stack slot to memory mapping:

stack at sp + 0 slots: 0x0000027e8a013c60 points into unknown readable memory: 0xffffffffffffffff | ff ff ff ff ff ff ff ff
stack at sp + 1 slots: 0x0 is null
stack at sp + 2 slots: 0x000000e9201fe400 points into unknown readable memory: 0x0000000000000000 | 00 00 00 00 00 00 00 00
stack at sp + 3 slots: 0x00007ffd8f4a42a9 USER32.dll
stack at sp + 4 slots: 0x0000027e8a2c24c0 points into unknown readable memory: 0x0000027e8a05cc60 | 60 cc 05 8a 7e 02 00 00
stack at sp + 5 slots: 0x0 is null
stack at sp + 6 slots: 0x0000027e8a013c60 points into unknown readable memory: 0xffffffffffffffff | ff ff ff ff ff ff ff ff
stack at sp + 7 slots: 0x0000027e8a77c7e0 points into unknown readable memory: 0x0000027e8a2c24c0 | c0 24 2c 8a 7e 02 00 00

VM_Operation (0x000000e91f7fee30): Exit, mode: safepoint, requested by thread 0x0000027e8a05fa90


---------------  P R O C E S S  ---------------

Threads class SMR info:
_java_thread_list=0x0000027e8a215980, length=14, elements={
0x0000027e23223a80, 0x0000027e4408e120, 0x0000027e4408f130, 0x0000027e44091e90,
0x0000027e44092be0, 0x0000027e44096750, 0x0000027e443f8090, 0x0000027e4441a6b0,
0x0000027e4409ccd0, 0x0000027e4450b750, 0x0000027e446c5660, 0x0000027e44770480,
0x0000027e8a77f4b0, 0x0000027e8a05fa90
}

Java Threads: ( => current thread )
  0x0000027e23223a80 JavaThread "main"                              [_thread_blocked, id=28948, stack(0x000000e91fa00000,0x000000e91fb00000) (1024K)]
  0x0000027e4408e120 JavaThread "Reference Handler"          daemon [_thread_blocked, id=23772, stack(0x000000e920200000,0x000000e920300000) (1024K)]
  0x0000027e4408f130 JavaThread "Finalizer"                  daemon [_thread_blocked, id=864, stack(0x000000e920300000,0x000000e920400000) (1024K)]
  0x0000027e44091e90 JavaThread "Signal Dispatcher"          daemon [_thread_blocked, id=13708, stack(0x000000e920400000,0x000000e920500000) (1024K)]
  0x0000027e44092be0 JavaThread "Attach Listener"            daemon [_thread_blocked, id=18412, stack(0x000000e920500000,0x000000e920600000) (1024K)]
  0x0000027e44096750 JavaThread "Service Thread"             daemon [_thread_blocked, id=29772, stack(0x000000e920600000,0x000000e920700000) (1024K)]
  0x0000027e443f8090 JavaThread "Monitor Deflation Thread"   daemon [_thread_blocked, id=16796, stack(0x000000e920700000,0x000000e920800000) (1024K)]
  0x0000027e4441a6b0 JavaThread "C2 CompilerThread0"         daemon [_thread_blocked, id=2256, stack(0x000000e920800000,0x000000e920900000) (1024K)]
  0x0000027e4409ccd0 JavaThread "C1 CompilerThread0"         daemon [_thread_blocked, id=17908, stack(0x000000e920900000,0x000000e920a00000) (1024K)]
  0x0000027e4450b750 JavaThread "Common-Cleaner"             daemon [_thread_blocked, id=4648, stack(0x000000e920a00000,0x000000e920b00000) (1024K)]
  0x0000027e446c5660 JavaThread "Monitor Ctrl-Break"         daemon [_thread_in_native, id=6128, stack(0x000000e920c00000,0x000000e920d00000) (1024K)]
  0x0000027e44770480 JavaThread "Notification Thread"        daemon [_thread_blocked, id=304, stack(0x000000e920d00000,0x000000e920e00000) (1024K)]
  0x0000027e8a77f4b0 JavaThread "LWJGL Timer"                daemon [_thread_blocked, id=30924, stack(0x000000e921700000,0x000000e921800000) (1024K)]
  0x0000027e8a05fa90 JavaThread "SIGINT handler"             daemon [_thread_blocked, id=25704, stack(0x000000e91f700000,0x000000e91f800000) (1024K)]
Total: 14

Other Threads:
=>0x0000027e4406caf0 VMThread "VM Thread"                           [id=31176, stack(0x000000e920100000,0x000000e920200000) (1024K)]
  0x0000027e25434470 WorkerThread "GC Thread#0"                     [id=20000, stack(0x000000e91fb00000,0x000000e91fc00000) (1024K)]
  0x0000027e445e0030 WorkerThread "GC Thread#1"                     [id=4976, stack(0x000000e921800000,0x000000e921900000) (1024K)]
  0x0000027e445e03e0 WorkerThread "GC Thread#2"                     [id=21924, stack(0x000000e921900000,0x000000e921a00000) (1024K)]
  0x0000027e447e1ff0 WorkerThread "GC Thread#3"                     [id=4332, stack(0x000000e921a00000,0x000000e921b00000) (1024K)]
  0x0000027e447e23a0 WorkerThread "GC Thread#4"                     [id=3064, stack(0x000000e921b00000,0x000000e921c00000) (1024K)]
  0x0000027e446c7ef0 WorkerThread "GC Thread#5"                     [id=7164, stack(0x000000e921c00000,0x000000e921d00000) (1024K)]
  0x0000027e4461daf0 WorkerThread "GC Thread#6"                     [id=21092, stack(0x000000e921d00000,0x000000e921e00000) (1024K)]
  0x0000027e9b1cd2b0 WorkerThread "GC Thread#7"                     [id=17324, stack(0x000000e921e00000,0x000000e921f00000) (1024K)]
  0x0000027e254452a0 ConcurrentGCThread "G1 Main Marker"            terminated
  0x0000027e25445db0 WorkerThread "G1 Conc#0"                       [id=9616, stack(0x000000e91fd00000,0x000000e91fe00000) (1024K)]
  0x0000027e43f29490 ConcurrentGCThread "G1 Refine#0"               terminated
  0x0000027e43f2ae30 ConcurrentGCThread "G1 Service"                terminated
Total: 13

Threads with active compile tasks:
Total: 0

VM state: at safepoint (shutting down)

VM Mutex/Monitor currently owned by a thread:  ([mutex/lock_event])
[0x00007ffd19dabbb8] Threads_lock - owner thread: 0x0000027e4406caf0
[0x00007ffd19dabcb8] Heap_lock - owner thread: 0x0000027e8a05fa90

Heap address: 0x0000000703600000, size: 4042 MB, Compressed Oops mode: Zero based, Oop shift amount: 3

CDS archive(s) mapped at: [0x0000027e45000000-0x0000027e45c50000-0x0000027e45c50000), size 12910592, SharedBaseAddress: 0x0000027e45000000, ArchiveRelocationMode: 1.
Compressed class space mapped at: 0x0000027e46000000-0x0000027e86000000, reserved size: 1073741824
Narrow klass base: 0x0000027e45000000, Narrow klass shift: 0, Narrow klass range: 0x41000000

GC Precious Log:
 CardTable entry size: 512
 Card Set container configuration: InlinePtr #cards 4 size 8 Array Of Cards #cards 16 size 48 Howl #buckets 8 coarsen threshold 3686 Howl Bitmap #cards 512 size 80 coarsen threshold 460 Card regions per heap region 1 cards per card region 4096
 CPUs: 8 total, 8 available
 Memory: 16167M
 Large Page Support: Disabled
 NUMA Support: Disabled
 Compressed Oops: Enabled (Zero based)
 Heap Region Size: 2M
 Heap Min Capacity: 8M
 Heap Initial Capacity: 254M
 Heap Max Capacity: 4042M
 Pre-touch: Disabled
 Parallel Workers: 8
 Concurrent Workers: 2
 Concurrent Refinement Workers: 8
 Periodic GC: Disabled

Heap:
 garbage-first heap   total reserved 4139008K, committed 260096K, used 30193K [0x0000000703600000, 0x0000000800000000)
  region size 2048K, 9 young (18432K), 2 survivors (4096K)
 Metaspace       used 3538K, committed 3776K, reserved 1114112K
  class space    used 252K, committed 384K, reserved 1048576K

Heap Regions: E=young(eden), S=young(survivor), O=old, HS=humongous(starts), HC=humongous(continues), CS=collection set, F=free, TAMS=top-at-mark-start, PB=parsable bottom
|   0|0x0000000703600000, 0x0000000703800000, 0x0000000703800000|100%| O|  |TAMS 0x0000000703600000| PB 0x0000000703600000| Untracked |  0
|   1|0x0000000703800000, 0x0000000703a00000, 0x0000000703a00000|100%| O|  |TAMS 0x0000000703800000| PB 0x0000000703800000| Untracked |  0
|   2|0x0000000703a00000, 0x0000000703c00000, 0x0000000703c00000|100%| O|  |TAMS 0x0000000703a00000| PB 0x0000000703a00000| Untracked |  0
|   3|0x0000000703c00000, 0x0000000703e00000, 0x0000000703e00000|100%| O|  |TAMS 0x0000000703c00000| PB 0x0000000703c00000| Untracked |  0
|   4|0x0000000703e00000, 0x0000000704000000, 0x0000000704000000|100%| O|  |TAMS 0x0000000703e00000| PB 0x0000000703e00000| Untracked |  0
|   5|0x0000000704000000, 0x0000000704200000, 0x0000000704200000|100%| O|  |TAMS 0x0000000704000000| PB 0x0000000704000000| Untracked |  0
|   6|0x0000000704200000, 0x000000070437c640, 0x0000000704400000| 74%| O|  |TAMS 0x0000000704200000| PB 0x0000000704200000| Untracked |  0
|   7|0x0000000704400000, 0x0000000704400000, 0x0000000704600000|  0%| F|  |TAMS 0x0000000704400000| PB 0x0000000704400000| Untracked |  0
|   8|0x0000000704600000, 0x0000000704600000, 0x0000000704800000|  0%| F|  |TAMS 0x0000000704600000| PB 0x0000000704600000| Untracked |  0
|   9|0x0000000704800000, 0x0000000704800000, 0x0000000704a00000|  0%| F|  |TAMS 0x0000000704800000| PB 0x0000000704800000| Untracked |  0
|  10|0x0000000704a00000, 0x0000000704a00000, 0x0000000704c00000|  0%| F|  |TAMS 0x0000000704a00000| PB 0x0000000704a00000| Untracked |  0
|  11|0x0000000704c00000, 0x0000000704c00000, 0x0000000704e00000|  0%| F|  |TAMS 0x0000000704c00000| PB 0x0000000704c00000| Untracked |  0
|  12|0x0000000704e00000, 0x0000000704e00000, 0x0000000705000000|  0%| F|  |TAMS 0x0000000704e00000| PB 0x0000000704e00000| Untracked |  0
|  13|0x0000000705000000, 0x0000000705000000, 0x0000000705200000|  0%| F|  |TAMS 0x0000000705000000| PB 0x0000000705000000| Untracked |  0
|  14|0x0000000705200000, 0x0000000705200000, 0x0000000705400000|  0%| F|  |TAMS 0x0000000705200000| PB 0x0000000705200000| Untracked |  0
|  15|0x0000000705400000, 0x0000000705400000, 0x0000000705600000|  0%| F|  |TAMS 0x0000000705400000| PB 0x0000000705400000| Untracked |  0
|  16|0x0000000705600000, 0x0000000705600000, 0x0000000705800000|  0%| F|  |TAMS 0x0000000705600000| PB 0x0000000705600000| Untracked |  0
|  17|0x0000000705800000, 0x0000000705800000, 0x0000000705a00000|  0%| F|  |TAMS 0x0000000705800000| PB 0x0000000705800000| Untracked |  0
|  18|0x0000000705a00000, 0x0000000705a00000, 0x0000000705c00000|  0%| F|  |TAMS 0x0000000705a00000| PB 0x0000000705a00000| Untracked |  0
|  19|0x0000000705c00000, 0x0000000705c00000, 0x0000000705e00000|  0%| F|  |TAMS 0x0000000705c00000| PB 0x0000000705c00000| Untracked |  0
|  20|0x0000000705e00000, 0x0000000705e00000, 0x0000000706000000|  0%| F|  |TAMS 0x0000000705e00000| PB 0x0000000705e00000| Untracked |  0
|  21|0x0000000706000000, 0x0000000706000000, 0x0000000706200000|  0%| F|  |TAMS 0x0000000706000000| PB 0x0000000706000000| Untracked |  0
|  22|0x0000000706200000, 0x0000000706200000, 0x0000000706400000|  0%| F|  |TAMS 0x0000000706200000| PB 0x0000000706200000| Untracked |  0
|  23|0x0000000706400000, 0x0000000706400000, 0x0000000706600000|  0%| F|  |TAMS 0x0000000706400000| PB 0x0000000706400000| Untracked |  0
|  24|0x0000000706600000, 0x0000000706600000, 0x0000000706800000|  0%| F|  |TAMS 0x0000000706600000| PB 0x0000000706600000| Untracked |  0
|  25|0x0000000706800000, 0x0000000706800000, 0x0000000706a00000|  0%| F|  |TAMS 0x0000000706800000| PB 0x0000000706800000| Untracked |  0
|  26|0x0000000706a00000, 0x0000000706a00000, 0x0000000706c00000|  0%| F|  |TAMS 0x0000000706a00000| PB 0x0000000706a00000| Untracked |  0
|  27|0x0000000706c00000, 0x0000000706c00000, 0x0000000706e00000|  0%| F|  |TAMS 0x0000000706c00000| PB 0x0000000706c00000| Untracked |  0
|  28|0x0000000706e00000, 0x0000000706e00000, 0x0000000707000000|  0%| F|  |TAMS 0x0000000706e00000| PB 0x0000000706e00000| Untracked |  0
|  29|0x0000000707000000, 0x0000000707000000, 0x0000000707200000|  0%| F|  |TAMS 0x0000000707000000| PB 0x0000000707000000| Untracked |  0
|  30|0x0000000707200000, 0x0000000707200000, 0x0000000707400000|  0%| F|  |TAMS 0x0000000707200000| PB 0x0000000707200000| Untracked |  0
|  31|0x0000000707400000, 0x0000000707400000, 0x0000000707600000|  0%| F|  |TAMS 0x0000000707400000| PB 0x0000000707400000| Untracked |  0
|  32|0x0000000707600000, 0x0000000707600000, 0x0000000707800000|  0%| F|  |TAMS 0x0000000707600000| PB 0x0000000707600000| Untracked |  0
|  33|0x0000000707800000, 0x0000000707800000, 0x0000000707a00000|  0%| F|  |TAMS 0x0000000707800000| PB 0x0000000707800000| Untracked |  0
|  34|0x0000000707a00000, 0x0000000707a00000, 0x0000000707c00000|  0%| F|  |TAMS 0x0000000707a00000| PB 0x0000000707a00000| Untracked |  0
|  35|0x0000000707c00000, 0x0000000707c00000, 0x0000000707e00000|  0%| F|  |TAMS 0x0000000707c00000| PB 0x0000000707c00000| Untracked |  0
|  36|0x0000000707e00000, 0x0000000707e00000, 0x0000000708000000|  0%| F|  |TAMS 0x0000000707e00000| PB 0x0000000707e00000| Untracked |  0
|  37|0x0000000708000000, 0x0000000708000000, 0x0000000708200000|  0%| F|  |TAMS 0x0000000708000000| PB 0x0000000708000000| Untracked |  0
|  38|0x0000000708200000, 0x0000000708200000, 0x0000000708400000|  0%| F|  |TAMS 0x0000000708200000| PB 0x0000000708200000| Untracked |  0
|  39|0x0000000708400000, 0x0000000708400000, 0x0000000708600000|  0%| F|  |TAMS 0x0000000708400000| PB 0x0000000708400000| Untracked |  0
|  40|0x0000000708600000, 0x0000000708600000, 0x0000000708800000|  0%| F|  |TAMS 0x0000000708600000| PB 0x0000000708600000| Untracked |  0
|  41|0x0000000708800000, 0x0000000708800000, 0x0000000708a00000|  0%| F|  |TAMS 0x0000000708800000| PB 0x0000000708800000| Untracked |  0
|  42|0x0000000708a00000, 0x0000000708a00000, 0x0000000708c00000|  0%| F|  |TAMS 0x0000000708a00000| PB 0x0000000708a00000| Untracked |  0
|  43|0x0000000708c00000, 0x0000000708c00000, 0x0000000708e00000|  0%| F|  |TAMS 0x0000000708c00000| PB 0x0000000708c00000| Untracked |  0
|  44|0x0000000708e00000, 0x0000000708e00000, 0x0000000709000000|  0%| F|  |TAMS 0x0000000708e00000| PB 0x0000000708e00000| Untracked |  0
|  45|0x0000000709000000, 0x0000000709000000, 0x0000000709200000|  0%| F|  |TAMS 0x0000000709000000| PB 0x0000000709000000| Untracked |  0
|  46|0x0000000709200000, 0x0000000709200000, 0x0000000709400000|  0%| F|  |TAMS 0x0000000709200000| PB 0x0000000709200000| Untracked |  0
|  47|0x0000000709400000, 0x0000000709400000, 0x0000000709600000|  0%| F|  |TAMS 0x0000000709400000| PB 0x0000000709400000| Untracked |  0
|  48|0x0000000709600000, 0x0000000709600000, 0x0000000709800000|  0%| F|  |TAMS 0x0000000709600000| PB 0x0000000709600000| Untracked |  0
|  49|0x0000000709800000, 0x0000000709800000, 0x0000000709a00000|  0%| F|  |TAMS 0x0000000709800000| PB 0x0000000709800000| Untracked |  0
|  50|0x0000000709a00000, 0x0000000709a00000, 0x0000000709c00000|  0%| F|  |TAMS 0x0000000709a00000| PB 0x0000000709a00000| Untracked |  0
|  51|0x0000000709c00000, 0x0000000709c00000, 0x0000000709e00000|  0%| F|  |TAMS 0x0000000709c00000| PB 0x0000000709c00000| Untracked |  0
|  52|0x0000000709e00000, 0x0000000709e00000, 0x000000070a000000|  0%| F|  |TAMS 0x0000000709e00000| PB 0x0000000709e00000| Untracked |  0
|  53|0x000000070a000000, 0x000000070a000000, 0x000000070a200000|  0%| F|  |TAMS 0x000000070a000000| PB 0x000000070a000000| Untracked |  0
|  54|0x000000070a200000, 0x000000070a200000, 0x000000070a400000|  0%| F|  |TAMS 0x000000070a200000| PB 0x000000070a200000| Untracked |  0
|  55|0x000000070a400000, 0x000000070a400000, 0x000000070a600000|  0%| F|  |TAMS 0x000000070a400000| PB 0x000000070a400000| Untracked |  0
|  56|0x000000070a600000, 0x000000070a600000, 0x000000070a800000|  0%| F|  |TAMS 0x000000070a600000| PB 0x000000070a600000| Untracked |  0
|  57|0x000000070a800000, 0x000000070a800000, 0x000000070aa00000|  0%| F|  |TAMS 0x000000070a800000| PB 0x000000070a800000| Untracked |  0
|  58|0x000000070aa00000, 0x000000070aa00000, 0x000000070ac00000|  0%| F|  |TAMS 0x000000070aa00000| PB 0x000000070aa00000| Untracked |  0
|  59|0x000000070ac00000, 0x000000070ac00000, 0x000000070ae00000|  0%| F|  |TAMS 0x000000070ac00000| PB 0x000000070ac00000| Untracked |  0
|  60|0x000000070ae00000, 0x000000070ae00000, 0x000000070b000000|  0%| F|  |TAMS 0x000000070ae00000| PB 0x000000070ae00000| Untracked |  0
|  61|0x000000070b000000, 0x000000070b000000, 0x000000070b200000|  0%| F|  |TAMS 0x000000070b000000| PB 0x000000070b000000| Untracked |  0
|  62|0x000000070b200000, 0x000000070b200000, 0x000000070b400000|  0%| F|  |TAMS 0x000000070b200000| PB 0x000000070b200000| Untracked |  0
|  63|0x000000070b400000, 0x000000070b400000, 0x000000070b600000|  0%| F|  |TAMS 0x000000070b400000| PB 0x000000070b400000| Untracked |  0
|  64|0x000000070b600000, 0x000000070b600000, 0x000000070b800000|  0%| F|  |TAMS 0x000000070b600000| PB 0x000000070b600000| Untracked |  0
|  65|0x000000070b800000, 0x000000070b800000, 0x000000070ba00000|  0%| F|  |TAMS 0x000000070b800000| PB 0x000000070b800000| Untracked |  0
|  66|0x000000070ba00000, 0x000000070ba00000, 0x000000070bc00000|  0%| F|  |TAMS 0x000000070ba00000| PB 0x000000070ba00000| Untracked |  0
|  67|0x000000070bc00000, 0x000000070bc00000, 0x000000070be00000|  0%| F|  |TAMS 0x000000070bc00000| PB 0x000000070bc00000| Untracked |  0
|  68|0x000000070be00000, 0x000000070be00000, 0x000000070c000000|  0%| F|  |TAMS 0x000000070be00000| PB 0x000000070be00000| Untracked |  0
|  69|0x000000070c000000, 0x000000070c000000, 0x000000070c200000|  0%| F|  |TAMS 0x000000070c000000| PB 0x000000070c000000| Untracked |  0
|  70|0x000000070c200000, 0x000000070c200000, 0x000000070c400000|  0%| F|  |TAMS 0x000000070c200000| PB 0x000000070c200000| Untracked |  0
|  71|0x000000070c400000, 0x000000070c400000, 0x000000070c600000|  0%| F|  |TAMS 0x000000070c400000| PB 0x000000070c400000| Untracked |  0
|  72|0x000000070c600000, 0x000000070c600000, 0x000000070c800000|  0%| F|  |TAMS 0x000000070c600000| PB 0x000000070c600000| Untracked |  0
|  73|0x000000070c800000, 0x000000070c800000, 0x000000070ca00000|  0%| F|  |TAMS 0x000000070c800000| PB 0x000000070c800000| Untracked |  0
|  74|0x000000070ca00000, 0x000000070ca00000, 0x000000070cc00000|  0%| F|  |TAMS 0x000000070ca00000| PB 0x000000070ca00000| Untracked |  0
|  75|0x000000070cc00000, 0x000000070cc00000, 0x000000070ce00000|  0%| F|  |TAMS 0x000000070cc00000| PB 0x000000070cc00000| Untracked |  0
|  76|0x000000070ce00000, 0x000000070ce00000, 0x000000070d000000|  0%| F|  |TAMS 0x000000070ce00000| PB 0x000000070ce00000| Untracked |  0
|  77|0x000000070d000000, 0x000000070d000000, 0x000000070d200000|  0%| F|  |TAMS 0x000000070d000000| PB 0x000000070d000000| Untracked |  0
|  78|0x000000070d200000, 0x000000070d200000, 0x000000070d400000|  0%| F|  |TAMS 0x000000070d200000| PB 0x000000070d200000| Untracked |  0
|  79|0x000000070d400000, 0x000000070d400000, 0x000000070d600000|  0%| F|  |TAMS 0x000000070d400000| PB 0x000000070d400000| Untracked |  0
|  80|0x000000070d600000, 0x000000070d600000, 0x000000070d800000|  0%| F|  |TAMS 0x000000070d600000| PB 0x000000070d600000| Untracked |  0
|  81|0x000000070d800000, 0x000000070d800000, 0x000000070da00000|  0%| F|  |TAMS 0x000000070d800000| PB 0x000000070d800000| Untracked |  0
|  82|0x000000070da00000, 0x000000070da00000, 0x000000070dc00000|  0%| F|  |TAMS 0x000000070da00000| PB 0x000000070da00000| Untracked |  0
|  83|0x000000070dc00000, 0x000000070dc00000, 0x000000070de00000|  0%| F|  |TAMS 0x000000070dc00000| PB 0x000000070dc00000| Untracked |  0
|  84|0x000000070de00000, 0x000000070de00000, 0x000000070e000000|  0%| F|  |TAMS 0x000000070de00000| PB 0x000000070de00000| Untracked |  0
|  85|0x000000070e000000, 0x000000070e000000, 0x000000070e200000|  0%| F|  |TAMS 0x000000070e000000| PB 0x000000070e000000| Untracked |  0
|  86|0x000000070e200000, 0x000000070e200000, 0x000000070e400000|  0%| F|  |TAMS 0x000000070e200000| PB 0x000000070e200000| Untracked |  0
|  87|0x000000070e400000, 0x000000070e400000, 0x000000070e600000|  0%| F|  |TAMS 0x000000070e400000| PB 0x000000070e400000| Untracked |  0
|  88|0x000000070e600000, 0x000000070e600000, 0x000000070e800000|  0%| F|  |TAMS 0x000000070e600000| PB 0x000000070e600000| Untracked |  0
|  89|0x000000070e800000, 0x000000070e800000, 0x000000070ea00000|  0%| F|  |TAMS 0x000000070e800000| PB 0x000000070e800000| Untracked |  0
|  90|0x000000070ea00000, 0x000000070ea00000, 0x000000070ec00000|  0%| F|  |TAMS 0x000000070ea00000| PB 0x000000070ea00000| Untracked |  0
|  91|0x000000070ec00000, 0x000000070ec00000, 0x000000070ee00000|  0%| F|  |TAMS 0x000000070ec00000| PB 0x000000070ec00000| Untracked |  0
|  92|0x000000070ee00000, 0x000000070ee00000, 0x000000070f000000|  0%| F|  |TAMS 0x000000070ee00000| PB 0x000000070ee00000| Untracked |  0
|  93|0x000000070f000000, 0x000000070f000000, 0x000000070f200000|  0%| F|  |TAMS 0x000000070f000000| PB 0x000000070f000000| Untracked |  0
|  94|0x000000070f200000, 0x000000070f200000, 0x000000070f400000|  0%| F|  |TAMS 0x000000070f200000| PB 0x000000070f200000| Untracked |  0
|  95|0x000000070f400000, 0x000000070f400000, 0x000000070f600000|  0%| F|  |TAMS 0x000000070f400000| PB 0x000000070f400000| Untracked |  0
|  96|0x000000070f600000, 0x000000070f600000, 0x000000070f800000|  0%| F|  |TAMS 0x000000070f600000| PB 0x000000070f600000| Untracked |  0
|  97|0x000000070f800000, 0x000000070f800000, 0x000000070fa00000|  0%| F|  |TAMS 0x000000070f800000| PB 0x000000070f800000| Untracked |  0
|  98|0x000000070fa00000, 0x000000070fa00000, 0x000000070fc00000|  0%| F|  |TAMS 0x000000070fa00000| PB 0x000000070fa00000| Untracked |  0
|  99|0x000000070fc00000, 0x000000070fc00000, 0x000000070fe00000|  0%| F|  |TAMS 0x000000070fc00000| PB 0x000000070fc00000| Untracked |  0
| 100|0x000000070fe00000, 0x000000070fe00000, 0x0000000710000000|  0%| F|  |TAMS 0x000000070fe00000| PB 0x000000070fe00000| Untracked |  0
| 101|0x0000000710000000, 0x0000000710000000, 0x0000000710200000|  0%| F|  |TAMS 0x0000000710000000| PB 0x0000000710000000| Untracked |  0
| 102|0x0000000710200000, 0x0000000710200000, 0x0000000710400000|  0%| F|  |TAMS 0x0000000710200000| PB 0x0000000710200000| Untracked |  0
| 103|0x0000000710400000, 0x0000000710400000, 0x0000000710600000|  0%| F|  |TAMS 0x0000000710400000| PB 0x0000000710400000| Untracked |  0
| 104|0x0000000710600000, 0x0000000710600000, 0x0000000710800000|  0%| F|  |TAMS 0x0000000710600000| PB 0x0000000710600000| Untracked |  0
| 105|0x0000000710800000, 0x0000000710800000, 0x0000000710a00000|  0%| F|  |TAMS 0x0000000710800000| PB 0x0000000710800000| Untracked |  0
| 106|0x0000000710a00000, 0x0000000710a00000, 0x0000000710c00000|  0%| F|  |TAMS 0x0000000710a00000| PB 0x0000000710a00000| Untracked |  0
| 107|0x0000000710c00000, 0x0000000710c00000, 0x0000000710e00000|  0%| F|  |TAMS 0x0000000710c00000| PB 0x0000000710c00000| Untracked |  0
| 108|0x0000000710e00000, 0x0000000710e00000, 0x0000000711000000|  0%| F|  |TAMS 0x0000000710e00000| PB 0x0000000710e00000| Untracked |  0
| 109|0x0000000711000000, 0x0000000711000000, 0x0000000711200000|  0%| F|  |TAMS 0x0000000711000000| PB 0x0000000711000000| Untracked |  0
| 110|0x0000000711200000, 0x0000000711200000, 0x0000000711400000|  0%| F|  |TAMS 0x0000000711200000| PB 0x0000000711200000| Untracked |  0
| 111|0x0000000711400000, 0x0000000711400000, 0x0000000711600000|  0%| F|  |TAMS 0x0000000711400000| PB 0x0000000711400000| Untracked |  0
| 112|0x0000000711600000, 0x0000000711600000, 0x0000000711800000|  0%| F|  |TAMS 0x0000000711600000| PB 0x0000000711600000| Untracked |  0
| 113|0x0000000711800000, 0x0000000711800000, 0x0000000711a00000|  0%| F|  |TAMS 0x0000000711800000| PB 0x0000000711800000| Untracked |  0
| 114|0x0000000711a00000, 0x0000000711a00000, 0x0000000711c00000|  0%| F|  |TAMS 0x0000000711a00000| PB 0x0000000711a00000| Untracked |  0
| 115|0x0000000711c00000, 0x0000000711c00000, 0x0000000711e00000|  0%| F|  |TAMS 0x0000000711c00000| PB 0x0000000711c00000| Untracked |  0
| 116|0x0000000711e00000, 0x0000000712000000, 0x0000000712000000|100%| S|CS|TAMS 0x0000000711e00000| PB 0x0000000711e00000| Complete |  0
| 117|0x0000000712000000, 0x0000000712200000, 0x0000000712200000|100%| S|CS|TAMS 0x0000000712000000| PB 0x0000000712000000| Complete |  0
| 118|0x0000000712200000, 0x0000000712200000, 0x0000000712400000|  0%| F|  |TAMS 0x0000000712200000| PB 0x0000000712200000| Untracked |  0
| 119|0x0000000712400000, 0x0000000712400000, 0x0000000712600000|  0%| F|  |TAMS 0x0000000712400000| PB 0x0000000712400000| Untracked |  0
| 120|0x0000000712600000, 0x00000007126f0d20, 0x0000000712800000| 47%| E|  |TAMS 0x0000000712600000| PB 0x0000000712600000| Complete |  0
| 121|0x0000000712800000, 0x0000000712a00000, 0x0000000712a00000|100%| E|CS|TAMS 0x0000000712800000| PB 0x0000000712800000| Complete |  0
| 122|0x0000000712a00000, 0x0000000712c00000, 0x0000000712c00000|100%| E|CS|TAMS 0x0000000712a00000| PB 0x0000000712a00000| Complete |  0
| 123|0x0000000712c00000, 0x0000000712e00000, 0x0000000712e00000|100%| E|CS|TAMS 0x0000000712c00000| PB 0x0000000712c00000| Complete |  0
| 124|0x0000000712e00000, 0x0000000713000000, 0x0000000713000000|100%| E|CS|TAMS 0x0000000712e00000| PB 0x0000000712e00000| Complete |  0
| 125|0x0000000713000000, 0x0000000713200000, 0x0000000713200000|100%| E|CS|TAMS 0x0000000713000000| PB 0x0000000713000000| Complete |  0
| 126|0x0000000713200000, 0x0000000713400000, 0x0000000713400000|100%| E|CS|TAMS 0x0000000713200000| PB 0x0000000713200000| Complete |  0

Card table byte_map: [0x0000027e3d230000,0x0000027e3da20000] _byte_map_base: 0x0000027e39a15000

Marking Bits: (CMBitMap*) 0x0000027e25434b80
 Bits: [0x0000027e3da20000, 0x0000027e41948000)

Polling page: 0x0000027e23300000

Metaspace:

Usage:
  Non-class:      3.21 MB used.
      Class:    252.84 KB used.
       Both:      3.46 MB used.

Virtual space:
  Non-class space:       64.00 MB reserved,       3.31 MB (  5%) committed,  1 nodes.
      Class space:        1.00 GB reserved,     384.00 KB ( <1%) committed,  1 nodes.
             Both:        1.06 GB reserved,       3.69 MB ( <1%) committed. 

Chunk freelists:
   Non-Class:  10.74 MB
       Class:  15.62 MB
        Both:  26.36 MB

MaxMetaspaceSize: unlimited
CompressedClassSpaceSize: 1.00 GB
Initial GC threshold: 21.00 MB
Current GC threshold: 21.00 MB
CDS: on
 - commit_granule_bytes: 65536.
 - commit_granule_words: 8192.
 - virtual_space_node_default_size: 8388608.
 - enlarge_chunks_in_place: 1.
 - use_allocation_guard: 0.


Internal statistics:

num_allocs_failed_limit: 0.
num_arena_births: 94.
num_arena_deaths: 0.
num_vsnodes_births: 2.
num_vsnodes_deaths: 0.
num_space_committed: 58.
num_space_uncommitted: 0.
num_chunks_returned_to_freelist: 0.
num_chunks_taken_from_freelist: 160.
num_chunk_merges: 0.
num_chunk_splits: 108.
num_chunks_enlarged: 68.
num_inconsistent_stats: 0.

CodeHeap 'non-profiled nmethods': size=120000Kb used=621Kb max_used=621Kb free=119378Kb
 bounds [0x0000027e351e0000, 0x0000027e35450000, 0x0000027e3c710000]
CodeHeap 'profiled nmethods': size=120000Kb used=1588Kb max_used=1588Kb free=118411Kb
 bounds [0x0000027e2d710000, 0x0000027e2d980000, 0x0000027e34c40000]
CodeHeap 'non-nmethods': size=5760Kb used=1632Kb max_used=1658Kb free=4128Kb
 bounds [0x0000027e34c40000, 0x0000027e34eb0000, 0x0000027e351e0000]
 total_blobs=1700 nmethods=1146 adapters=459
 compilation: enabled
              stopped_count=0, restarted_count=0
 full_count=0

Compilation events (20 events):
Event: 131.834 Thread 0x0000027e4409ccd0 1138       3       java.lang.Integer::stringSize (47 bytes)
Event: 131.835 Thread 0x0000027e4409ccd0 nmethod 1138 0x0000027e2d899090 code [0x0000027e2d899240, 0x0000027e2d899480]
Event: 133.828 Thread 0x0000027e4409ccd0 1139       3       java.nio.charset.CharsetDecoder::<init> (10 bytes)
Event: 133.828 Thread 0x0000027e4409ccd0 nmethod 1139 0x0000027e2d899590 code [0x0000027e2d899740, 0x0000027e2d899888]
Event: 133.828 Thread 0x0000027e4409ccd0 1140       3       java.nio.charset.CharsetDecoder::<init> (100 bytes)
Event: 133.829 Thread 0x0000027e4409ccd0 nmethod 1140 0x0000027e2d899910 code [0x0000027e2d899b40, 0x0000027e2d89a200]
Event: 133.829 Thread 0x0000027e4409ccd0 1141       3       java.nio.charset.CharsetDecoder::replaceWith (68 bytes)
Event: 133.829 Thread 0x0000027e4409ccd0 nmethod 1141 0x0000027e2d89a390 code [0x0000027e2d89a5a0, 0x0000027e2d89abe8]
Event: 143.673 Thread 0x0000027e4409ccd0 1142       3       java.util.ImmutableCollections$ListN::get (7 bytes)
Event: 143.673 Thread 0x0000027e4409ccd0 nmethod 1142 0x0000027e2d89ae10 code [0x0000027e2d89afa0, 0x0000027e2d89b0e0]
Event: 143.673 Thread 0x0000027e4409ccd0 1144       3       java.util.HashMap$ValueIterator::next (8 bytes)
Event: 143.673 Thread 0x0000027e4409ccd0 nmethod 1144 0x0000027e2d89b190 code [0x0000027e2d89b340, 0x0000027e2d89b480]
Event: 143.673 Thread 0x0000027e4409ccd0 1143       3       java.util.ImmutableCollections$List12::get (35 bytes)
Event: 143.673 Thread 0x0000027e4409ccd0 nmethod 1143 0x0000027e2d89b590 code [0x0000027e2d89b740, 0x0000027e2d89b9e0]
Event: 143.673 Thread 0x0000027e4409ccd0 1146       3       jdk.internal.jimage.ImageStringsReader::unmaskedHashCode (166 bytes)
Event: 143.674 Thread 0x0000027e4409ccd0 nmethod 1146 0x0000027e2d89ba90 code [0x0000027e2d89bce0, 0x0000027e2d89c7d8]
Event: 143.674 Thread 0x0000027e4409ccd0 1147       3       jdk.internal.jimage.ImageLocation::readValue (61 bytes)
Event: 143.674 Thread 0x0000027e4409ccd0 nmethod 1147 0x0000027e2d89cc90 code [0x0000027e2d89ce60, 0x0000027e2d89d1f8]
Event: 143.674 Thread 0x0000027e4409ccd0 1145       1       java.lang.Module::getDescriptor (5 bytes)
Event: 143.674 Thread 0x0000027e4409ccd0 nmethod 1145 0x0000027e3527b310 code [0x0000027e3527b4a0, 0x0000027e3527b570]

GC Heap History (4 events):
Event: 41.556 GC heap before
{Heap before GC invocations=0 (full 0):
 garbage-first heap   total reserved 4139008K, committed 260096K, used 22528K [0x0000000703600000, 0x0000000800000000)
  region size 2048K, 12 young (24576K), 0 survivors (0K)
 Metaspace       used 3439K, committed 3712K, reserved 1114112K
  class space    used 240K, committed 384K, reserved 1048576K
}
Event: 41.573 GC heap after
{Heap after GC invocations=1 (full 0):
 garbage-first heap   total reserved 4139008K, committed 260096K, used 10026K [0x0000000703600000, 0x0000000800000000)
  region size 2048K, 2 young (4096K), 2 survivors (4096K)
 Metaspace       used 3439K, committed 3712K, reserved 1114112K
  class space    used 240K, committed 384K, reserved 1048576K
}
Event: 100.949 GC heap before
{Heap before GC invocations=1 (full 0):
 garbage-first heap   total reserved 4139008K, committed 260096K, used 28458K [0x0000000703600000, 0x0000000800000000)
  region size 2048K, 11 young (22528K), 2 survivors (4096K)
 Metaspace       used 3444K, committed 3712K, reserved 1114112K
  class space    used 240K, committed 384K, reserved 1048576K
}
Event: 100.995 GC heap after
{Heap after GC invocations=2 (full 0):
 garbage-first heap   total reserved 4139008K, committed 260096K, used 17905K [0x0000000703600000, 0x0000000800000000)
  region size 2048K, 2 young (4096K), 2 survivors (4096K)
 Metaspace       used 3444K, committed 3712K, reserved 1114112K
  class space    used 240K, committed 384K, reserved 1048576K
}

Dll operation events (13 events):
Event: 0.009 Loaded shared library C:\Users\Öìç²«h\.jdks\openjdk-22.0.1\bin\java.dll
Event: 0.051 Loaded shared library C:\Users\Öìç²«h\.jdks\openjdk-22.0.1\bin\jsvml.dll
Event: 0.095 Loaded shared library C:\Users\Öìç²«h\.jdks\openjdk-22.0.1\bin\zip.dll
Event: 0.101 Loaded shared library C:\Users\Öìç²«h\.jdks\openjdk-22.0.1\bin\instrument.dll
Event: 0.106 Loaded shared library C:\Users\Öìç²«h\.jdks\openjdk-22.0.1\bin\net.dll
Event: 0.107 Loaded shared library C:\Users\Öìç²«h\.jdks\openjdk-22.0.1\bin\nio.dll
Event: 0.110 Loaded shared library C:\Users\Öìç²«h\.jdks\openjdk-22.0.1\bin\zip.dll
Event: 0.130 Loaded shared library D:\IntelliJ IDEA\IntelliJ IDEA 2023.2.1\bin\breakgen64.dll
Event: 0.135 Loaded shared library C:\Users\Öìç²«h\.jdks\openjdk-22.0.1\bin\verify.dll
Event: 0.139 Loaded shared library C:\Users\Öìç²«h\.jdks\openjdk-22.0.1\bin\extnet.dll
Event: 0.150 Loaded shared library D:\SHITS\Computer Graphics\Assignment 3\Assignment3 to be completed\Assignment3\lwjgl64.dll
Event: 0.711 Loaded shared library C:\Users\Öìç²«h\.jdks\openjdk-22.0.1\bin\jimage.dll
Event: 0.769 Loaded shared library C:\Users\Öìç²«h\.jdks\openjdk-22.0.1\bin\awt.dll

Deoptimization events (20 events):
Event: 1.245 Thread 0x0000027e23223a80 DEOPT PACKING pc=0x0000027e2d8197b6 sp=0x000000e91fafeef0
Event: 1.245 Thread 0x0000027e23223a80 DEOPT UNPACKING pc=0x0000027e34c988e2 sp=0x000000e91fafe3e0 mode 0
Event: 1.275 Thread 0x0000027e23223a80 DEOPT PACKING pc=0x0000027e2d83227b sp=0x000000e91fafef70
Event: 1.275 Thread 0x0000027e23223a80 DEOPT UNPACKING pc=0x0000027e34c988e2 sp=0x000000e91fafe4f8 mode 0
Event: 1.284 Thread 0x0000027e23223a80 DEOPT PACKING pc=0x0000027e2d83227b sp=0x000000e91fafef70
Event: 1.284 Thread 0x0000027e23223a80 DEOPT UNPACKING pc=0x0000027e34c988e2 sp=0x000000e91fafe4f8 mode 0
Event: 2.143 Thread 0x0000027e23223a80 DEOPT PACKING pc=0x0000027e2d826891 sp=0x000000e91fafef20
Event: 2.143 Thread 0x0000027e23223a80 DEOPT UNPACKING pc=0x0000027e34c988e2 sp=0x000000e91fafe408 mode 0
Event: 55.709 Thread 0x0000027e23223a80 Uncommon trap: trap_request=0xffffff45 fr.pc=0x0000027e3525aa18 relative=0x0000000000001038
Event: 55.710 Thread 0x0000027e23223a80 Uncommon trap: reason=unstable_if action=reinterpret pc=0x0000027e3525aa18 method=org.lwjgl.opengl.WindowsDisplay.update()V @ 40 c2
Event: 55.710 Thread 0x0000027e23223a80 DEOPT PACKING pc=0x0000027e3525aa18 sp=0x000000e91faff080
Event: 55.710 Thread 0x0000027e23223a80 DEOPT UNPACKING pc=0x0000027e34c97da2 sp=0x000000e91fafef18 mode 2
Event: 101.001 Thread 0x0000027e23223a80 Uncommon trap: trap_request=0xffffff45 fr.pc=0x0000027e3523b61c relative=0x0000000000000e3c
Event: 101.001 Thread 0x0000027e23223a80 Uncommon trap: reason=unstable_if action=reinterpret pc=0x0000027e3523b61c method=java.nio.Bits.tryReserveMemory(JJ)Z @ 30 c2
Event: 101.001 Thread 0x0000027e23223a80 DEOPT PACKING pc=0x0000027e3523b61c sp=0x000000e91fafeef0
Event: 101.001 Thread 0x0000027e23223a80 DEOPT UNPACKING pc=0x0000027e34c97da2 sp=0x000000e91fafed58 mode 2
Event: 101.002 Thread 0x0000027e23223a80 Uncommon trap: trap_request=0xffffff45 fr.pc=0x0000027e3523c1a0 relative=0x0000000000000100
Event: 101.002 Thread 0x0000027e23223a80 Uncommon trap: reason=unstable_if action=reinterpret pc=0x0000027e3523c1a0 method=java.nio.Bits.tryReserveMemory(JJ)Z @ 30 c2
Event: 101.002 Thread 0x0000027e23223a80 DEOPT PACKING pc=0x0000027e3523c1a0 sp=0x000000e91fafee70
Event: 101.002 Thread 0x0000027e23223a80 DEOPT UNPACKING pc=0x0000027e34c97da2 sp=0x000000e91fafed58 mode 2

Classes loaded (20 events):
Event: 143.675 Loading class jdk/internal/logger/AbstractLoggerWrapper
Event: 143.675 Loading class jdk/internal/logger/AbstractLoggerWrapper done
Event: 143.675 Loading class jdk/internal/logger/LazyLoggers$LazyLoggerWrapper done
Event: 143.675 Loading class jdk/internal/logger/LazyLoggers$JdkLazyLogger done
Event: 143.675 Loading class jdk/internal/logger/LazyLoggers$LazyLoggerAccessor
Event: 143.676 Loading class jdk/internal/logger/LazyLoggers$LoggerAccessor
Event: 143.676 Loading class jdk/internal/logger/LazyLoggers$LoggerAccessor done
Event: 143.676 Loading class jdk/internal/logger/LazyLoggers$LazyLoggerAccessor done
Event: 143.676 Loading class java/lang/System$Logger$Level
Event: 143.676 Loading class java/lang/System$Logger$Level done
Event: 143.676 Loading class jdk/internal/logger/SurrogateLogger
Event: 143.676 Loading class jdk/internal/logger/SimpleConsoleLogger
Event: 143.676 Loading class sun/util/logging/PlatformLogger$ConfigurableBridge$LoggerConfiguration
Event: 143.676 Loading class sun/util/logging/PlatformLogger$ConfigurableBridge$LoggerConfiguration done
Event: 143.676 Loading class jdk/internal/logger/SimpleConsoleLogger done
Event: 143.676 Loading class jdk/internal/logger/SurrogateLogger done
Event: 143.677 Loading class sun/util/logging/PlatformLogger
Event: 143.677 Loading class sun/util/logging/PlatformLogger done
Event: 143.677 Loading class sun/util/logging/PlatformLogger$Level
Event: 143.677 Loading class sun/util/logging/PlatformLogger$Level done

Classes unloaded (0 events):
No events

Classes redefined (0 events):
No events

Internal exceptions (14 events):
Event: 0.123 Thread 0x0000027e23223a80 Exception <a 'java/lang/NoSuchMethodError'{0x00000007131e07d0}: 'void java.lang.invoke.DirectMethodHandle$Holder.invokeStatic(java.lang.Object, java.lang.Object, java.lang.Object)'> (0x00000007131e07d0) 
thrown [s\open\src\hotspot\share\interpreter\linkResolver.cpp, line 774]
Event: 0.127 Thread 0x0000027e23223a80 Exception <a 'java/lang/NoSuchMethodError'{0x00000007131f84c8}: 'java.lang.Object java.lang.invoke.Invokers$Holder.invokeExact_MT(java.lang.Object, java.lang.Object, java.lang.Object, java.lang.Object, java.lang.Object)'> (0x00000007131f84c8) 
thrown [s\open\src\hotspot\share\interpreter\linkResolver.cpp, line 774]
Event: 0.141 Thread 0x0000027e446c5660 Exception <a 'java/lang/NoSuchMethodError'{0x0000000712e84798}: 'void java.lang.invoke.DirectMethodHandle$Holder.invokeStatic(java.lang.Object, java.lang.Object)'> (0x0000000712e84798) 
thrown [s\open\src\hotspot\share\interpreter\linkResolver.cpp, line 774]
Event: 0.253 Thread 0x0000027e23223a80 Exception <a 'java/lang/NoSuchMethodError'{0x0000000712f76948}: 'int java.lang.invoke.Invokers$Holder.invokeExact_MT(java.lang.Object, java.lang.Object)'> (0x0000000712f76948) 
thrown [s\open\src\hotspot\share\interpreter\linkResolver.cpp, line 774]
Event: 0.714 Thread 0x0000027e23223a80 Exception <a 'java/lang/NoSuchMethodError'{0x0000000712d60638}: 'void java.lang.invoke.DirectMethodHandle$Holder.invokeVirtual(java.lang.Object, java.lang.Object)'> (0x0000000712d60638) 
thrown [s\open\src\hotspot\share\interpreter\linkResolver.cpp, line 774]
Event: 0.715 Thread 0x0000027e23223a80 Exception <a 'java/lang/NoSuchMethodError'{0x0000000712d63de8}: 'void java.lang.invoke.DirectMethodHandle$Holder.invokeSpecial(java.lang.Object, java.lang.Object, java.lang.Object)'> (0x0000000712d63de8) 
thrown [s\open\src\hotspot\share\interpreter\linkResolver.cpp, line 774]
Event: 0.719 Thread 0x0000027e23223a80 Exception <a 'java/lang/NoSuchMethodError'{0x0000000712d76c18}: 'int java.lang.invoke.DirectMethodHandle$Holder.invokeSpecial(java.lang.Object, java.lang.Object, java.lang.Object, int)'> (0x0000000712d76c18) 
thrown [s\open\src\hotspot\share\interpreter\linkResolver.cpp, line 774]
Event: 0.721 Thread 0x0000027e23223a80 Exception <a 'java/lang/NoSuchMethodError'{0x0000000712d89810}: 'java.lang.Object java.lang.invoke.DirectMethodHandle$Holder.invokeStatic(java.lang.Object, java.lang.Object, java.lang.Object, java.lang.Object, int)'> (0x0000000712d89810) 
thrown [s\open\src\hotspot\share\interpreter\linkResolver.cpp, line 774]
Event: 0.722 Thread 0x0000027e23223a80 Exception <a 'java/lang/NoSuchMethodError'{0x0000000712d91548}: 'long java.lang.invoke.DirectMethodHandle$Holder.invokeStatic(java.lang.Object, java.lang.Object, int)'> (0x0000000712d91548) 
thrown [s\open\src\hotspot\share\interpreter\linkResolver.cpp, line 774]
Event: 0.723 Thread 0x0000027e23223a80 Exception <a 'java/lang/NoSuchMethodError'{0x0000000712d9ca58}: 'java.lang.Object java.lang.invoke.DelegatingMethodHandle$Holder.reinvoke_L(java.lang.Object, int, long, java.lang.Object, java.lang.Object, int, java.lang.Object)'> (0x0000000712d9ca58) 
thrown [s\open\src\hotspot\share\interpreter\linkResolver.cpp, line 774]
Event: 0.724 Thread 0x0000027e23223a80 Exception <a 'java/lang/NoSuchMethodError'{0x0000000712da4f48}: 'int java.lang.invoke.DirectMethodHandle$Holder.invokeSpecial(java.lang.Object, java.lang.Object, java.lang.Object)'> (0x0000000712da4f48) 
thrown [s\open\src\hotspot\share\interpreter\linkResolver.cpp, line 774]
Event: 0.729 Thread 0x0000027e23223a80 Exception <a 'java/lang/NoSuchMethodError'{0x0000000712dc8720}: 'java.lang.Object java.lang.invoke.DirectMethodHandle$Holder.invokeStatic(java.lang.Object, java.lang.Object, int)'> (0x0000000712dc8720) 
thrown [s\open\src\hotspot\share\interpreter\linkResolver.cpp, line 774]
Event: 0.731 Thread 0x0000027e23223a80 Exception <a 'java/lang/NoSuchMethodError'{0x0000000712dd3f80}: 'void java.lang.invoke.DelegatingMethodHandle$Holder.delegate(java.lang.Object, java.lang.Object, int, java.lang.Object)'> (0x0000000712dd3f80) 
thrown [s\open\src\hotspot\share\interpreter\linkResolver.cpp, line 774]
Event: 1.057 Thread 0x0000027e44092be0 Exception <a 'java/lang/NoSuchMethodError'{0x0000000712807928}: 'java.lang.Object java.lang.invoke.Invokers$Holder.invokeExact_MT(java.lang.Object, java.lang.Object, java.lang.Object, java.lang.Object, java.lang.Object, java.lang.Object)'> (0x0000000712807928) 
thrown [s\open\src\hotspot\share\interpreter\linkResolver.cpp, line 774]

ZGC Phase Switch (0 events):
No events

VM Operations (20 events):
Event: 38.796 Executing VM operation: Cleanup done
Event: 41.556 Executing VM operation: G1CollectForAllocation (G1 Evacuation Pause)
Event: 41.573 Executing VM operation: G1CollectForAllocation (G1 Evacuation Pause) done
Event: 43.574 Executing VM operation: Cleanup
Event: 43.574 Executing VM operation: Cleanup done
Event: 56.579 Executing VM operation: Cleanup
Event: 56.579 Executing VM operation: Cleanup done
Event: 60.184 Executing VM operation: HandshakeAllThreads (HandshakeForDeflation)
Event: 60.184 Executing VM operation: HandshakeAllThreads (HandshakeForDeflation) done
Event: 60.184 Executing VM operation: RendezvousGCThreads
Event: 60.184 Executing VM operation: RendezvousGCThreads done
Event: 100.949 Executing VM operation: G1CollectForAllocation (G1 Evacuation Pause)
Event: 100.995 Executing VM operation: G1CollectForAllocation (G1 Evacuation Pause) done
Event: 118.169 Executing VM operation: Cleanup
Event: 118.169 Executing VM operation: Cleanup done
Event: 120.267 Executing VM operation: HandshakeAllThreads (HandshakeForDeflation)
Event: 120.267 Executing VM operation: HandshakeAllThreads (HandshakeForDeflation) done
Event: 120.267 Executing VM operation: RendezvousGCThreads
Event: 120.267 Executing VM operation: RendezvousGCThreads done
Event: 143.691 Executing VM operation: Exit

Events (20 events):
Event: 0.048 Thread 0x0000027e4408f130 Thread added: 0x0000027e4408f130
Event: 0.048 Thread 0x0000027e44091e90 Thread added: 0x0000027e44091e90
Event: 0.048 Thread 0x0000027e44092be0 Thread added: 0x0000027e44092be0
Event: 0.048 Thread 0x0000027e44096750 Thread added: 0x0000027e44096750
Event: 0.048 Thread 0x0000027e443f8090 Thread added: 0x0000027e443f8090
Event: 0.049 Thread 0x0000027e4441a6b0 Thread added: 0x0000027e4441a6b0
Event: 0.049 Thread 0x0000027e4409ccd0 Thread added: 0x0000027e4409ccd0
Event: 0.075 Thread 0x0000027e4450b750 Thread added: 0x0000027e4450b750
Event: 0.089 Thread 0x0000027e44542630 Thread added: 0x0000027e44542630
Event: 0.131 Thread 0x0000027e446c5660 Thread added: 0x0000027e446c5660
Event: 0.131 Thread 0x0000027e44770480 Thread added: 0x0000027e44770480
Event: 0.279 Thread 0x0000027e44542630 Thread exited: 0x0000027e44542630
Event: 0.876 Thread 0x0000027e8a77f4b0 Thread added: 0x0000027e8a77f4b0
Event: 0.996 Thread 0x0000027e8a7fbe00 Thread added: 0x0000027e8a7fbe00
Event: 1.655 Thread 0x0000027e8a7fbe00 Thread exited: 0x0000027e8a7fbe00
Event: 63.527 Thread 0x0000027e9b3af720 Thread added: 0x0000027e9b3af720
Event: 64.471 Thread 0x0000027e9b3af720 Thread exited: 0x0000027e9b3af720
Event: 143.672 Thread 0x0000027e8a05fa90 Thread added: 0x0000027e8a05fa90
Event: 143.678 Thread 0x0000027e9b59c030 Thread added: 0x0000027e9b59c030
Event: 143.691 Thread 0x0000027e9b59c030 Thread exited: 0x0000027e9b59c030


Dynamic libraries:
0x00007ff6295f0000 - 0x00007ff6295fe000 	C:\Users\Öìç²«h\.jdks\openjdk-22.0.1\bin\java.exe
0x00007ffd91130000 - 0x00007ffd91347000 	C:\WINDOWS\SYSTEM32\ntdll.dll
0x00007ffd8fc50000 - 0x00007ffd8fd14000 	C:\WINDOWS\System32\KERNEL32.DLL
0x00007ffd8e600000 - 0x00007ffd8e9b7000 	C:\WINDOWS\System32\KERNELBASE.dll
0x00007ffd8e4e0000 - 0x00007ffd8e5f1000 	C:\WINDOWS\System32\ucrtbase.dll
0x00007ffd7d7f0000 - 0x00007ffd7d80b000 	C:\Users\Öìç²«h\.jdks\openjdk-22.0.1\bin\VCRUNTIME140.dll
0x00007ffd85c20000 - 0x00007ffd85c37000 	C:\Users\Öìç²«h\.jdks\openjdk-22.0.1\bin\jli.dll
0x00007ffd8f4a0000 - 0x00007ffd8f64f000 	C:\WINDOWS\System32\USER32.dll
0x00007ffd8ee30000 - 0x00007ffd8ee56000 	C:\WINDOWS\System32\win32u.dll
0x00007ffd76f30000 - 0x00007ffd771c3000 	C:\WINDOWS\WinSxS\amd64_microsoft.windows.common-controls_6595b64144ccf1df_6.0.22621.3672_none_2713b9d173822955\COMCTL32.dll
0x00007ffd90e70000 - 0x00007ffd90f17000 	C:\WINDOWS\System32\msvcrt.dll
0x00007ffd8f8c0000 - 0x00007ffd8f8e9000 	C:\WINDOWS\System32\GDI32.dll
0x00007ffd8eab0000 - 0x00007ffd8ebc8000 	C:\WINDOWS\System32\gdi32full.dll
0x00007ffd8e440000 - 0x00007ffd8e4da000 	C:\WINDOWS\System32\msvcp_win.dll
0x00007ffd8fa80000 - 0x00007ffd8fab1000 	C:\WINDOWS\System32\IMM32.DLL
0x00007ffd89960000 - 0x00007ffd8996c000 	C:\Users\Öìç²«h\.jdks\openjdk-22.0.1\bin\vcruntime140_1.dll
0x00007ffd37cf0000 - 0x00007ffd37d7e000 	C:\Users\Öìç²«h\.jdks\openjdk-22.0.1\bin\msvcp140.dll
0x00007ffd19140000 - 0x00007ffd19e87000 	C:\Users\Öìç²«h\.jdks\openjdk-22.0.1\bin\server\jvm.dll
0x00007ffd8f800000 - 0x00007ffd8f8b2000 	C:\WINDOWS\System32\ADVAPI32.dll
0x00007ffd8fac0000 - 0x00007ffd8fb68000 	C:\WINDOWS\System32\sechost.dll
0x00007ffd8ed40000 - 0x00007ffd8ed68000 	C:\WINDOWS\System32\bcrypt.dll
0x00007ffd8f2d0000 - 0x00007ffd8f3e4000 	C:\WINDOWS\System32\RPCRT4.dll
0x00007ffd8fde0000 - 0x00007ffd8fe51000 	C:\WINDOWS\System32\WS2_32.dll
0x00007ffd8d2f0000 - 0x00007ffd8d33d000 	C:\WINDOWS\SYSTEM32\POWRPROF.dll
0x00007ffd885a0000 - 0x00007ffd885d4000 	C:\WINDOWS\SYSTEM32\WINMM.dll
0x00007ffd84250000 - 0x00007ffd8425a000 	C:\WINDOWS\SYSTEM32\VERSION.dll
0x00007ffd8d2d0000 - 0x00007ffd8d2e3000 	C:\WINDOWS\SYSTEM32\UMPDC.dll
0x00007ffd8d580000 - 0x00007ffd8d598000 	C:\WINDOWS\SYSTEM32\kernel.appcore.dll
0x00007ffd89940000 - 0x00007ffd8994a000 	C:\Users\Öìç²«h\.jdks\openjdk-22.0.1\bin\jimage.dll
0x00007ffd8b2d0000 - 0x00007ffd8b502000 	C:\WINDOWS\SYSTEM32\DBGHELP.DLL
0x00007ffd8eee0000 - 0x00007ffd8f26e000 	C:\WINDOWS\System32\combase.dll
0x00007ffd8fb70000 - 0x00007ffd8fc47000 	C:\WINDOWS\System32\OLEAUT32.dll
0x00007ffd61510000 - 0x00007ffd61542000 	C:\WINDOWS\SYSTEM32\dbgcore.DLL
0x00007ffd8e9c0000 - 0x00007ffd8ea3b000 	C:\WINDOWS\System32\bcryptPrimitives.dll
0x00007ffd893c0000 - 0x00007ffd893cf000 	C:\Users\Öìç²«h\.jdks\openjdk-22.0.1\bin\instrument.dll
0x00007ffd7d7c0000 - 0x00007ffd7d7de000 	C:\Users\Öìç²«h\.jdks\openjdk-22.0.1\bin\java.dll
0x00007ffd8fe60000 - 0x00007ffd906c9000 	C:\WINDOWS\System32\SHELL32.dll
0x00007ffd8f650000 - 0x00007ffd8f7f5000 	C:\WINDOWS\System32\ole32.dll
0x00007ffd8c3c0000 - 0x00007ffd8ccbf000 	C:\WINDOWS\SYSTEM32\windows.storage.dll
0x00007ffd8c280000 - 0x00007ffd8c3bf000 	C:\WINDOWS\SYSTEM32\wintypes.dll
0x00007ffd90d70000 - 0x00007ffd90e69000 	C:\WINDOWS\System32\SHCORE.dll
0x00007ffd8f270000 - 0x00007ffd8f2ce000 	C:\WINDOWS\System32\shlwapi.dll
0x00007ffd8e370000 - 0x00007ffd8e397000 	C:\WINDOWS\SYSTEM32\profapi.dll
0x00007ffd1d8c0000 - 0x00007ffd1d997000 	C:\Users\Öìç²«h\.jdks\openjdk-22.0.1\bin\jsvml.dll
0x00007ffd7d7a0000 - 0x00007ffd7d7b7000 	C:\Users\Öìç²«h\.jdks\openjdk-22.0.1\bin\zip.dll
0x00007ffd7d5c0000 - 0x00007ffd7d5d0000 	C:\Users\Öìç²«h\.jdks\openjdk-22.0.1\bin\net.dll
0x00007ffd8d9f0000 - 0x00007ffd8da59000 	C:\WINDOWS\system32\mswsock.dll
0x00007ffd7d5a0000 - 0x00007ffd7d5b6000 	C:\Users\Öìç²«h\.jdks\openjdk-22.0.1\bin\nio.dll
0x00007ffd71890000 - 0x00007ffd718aa000 	D:\IntelliJ IDEA\IntelliJ IDEA 2023.2.1\bin\breakgen64.dll
0x00007ffd7d590000 - 0x00007ffd7d5a0000 	C:\Users\Öìç²«h\.jdks\openjdk-22.0.1\bin\verify.dll
0x00007ffd76d70000 - 0x00007ffd76d79000 	C:\Users\Öìç²«h\.jdks\openjdk-22.0.1\bin\extnet.dll
0x0000000180000000 - 0x0000000180053000 	D:\SHITS\Computer Graphics\Assignment 3\Assignment3 to be completed\Assignment3\lwjgl64.dll
0x00007ffd73c70000 - 0x00007ffd73d70000 	C:\WINDOWS\SYSTEM32\OPENGL32.dll
0x00007ffd82d00000 - 0x00007ffd82d2d000 	C:\WINDOWS\SYSTEM32\GLU32.dll
0x00007ffd8bba0000 - 0x00007ffd8bbd7000 	C:\WINDOWS\SYSTEM32\dxcore.dll
0x00007ffd89c20000 - 0x00007ffd89cdd000 	C:\WINDOWS\SYSTEM32\mscms.dll
0x00007ffd8f3f0000 - 0x00007ffd8f4a0000 	C:\WINDOWS\System32\clbcatq.dll
0x00007ffd82930000 - 0x00007ffd8297e000 	C:\Windows\System32\Windows.Internal.Graphics.Display.DisplayColorManagement.dll
0x00007ffd8e130000 - 0x00007ffd8e17e000 	C:\WINDOWS\SYSTEM32\cfgmgr32.dll
0x00007ffd8b8a0000 - 0x00007ffd8b951000 	C:\WINDOWS\system32\uxtheme.dll
0x00007ffd8f910000 - 0x00007ffd8fa70000 	C:\WINDOWS\System32\MSCTF.dll
0x00007ffd85100000 - 0x00007ffd85149000 	C:\WINDOWS\SYSTEM32\directxdatabasehelper.dll
0x00007ffd87cf0000 - 0x00007ffd87e34000 	C:\Windows\System32\AppXDeploymentClient.dll
0x00007ffccc220000 - 0x00007ffccd1f2000 	C:\WINDOWS\System32\DriverStore\FileRepository\iigd_dch.inf_amd64_59944c5032d36b90\igxelpicd64.dll
0x00007ffd8bb30000 - 0x00007ffd8bb5b000 	C:\WINDOWS\system32\dwmapi.dll
0x00007ffd8ba20000 - 0x00007ffd8bb17000 	C:\WINDOWS\system32\dxgi.dll
0x00007ffd1c060000 - 0x00007ffd1c19c000 	C:\WINDOWS\System32\DriverStore\FileRepository\iigd_dch.inf_amd64_59944c5032d36b90\igdml64.dll
0x00007ffd80cc0000 - 0x00007ffd810ca000 	C:\WINDOWS\System32\DriverStore\FileRepository\iigd_dch.inf_amd64_59944c5032d36b90\igdgmm64.dll
0x00007ffd82dd0000 - 0x00007ffd82f13000 	C:\WINDOWS\SYSTEM32\textinputframework.dll
0x00007ffd875b0000 - 0x00007ffd876e3000 	C:\WINDOWS\SYSTEM32\CoreMessaging.dll
0x00007ffd84d90000 - 0x00007ffd850fd000 	C:\WINDOWS\SYSTEM32\CoreUIComponents.dll
0x00007ffd8dc60000 - 0x00007ffd8dc6c000 	C:\WINDOWS\SYSTEM32\CRYPTBASE.DLL
0x00007ffd6c410000 - 0x00007ffd6c859000 	C:\WINDOWS\SYSTEM32\uiautomationcore.dll
0x00007ffd6c2f0000 - 0x00007ffd6c359000 	C:\WINDOWS\system32\Oleacc.dll
0x00007ffd2eda0000 - 0x00007ffd2edea000 	C:\WINDOWS\SYSTEM32\icm32.dll
0x00007ffd76d20000 - 0x00007ffd76d6b000 	C:\WINDOWS\system32\ApplicationTargetedFeatureDatabase.dll
0x00007ffd856a0000 - 0x00007ffd85942000 	C:\Windows\System32\twinapi.appcore.dll
0x00007ffd74e90000 - 0x00007ffd74ea5000 	C:\Windows\System32\threadpoolwinrt.dll
0x00007ffd77eb0000 - 0x00007ffd7c520000 	C:\WINDOWS\System32\DriverStore\FileRepository\iigd_dch.inf_amd64_59944c5032d36b90\igc64.dll
0x00007ffcfbd30000 - 0x00007ffcfbebd000 	C:\Users\Öìç²«h\.jdks\openjdk-22.0.1\bin\awt.dll
0x00007ffd89ef0000 - 0x00007ffd89f87000 	C:\WINDOWS\SYSTEM32\apphelp.dll

dbghelp: loaded successfully - version: 4.0.5 - missing functions: none
symbol engine: initialized successfully - sym options: 0x614 - pdb path: .;C:\Users\Öìç²«h\.jdks\openjdk-22.0.1\bin;C:\WINDOWS\SYSTEM32;C:\WINDOWS\WinSxS\amd64_microsoft.windows.common-controls_6595b64144ccf1df_6.0.22621.3672_none_2713b9d173822955;C:\Users\Öìç²«h\.jdks\openjdk-22.0.1\bin\;C:\Users\Öìç²«h\.jdks\openjdk-22.0.1\b;C:\Users\Öìç²«h\.jdks\openjdk-22.0.;C:\Users\Öìç²«h\.jdks\openjdk-22;C:\Users\Öìç²«h\.jdks\openjdk;C:\Users\Öìç²«h\.jdks\open;C:\Users\Öìç²«h\.jdks\openjdk-22.0.1\bin\server;D:\IntelliJ IDEA\In;D:\IntelliJ IDEA\In;D:\IntelliJ IDEA\In;D:\IntelliJ IDEA\IntelliJ IDEA 2023.2.1\bin;D:\SHITS\Computer Graphics\Assignment 3\Assignment3 to ;D:\SHITS\Computer Graphics\Assignment 3\Assignment3 to be completed\Assignment3;C:\WINDOWS\System32\DriverStore\FileRepository\iigd_dch.in;C:\WINDOWS\System32\DriverStore\FileRepository\iigd_dch.in

VM Arguments:
jvm_args: -javaagent:D:\IntelliJ IDEA\IntelliJ IDEA 2023.2.1\lib\idea_rt.jar=4252:D:\IntelliJ IDEA\IntelliJ IDEA 2023.2.1\bin -Dfile.encoding=UTF-8 -Dsun.stdout.encoding=UTF-8 -Dsun.stderr.encoding=UTF-8 
java_command: MainWindow
java_class_path (initial): D:\SHITS\Computer Graphics\Assignment 3\Assignment3 to be completed\Assignment3\bin;D:\SHITS\Computer Graphics\Assignment 3\Assignment3 to be completed\Assignment3\LWJGL\AppleJavaExtensions.jar;D:\SHITS\Computer Graphics\Assignment 3\Assignment3 to be completed\Assignment3\LWJGL\asm-debug-all.jar;D:\SHITS\Computer Graphics\Assignment 3\Assignment3 to be completed\Assignment3\LWJGL\jinput.jar;D:\SHITS\Computer Graphics\Assignment 3\Assignment3 to be completed\Assignment3\LWJGL\laf-plugin-7.2.1.jar;D:\SHITS\Computer Graphics\Assignment 3\Assignment3 to be completed\Assignment3\LWJGL\laf-widget-7.2.1.jar;D:\SHITS\Computer Graphics\Assignment 3\Assignment3 to be completed\Assignment3\LWJGL\log4j-api-2.0-beta9.jar;D:\SHITS\Computer Graphics\Assignment 3\Assignment3 to be completed\Assignment3\LWJGL\lwjgl_test.jar;D:\SHITS\Computer Graphics\Assignment 3\Assignment3 to be completed\Assignment3\LWJGL\lwjgl_util_applet.jar;D:\SHITS\Computer Graphics\Assignment 3\Assignment3 to be completed\Assignment3\LWJGL\lwjgl_util.jar;D:\SHITS\Computer Graphics\Assignment 3\Assignment3 to be completed\Assignment3\LWJGL\lwjgl-debug.jar;D:\SHITS\Computer Graphics\Assignment 3\Assignment3 to be completed\Assignment3\LWJGL\lwjgl.jar;D:\SHITS\Computer Graphics\Assignment 3\Assignment3 to be completed\Assignment3\LWJGL\lzma.jar;D:\SHITS\Computer Graphics\Assignment 3\Assignment3 to be completed\Assignment3\LWJGL\substance-7.2.1.jar;D:\SHITS\Computer Graphics\Assignment 3\Assignment3 to be completed\Assignment3\LWJGL\trident-7.2.1.jar;D:\SHITS\Computer Graphics\Assignment 3\Assignment3 to be completed\Assignment3\LWJGL\slick-util.jar
Launcher Type: SUN_STANDARD

[Global flags]
     intx CICompilerCount                          = 4                                         {product} {ergonomic}
     uint ConcGCThreads                            = 2                                         {product} {ergonomic}
     uint G1ConcRefinementThreads                  = 8                                         {product} {ergonomic}
   size_t G1HeapRegionSize                         = 2097152                                   {product} {ergonomic}
   size_t InitialHeapSize                          = 266338304                                 {product} {ergonomic}
   size_t MarkStackSize                            = 4194304                                   {product} {ergonomic}
   size_t MaxHeapSize                              = 4238344192                                {product} {ergonomic}
   size_t MaxNewSize                               = 2541748224                                {product} {ergonomic}
   size_t MinHeapDeltaBytes                        = 2097152                                   {product} {ergonomic}
   size_t MinHeapSize                              = 8388608                                   {product} {ergonomic}
    uintx NonNMethodCodeHeapSize                   = 5839372                                {pd product} {ergonomic}
    uintx NonProfiledCodeHeapSize                  = 122909434                              {pd product} {ergonomic}
    uintx ProfiledCodeHeapSize                     = 122909434                              {pd product} {ergonomic}
    uintx ReservedCodeCacheSize                    = 251658240                              {pd product} {ergonomic}
     bool SegmentedCodeCache                       = true                                      {product} {ergonomic}
   size_t SoftMaxHeapSize                          = 4238344192                             {manageable} {ergonomic}
     bool UseCompressedOops                        = true                           {product lp64_product} {ergonomic}
     bool UseG1GC                                  = true                                      {product} {ergonomic}
     bool UseLargePagesIndividualAllocation        = false                                  {pd product} {ergonomic}

Logging:
Log output configuration:
 #0: stdout all=off uptime,level,tags foldmultilines=false
 #1: stderr all=off uptime,level,tags foldmultilines=false

Environment Variables:
PATH=C:\Program Files\Common Files\Oracle\Java\javapath;C:\Program Files\Python310\Scripts\;C:\Program Files\Python310\;C:\Windows\System32\HWAudioDriverLibs;C:\Windows\system32;C:\Windows;C:\Windows\System32\Wbem;C:\Windows\System32\WindowsPowerShell\v1.0\;C:\Windows\System32\OpenSSH\;C:\Users\Administrator\AppData\Local\Microsoft\WindowsApps;C:\WINDOWS\system32;C:\WINDOWS;C:\WINDOWS\System32\Wbem;C:\WINDOWS\System32\WindowsPowerShell\v1.0\;C:\WINDOWS\System32\OpenSSH\;C:\Program Files\MATLAB\R2023a\bin;C:\Program Files (x86)\Microsoft SQL Server\160\Tools\Binn\;C:\Program Files\Microsoft SQL Server\160\Tools\Binn\;C:\Program Files\Microsoft SQL Server\Client SDK\ODBC\170\Tools\Binn\;C:\Program Files\Microsoft SQL Server\160\DTS\Binn\;C:\Program Files\Azure Data Studio\bin;D:\Downloads\EasyShare\x86\;D:\Downloads\EasyShare\x64\;D:\Download\Git\cmd;C:\Users\Öìç²«h\AppData\Local\Microsoft\WindowsApps;D:\texlive\texlive\2023\bin\windows;C:\Program Files\Azure Data Studio\bin
USERNAME=Öìç²«h
OS=Windows_NT
PROCESSOR_IDENTIFIER=Intel64 Family 6 Model 140 Stepping 1, GenuineIntel
TMP=C:\WINDOWS\TEMP
TEMP=C:\WINDOWS\TEMP




Periodic native trim disabled

---------------  S Y S T E M  ---------------

OS:
 Windows 11 , 64 bit Build 22621 (10.0.22621.3958)
OS uptime: 24 days 4:55 hours

CPU: total 8 (initial active 8) (4 cores per cpu, 2 threads per core) family 6 model 140 stepping 1 microcode 0x86, cx8, cmov, fxsr, ht, mmx, 3dnowpref, sse, sse2, sse3, ssse3, sse4.1, sse4.2, popcnt, lzcnt, tsc, tscinvbit, avx, avx2, aes, erms, clmul, bmi1, bmi2, adx, avx512f, avx512dq, avx512cd, avx512bw, avx512vl, sha, fma, vzeroupper, avx512_vpopcntdq, avx512_vpclmulqdq, avx512_vaes, avx512_vnni, clflush, clflushopt, clwb, avx512_vbmi2, avx512_vbmi, rdtscp, rdpid, fsrm, gfni, avx512_bitalg, f16c, pku, cet_ibt, cet_ss, avx512_ifma
Processor Information for all 8 processors :
  Max Mhz: 2112, Current Mhz: 1206, Mhz Limit: 1203

Memory: 4k page, system-wide physical 16167M (2741M free)
TotalPageFile size 24871M (AvailPageFile size 5862M)
current process WorkingSet (physical memory assigned to process): 197M, peak: 201M
current process commit charge ("private bytes"): 401M, peak: 408M

vm_info: OpenJDK 64-Bit Server VM (22.0.1+8-16) for windows-amd64 JRE (22.0.1+8-16), built on 2024-03-12T10:33:16Z by "mach5one" with MS VC++ 17.6 (VS2022)

END.
