#
# A fatal error has been detected by the Java Runtime Environment:
#
#  EXCEPTION_ACCESS_VIOLATION (0xc0000005) at pc=0x00007ffd08cec02a, pid=19704, tid=29572
#
# JRE version: OpenJDK Runtime Environment (22.0.1+8) (build 22.0.1+8-16)
# Java VM: OpenJDK 64-Bit Server VM (22.0.1+8-16, mixed mode, sharing, tiered, compressed oops, compressed class ptrs, g1 gc, windows-amd64)
# Problematic frame:
# C  [igxelpicd64.dll+0x36c02a]
#
# No core dump will be written. Minidumps are not enabled by default on client versions of Windows
#
# If you would like to submit a bug report, please visit:
#   https://bugreport.java.com/bugreport/crash.jsp
#

---------------  S U M M A R Y ------------

Command Line: -javaagent:D:\IntelliJ IDEA\IntelliJ IDEA 2023.2.1\lib\idea_rt.jar=3762:D:\IntelliJ IDEA\IntelliJ IDEA 2023.2.1\bin -Dfile.encoding=UTF-8 -Dsun.stdout.encoding=UTF-8 -Dsun.stderr.encoding=UTF-8 MainWindow

Host: 11th Gen Intel(R) Core(TM) i7-1160G7 @ 1.20GHz, 8 cores, 15G,  Windows 11 , 64 bit Build 22621 (10.0.22621.3958)
Time: Mon Nov 11 13:02:52 2024  Windows 11 , 64 bit Build 22621 (10.0.22621.3958) elapsed time: 117.052921 seconds (0d 0h 1m 57s)

---------------  T H R E A D  ---------------

Current thread (0x00000256feb60c10):  VMThread "VM Thread"          [id=29572, stack(0x00000068fcd00000,0x00000068fce00000) (1024K)]

Stack: [0x00000068fcd00000,0x00000068fce00000],  sp=0x00000068fcdfe380,  free space=1016k
Native frames: (J=compiled Java code, j=interpreted, Vv=VM code, C=native code)
C  [igxelpicd64.dll+0x36c02a]  (no source info available)
C  [igxelpicd64.dll+0x9a847]  (no source info available)
C  [igxelpicd64.dll+0x2d956e]  (no source info available)
C  [igxelpicd64.dll+0x21300e]  (no source info available)
C  [igxelpicd64.dll+0x1c4416]  (no source info available)
C  [igxelpicd64.dll+0x1c460f]  (no source info available)
C  [igxelpicd64.dll+0xa368f]  (no source info available)
C  [igxelpicd64.dll+0xa34bd]  (no source info available)
C  [igxelpicd64.dll+0x7cd62b]  (no source info available)
C  [ntdll.dll+0x28b5f]  (no source info available)
C  [ntdll.dll+0x51566]  (no source info available)
C  [ntdll.dll+0x5115d]  (no source info available)
C  [KERNEL32.DLL+0x17fab]  (no source info available)
C  [ucrtbase.dll+0x1bed8]  (no source info available)
C  [ucrtbase.dll+0x1c099]  (no source info available)
V  [jvm.dll+0x6db40b]  (no source info available)
V  [jvm.dll+0x6daf40]  (no source info available)
V  [jvm.dll+0x3e1ea4]  (no source info available)
V  [jvm.dll+0x87d7d0]  (no source info available)
V  [jvm.dll+0x87eb57]  (no source info available)
V  [jvm.dll+0x87f0d0]  (no source info available)
V  [jvm.dll+0x87f373]  (no source info available)
V  [jvm.dll+0x81d44b]  (no source info available)
V  [jvm.dll+0x6e0915]  (no source info available)
C  [ucrtbase.dll+0x29333]  (no source info available)
C  [KERNEL32.DLL+0x1257d]  (no source info available)
C  [ntdll.dll+0x5af08]  (no source info available)


siginfo: EXCEPTION_ACCESS_VIOLATION (0xc0000005), reading address 0x0000000000035888


Registers:
RAX=0x00000256f28565f8, RBX=0x0000000000000000, RCX=0x0000000000000000, RDX=0x00000000fffffff0
RSP=0x00000068fcdfe380, RBP=0x00000068fcdfe3e8, RSI=0x000002569b8b0c80, RDI=0x0000000000000000
R8 =0x0000000000000000, R9 =0x0000000000000000, R10=0x00000256f2856ac0, R11=0x0000000000000246
R12=0x000002569b7e0d98, R13=0x0000000000000000, R14=0x00000256f28564f0, R15=0x0000000000000016
RIP=0x00007ffd08cec02a, EFLAGS=0x0000000000010202


Register to memory mapping:

RAX=0x00000256f28565f8 points into unknown readable memory: 0x000000000012dc2c | 2c dc 12 00 00 00 00 00
RBX=0x0 is null
RCX=0x0 is null
RDX=0x00000000fffffff0 is an unknown value
RSP=0x00000068fcdfe380 points into unknown readable memory: 0x000002569b69be80 | 80 be 69 9b 56 02 00 00
RBP=0x00000068fcdfe3e8 points into unknown readable memory: 0x000000000000000f | 0f 00 00 00 00 00 00 00
RSI=0x000002569b8b0c80 points into unknown readable memory: 0x00000256f8d40100 | 00 01 d4 f8 56 02 00 00
RDI=0x0 is null
R8 =0x0 is null
R9 =0x0 is null
R10=0x00000256f2856ac0 points into unknown readable memory: 0x00000256f2851cc0 | c0 1c 85 f2 56 02 00 00
R11=0x0000000000000246 is an unknown value
R12=0x000002569b7e0d98 points into unknown readable memory: 0x0000000000040000 | 00 00 04 00 00 00 00 00
R13=0x0 is null
R14=0x00000256f28564f0 points into unknown readable memory: 0x000002569b6f3ba0 | a0 3b 6f 9b 56 02 00 00
R15=0x0000000000000016 is an unknown value

Top of Stack: (sp=0x00000068fcdfe380)
0x00000068fcdfe380:   000002569b69be80 0000000000000000
0x00000068fcdfe390:   00000068fcdfe530 00007ffd8f4a42a9
0x00000068fcdfe3a0:   00000256f2851cc0 0000000000000000
0x00000068fcdfe3b0:   000002569b69be80 00000256f2856ac0
0x00000068fcdfe3c0:   00000068fcdfec60 00007ffd911d4114
0x00000068fcdfe3d0:   00000256feb59478 00007ffd911c5a01
0x00000068fcdfe3e0:   0000000000000001 000000000000000f
0x00000068fcdfe3f0:   000000000012dc5b 0000b8021bc10000
0x00000068fcdfe400:   000002569b7e0d98 0000000000000000
0x00000068fcdfe410:   0000000000000000 000002569b8b0c80
0x00000068fcdfe420:   00000068fcdfe530 00007ffd08a1a847
0x00000068fcdfe430:   000002569b8b0c00 0000000000000016
0x00000068fcdfe440:   0000000000000000 00007ffd911c1d00
0x00000068fcdfe450:   00000068001fe914 00007ffd00000000
0x00000068fcdfe460:   0000000000000000 00000000000000c0
0x00000068fcdfe470:   00000256f8c00b6c 00000256f8c00b28
0x00000068fcdfe480:   00000068fcdfe598 00000068fcdfe7d8
0x00000068fcdfe490:   00000068fc110000 00007ffd9114dcd6
0x00000068fcdfe4a0:   00000256f8bf0000 0000000000000002
0x00000068fcdfe4b0:   0000000200000101 0000000000000000
0x00000068fcdfe4c0:   00007ffd91199ca0 000002569b7abe40
0x00000068fcdfe4d0:   00000256e4910000 0000000000000060
0x00000068fcdfe4e0:   0000b8021bc10000 00000000001fe914
0x00000068fcdfe4f0:   0000000000000000 4000044000000001
0x00000068fcdfe500:   0000000000000000 0000000000000000
0x00000068fcdfe510:   0000000000000000 0000000000000000
0x00000068fcdfe520:   0000000000000000 0000000000000000
0x00000068fcdfe530:   0000000000000000 0000000000000000
0x00000068fcdfe540:   0000000000000000 0000000000000000
0x00000068fcdfe550:   0000000000000000 0000000000000000
0x00000068fcdfe560:   0000000000000000 0000000000000000
0x00000068fcdfe570:   0000000000000000 0000000000000000 

Instructions: (pc=0x00007ffd08cec02a)
0x00007ffd08cebf2a:   25 58 00 00 00 41 bd 20 00 00 00 48 8b 04 f8 4e
0x00007ffd08cebf3a:   8b 2c 28 40 8a 7d 58 4c 3b 2d 38 98 ba 00 45 0f
0x00007ffd08cebf4a:   44 f8 44 89 7d 50 48 85 c9 0f 84 69 07 00 00 33
0x00007ffd08cebf5a:   db 4c 8b f1 4c 8d 91 d0 05 00 00 4c 89 55 d0 49
0x00007ffd08cebf6a:   8b 02 48 89 45 b8 40 84 ff 74 10 48 8b d1 48 8b
0x00007ffd08cebf7a:   09 e8 f0 2a d3 ff e9 f0 06 00 00 44 8b 86 c8 01
0x00007ffd08cebf8a:   00 00 48 8b 05 6d 71 aa 00 83 b8 68 03 00 00 02
0x00007ffd08cebf9a:   0f 85 1e 02 00 00 41 8d 50 f0 41 83 f8 10 73 11
0x00007ffd08cebfaa:   4a 8d 04 c5 21 00 00 00 49 03 c0 48 8d 04 c1 eb
0x00007ffd08cebfba:   5b 8b c2 c1 e8 04 83 f8 03 73 1f 0f ae e8 8b ca
0x00007ffd08cebfca:   83 e1 0f 4d 8b 8c c6 88 05 00 00 4d 85 c9 74 21
0x00007ffd08cebfda:   48 8d 0c c9 49 8d 04 c9 eb 32 48 8b 81 a0 05 00
0x00007ffd08cebfea:   00 eb 09 44 39 00 74 2f 48 8b 40 50 48 85 c0 75
0x00007ffd08cebffa:   f2 41 38 9e a8 05 00 00 74 23 41 8b c0 83 e0 0f
0x00007ffd08cec00a:   48 8d 04 c0 48 8d 40 21 49 8d 04 c6 48 85 c0 74
0x00007ffd08cec01a:   0c 48 8b 48 08 eb 09 48 83 c0 08 eb ef 48 8b cb
0x00007ffd08cec02a:   49 3b 8d 88 58 03 00 0f 86 87 01 00 00 41 83 f8
0x00007ffd08cec03a:   10 73 0d 4a 8d 04 c5 21 00 00 00 49 03 c0 eb 55
0x00007ffd08cec04a:   8b c2 c1 e8 04 83 f8 03 73 1d 0f ae e8 83 e2 0f
0x00007ffd08cec05a:   4d 8b 8c c6 88 05 00 00 4d 85 c9 74 21 48 8d 0c
0x00007ffd08cec06a:   d2 49 8d 04 c9 eb 32 49 8b 86 a0 05 00 00 eb 09
0x00007ffd08cec07a:   44 39 00 74 2f 48 8b 40 50 48 85 c0 75 f2 41 38
0x00007ffd08cec08a:   9e a8 05 00 00 74 23 41 8b c0 83 e0 0f 48 8d 04
0x00007ffd08cec09a:   c0 48 8d 40 21 49 8d 04 c6 48 85 c0 74 0c 48 8b
0x00007ffd08cec0aa:   48 08 eb 09 48 83 c0 08 eb ef 48 8b cb 49 3b 8e
0x00007ffd08cec0ba:   48 06 00 00 0f 86 fa 00 00 00 48 8b 86 78 02 00
0x00007ffd08cec0ca:   00 49 89 02 4c 89 b6 78 02 00 00 ff 86 80 02 00
0x00007ffd08cec0da:   00 ba 01 00 00 00 49 8b 4e 08 e8 d7 4a cd ff 0f
0x00007ffd08cec0ea:   b7 c8 48 2b c1 48 05 00 00 01 00 48 01 86 88 02
0x00007ffd08cec0fa:   00 00 ba 01 00 00 00 49 8b 4e 08 e8 b6 4a cd ff
0x00007ffd08cec10a:   48 01 86 98 02 00 00 45 85 ff 0f 84 9a 00 00 00
0x00007ffd08cec11a:   49 8b 9d 38 50 03 00 0f 57 c0 f3 0f 7f 45 d8 45 


Stack slot to memory mapping:

stack at sp + 0 slots: 0x000002569b69be80 points into unknown readable memory: 0xffffffffffffffff | ff ff ff ff ff ff ff ff
stack at sp + 1 slots: 0x0 is null
stack at sp + 2 slots: 0x00000068fcdfe530 points into unknown readable memory: 0x0000000000000000 | 00 00 00 00 00 00 00 00
stack at sp + 3 slots: 0x00007ffd8f4a42a9 USER32.dll
stack at sp + 4 slots: 0x00000256f2851cc0 points into unknown readable memory: 0x000002569b6f3ba0 | a0 3b 6f 9b 56 02 00 00
stack at sp + 5 slots: 0x0 is null
stack at sp + 6 slots: 0x000002569b69be80 points into unknown readable memory: 0xffffffffffffffff | ff ff ff ff ff ff ff ff
stack at sp + 7 slots: 0x00000256f2856ac0 points into unknown readable memory: 0x00000256f2851cc0 | c0 1c 85 f2 56 02 00 00

VM_Operation (0x00000068fc4ff260): Exit, mode: safepoint, requested by thread 0x00000256f25991a0


---------------  P R O C E S S  ---------------

Threads class SMR info:
_java_thread_list=0x00000256f21cd7a0, length=15, elements={
0x00000256f8d75650, 0x00000256feb7ef50, 0x00000256feb7ff60, 0x00000256feb81e20,
0x00000256feb82b70, 0x00000256feb85930, 0x000002569b259f20, 0x00000256feb8cb70,
0x00000256feb8d620, 0x00000256feb4a610, 0x000002569b5b1e50, 0x000002569b5b24c0,
0x000002569be11190, 0x00000256f21f1830, 0x00000256f25991a0
}

Java Threads: ( => current thread )
  0x00000256f8d75650 JavaThread "main"                              [_thread_blocked, id=23828, stack(0x00000068fc600000,0x00000068fc700000) (1024K)]
  0x00000256feb7ef50 JavaThread "Reference Handler"          daemon [_thread_blocked, id=4568, stack(0x00000068fce00000,0x00000068fcf00000) (1024K)]
  0x00000256feb7ff60 JavaThread "Finalizer"                  daemon [_thread_blocked, id=15152, stack(0x00000068fcf00000,0x00000068fd000000) (1024K)]
  0x00000256feb81e20 JavaThread "Signal Dispatcher"          daemon [_thread_blocked, id=13148, stack(0x00000068fd000000,0x00000068fd100000) (1024K)]
  0x00000256feb82b70 JavaThread "Attach Listener"            daemon [_thread_blocked, id=11836, stack(0x00000068fd100000,0x00000068fd200000) (1024K)]
  0x00000256feb85930 JavaThread "Service Thread"             daemon [_thread_blocked, id=17920, stack(0x00000068fd200000,0x00000068fd300000) (1024K)]
  0x000002569b259f20 JavaThread "Monitor Deflation Thread"   daemon [_thread_blocked, id=30884, stack(0x00000068fd300000,0x00000068fd400000) (1024K)]
  0x00000256feb8cb70 JavaThread "C2 CompilerThread0"         daemon [_thread_blocked, id=10464, stack(0x00000068fd400000,0x00000068fd500000) (1024K)]
  0x00000256feb8d620 JavaThread "C1 CompilerThread0"         daemon [_thread_blocked, id=21096, stack(0x00000068fd500000,0x00000068fd600000) (1024K)]
  0x00000256feb4a610 JavaThread "Common-Cleaner"             daemon [_thread_blocked, id=21712, stack(0x00000068fd600000,0x00000068fd700000) (1024K)]
  0x000002569b5b1e50 JavaThread "Monitor Ctrl-Break"         daemon [_thread_in_native, id=20040, stack(0x00000068fd800000,0x00000068fd900000) (1024K)]
  0x000002569b5b24c0 JavaThread "Notification Thread"        daemon [_thread_blocked, id=22516, stack(0x00000068fd900000,0x00000068fda00000) (1024K)]
  0x000002569be11190 JavaThread "Java2D Disposer"            daemon [_thread_blocked, id=14632, stack(0x00000068fe400000,0x00000068fe500000) (1024K)]
  0x00000256f21f1830 JavaThread "LWJGL Timer"                daemon [_thread_blocked, id=8036, stack(0x00000068fec00000,0x00000068fed00000) (1024K)]
  0x00000256f25991a0 JavaThread "SIGINT handler"             daemon [_thread_blocked, id=12456, stack(0x00000068fc400000,0x00000068fc500000) (1024K)]
Total: 15

Other Threads:
=>0x00000256feb60c10 VMThread "VM Thread"                           [id=29572, stack(0x00000068fcd00000,0x00000068fce00000) (1024K)]
  0x00000256f9003fb0 WorkerThread "GC Thread#0"                     [id=2592, stack(0x00000068fc700000,0x00000068fc800000) (1024K)]
  0x000002569bc729f0 WorkerThread "GC Thread#1"                     [id=23952, stack(0x00000068fe500000,0x00000068fe600000) (1024K)]
  0x000002569bc72da0 WorkerThread "GC Thread#2"                     [id=26092, stack(0x00000068fe600000,0x00000068fe700000) (1024K)]
  0x000002569bc73150 WorkerThread "GC Thread#3"                     [id=18384, stack(0x00000068fe700000,0x00000068fe800000) (1024K)]
  0x000002569bcc5360 WorkerThread "GC Thread#4"                     [id=7152, stack(0x00000068fe800000,0x00000068fe900000) (1024K)]
  0x000002569bc6b4f0 WorkerThread "GC Thread#5"                     [id=13504, stack(0x00000068fe900000,0x00000068fea00000) (1024K)]
  0x000002569bbb2f70 WorkerThread "GC Thread#6"                     [id=15648, stack(0x00000068fea00000,0x00000068feb00000) (1024K)]
  0x000002569bbb3320 WorkerThread "GC Thread#7"                     [id=22500, stack(0x00000068feb00000,0x00000068fec00000) (1024K)]
  0x00000256f9014de0 ConcurrentGCThread "G1 Main Marker"            terminated
  0x00000256f9016090 WorkerThread "G1 Conc#0"                       [id=14516, stack(0x00000068fc900000,0x00000068fca00000) (1024K)]
  0x00000256fea1c0c0 ConcurrentGCThread "G1 Refine#0"               terminated
  0x00000256fea1e860 ConcurrentGCThread "G1 Service"                terminated
Total: 13

Threads with active compile tasks:
Total: 0

VM state: at safepoint (shutting down)

VM Mutex/Monitor currently owned by a thread:  ([mutex/lock_event])
[0x00007ffd0a7cbbb8] Threads_lock - owner thread: 0x00000256feb60c10
[0x00007ffd0a7cbcb8] Heap_lock - owner thread: 0x00000256f25991a0

Heap address: 0x0000000703600000, size: 4042 MB, Compressed Oops mode: Zero based, Oop shift amount: 3

CDS archive(s) mapped at: [0x000002569c000000-0x000002569cc50000-0x000002569cc50000), size 12910592, SharedBaseAddress: 0x000002569c000000, ArchiveRelocationMode: 1.
Compressed class space mapped at: 0x000002569d000000-0x00000256dd000000, reserved size: 1073741824
Narrow klass base: 0x000002569c000000, Narrow klass shift: 0, Narrow klass range: 0x41000000

GC Precious Log:
 CardTable entry size: 512
 Card Set container configuration: InlinePtr #cards 4 size 8 Array Of Cards #cards 16 size 48 Howl #buckets 8 coarsen threshold 3686 Howl Bitmap #cards 512 size 80 coarsen threshold 460 Card regions per heap region 1 cards per card region 4096
 CPUs: 8 total, 8 available
 Memory: 16167M
 Large Page Support: Disabled
 NUMA Support: Disabled
 Compressed Oops: Enabled (Zero based)
 Heap Region Size: 2M
 Heap Min Capacity: 8M
 Heap Initial Capacity: 254M
 Heap Max Capacity: 4042M
 Pre-touch: Disabled
 Parallel Workers: 8
 Concurrent Workers: 2
 Concurrent Refinement Workers: 8
 Periodic GC: Disabled

Heap:
 garbage-first heap   total reserved 4139008K, committed 260096K, used 164879K [0x0000000703600000, 0x0000000800000000)
  region size 2048K, 58 young (118784K), 2 survivors (4096K)
 Metaspace       used 6549K, committed 6784K, reserved 1114112K
  class space    used 573K, committed 704K, reserved 1048576K

Heap Regions: E=young(eden), S=young(survivor), O=old, HS=humongous(starts), HC=humongous(continues), CS=collection set, F=free, TAMS=top-at-mark-start, PB=parsable bottom
|   0|0x0000000703600000, 0x0000000703800000, 0x0000000703800000|100%|HS|  |TAMS 0x0000000703600000| PB 0x0000000703600000| Complete |  0
|   1|0x0000000703800000, 0x0000000703a00000, 0x0000000703a00000|100%|HS|  |TAMS 0x0000000703800000| PB 0x0000000703800000| Complete |  0
|   2|0x0000000703a00000, 0x0000000703c00000, 0x0000000703c00000|100%|HS|  |TAMS 0x0000000703a00000| PB 0x0000000703a00000| Complete |  0
|   3|0x0000000703c00000, 0x0000000703e00000, 0x0000000703e00000|100%|HC|  |TAMS 0x0000000703c00000| PB 0x0000000703c00000| Complete |  0
|   4|0x0000000703e00000, 0x0000000704000000, 0x0000000704000000|100%|HS|  |TAMS 0x0000000703e00000| PB 0x0000000703e00000| Complete |  0
|   5|0x0000000704000000, 0x0000000704200000, 0x0000000704200000|100%|HC|  |TAMS 0x0000000704000000| PB 0x0000000704000000| Complete |  0
|   6|0x0000000704200000, 0x0000000704400000, 0x0000000704400000|100%|HS|  |TAMS 0x0000000704200000| PB 0x0000000704200000| Complete |  0
|   7|0x0000000704400000, 0x0000000704600000, 0x0000000704600000|100%|HS|  |TAMS 0x0000000704400000| PB 0x0000000704400000| Complete |  0
|   8|0x0000000704600000, 0x0000000704800000, 0x0000000704800000|100%|HS|  |TAMS 0x0000000704600000| PB 0x0000000704600000| Complete |  0
|   9|0x0000000704800000, 0x0000000704a00000, 0x0000000704a00000|100%|HS|  |TAMS 0x0000000704800000| PB 0x0000000704800000| Complete |  0
|  10|0x0000000704a00000, 0x0000000704c00000, 0x0000000704c00000|100%|HS|  |TAMS 0x0000000704a00000| PB 0x0000000704a00000| Complete |  0
|  11|0x0000000704c00000, 0x0000000704e00000, 0x0000000704e00000|100%|HS|  |TAMS 0x0000000704c00000| PB 0x0000000704c00000| Complete |  0
|  12|0x0000000704e00000, 0x0000000705000000, 0x0000000705000000|100%|HS|  |TAMS 0x0000000704e00000| PB 0x0000000704e00000| Complete |  0
|  13|0x0000000705000000, 0x0000000705200000, 0x0000000705200000|100%|HS|  |TAMS 0x0000000705000000| PB 0x0000000705000000| Complete |  0
|  14|0x0000000705200000, 0x0000000705400000, 0x0000000705400000|100%|HS|  |TAMS 0x0000000705200000| PB 0x0000000705200000| Complete |  0
|  15|0x0000000705400000, 0x0000000705600000, 0x0000000705600000|100%|HC|  |TAMS 0x0000000705400000| PB 0x0000000705400000| Complete |  0
|  16|0x0000000705600000, 0x0000000705800000, 0x0000000705800000|100%|HS|  |TAMS 0x0000000705600000| PB 0x0000000705600000| Complete |  0
|  17|0x0000000705800000, 0x0000000705a00000, 0x0000000705a00000|100%|HC|  |TAMS 0x0000000705800000| PB 0x0000000705800000| Complete |  0
|  18|0x0000000705a00000, 0x0000000705c00000, 0x0000000705c00000|100%|HS|  |TAMS 0x0000000705a00000| PB 0x0000000705a00000| Complete |  0
|  19|0x0000000705c00000, 0x0000000705e00000, 0x0000000705e00000|100%|HC|  |TAMS 0x0000000705c00000| PB 0x0000000705c00000| Complete |  0
|  20|0x0000000705e00000, 0x0000000706000000, 0x0000000706000000|100%|HC|  |TAMS 0x0000000705e00000| PB 0x0000000705e00000| Complete |  0
|  21|0x0000000706000000, 0x0000000706200000, 0x0000000706200000|100%|HS|  |TAMS 0x0000000706000000| PB 0x0000000706000000| Complete |  0
|  22|0x0000000706200000, 0x0000000706400000, 0x0000000706400000|100%|HC|  |TAMS 0x0000000706200000| PB 0x0000000706200000| Complete |  0
|  23|0x0000000706400000, 0x0000000706600000, 0x0000000706600000|100%|HC|  |TAMS 0x0000000706400000| PB 0x0000000706400000| Complete |  0
|  24|0x0000000706600000, 0x0000000706600000, 0x0000000706800000|  0%| F|  |TAMS 0x0000000706600000| PB 0x0000000706600000| Untracked |  0
|  25|0x0000000706800000, 0x0000000706800000, 0x0000000706a00000|  0%| F|  |TAMS 0x0000000706800000| PB 0x0000000706800000| Untracked |  0
|  26|0x0000000706a00000, 0x0000000706a00000, 0x0000000706c00000|  0%| F|  |TAMS 0x0000000706a00000| PB 0x0000000706a00000| Untracked |  0
|  27|0x0000000706c00000, 0x0000000706c00000, 0x0000000706e00000|  0%| F|  |TAMS 0x0000000706c00000| PB 0x0000000706c00000| Untracked |  0
|  28|0x0000000706e00000, 0x0000000706e00000, 0x0000000707000000|  0%| F|  |TAMS 0x0000000706e00000| PB 0x0000000706e00000| Untracked |  0
|  29|0x0000000707000000, 0x0000000707000000, 0x0000000707200000|  0%| F|  |TAMS 0x0000000707000000| PB 0x0000000707000000| Untracked |  0
|  30|0x0000000707200000, 0x0000000707200000, 0x0000000707400000|  0%| F|  |TAMS 0x0000000707200000| PB 0x0000000707200000| Untracked |  0
|  31|0x0000000707400000, 0x0000000707400000, 0x0000000707600000|  0%| F|  |TAMS 0x0000000707400000| PB 0x0000000707400000| Untracked |  0
|  32|0x0000000707600000, 0x0000000707600000, 0x0000000707800000|  0%| F|  |TAMS 0x0000000707600000| PB 0x0000000707600000| Untracked |  0
|  33|0x0000000707800000, 0x0000000707800000, 0x0000000707a00000|  0%| F|  |TAMS 0x0000000707800000| PB 0x0000000707800000| Untracked |  0
|  34|0x0000000707a00000, 0x0000000707a00000, 0x0000000707c00000|  0%| F|  |TAMS 0x0000000707a00000| PB 0x0000000707a00000| Untracked |  0
|  35|0x0000000707c00000, 0x0000000707c00000, 0x0000000707e00000|  0%| F|  |TAMS 0x0000000707c00000| PB 0x0000000707c00000| Untracked |  0
|  36|0x0000000707e00000, 0x0000000707e00000, 0x0000000708000000|  0%| F|  |TAMS 0x0000000707e00000| PB 0x0000000707e00000| Untracked |  0
|  37|0x0000000708000000, 0x0000000708000000, 0x0000000708200000|  0%| F|  |TAMS 0x0000000708000000| PB 0x0000000708000000| Untracked |  0
|  38|0x0000000708200000, 0x0000000708200000, 0x0000000708400000|  0%| F|  |TAMS 0x0000000708200000| PB 0x0000000708200000| Untracked |  0
|  39|0x0000000708400000, 0x0000000708400000, 0x0000000708600000|  0%| F|  |TAMS 0x0000000708400000| PB 0x0000000708400000| Untracked |  0
|  40|0x0000000708600000, 0x0000000708600000, 0x0000000708800000|  0%| F|  |TAMS 0x0000000708600000| PB 0x0000000708600000| Untracked |  0
|  41|0x0000000708800000, 0x0000000708800000, 0x0000000708a00000|  0%| F|  |TAMS 0x0000000708800000| PB 0x0000000708800000| Untracked |  0
|  42|0x0000000708a00000, 0x0000000708a00000, 0x0000000708c00000|  0%| F|  |TAMS 0x0000000708a00000| PB 0x0000000708a00000| Untracked |  0
|  43|0x0000000708c00000, 0x0000000708c00000, 0x0000000708e00000|  0%| F|  |TAMS 0x0000000708c00000| PB 0x0000000708c00000| Untracked |  0
|  44|0x0000000708e00000, 0x0000000708e00000, 0x0000000709000000|  0%| F|  |TAMS 0x0000000708e00000| PB 0x0000000708e00000| Untracked |  0
|  45|0x0000000709000000, 0x0000000709000000, 0x0000000709200000|  0%| F|  |TAMS 0x0000000709000000| PB 0x0000000709000000| Untracked |  0
|  46|0x0000000709200000, 0x0000000709200000, 0x0000000709400000|  0%| F|  |TAMS 0x0000000709200000| PB 0x0000000709200000| Untracked |  0
|  47|0x0000000709400000, 0x0000000709400000, 0x0000000709600000|  0%| F|  |TAMS 0x0000000709400000| PB 0x0000000709400000| Untracked |  0
|  48|0x0000000709600000, 0x0000000709600000, 0x0000000709800000|  0%| F|  |TAMS 0x0000000709600000| PB 0x0000000709600000| Untracked |  0
|  49|0x0000000709800000, 0x0000000709800000, 0x0000000709a00000|  0%| F|  |TAMS 0x0000000709800000| PB 0x0000000709800000| Untracked |  0
|  50|0x0000000709a00000, 0x0000000709a00000, 0x0000000709c00000|  0%| F|  |TAMS 0x0000000709a00000| PB 0x0000000709a00000| Untracked |  0
|  51|0x0000000709c00000, 0x0000000709c00000, 0x0000000709e00000|  0%| F|  |TAMS 0x0000000709c00000| PB 0x0000000709c00000| Untracked |  0
|  52|0x0000000709e00000, 0x0000000709e00000, 0x000000070a000000|  0%| F|  |TAMS 0x0000000709e00000| PB 0x0000000709e00000| Untracked |  0
|  53|0x000000070a000000, 0x000000070a000000, 0x000000070a200000|  0%| F|  |TAMS 0x000000070a000000| PB 0x000000070a000000| Untracked |  0
|  54|0x000000070a200000, 0x000000070a200000, 0x000000070a400000|  0%| F|  |TAMS 0x000000070a200000| PB 0x000000070a200000| Untracked |  0
|  55|0x000000070a400000, 0x000000070a400000, 0x000000070a600000|  0%| F|  |TAMS 0x000000070a400000| PB 0x000000070a400000| Untracked |  0
|  56|0x000000070a600000, 0x000000070a600000, 0x000000070a800000|  0%| F|  |TAMS 0x000000070a600000| PB 0x000000070a600000| Untracked |  0
|  57|0x000000070a800000, 0x000000070a800000, 0x000000070aa00000|  0%| F|  |TAMS 0x000000070a800000| PB 0x000000070a800000| Untracked |  0
|  58|0x000000070aa00000, 0x000000070aa00000, 0x000000070ac00000|  0%| F|  |TAMS 0x000000070aa00000| PB 0x000000070aa00000| Untracked |  0
|  59|0x000000070ac00000, 0x000000070ac00000, 0x000000070ae00000|  0%| F|  |TAMS 0x000000070ac00000| PB 0x000000070ac00000| Untracked |  0
|  60|0x000000070ae00000, 0x000000070ae00000, 0x000000070b000000|  0%| F|  |TAMS 0x000000070ae00000| PB 0x000000070ae00000| Untracked |  0
|  61|0x000000070b000000, 0x000000070b000000, 0x000000070b200000|  0%| F|  |TAMS 0x000000070b000000| PB 0x000000070b000000| Untracked |  0
|  62|0x000000070b200000, 0x000000070b200000, 0x000000070b400000|  0%| F|  |TAMS 0x000000070b200000| PB 0x000000070b200000| Untracked |  0
|  63|0x000000070b400000, 0x000000070b400000, 0x000000070b600000|  0%| F|  |TAMS 0x000000070b400000| PB 0x000000070b400000| Untracked |  0
|  64|0x000000070b600000, 0x000000070b600000, 0x000000070b800000|  0%| F|  |TAMS 0x000000070b600000| PB 0x000000070b600000| Untracked |  0
|  65|0x000000070b800000, 0x000000070b800000, 0x000000070ba00000|  0%| F|  |TAMS 0x000000070b800000| PB 0x000000070b800000| Untracked |  0
|  66|0x000000070ba00000, 0x000000070ba00000, 0x000000070bc00000|  0%| F|  |TAMS 0x000000070ba00000| PB 0x000000070ba00000| Untracked |  0
|  67|0x000000070bc00000, 0x000000070bc00000, 0x000000070be00000|  0%| F|  |TAMS 0x000000070bc00000| PB 0x000000070bc00000| Untracked |  0
|  68|0x000000070be00000, 0x000000070be00000, 0x000000070c000000|  0%| F|  |TAMS 0x000000070be00000| PB 0x000000070be00000| Untracked |  0
|  69|0x000000070c000000, 0x000000070c200000, 0x000000070c200000|100%| E|  |TAMS 0x000000070c000000| PB 0x000000070c000000| Complete |  0
|  70|0x000000070c200000, 0x000000070c400000, 0x000000070c400000|100%| E|CS|TAMS 0x000000070c200000| PB 0x000000070c200000| Complete |  0
|  71|0x000000070c400000, 0x000000070c600000, 0x000000070c600000|100%| E|CS|TAMS 0x000000070c400000| PB 0x000000070c400000| Complete |  0
|  72|0x000000070c600000, 0x000000070c800000, 0x000000070c800000|100%| E|CS|TAMS 0x000000070c600000| PB 0x000000070c600000| Complete |  0
|  73|0x000000070c800000, 0x000000070ca00000, 0x000000070ca00000|100%| E|CS|TAMS 0x000000070c800000| PB 0x000000070c800000| Complete |  0
|  74|0x000000070ca00000, 0x000000070cc00000, 0x000000070cc00000|100%| E|CS|TAMS 0x000000070ca00000| PB 0x000000070ca00000| Complete |  0
|  75|0x000000070cc00000, 0x000000070ce00000, 0x000000070ce00000|100%| E|CS|TAMS 0x000000070cc00000| PB 0x000000070cc00000| Complete |  0
|  76|0x000000070ce00000, 0x000000070d000000, 0x000000070d000000|100%| E|CS|TAMS 0x000000070ce00000| PB 0x000000070ce00000| Complete |  0
|  77|0x000000070d000000, 0x000000070d200000, 0x000000070d200000|100%| E|CS|TAMS 0x000000070d000000| PB 0x000000070d000000| Complete |  0
|  78|0x000000070d200000, 0x000000070d400000, 0x000000070d400000|100%| E|CS|TAMS 0x000000070d200000| PB 0x000000070d200000| Complete |  0
|  79|0x000000070d400000, 0x000000070d600000, 0x000000070d600000|100%| E|CS|TAMS 0x000000070d400000| PB 0x000000070d400000| Complete |  0
|  80|0x000000070d600000, 0x000000070d800000, 0x000000070d800000|100%| E|CS|TAMS 0x000000070d600000| PB 0x000000070d600000| Complete |  0
|  81|0x000000070d800000, 0x000000070da00000, 0x000000070da00000|100%| E|CS|TAMS 0x000000070d800000| PB 0x000000070d800000| Complete |  0
|  82|0x000000070da00000, 0x000000070dc00000, 0x000000070dc00000|100%| E|CS|TAMS 0x000000070da00000| PB 0x000000070da00000| Complete |  0
|  83|0x000000070dc00000, 0x000000070de00000, 0x000000070de00000|100%| E|CS|TAMS 0x000000070dc00000| PB 0x000000070dc00000| Complete |  0
|  84|0x000000070de00000, 0x000000070e000000, 0x000000070e000000|100%| E|CS|TAMS 0x000000070de00000| PB 0x000000070de00000| Complete |  0
|  85|0x000000070e000000, 0x000000070e200000, 0x000000070e200000|100%| E|CS|TAMS 0x000000070e000000| PB 0x000000070e000000| Complete |  0
|  86|0x000000070e200000, 0x000000070e400000, 0x000000070e400000|100%| E|CS|TAMS 0x000000070e200000| PB 0x000000070e200000| Complete |  0
|  87|0x000000070e400000, 0x000000070e600000, 0x000000070e600000|100%| E|CS|TAMS 0x000000070e400000| PB 0x000000070e400000| Complete |  0
|  88|0x000000070e600000, 0x000000070e800000, 0x000000070e800000|100%| E|CS|TAMS 0x000000070e600000| PB 0x000000070e600000| Complete |  0
|  89|0x000000070e800000, 0x000000070ea00000, 0x000000070ea00000|100%| E|CS|TAMS 0x000000070e800000| PB 0x000000070e800000| Complete |  0
|  90|0x000000070ea00000, 0x000000070ec00000, 0x000000070ec00000|100%| E|CS|TAMS 0x000000070ea00000| PB 0x000000070ea00000| Complete |  0
|  91|0x000000070ec00000, 0x000000070ee00000, 0x000000070ee00000|100%| E|CS|TAMS 0x000000070ec00000| PB 0x000000070ec00000| Complete |  0
|  92|0x000000070ee00000, 0x000000070f000000, 0x000000070f000000|100%| E|CS|TAMS 0x000000070ee00000| PB 0x000000070ee00000| Complete |  0
|  93|0x000000070f000000, 0x000000070f200000, 0x000000070f200000|100%| E|CS|TAMS 0x000000070f000000| PB 0x000000070f000000| Complete |  0
|  94|0x000000070f200000, 0x000000070f400000, 0x000000070f400000|100%| E|CS|TAMS 0x000000070f200000| PB 0x000000070f200000| Complete |  0
|  95|0x000000070f400000, 0x000000070f600000, 0x000000070f600000|100%| E|CS|TAMS 0x000000070f400000| PB 0x000000070f400000| Complete |  0
|  96|0x000000070f600000, 0x000000070f800000, 0x000000070f800000|100%| E|CS|TAMS 0x000000070f600000| PB 0x000000070f600000| Complete |  0
|  97|0x000000070f800000, 0x000000070fa00000, 0x000000070fa00000|100%| E|CS|TAMS 0x000000070f800000| PB 0x000000070f800000| Complete |  0
|  98|0x000000070fa00000, 0x000000070fc00000, 0x000000070fc00000|100%| E|CS|TAMS 0x000000070fa00000| PB 0x000000070fa00000| Complete |  0
|  99|0x000000070fc00000, 0x000000070fe00000, 0x000000070fe00000|100%| E|CS|TAMS 0x000000070fc00000| PB 0x000000070fc00000| Complete |  0
| 100|0x000000070fe00000, 0x0000000710000000, 0x0000000710000000|100%| E|CS|TAMS 0x000000070fe00000| PB 0x000000070fe00000| Complete |  0
| 101|0x0000000710000000, 0x0000000710200000, 0x0000000710200000|100%| E|CS|TAMS 0x0000000710000000| PB 0x0000000710000000| Complete |  0
| 102|0x0000000710200000, 0x0000000710400000, 0x0000000710400000|100%| E|CS|TAMS 0x0000000710200000| PB 0x0000000710200000| Complete |  0
| 103|0x0000000710400000, 0x0000000710503da0, 0x0000000710600000| 50%| S|CS|TAMS 0x0000000710400000| PB 0x0000000710400000| Complete |  0
| 104|0x0000000710600000, 0x0000000710800000, 0x0000000710800000|100%| S|CS|TAMS 0x0000000710600000| PB 0x0000000710600000| Complete |  0
| 105|0x0000000710800000, 0x0000000710a00000, 0x0000000710a00000|100%| E|CS|TAMS 0x0000000710800000| PB 0x0000000710800000| Complete |  0
| 106|0x0000000710a00000, 0x0000000710c00000, 0x0000000710c00000|100%| E|CS|TAMS 0x0000000710a00000| PB 0x0000000710a00000| Complete |  0
| 107|0x0000000710c00000, 0x0000000710e00000, 0x0000000710e00000|100%| E|CS|TAMS 0x0000000710c00000| PB 0x0000000710c00000| Complete |  0
| 108|0x0000000710e00000, 0x0000000711000000, 0x0000000711000000|100%| E|CS|TAMS 0x0000000710e00000| PB 0x0000000710e00000| Complete |  0
| 109|0x0000000711000000, 0x0000000711200000, 0x0000000711200000|100%| E|CS|TAMS 0x0000000711000000| PB 0x0000000711000000| Complete |  0
| 110|0x0000000711200000, 0x0000000711400000, 0x0000000711400000|100%| E|CS|TAMS 0x0000000711200000| PB 0x0000000711200000| Complete |  0
| 111|0x0000000711400000, 0x0000000711600000, 0x0000000711600000|100%| E|CS|TAMS 0x0000000711400000| PB 0x0000000711400000| Complete |  0
| 112|0x0000000711600000, 0x0000000711800000, 0x0000000711800000|100%| E|CS|TAMS 0x0000000711600000| PB 0x0000000711600000| Complete |  0
| 113|0x0000000711800000, 0x0000000711a00000, 0x0000000711a00000|100%| E|CS|TAMS 0x0000000711800000| PB 0x0000000711800000| Complete |  0
| 114|0x0000000711a00000, 0x0000000711c00000, 0x0000000711c00000|100%| E|CS|TAMS 0x0000000711a00000| PB 0x0000000711a00000| Complete |  0
| 115|0x0000000711c00000, 0x0000000711e00000, 0x0000000711e00000|100%| E|CS|TAMS 0x0000000711c00000| PB 0x0000000711c00000| Complete |  0
| 116|0x0000000711e00000, 0x0000000712000000, 0x0000000712000000|100%| E|CS|TAMS 0x0000000711e00000| PB 0x0000000711e00000| Complete |  0
| 117|0x0000000712000000, 0x0000000712200000, 0x0000000712200000|100%| E|CS|TAMS 0x0000000712000000| PB 0x0000000712000000| Complete |  0
| 118|0x0000000712200000, 0x0000000712400000, 0x0000000712400000|100%| E|CS|TAMS 0x0000000712200000| PB 0x0000000712200000| Complete |  0
| 119|0x0000000712400000, 0x0000000712600000, 0x0000000712600000|100%| E|CS|TAMS 0x0000000712400000| PB 0x0000000712400000| Complete |  0
| 120|0x0000000712600000, 0x0000000712800000, 0x0000000712800000|100%| E|CS|TAMS 0x0000000712600000| PB 0x0000000712600000| Complete |  0
| 121|0x0000000712800000, 0x0000000712a00000, 0x0000000712a00000|100%| E|CS|TAMS 0x0000000712800000| PB 0x0000000712800000| Complete |  0
| 122|0x0000000712a00000, 0x0000000712c00000, 0x0000000712c00000|100%| E|CS|TAMS 0x0000000712a00000| PB 0x0000000712a00000| Complete |  0
| 123|0x0000000712c00000, 0x0000000712e00000, 0x0000000712e00000|100%| E|CS|TAMS 0x0000000712c00000| PB 0x0000000712c00000| Complete |  0
| 124|0x0000000712e00000, 0x0000000713000000, 0x0000000713000000|100%| E|CS|TAMS 0x0000000712e00000| PB 0x0000000712e00000| Complete |  0
| 125|0x0000000713000000, 0x0000000713200000, 0x0000000713200000|100%| E|CS|TAMS 0x0000000713000000| PB 0x0000000713000000| Complete |  0
| 126|0x0000000713200000, 0x0000000713400000, 0x0000000713400000|100%| E|CS|TAMS 0x0000000713200000| PB 0x0000000713200000| Complete |  0

Card table byte_map: [0x00000256fbaa0000,0x00000256fc290000] _byte_map_base: 0x00000256f8285000

Marking Bits: (CMBitMap*) 0x00000256f90046c0
 Bits: [0x0000025697280000, 0x000002569b1a8000)

Polling page: 0x00000256fa810000

Metaspace:

Usage:
  Non-class:      5.84 MB used.
      Class:    573.62 KB used.
       Both:      6.40 MB used.

Virtual space:
  Non-class space:       64.00 MB reserved,       5.94 MB (  9%) committed,  1 nodes.
      Class space:        1.00 GB reserved,     704.00 KB ( <1%) committed,  1 nodes.
             Both:        1.06 GB reserved,       6.62 MB ( <1%) committed. 

Chunk freelists:
   Non-Class:  10.01 MB
       Class:  15.23 MB
        Both:  25.24 MB

MaxMetaspaceSize: unlimited
CompressedClassSpaceSize: 1.00 GB
Initial GC threshold: 21.00 MB
Current GC threshold: 21.00 MB
CDS: on
 - commit_granule_bytes: 65536.
 - commit_granule_words: 8192.
 - virtual_space_node_default_size: 8388608.
 - enlarge_chunks_in_place: 1.
 - use_allocation_guard: 0.


Internal statistics:

num_allocs_failed_limit: 0.
num_arena_births: 174.
num_arena_deaths: 0.
num_vsnodes_births: 2.
num_vsnodes_deaths: 0.
num_space_committed: 105.
num_space_uncommitted: 0.
num_chunks_returned_to_freelist: 0.
num_chunks_taken_from_freelist: 269.
num_chunk_merges: 0.
num_chunk_splits: 166.
num_chunks_enlarged: 83.
num_inconsistent_stats: 0.

CodeHeap 'non-profiled nmethods': size=120000Kb used=601Kb max_used=601Kb free=119398Kb
 bounds [0x000002568fd50000, 0x000002568ffc0000, 0x0000025697280000]
CodeHeap 'profiled nmethods': size=120000Kb used=2173Kb max_used=2173Kb free=117826Kb
 bounds [0x0000025688280000, 0x00000256884f0000, 0x000002568f7b0000]
CodeHeap 'non-nmethods': size=5760Kb used=1783Kb max_used=1801Kb free=3977Kb
 bounds [0x000002568f7b0000, 0x000002568fa20000, 0x000002568fd50000]
 total_blobs=2041 nmethods=1388 adapters=558
 compilation: enabled
              stopped_count=0, restarted_count=0
 full_count=0

Compilation events (20 events):
Event: 75.480 Thread 0x00000256feb8d620 1379       3       java.nio.ByteBuffer::position (6 bytes)
Event: 75.480 Thread 0x00000256feb8d620 nmethod 1379 0x000002568849d410 code [0x000002568849d5c0, 0x000002568849d788]
Event: 79.930 Thread 0x00000256feb8cb70 1380   !   4       org.lwjgl.opengl.Display::isFullscreen (34 bytes)
Event: 79.931 Thread 0x00000256feb8cb70 nmethod 1380 0x000002568fde0a10 code [0x000002568fde0ba0, 0x000002568fde0d90]
Event: 87.954 Thread 0x00000256feb8cb70 1381       4       org.lwjgl.opengl.WindowsMouse::poll (222 bytes)
Event: 87.969 Thread 0x00000256feb8cb70 nmethod 1381 0x000002568fde0e90 code [0x000002568fde1060, 0x000002568fde1720]
Event: 101.453 Thread 0x00000256feb8cb70 1382       4       java.nio.ByteBuffer::put (124 bytes)
Event: 101.458 Thread 0x00000256feb8cb70 nmethod 1382 0x000002568fde1b10 code [0x000002568fde1ce0, 0x000002568fde2280]
Event: 101.459 Thread 0x00000256feb8cb70 1383   !   4       java.nio.ByteBuffer::putBuffer (142 bytes)
Event: 101.463 Thread 0x00000256feb8cb70 nmethod 1383 0x000002568fde2910 code [0x000002568fde2ac0, 0x000002568fde2db8]
Event: 101.507 Thread 0x00000256feb8cb70 1384       4       java.nio.HeapByteBuffer::put (12 bytes)
Event: 101.517 Thread 0x00000256feb8cb70 nmethod 1384 0x000002568fde3190 code [0x000002568fde3360, 0x000002568fde3920]
Event: 105.443 Thread 0x00000256feb8cb70 1385       4       org.lwjgl.opengl.GL11::glMatrixMode (22 bytes)
Event: 105.520 Thread 0x00000256feb8cb70 nmethod 1385 0x000002568fde3f90 code [0x000002568fde4160, 0x000002568fde43f8]
Event: 105.525 Thread 0x00000256feb8cb70 1386  s    4       org.lwjgl.opengl.EventQueue::copyEvents (77 bytes)
Event: 105.538 Thread 0x00000256feb8cb70 nmethod 1386 0x000002568fde4690 code [0x000002568fde48a0, 0x000002568fde54a0]
Event: 105.545 Thread 0x00000256feb8cb70 1387       4       org.lwjgl.opengl.GL11::glScalef (27 bytes)
Event: 105.627 Thread 0x00000256feb8cb70 nmethod 1387 0x000002568fde5f10 code [0x000002568fde60e0, 0x000002568fde63a0]
Event: 107.610 Thread 0x00000256feb8d620 1388   !   3       java.nio.charset.CharsetDecoder::decode (275 bytes)
Event: 107.613 Thread 0x00000256feb8d620 nmethod 1388 0x000002568849d810 code [0x000002568849db40, 0x000002568849ef88]

GC Heap History (4 events):
Event: 1.790 GC heap before
{Heap before GC invocations=0 (full 0):
 garbage-first heap   total reserved 4139008K, committed 260096K, used 34816K [0x0000000703600000, 0x0000000800000000)
  region size 2048K, 12 young (24576K), 0 survivors (0K)
 Metaspace       used 6313K, committed 6592K, reserved 1114112K
  class space    used 562K, committed 704K, reserved 1048576K
}
Event: 1.797 GC heap after
{Heap after GC invocations=1 (full 0):
 garbage-first heap   total reserved 4139008K, committed 260096K, used 15501K [0x0000000703600000, 0x0000000800000000)
  region size 2048K, 2 young (4096K), 2 survivors (4096K)
 Metaspace       used 6313K, committed 6592K, reserved 1114112K
  class space    used 562K, committed 704K, reserved 1048576K
}
Event: 2.028 GC heap before
{Heap before GC invocations=1 (full 0):
 garbage-first heap   total reserved 4139008K, committed 260096K, used 64653K [0x0000000703600000, 0x0000000800000000)
  region size 2048K, 22 young (45056K), 2 survivors (4096K)
 Metaspace       used 6325K, committed 6592K, reserved 1114112K
  class space    used 562K, committed 704K, reserved 1048576K
}
Event: 2.032 GC heap after
{Heap after GC invocations=2 (full 0):
 garbage-first heap   total reserved 4139008K, committed 260096K, used 19471K [0x0000000703600000, 0x0000000800000000)
  region size 2048K, 2 young (4096K), 2 survivors (4096K)
 Metaspace       used 6325K, committed 6592K, reserved 1114112K
  class space    used 562K, committed 704K, reserved 1048576K
}

Dll operation events (14 events):
Event: 0.015 Loaded shared library C:\Users\Öìç²«h\.jdks\openjdk-22.0.1\bin\java.dll
Event: 0.084 Loaded shared library C:\Users\Öìç²«h\.jdks\openjdk-22.0.1\bin\jsvml.dll
Event: 0.162 Loaded shared library C:\Users\Öìç²«h\.jdks\openjdk-22.0.1\bin\zip.dll
Event: 0.173 Loaded shared library C:\Users\Öìç²«h\.jdks\openjdk-22.0.1\bin\instrument.dll
Event: 0.180 Loaded shared library C:\Users\Öìç²«h\.jdks\openjdk-22.0.1\bin\net.dll
Event: 0.182 Loaded shared library C:\Users\Öìç²«h\.jdks\openjdk-22.0.1\bin\nio.dll
Event: 0.186 Loaded shared library C:\Users\Öìç²«h\.jdks\openjdk-22.0.1\bin\zip.dll
Event: 0.220 Loaded shared library D:\IntelliJ IDEA\IntelliJ IDEA 2023.2.1\bin\breakgen64.dll
Event: 0.229 Loaded shared library C:\Users\Öìç²«h\.jdks\openjdk-22.0.1\bin\verify.dll
Event: 0.234 Loaded shared library C:\Users\Öìç²«h\.jdks\openjdk-22.0.1\bin\extnet.dll
Event: 0.250 Loaded shared library D:\SHITS\Computer Graphics\Assignment 3\Assignment3 to be completed\Assignment3\lwjgl64.dll
Event: 1.118 Loaded shared library C:\Users\Öìç²«h\.jdks\openjdk-22.0.1\bin\jimage.dll
Event: 1.254 Loaded shared library C:\Users\Öìç²«h\.jdks\openjdk-22.0.1\bin\awt.dll
Event: 1.544 Loaded shared library C:\Users\Öìç²«h\.jdks\openjdk-22.0.1\bin\javajpeg.dll

Deoptimization events (20 events):
Event: 2.266 Thread 0x00000256f8d75650 DEOPT PACKING pc=0x000002568841effb sp=0x00000068fc6fe970
Event: 2.267 Thread 0x00000256f8d75650 DEOPT UNPACKING pc=0x000002568f8088e2 sp=0x00000068fc6fde78 mode 0
Event: 2.327 Thread 0x00000256f8d75650 DEOPT PACKING pc=0x000002568841d6c4 sp=0x00000068fc6fe8c0
Event: 2.327 Thread 0x00000256f8d75650 DEOPT UNPACKING pc=0x000002568f8088e2 sp=0x00000068fc6fddd8 mode 0
Event: 2.389 Thread 0x00000256f8d75650 DEOPT PACKING pc=0x000002568841effb sp=0x00000068fc6fe970
Event: 2.389 Thread 0x00000256f8d75650 DEOPT UNPACKING pc=0x000002568f8088e2 sp=0x00000068fc6fde78 mode 0
Event: 2.947 Thread 0x00000256f8d75650 DEOPT PACKING pc=0x000002568843139f sp=0x00000068fc6ff600
Event: 2.947 Thread 0x00000256f8d75650 DEOPT UNPACKING pc=0x000002568f8088e2 sp=0x00000068fc6feb40 mode 0
Event: 2.962 Thread 0x00000256f8d75650 DEOPT PACKING pc=0x000002568843139f sp=0x00000068fc6ff520
Event: 2.962 Thread 0x00000256f8d75650 DEOPT UNPACKING pc=0x000002568f8088e2 sp=0x00000068fc6fea60 mode 0
Event: 2.977 Thread 0x00000256f8d75650 DEOPT PACKING pc=0x000002568843139f sp=0x00000068fc6ff520
Event: 2.977 Thread 0x00000256f8d75650 DEOPT UNPACKING pc=0x000002568f8088e2 sp=0x00000068fc6fea60 mode 0
Event: 2.993 Thread 0x00000256f8d75650 DEOPT PACKING pc=0x000002568843139f sp=0x00000068fc6ff600
Event: 2.993 Thread 0x00000256f8d75650 DEOPT UNPACKING pc=0x000002568f8088e2 sp=0x00000068fc6feb40 mode 0
Event: 3.015 Thread 0x00000256f8d75650 DEOPT PACKING pc=0x000002568843139f sp=0x00000068fc6ff520
Event: 3.015 Thread 0x00000256f8d75650 DEOPT UNPACKING pc=0x000002568f8088e2 sp=0x00000068fc6fea60 mode 0
Event: 3.030 Thread 0x00000256f8d75650 DEOPT PACKING pc=0x000002568843139f sp=0x00000068fc6ff520
Event: 3.030 Thread 0x00000256f8d75650 DEOPT UNPACKING pc=0x000002568f8088e2 sp=0x00000068fc6fea60 mode 0
Event: 3.043 Thread 0x00000256f8d75650 DEOPT PACKING pc=0x000002568843139f sp=0x00000068fc6ff600
Event: 3.043 Thread 0x00000256f8d75650 DEOPT UNPACKING pc=0x000002568f8088e2 sp=0x00000068fc6feb40 mode 0

Classes loaded (20 events):
Event: 1.667 Loading class sun/awt/image/IntegerInterleavedRaster
Event: 1.667 Loading class sun/awt/image/IntegerInterleavedRaster done
Event: 1.672 Loading class sun/java2d/pipe/RegionSpanIterator
Event: 1.672 Loading class sun/java2d/pipe/SpanIterator
Event: 1.672 Loading class sun/java2d/pipe/SpanIterator done
Event: 1.672 Loading class sun/java2d/pipe/RegionSpanIterator done
Event: 2.586 Loading class java/lang/FdLibm$Atan2
Event: 2.586 Loading class java/lang/FdLibm$Atan2 done
Event: 2.586 Loading class java/lang/FdLibm
Event: 2.586 Loading class java/lang/FdLibm done
Event: 2.586 Loading class java/lang/FdLibm$Atan
Event: 2.586 Loading class java/lang/FdLibm$Atan done
Event: 2.629 Loading class jdk/internal/event/ThreadSleepEvent
Event: 2.629 Loading class jdk/internal/event/ThreadSleepEvent done
Event: 116.547 Loading class jdk/internal/misc/Signal$1
Event: 116.548 Loading class jdk/internal/misc/Signal$1 done
Event: 116.549 Loading class java/util/WeakHashMap$KeyIterator
Event: 116.549 Loading class java/util/WeakHashMap$HashIterator
Event: 116.549 Loading class java/util/WeakHashMap$HashIterator done
Event: 116.549 Loading class java/util/WeakHashMap$KeyIterator done

Classes unloaded (0 events):
No events

Classes redefined (0 events):
No events

Internal exceptions (20 events):
Event: 0.215 Thread 0x00000256f8d75650 Exception <a 'java/lang/NoSuchMethodError'{0x00000007131f8a48}: 'java.lang.Object java.lang.invoke.Invokers$Holder.invokeExact_MT(java.lang.Object, java.lang.Object, java.lang.Object, java.lang.Object, java.lang.Object)'> (0x00000007131f8a48) 
thrown [s\open\src\hotspot\share\interpreter\linkResolver.cpp, line 774]
Event: 0.236 Thread 0x000002569b5b1e50 Exception <a 'java/lang/NoSuchMethodError'{0x0000000712e84778}: 'void java.lang.invoke.DirectMethodHandle$Holder.invokeStatic(java.lang.Object, java.lang.Object)'> (0x0000000712e84778) 
thrown [s\open\src\hotspot\share\interpreter\linkResolver.cpp, line 774]
Event: 0.405 Thread 0x00000256f8d75650 Exception <a 'java/lang/NoSuchMethodError'{0x0000000712f7c2c0}: 'int java.lang.invoke.Invokers$Holder.invokeExact_MT(java.lang.Object, java.lang.Object)'> (0x0000000712f7c2c0) 
thrown [s\open\src\hotspot\share\interpreter\linkResolver.cpp, line 774]
Event: 1.123 Thread 0x00000256feb82b70 Exception <a 'java/lang/NoSuchMethodError'{0x0000000712d39870}: 'void java.lang.invoke.DirectMethodHandle$Holder.invokeVirtual(java.lang.Object, java.lang.Object)'> (0x0000000712d39870) 
thrown [s\open\src\hotspot\share\interpreter\linkResolver.cpp, line 774]
Event: 1.124 Thread 0x00000256feb82b70 Exception <a 'java/lang/NoSuchMethodError'{0x0000000712d3d2d0}: 'void java.lang.invoke.DirectMethodHandle$Holder.invokeSpecial(java.lang.Object, java.lang.Object, java.lang.Object)'> (0x0000000712d3d2d0) 
thrown [s\open\src\hotspot\share\interpreter\linkResolver.cpp, line 774]
Event: 1.131 Thread 0x00000256feb82b70 Exception <a 'java/lang/NoSuchMethodError'{0x0000000712d502d8}: 'int java.lang.invoke.DirectMethodHandle$Holder.invokeSpecial(java.lang.Object, java.lang.Object, java.lang.Object, int)'> (0x0000000712d502d8) 
thrown [s\open\src\hotspot\share\interpreter\linkResolver.cpp, line 774]
Event: 1.136 Thread 0x00000256feb82b70 Exception <a 'java/lang/NoSuchMethodError'{0x0000000712dddf18}: 'java.lang.Object java.lang.invoke.DirectMethodHandle$Holder.invokeStatic(java.lang.Object, java.lang.Object, java.lang.Object, java.lang.Object, int)'> (0x0000000712dddf18) 
thrown [s\open\src\hotspot\share\interpreter\linkResolver.cpp, line 774]
Event: 1.138 Thread 0x00000256feb82b70 Exception <a 'java/lang/NoSuchMethodError'{0x0000000712de5a20}: 'long java.lang.invoke.DirectMethodHandle$Holder.invokeStatic(java.lang.Object, java.lang.Object, int)'> (0x0000000712de5a20) 
thrown [s\open\src\hotspot\share\interpreter\linkResolver.cpp, line 774]
Event: 1.140 Thread 0x00000256feb82b70 Exception <a 'java/lang/NoSuchMethodError'{0x0000000712df10c8}: 'java.lang.Object java.lang.invoke.DelegatingMethodHandle$Holder.reinvoke_L(java.lang.Object, int, long, java.lang.Object, java.lang.Object, int, java.lang.Object)'> (0x0000000712df10c8) 
thrown [s\open\src\hotspot\share\interpreter\linkResolver.cpp, line 774]
Event: 1.145 Thread 0x00000256feb82b70 Exception <a 'java/lang/NoSuchMethodError'{0x0000000712a03e60}: 'int java.lang.invoke.DirectMethodHandle$Holder.invokeSpecial(java.lang.Object, java.lang.Object, java.lang.Object)'> (0x0000000712a03e60) 
thrown [s\open\src\hotspot\share\interpreter\linkResolver.cpp, line 774]
Event: 1.152 Thread 0x00000256feb82b70 Exception <a 'java/lang/NoSuchMethodError'{0x0000000712a1d880}: 'java.lang.Object java.lang.invoke.DirectMethodHandle$Holder.invokeStatic(java.lang.Object, java.lang.Object, int)'> (0x0000000712a1d880) 
thrown [s\open\src\hotspot\share\interpreter\linkResolver.cpp, line 774]
Event: 1.154 Thread 0x00000256feb82b70 Exception <a 'java/lang/NoSuchMethodError'{0x0000000712a29390}: 'void java.lang.invoke.DelegatingMethodHandle$Holder.delegate(java.lang.Object, java.lang.Object, int, java.lang.Object)'> (0x0000000712a29390) 
thrown [s\open\src\hotspot\share\interpreter\linkResolver.cpp, line 774]
Event: 1.180 Thread 0x00000256feb82b70 Exception <a 'java/lang/NoSuchMethodError'{0x0000000712a7c990}: 'java.lang.Object java.lang.invoke.Invokers$Holder.invokeExact_MT(java.lang.Object, java.lang.Object, java.lang.Object, java.lang.Object, java.lang.Object, java.lang.Object)'> (0x0000000712a7c990) 
thrown [s\open\src\hotspot\share\interpreter\linkResolver.cpp, line 774]
Event: 1.368 Thread 0x00000256f8d75650 Exception <a 'java/lang/ClassNotFoundException'{0x0000000712b55720}: sun/awt/resources/spi/awtProvider> (0x0000000712b55720) 
thrown [s\open\src\hotspot\share\classfile\systemDictionary.cpp, line 313]
Event: 1.391 Thread 0x00000256f8d75650 Exception <a 'java/io/FileNotFoundException'{0x0000000712ba36d8}> (0x0000000712ba36d8) 
thrown [s\open\src\hotspot\share\prims\jni.cpp, line 520]
Event: 1.400 Thread 0x00000256f8d75650 Exception <a 'java/io/FileNotFoundException'{0x0000000712bd15d0}> (0x0000000712bd15d0) 
thrown [s\open\src\hotspot\share\prims\jni.cpp, line 520]
Event: 1.489 Thread 0x00000256f8d75650 Exception <a 'java/lang/NoSuchMethodError'{0x00000007128dc018}: 'java.lang.Object java.lang.invoke.DirectMethodHandle$Holder.invokeStaticInit(java.lang.Object, int, int, int, int)'> (0x00000007128dc018) 
thrown [s\open\src\hotspot\share\interpreter\linkResolver.cpp, line 774]
Event: 1.528 Thread 0x00000256f8d75650 Exception <a 'java/lang/NoSuchMethodError'{0x000000071297f2a8}: 'java.lang.Object java.lang.invoke.DirectMethodHandle$Holder.invokeStaticInit(java.lang.Object, java.lang.Object, int, int, int, int)'> (0x000000071297f2a8) 
thrown [s\open\src\hotspot\share\interpreter\linkResolver.cpp, line 774]
Event: 1.840 Thread 0x00000256f8d75650 Implicit null exception at 0x000002568fda9ede to 0x000002568fdaa314
Event: 1.842 Thread 0x00000256f8d75650 Implicit null exception at 0x000002568fda6bb4 to 0x000002568fda6e48

ZGC Phase Switch (0 events):
No events

VM Operations (20 events):
Event: 22.056 Executing VM operation: Cleanup done
Event: 33.061 Executing VM operation: Cleanup
Event: 33.061 Executing VM operation: Cleanup done
Event: 35.061 Executing VM operation: Cleanup
Event: 35.061 Executing VM operation: Cleanup done
Event: 48.068 Executing VM operation: Cleanup
Event: 48.068 Executing VM operation: Cleanup done
Event: 49.068 Executing VM operation: Cleanup
Event: 49.068 Executing VM operation: Cleanup done
Event: 60.044 Executing VM operation: HandshakeAllThreads (HandshakeForDeflation)
Event: 60.044 Executing VM operation: HandshakeAllThreads (HandshakeForDeflation) done
Event: 60.044 Executing VM operation: RendezvousGCThreads
Event: 60.044 Executing VM operation: RendezvousGCThreads done
Event: 69.089 Executing VM operation: Cleanup
Event: 69.089 Executing VM operation: Cleanup done
Event: 102.427 Executing VM operation: Cleanup
Event: 102.427 Executing VM operation: Cleanup done
Event: 108.482 Executing VM operation: Cleanup
Event: 108.482 Executing VM operation: Cleanup done
Event: 116.555 Executing VM operation: Exit

Events (20 events):
Event: 0.080 Thread 0x00000256feb85930 Thread added: 0x00000256feb85930
Event: 0.080 Thread 0x000002569b259f20 Thread added: 0x000002569b259f20
Event: 0.080 Thread 0x00000256feb8cb70 Thread added: 0x00000256feb8cb70
Event: 0.080 Thread 0x00000256feb8d620 Thread added: 0x00000256feb8d620
Event: 0.127 Thread 0x00000256feb4a610 Thread added: 0x00000256feb4a610
Event: 0.155 Thread 0x000002569b3ebf70 Thread added: 0x000002569b3ebf70
Event: 0.221 Thread 0x000002569b5b1e50 Thread added: 0x000002569b5b1e50
Event: 0.221 Thread 0x000002569b5b24c0 Thread added: 0x000002569b5b24c0
Event: 0.395 Thread 0x000002569b3ebf70 Thread exited: 0x000002569b3ebf70
Event: 1.382 Thread 0x000002569b5ff360 Thread added: 0x000002569b5ff360
Event: 1.538 Thread 0x000002569be11190 Thread added: 0x000002569be11190
Event: 2.039 Thread 0x000002569b5ff360 Thread exited: 0x000002569b5ff360
Event: 2.542 Thread 0x00000256f25a2aa0 Thread added: 0x00000256f25a2aa0
Event: 2.629 Thread 0x00000256f21f1830 Thread added: 0x00000256f21f1830
Event: 2.763 Thread 0x00000256f25a2aa0 Thread exited: 0x00000256f25a2aa0
Event: 116.548 Thread 0x00000256f25991a0 Thread added: 0x00000256f25991a0
Event: 116.549 Thread 0x000002569b606a90 Thread added: 0x000002569b606a90
Event: 116.549 Thread 0x000002569be0edc0 Thread added: 0x000002569be0edc0
Event: 116.550 Thread 0x000002569b606a90 Thread exited: 0x000002569b606a90
Event: 116.554 Thread 0x000002569be0edc0 Thread exited: 0x000002569be0edc0


Dynamic libraries:
0x00007ff6fd2b0000 - 0x00007ff6fd2be000 	C:\Users\Öìç²«h\.jdks\openjdk-22.0.1\bin\java.exe
0x00007ffd91130000 - 0x00007ffd91347000 	C:\WINDOWS\SYSTEM32\ntdll.dll
0x00007ffd8fc50000 - 0x00007ffd8fd14000 	C:\WINDOWS\System32\KERNEL32.DLL
0x00007ffd8e600000 - 0x00007ffd8e9b7000 	C:\WINDOWS\System32\KERNELBASE.dll
0x00007ffd8e4e0000 - 0x00007ffd8e5f1000 	C:\WINDOWS\System32\ucrtbase.dll
0x00007ffd89480000 - 0x00007ffd89497000 	C:\Users\Öìç²«h\.jdks\openjdk-22.0.1\bin\jli.dll
0x00007ffd8f4a0000 - 0x00007ffd8f64f000 	C:\WINDOWS\System32\USER32.dll
0x00007ffd8ee30000 - 0x00007ffd8ee56000 	C:\WINDOWS\System32\win32u.dll
0x00007ffd89330000 - 0x00007ffd8934b000 	C:\Users\Öìç²«h\.jdks\openjdk-22.0.1\bin\VCRUNTIME140.dll
0x00007ffd8f8c0000 - 0x00007ffd8f8e9000 	C:\WINDOWS\System32\GDI32.dll
0x00007ffd8eab0000 - 0x00007ffd8ebc8000 	C:\WINDOWS\System32\gdi32full.dll
0x00007ffd8e440000 - 0x00007ffd8e4da000 	C:\WINDOWS\System32\msvcp_win.dll
0x00007ffd76f30000 - 0x00007ffd771c3000 	C:\WINDOWS\WinSxS\amd64_microsoft.windows.common-controls_6595b64144ccf1df_6.0.22621.3672_none_2713b9d173822955\COMCTL32.dll
0x00007ffd90e70000 - 0x00007ffd90f17000 	C:\WINDOWS\System32\msvcrt.dll
0x00007ffd8fa80000 - 0x00007ffd8fab1000 	C:\WINDOWS\System32\IMM32.DLL
0x00007ffd895a0000 - 0x00007ffd895ac000 	C:\Users\Öìç²«h\.jdks\openjdk-22.0.1\bin\vcruntime140_1.dll
0x00007ffd6bbf0000 - 0x00007ffd6bc7e000 	C:\Users\Öìç²«h\.jdks\openjdk-22.0.1\bin\msvcp140.dll
0x00007ffd09b60000 - 0x00007ffd0a8a7000 	C:\Users\Öìç²«h\.jdks\openjdk-22.0.1\bin\server\jvm.dll
0x00007ffd8f800000 - 0x00007ffd8f8b2000 	C:\WINDOWS\System32\ADVAPI32.dll
0x00007ffd8fac0000 - 0x00007ffd8fb68000 	C:\WINDOWS\System32\sechost.dll
0x00007ffd8ed40000 - 0x00007ffd8ed68000 	C:\WINDOWS\System32\bcrypt.dll
0x00007ffd8f2d0000 - 0x00007ffd8f3e4000 	C:\WINDOWS\System32\RPCRT4.dll
0x00007ffd8fde0000 - 0x00007ffd8fe51000 	C:\WINDOWS\System32\WS2_32.dll
0x00007ffd8d2f0000 - 0x00007ffd8d33d000 	C:\WINDOWS\SYSTEM32\POWRPROF.dll
0x00007ffd84250000 - 0x00007ffd8425a000 	C:\WINDOWS\SYSTEM32\VERSION.dll
0x00007ffd885a0000 - 0x00007ffd885d4000 	C:\WINDOWS\SYSTEM32\WINMM.dll
0x00007ffd8d2d0000 - 0x00007ffd8d2e3000 	C:\WINDOWS\SYSTEM32\UMPDC.dll
0x00007ffd8d580000 - 0x00007ffd8d598000 	C:\WINDOWS\SYSTEM32\kernel.appcore.dll
0x00007ffd88650000 - 0x00007ffd8865a000 	C:\Users\Öìç²«h\.jdks\openjdk-22.0.1\bin\jimage.dll
0x00007ffd8b2d0000 - 0x00007ffd8b502000 	C:\WINDOWS\SYSTEM32\DBGHELP.DLL
0x00007ffd8eee0000 - 0x00007ffd8f26e000 	C:\WINDOWS\System32\combase.dll
0x00007ffd8fb70000 - 0x00007ffd8fc47000 	C:\WINDOWS\System32\OLEAUT32.dll
0x00007ffd61510000 - 0x00007ffd61542000 	C:\WINDOWS\SYSTEM32\dbgcore.DLL
0x00007ffd8e9c0000 - 0x00007ffd8ea3b000 	C:\WINDOWS\System32\bcryptPrimitives.dll
0x00007ffd879f0000 - 0x00007ffd879ff000 	C:\Users\Öìç²«h\.jdks\openjdk-22.0.1\bin\instrument.dll
0x00007ffd82e70000 - 0x00007ffd82e8e000 	C:\Users\Öìç²«h\.jdks\openjdk-22.0.1\bin\java.dll
0x00007ffd8fe60000 - 0x00007ffd906c9000 	C:\WINDOWS\System32\SHELL32.dll
0x00007ffd8f650000 - 0x00007ffd8f7f5000 	C:\WINDOWS\System32\ole32.dll
0x00007ffd8c3c0000 - 0x00007ffd8ccbf000 	C:\WINDOWS\SYSTEM32\windows.storage.dll
0x00007ffd8c280000 - 0x00007ffd8c3bf000 	C:\WINDOWS\SYSTEM32\wintypes.dll
0x00007ffd90d70000 - 0x00007ffd90e69000 	C:\WINDOWS\System32\SHCORE.dll
0x00007ffd8f270000 - 0x00007ffd8f2ce000 	C:\WINDOWS\System32\shlwapi.dll
0x00007ffd8e370000 - 0x00007ffd8e397000 	C:\WINDOWS\SYSTEM32\profapi.dll
0x00007ffd24250000 - 0x00007ffd24327000 	C:\Users\Öìç²«h\.jdks\openjdk-22.0.1\bin\jsvml.dll
0x00007ffd7ed90000 - 0x00007ffd7eda7000 	C:\Users\Öìç²«h\.jdks\openjdk-22.0.1\bin\zip.dll
0x00007ffd83790000 - 0x00007ffd837a0000 	C:\Users\Öìç²«h\.jdks\openjdk-22.0.1\bin\net.dll
0x00007ffd8d9f0000 - 0x00007ffd8da59000 	C:\WINDOWS\system32\mswsock.dll
0x00007ffd7ed40000 - 0x00007ffd7ed56000 	C:\Users\Öìç²«h\.jdks\openjdk-22.0.1\bin\nio.dll
0x00007ffd7ed20000 - 0x00007ffd7ed3a000 	D:\IntelliJ IDEA\IntelliJ IDEA 2023.2.1\bin\breakgen64.dll
0x00007ffd7f470000 - 0x00007ffd7f480000 	C:\Users\Öìç²«h\.jdks\openjdk-22.0.1\bin\verify.dll
0x00007ffd7ed10000 - 0x00007ffd7ed19000 	C:\Users\Öìç²«h\.jdks\openjdk-22.0.1\bin\extnet.dll
0x0000000180000000 - 0x0000000180053000 	D:\SHITS\Computer Graphics\Assignment 3\Assignment3 to be completed\Assignment3\lwjgl64.dll
0x00007ffd73160000 - 0x00007ffd73260000 	C:\WINDOWS\SYSTEM32\OPENGL32.dll
0x00007ffd7ebd0000 - 0x00007ffd7ebfd000 	C:\WINDOWS\SYSTEM32\GLU32.dll
0x00007ffd8bba0000 - 0x00007ffd8bbd7000 	C:\WINDOWS\SYSTEM32\dxcore.dll
0x00007ffd89c20000 - 0x00007ffd89cdd000 	C:\WINDOWS\SYSTEM32\mscms.dll
0x00007ffd8f3f0000 - 0x00007ffd8f4a0000 	C:\WINDOWS\System32\clbcatq.dll
0x00007ffd82930000 - 0x00007ffd8297e000 	C:\Windows\System32\Windows.Internal.Graphics.Display.DisplayColorManagement.dll
0x00007ffd8e130000 - 0x00007ffd8e17e000 	C:\WINDOWS\SYSTEM32\cfgmgr32.dll
0x00007ffd8b8a0000 - 0x00007ffd8b951000 	C:\WINDOWS\system32\uxtheme.dll
0x00007ffd8f910000 - 0x00007ffd8fa70000 	C:\WINDOWS\System32\MSCTF.dll
0x00007ffd85100000 - 0x00007ffd85149000 	C:\WINDOWS\SYSTEM32\directxdatabasehelper.dll
0x00007ffd87cf0000 - 0x00007ffd87e34000 	C:\Windows\System32\AppXDeploymentClient.dll
0x00007ffd08980000 - 0x00007ffd09952000 	C:\WINDOWS\System32\DriverStore\FileRepository\iigd_dch.inf_amd64_59944c5032d36b90\igxelpicd64.dll
0x00007ffd8bb30000 - 0x00007ffd8bb5b000 	C:\WINDOWS\system32\dwmapi.dll
0x00007ffd8ba20000 - 0x00007ffd8bb17000 	C:\WINDOWS\system32\dxgi.dll
0x00007ffd1e350000 - 0x00007ffd1e48c000 	C:\WINDOWS\System32\DriverStore\FileRepository\iigd_dch.inf_amd64_59944c5032d36b90\igdml64.dll
0x00007ffd80cc0000 - 0x00007ffd810ca000 	C:\WINDOWS\System32\DriverStore\FileRepository\iigd_dch.inf_amd64_59944c5032d36b90\igdgmm64.dll
0x00007ffd82d10000 - 0x00007ffd82e53000 	C:\WINDOWS\SYSTEM32\textinputframework.dll
0x00007ffd875b0000 - 0x00007ffd876e3000 	C:\WINDOWS\SYSTEM32\CoreMessaging.dll
0x00007ffd84d90000 - 0x00007ffd850fd000 	C:\WINDOWS\SYSTEM32\CoreUIComponents.dll
0x00007ffd8dc60000 - 0x00007ffd8dc6c000 	C:\WINDOWS\SYSTEM32\CRYPTBASE.DLL
0x00007ffd67410000 - 0x00007ffd67859000 	C:\WINDOWS\SYSTEM32\uiautomationcore.dll
0x00007ffd6c2f0000 - 0x00007ffd6c359000 	C:\WINDOWS\SYSTEM32\OLEACC.dll
0x00007ffd27b00000 - 0x00007ffd27b4a000 	C:\WINDOWS\SYSTEM32\icm32.dll
0x00007ffd75d10000 - 0x00007ffd75d5b000 	C:\WINDOWS\system32\ApplicationTargetedFeatureDatabase.dll
0x00007ffd856a0000 - 0x00007ffd85942000 	C:\Windows\System32\twinapi.appcore.dll
0x00007ffd82ec0000 - 0x00007ffd82ed5000 	C:\Windows\System32\threadpoolwinrt.dll
0x00007ffd77eb0000 - 0x00007ffd7c520000 	C:\WINDOWS\System32\DriverStore\FileRepository\iigd_dch.inf_amd64_59944c5032d36b90\igc64.dll
0x00007ffd16370000 - 0x00007ffd164fd000 	C:\Users\Öìç²«h\.jdks\openjdk-22.0.1\bin\awt.dll
0x00007ffd89ef0000 - 0x00007ffd89f87000 	C:\WINDOWS\SYSTEM32\apphelp.dll
0x00007ffd8dc40000 - 0x00007ffd8dc5b000 	C:\WINDOWS\SYSTEM32\CRYPTSP.dll
0x00007ffd8d4e0000 - 0x00007ffd8d515000 	C:\WINDOWS\system32\rsaenh.dll
0x00007ffd8dae0000 - 0x00007ffd8db08000 	C:\WINDOWS\SYSTEM32\USERENV.dll
0x00007ffd8cf90000 - 0x00007ffd8cfbd000 	C:\WINDOWS\SYSTEM32\IPHLPAPI.DLL
0x00007ffd90f40000 - 0x00007ffd90f49000 	C:\WINDOWS\System32\NSI.dll
0x00007ffd70eb0000 - 0x00007ffd70ede000 	C:\Users\Öìç²«h\.jdks\openjdk-22.0.1\bin\javajpeg.dll

dbghelp: loaded successfully - version: 4.0.5 - missing functions: none
symbol engine: initialized successfully - sym options: 0x614 - pdb path: .;C:\Users\Öìç²«h\.jdks\openjdk-22.0.1\bin;C:\WINDOWS\SYSTEM32;C:\WINDOWS\WinSxS\amd64_microsoft.windows.common-controls_6595b64144ccf1df_6.0.22621.3672_none_2713b9d173822955;C:\Users\Öìç²«h\.jdks\openjdk-22.0.1\bin\;C:\Users\Öìç²«h\.jdks\openjdk-22.0.1\b;C:\Users\Öìç²«h\.jdks\openjdk-22.0.;C:\Users\Öìç²«h\.jdks\openjdk-22;C:\Users\Öìç²«h\.jdks\openjdk;C:\Users\Öìç²«h\.jdks\open;C:\Users\Öìç²«h\.jdks\openjdk-22.0.1\bin\server;D:\IntelliJ IDEA\In;D:\IntelliJ IDEA\In;D:\IntelliJ IDEA\In;D:\IntelliJ IDEA\IntelliJ IDEA 2023.2.1\bin;D:\SHITS\Computer Graphics\Assignment 3\Assignment3 to ;D:\SHITS\Computer Graphics\Assignment 3\Assignment3 to be completed\Assignment3;C:\WINDOWS\System32\DriverStore\FileRepository\iigd_dch.in;C:\WINDOWS\System32\DriverStore\FileRepository\iigd_dch.in;C:\WINDOWS\System32\DriverStore\FileRepository\iigd_dch.in

VM Arguments:
jvm_args: -javaagent:D:\IntelliJ IDEA\IntelliJ IDEA 2023.2.1\lib\idea_rt.jar=3762:D:\IntelliJ IDEA\IntelliJ IDEA 2023.2.1\bin -Dfile.encoding=UTF-8 -Dsun.stdout.encoding=UTF-8 -Dsun.stderr.encoding=UTF-8 
java_command: MainWindow
java_class_path (initial): D:\SHITS\Computer Graphics\Assignment 3\Assignment3 to be completed\Assignment3\bin;D:\SHITS\Computer Graphics\Assignment 3\Assignment3 to be completed\Assignment3\LWJGL\AppleJavaExtensions.jar;D:\SHITS\Computer Graphics\Assignment 3\Assignment3 to be completed\Assignment3\LWJGL\asm-debug-all.jar;D:\SHITS\Computer Graphics\Assignment 3\Assignment3 to be completed\Assignment3\LWJGL\jinput.jar;D:\SHITS\Computer Graphics\Assignment 3\Assignment3 to be completed\Assignment3\LWJGL\laf-plugin-7.2.1.jar;D:\SHITS\Computer Graphics\Assignment 3\Assignment3 to be completed\Assignment3\LWJGL\laf-widget-7.2.1.jar;D:\SHITS\Computer Graphics\Assignment 3\Assignment3 to be completed\Assignment3\LWJGL\log4j-api-2.0-beta9.jar;D:\SHITS\Computer Graphics\Assignment 3\Assignment3 to be completed\Assignment3\LWJGL\lwjgl_test.jar;D:\SHITS\Computer Graphics\Assignment 3\Assignment3 to be completed\Assignment3\LWJGL\lwjgl_util_applet.jar;D:\SHITS\Computer Graphics\Assignment 3\Assignment3 to be completed\Assignment3\LWJGL\lwjgl_util.jar;D:\SHITS\Computer Graphics\Assignment 3\Assignment3 to be completed\Assignment3\LWJGL\lwjgl-debug.jar;D:\SHITS\Computer Graphics\Assignment 3\Assignment3 to be completed\Assignment3\LWJGL\lwjgl.jar;D:\SHITS\Computer Graphics\Assignment 3\Assignment3 to be completed\Assignment3\LWJGL\lzma.jar;D:\SHITS\Computer Graphics\Assignment 3\Assignment3 to be completed\Assignment3\LWJGL\substance-7.2.1.jar;D:\SHITS\Computer Graphics\Assignment 3\Assignment3 to be completed\Assignment3\LWJGL\trident-7.2.1.jar;D:\SHITS\Computer Graphics\Assignment 3\Assignment3 to be completed\Assignment3\LWJGL\slick-util.jar
Launcher Type: SUN_STANDARD

[Global flags]
     intx CICompilerCount                          = 4                                         {product} {ergonomic}
     uint ConcGCThreads                            = 2                                         {product} {ergonomic}
     uint G1ConcRefinementThreads                  = 8                                         {product} {ergonomic}
   size_t G1HeapRegionSize                         = 2097152                                   {product} {ergonomic}
   size_t InitialHeapSize                          = 266338304                                 {product} {ergonomic}
   size_t MarkStackSize                            = 4194304                                   {product} {ergonomic}
   size_t MaxHeapSize                              = 4238344192                                {product} {ergonomic}
   size_t MaxNewSize                               = 2541748224                                {product} {ergonomic}
   size_t MinHeapDeltaBytes                        = 2097152                                   {product} {ergonomic}
   size_t MinHeapSize                              = 8388608                                   {product} {ergonomic}
    uintx NonNMethodCodeHeapSize                   = 5839372                                {pd product} {ergonomic}
    uintx NonProfiledCodeHeapSize                  = 122909434                              {pd product} {ergonomic}
    uintx ProfiledCodeHeapSize                     = 122909434                              {pd product} {ergonomic}
    uintx ReservedCodeCacheSize                    = 251658240                              {pd product} {ergonomic}
     bool SegmentedCodeCache                       = true                                      {product} {ergonomic}
   size_t SoftMaxHeapSize                          = 4238344192                             {manageable} {ergonomic}
     bool UseCompressedOops                        = true                           {product lp64_product} {ergonomic}
     bool UseG1GC                                  = true                                      {product} {ergonomic}
     bool UseLargePagesIndividualAllocation        = false                                  {pd product} {ergonomic}

Logging:
Log output configuration:
 #0: stdout all=off uptime,level,tags foldmultilines=false
 #1: stderr all=off uptime,level,tags foldmultilines=false

Environment Variables:
PATH=C:\Program Files\Common Files\Oracle\Java\javapath;C:\Program Files\Python310\Scripts\;C:\Program Files\Python310\;C:\Windows\System32\HWAudioDriverLibs;C:\Windows\system32;C:\Windows;C:\Windows\System32\Wbem;C:\Windows\System32\WindowsPowerShell\v1.0\;C:\Windows\System32\OpenSSH\;C:\Users\Administrator\AppData\Local\Microsoft\WindowsApps;C:\WINDOWS\system32;C:\WINDOWS;C:\WINDOWS\System32\Wbem;C:\WINDOWS\System32\WindowsPowerShell\v1.0\;C:\WINDOWS\System32\OpenSSH\;C:\Program Files\MATLAB\R2023a\bin;C:\Program Files (x86)\Microsoft SQL Server\160\Tools\Binn\;C:\Program Files\Microsoft SQL Server\160\Tools\Binn\;C:\Program Files\Microsoft SQL Server\Client SDK\ODBC\170\Tools\Binn\;C:\Program Files\Microsoft SQL Server\160\DTS\Binn\;C:\Program Files\Azure Data Studio\bin;D:\Downloads\EasyShare\x86\;D:\Downloads\EasyShare\x64\;D:\Download\Git\cmd;D:\node.js\;C:\Users\Öìç²«h\AppData\Local\Microsoft\WindowsApps;D:\texlive\texlive\2023\bin\windows;C:\Program Files\Azure Data Studio\bin;C:\Users\Öìç²«h\AppData\Roaming\npm
USERNAME=Öìç²«h
OS=Windows_NT
PROCESSOR_IDENTIFIER=Intel64 Family 6 Model 140 Stepping 1, GenuineIntel
TMP=C:\WINDOWS\TEMP
TEMP=C:\WINDOWS\TEMP




Periodic native trim disabled

---------------  S Y S T E M  ---------------

OS:
 Windows 11 , 64 bit Build 22621 (10.0.22621.3958)
OS uptime: 29 days 20:32 hours

CPU: total 8 (initial active 8) (4 cores per cpu, 2 threads per core) family 6 model 140 stepping 1 microcode 0x86, cx8, cmov, fxsr, ht, mmx, 3dnowpref, sse, sse2, sse3, ssse3, sse4.1, sse4.2, popcnt, lzcnt, tsc, tscinvbit, avx, avx2, aes, erms, clmul, bmi1, bmi2, adx, avx512f, avx512dq, avx512cd, avx512bw, avx512vl, sha, fma, vzeroupper, avx512_vpopcntdq, avx512_vpclmulqdq, avx512_vaes, avx512_vnni, clflush, clflushopt, clwb, avx512_vbmi2, avx512_vbmi, rdtscp, rdpid, fsrm, gfni, avx512_bitalg, f16c, pku, cet_ibt, cet_ss, avx512_ifma
Processor Information for all 8 processors :
  Max Mhz: 2112, Current Mhz: 1206, Mhz Limit: 1203

Memory: 4k page, system-wide physical 16167M (4031M free)
TotalPageFile size 24871M (AvailPageFile size 7499M)
current process WorkingSet (physical memory assigned to process): 930M, peak: 979M
current process commit charge ("private bytes"): 1048M, peak: 1100M

vm_info: OpenJDK 64-Bit Server VM (22.0.1+8-16) for windows-amd64 JRE (22.0.1+8-16), built on 2024-03-12T10:33:16Z by "mach5one" with MS VC++ 17.6 (VS2022)

END.
