#
# A fatal error has been detected by the Java Runtime Environment:
#
#  EXCEPTION_ACCESS_VIOLATION (0xc0000005) at pc=0x00007ffc914dc02a, pid=3004, tid=14428
#
# JRE version: OpenJDK Runtime Environment (22.0.1+8) (build 22.0.1+8-16)
# Java VM: OpenJDK 64-Bit Server VM (22.0.1+8-16, mixed mode, sharing, tiered, compressed oops, compressed class ptrs, g1 gc, windows-amd64)
# Problematic frame:
# C  [igxelpicd64.dll+0x36c02a]
#
# No core dump will be written. Minidumps are not enabled by default on client versions of Windows
#
# If you would like to submit a bug report, please visit:
#   https://bugreport.java.com/bugreport/crash.jsp
#

---------------  S U M M A R Y ------------

Command Line: -javaagent:D:\IntelliJ IDEA\IntelliJ IDEA 2023.2.1\lib\idea_rt.jar=45255:D:\IntelliJ IDEA\IntelliJ IDEA 2023.2.1\bin -Dfile.encoding=UTF-8 -Dsun.stdout.encoding=UTF-8 -Dsun.stderr.encoding=UTF-8 MainWindow

Host: 11th Gen Intel(R) Core(TM) i7-1160G7 @ 1.20GHz, 8 cores, 15G,  Windows 11 , 64 bit Build 22621 (10.0.22621.3958)
Time: Wed Nov  6 19:36:25 2024  Windows 11 , 64 bit Build 22621 (10.0.22621.3958) elapsed time: 517.622725 seconds (0d 0h 8m 37s)

---------------  T H R E A D  ---------------

Current thread (0x000002a6c7c5b9b0):  VMThread "VM Thread"          [id=14428, stack(0x000000f558000000,0x000000f558100000) (1024K)]

Stack: [0x000000f558000000,0x000000f558100000],  sp=0x000000f5580fe7a0,  free space=1017k
Native frames: (J=compiled Java code, j=interpreted, Vv=VM code, C=native code)
C  [igxelpicd64.dll+0x36c02a]  (no source info available)
C  [igxelpicd64.dll+0x9a847]  (no source info available)
C  [igxelpicd64.dll+0x2d956e]  (no source info available)
C  [igxelpicd64.dll+0x21300e]  (no source info available)
C  [igxelpicd64.dll+0x1c4416]  (no source info available)
C  [igxelpicd64.dll+0x1c460f]  (no source info available)
C  [igxelpicd64.dll+0xa368f]  (no source info available)
C  [igxelpicd64.dll+0xa34bd]  (no source info available)
C  [igxelpicd64.dll+0x7cd62b]  (no source info available)
C  [ntdll.dll+0x28b5f]  (no source info available)
C  [ntdll.dll+0x51566]  (no source info available)
C  [ntdll.dll+0x5115d]  (no source info available)
C  [KERNEL32.DLL+0x17fab]  (no source info available)
C  [ucrtbase.dll+0x1bed8]  (no source info available)
C  [ucrtbase.dll+0x1c099]  (no source info available)
V  [jvm.dll+0x6db40b]  (no source info available)
V  [jvm.dll+0x6daf40]  (no source info available)
V  [jvm.dll+0x3e1ea4]  (no source info available)
V  [jvm.dll+0x87d7d0]  (no source info available)
V  [jvm.dll+0x87eb57]  (no source info available)
V  [jvm.dll+0x87f0d0]  (no source info available)
V  [jvm.dll+0x87f373]  (no source info available)
V  [jvm.dll+0x81d44b]  (no source info available)
V  [jvm.dll+0x6e0915]  (no source info available)
C  [ucrtbase.dll+0x29333]  (no source info available)
C  [KERNEL32.DLL+0x1257d]  (no source info available)
C  [ntdll.dll+0x5af08]  (no source info available)


siginfo: EXCEPTION_ACCESS_VIOLATION (0xc0000005), reading address 0x0000000000035888


Registers:
RAX=0x000002a721ba0858, RBX=0x0000000000000000, RCX=0x0000000000000000, RDX=0x00000000fffffff0
RSP=0x000000f5580fe7a0, RBP=0x000000f5580fe808, RSI=0x000002a70d8277e0, RDI=0x0000000000000000
R8 =0x0000000000000000, R9 =0x0000000000000000, R10=0x000002a721ba0d20, R11=0x0000000000000246
R12=0x000002a70d74da58, R13=0x0000000000000000, R14=0x000002a721ba0750, R15=0x0000000000000016
RIP=0x00007ffc914dc02a, EFLAGS=0x0000000000010202


Register to memory mapping:

RAX=0x000002a721ba0858 points into unknown readable memory: 0x00000000018e8d9d | 9d 8d 8e 01 00 00 00 00
RBX=0x0 is null
RCX=0x0 is null
RDX=0x00000000fffffff0 is an unknown value
RSP=0x000000f5580fe7a0 points into unknown readable memory: 0x000002a70d620d30 | 30 0d 62 0d a7 02 00 00
RBP=0x000000f5580fe808 points into unknown readable memory: 0x000000000000000f | 0f 00 00 00 00 00 00 00
RSI=0x000002a70d8277e0 points into unknown readable memory: 0x000002a6a6df0100 | 00 01 df a6 a6 02 00 00
RDI=0x0 is null
R8 =0x0 is null
R9 =0x0 is null
R10=0x000002a721ba0d20 points into unknown readable memory: 0x000002a721ba00c0 | c0 00 ba 21 a7 02 00 00
R11=0x0000000000000246 is an unknown value
R12=0x000002a70d74da58 points into unknown readable memory: 0x0000000000040000 | 00 00 04 00 00 00 00 00
R13=0x0 is null
R14=0x000002a721ba0750 points into unknown readable memory: 0x000002a70d3dea30 | 30 ea 3d 0d a7 02 00 00
R15=0x0000000000000016 is an unknown value

Top of Stack: (sp=0x000000f5580fe7a0)
0x000000f5580fe7a0:   000002a70d620d30 00007ffccf0876f8
0x000000f5580fe7b0:   000000000000002e 00007ffd911c5a01
0x000000f5580fe7c0:   000002a721ba00c0 0000000000000040
0x000000f5580fe7d0:   000002a70d620d30 000002a721ba0d20
0x000000f5580fe7e0:   000000f5580ff080 00007ffd911c1db1
0x000000f5580fe7f0:   000002a6c7c53208 00007ffd911c5a01
0x000000f5580fe800:   0000000000000001 000000000000000f
0x000000f5580fe810:   00000000018e8efc 0000b80235e90000
0x000000f5580fe820:   000002a70d74da58 0000000000000000
0x000000f5580fe830:   0000000000000000 000002a70d8277e0
0x000000f5580fe840:   000000f5580fe950 00007ffc9120a847
0x000000f5580fe850:   000002a70d827700 0000000000000016
0x000000f5580fe860:   0000000000000000 00007ffd911c1d00
0x000000f5580fe870:   000000f50086ba24 00007ffd00000000
0x000000f5580fe880:   0000000000000000 00000000000000c0
0x000000f5580fe890:   000002a6a6c70b6c 000002a6a6c70b28
0x000000f5580fe8a0:   000000f5580fe9b8 000000f5580febf8
0x000000f5580fe8b0:   000000f557485000 00007ffd9114dcd6
0x000000f5580fe8c0:   000002a6a6c60000 0000000000000002
0x000000f5580fe8d0:   0000000200000101 0000000000000000
0x000000f5580fe8e0:   00007ffd91199ca0 000002a70d718b00
0x000000f5580fe8f0:   000002a7121c0000 0000000000000060
0x000000f5580fe900:   0000b80235e90000 000000000086ba24
0x000000f5580fe910:   0000000000000000 4000044000000001
0x000000f5580fe920:   0000000000000000 0000000000000000
0x000000f5580fe930:   0000000000000000 0000000000000000
0x000000f5580fe940:   0000000000000000 0000000000000000
0x000000f5580fe950:   0000000000000000 0000000000000000
0x000000f5580fe960:   0000000000000000 0000000000000000
0x000000f5580fe970:   0000000000000000 0000000000000000
0x000000f5580fe980:   0000000000000000 0000000000000000
0x000000f5580fe990:   0000000000000000 0000000000000000 

Instructions: (pc=0x00007ffc914dc02a)
0x00007ffc914dbf2a:   25 58 00 00 00 41 bd 20 00 00 00 48 8b 04 f8 4e
0x00007ffc914dbf3a:   8b 2c 28 40 8a 7d 58 4c 3b 2d 38 98 ba 00 45 0f
0x00007ffc914dbf4a:   44 f8 44 89 7d 50 48 85 c9 0f 84 69 07 00 00 33
0x00007ffc914dbf5a:   db 4c 8b f1 4c 8d 91 d0 05 00 00 4c 89 55 d0 49
0x00007ffc914dbf6a:   8b 02 48 89 45 b8 40 84 ff 74 10 48 8b d1 48 8b
0x00007ffc914dbf7a:   09 e8 f0 2a d3 ff e9 f0 06 00 00 44 8b 86 c8 01
0x00007ffc914dbf8a:   00 00 48 8b 05 6d 71 aa 00 83 b8 68 03 00 00 02
0x00007ffc914dbf9a:   0f 85 1e 02 00 00 41 8d 50 f0 41 83 f8 10 73 11
0x00007ffc914dbfaa:   4a 8d 04 c5 21 00 00 00 49 03 c0 48 8d 04 c1 eb
0x00007ffc914dbfba:   5b 8b c2 c1 e8 04 83 f8 03 73 1f 0f ae e8 8b ca
0x00007ffc914dbfca:   83 e1 0f 4d 8b 8c c6 88 05 00 00 4d 85 c9 74 21
0x00007ffc914dbfda:   48 8d 0c c9 49 8d 04 c9 eb 32 48 8b 81 a0 05 00
0x00007ffc914dbfea:   00 eb 09 44 39 00 74 2f 48 8b 40 50 48 85 c0 75
0x00007ffc914dbffa:   f2 41 38 9e a8 05 00 00 74 23 41 8b c0 83 e0 0f
0x00007ffc914dc00a:   48 8d 04 c0 48 8d 40 21 49 8d 04 c6 48 85 c0 74
0x00007ffc914dc01a:   0c 48 8b 48 08 eb 09 48 83 c0 08 eb ef 48 8b cb
0x00007ffc914dc02a:   49 3b 8d 88 58 03 00 0f 86 87 01 00 00 41 83 f8
0x00007ffc914dc03a:   10 73 0d 4a 8d 04 c5 21 00 00 00 49 03 c0 eb 55
0x00007ffc914dc04a:   8b c2 c1 e8 04 83 f8 03 73 1d 0f ae e8 83 e2 0f
0x00007ffc914dc05a:   4d 8b 8c c6 88 05 00 00 4d 85 c9 74 21 48 8d 0c
0x00007ffc914dc06a:   d2 49 8d 04 c9 eb 32 49 8b 86 a0 05 00 00 eb 09
0x00007ffc914dc07a:   44 39 00 74 2f 48 8b 40 50 48 85 c0 75 f2 41 38
0x00007ffc914dc08a:   9e a8 05 00 00 74 23 41 8b c0 83 e0 0f 48 8d 04
0x00007ffc914dc09a:   c0 48 8d 40 21 49 8d 04 c6 48 85 c0 74 0c 48 8b
0x00007ffc914dc0aa:   48 08 eb 09 48 83 c0 08 eb ef 48 8b cb 49 3b 8e
0x00007ffc914dc0ba:   48 06 00 00 0f 86 fa 00 00 00 48 8b 86 78 02 00
0x00007ffc914dc0ca:   00 49 89 02 4c 89 b6 78 02 00 00 ff 86 80 02 00
0x00007ffc914dc0da:   00 ba 01 00 00 00 49 8b 4e 08 e8 d7 4a cd ff 0f
0x00007ffc914dc0ea:   b7 c8 48 2b c1 48 05 00 00 01 00 48 01 86 88 02
0x00007ffc914dc0fa:   00 00 ba 01 00 00 00 49 8b 4e 08 e8 b6 4a cd ff
0x00007ffc914dc10a:   48 01 86 98 02 00 00 45 85 ff 0f 84 9a 00 00 00
0x00007ffc914dc11a:   49 8b 9d 38 50 03 00 0f 57 c0 f3 0f 7f 45 d8 45 


Stack slot to memory mapping:

stack at sp + 0 slots: 0x000002a70d620d30 points into unknown readable memory: 0xffffffffffffffff | ff ff ff ff ff ff ff ff
stack at sp + 1 slots: 0x00007ffccf0876f8 jvm.dll
stack at sp + 2 slots: 0x000000000000002e is an unknown value
stack at sp + 3 slots: 0x00007ffd911c5a01 ntdll.dll
stack at sp + 4 slots: 0x000002a721ba00c0 points into unknown readable memory: 0x000002a70d3dea30 | 30 ea 3d 0d a7 02 00 00
stack at sp + 5 slots: 0x0000000000000040 is an unknown value
stack at sp + 6 slots: 0x000002a70d620d30 points into unknown readable memory: 0xffffffffffffffff | ff ff ff ff ff ff ff ff
stack at sp + 7 slots: 0x000002a721ba0d20 points into unknown readable memory: 0x000002a721ba00c0 | c0 00 ba 21 a7 02 00 00

VM_Operation (0x000000f5576ff0e0): Exit, mode: safepoint, requested by thread 0x000002a70d8cc7d0


---------------  P R O C E S S  ---------------

Threads class SMR info:
_java_thread_list=0x000002a70dc1f340, length=14, elements={
0x000002a6a6e24d20, 0x000002a6c7c7b100, 0x000002a6c7c7be50, 0x000002a6c7c7da40,
0x000002a6c7c806a0, 0x000002a6c7c82200, 0x000002a6c7c82e80, 0x000002a6c7c86110,
0x000002a70d0986a0, 0x000002a70d154b30, 0x000002a70d386b60, 0x000002a70d3f33a0,
0x000002a70db06b20, 0x000002a70d8cc7d0
}

Java Threads: ( => current thread )
  0x000002a6a6e24d20 JavaThread "main"                              [_thread_blocked, id=31388, stack(0x000000f557900000,0x000000f557a00000) (1024K)]
  0x000002a6c7c7b100 JavaThread "Reference Handler"          daemon [_thread_blocked, id=5072, stack(0x000000f558100000,0x000000f558200000) (1024K)]
  0x000002a6c7c7be50 JavaThread "Finalizer"                  daemon [_thread_blocked, id=19312, stack(0x000000f558200000,0x000000f558300000) (1024K)]
  0x000002a6c7c7da40 JavaThread "Signal Dispatcher"          daemon [_thread_blocked, id=24984, stack(0x000000f558300000,0x000000f558400000) (1024K)]
  0x000002a6c7c806a0 JavaThread "Attach Listener"            daemon [_thread_blocked, id=6488, stack(0x000000f558400000,0x000000f558500000) (1024K)]
  0x000002a6c7c82200 JavaThread "Service Thread"             daemon [_thread_blocked, id=22488, stack(0x000000f558500000,0x000000f558600000) (1024K)]
  0x000002a6c7c82e80 JavaThread "Monitor Deflation Thread"   daemon [_thread_blocked, id=21576, stack(0x000000f558600000,0x000000f558700000) (1024K)]
  0x000002a6c7c86110 JavaThread "C2 CompilerThread0"         daemon [_thread_blocked, id=2832, stack(0x000000f558700000,0x000000f558800000) (1024K)]
  0x000002a70d0986a0 JavaThread "C1 CompilerThread0"         daemon [_thread_blocked, id=30848, stack(0x000000f558800000,0x000000f558900000) (1024K)]
  0x000002a70d154b30 JavaThread "Common-Cleaner"             daemon [_thread_blocked, id=15692, stack(0x000000f558900000,0x000000f558a00000) (1024K)]
  0x000002a70d386b60 JavaThread "Monitor Ctrl-Break"         daemon [_thread_in_native, id=14304, stack(0x000000f558b00000,0x000000f558c00000) (1024K)]
  0x000002a70d3f33a0 JavaThread "Notification Thread"        daemon [_thread_blocked, id=15248, stack(0x000000f558c00000,0x000000f558d00000) (1024K)]
  0x000002a70db06b20 JavaThread "LWJGL Timer"                daemon [_thread_blocked, id=19216, stack(0x000000f559800000,0x000000f559900000) (1024K)]
  0x000002a70d8cc7d0 JavaThread "SIGINT handler"             daemon [_thread_blocked, id=17024, stack(0x000000f557600000,0x000000f557700000) (1024K)]
Total: 14

Other Threads:
=>0x000002a6c7c5b9b0 VMThread "VM Thread"                           [id=14428, stack(0x000000f558000000,0x000000f558100000) (1024K)]
  0x000002a6a9022d60 WorkerThread "GC Thread#0"                     [id=18464, stack(0x000000f557a00000,0x000000f557b00000) (1024K)]
  0x000002a721020390 WorkerThread "GC Thread#1"                     [id=2752, stack(0x000000f559e00000,0x000000f559f00000) (1024K)]
  0x000002a721020740 WorkerThread "GC Thread#2"                     [id=14600, stack(0x000000f559f00000,0x000000f55a000000) (1024K)]
  0x000002a70d831ad0 WorkerThread "GC Thread#3"                     [id=13908, stack(0x000000f55a000000,0x000000f55a100000) (1024K)]
  0x000002a70d831e80 WorkerThread "GC Thread#4"                     [id=13304, stack(0x000000f55a100000,0x000000f55a200000) (1024K)]
  0x000002a70d832230 WorkerThread "GC Thread#5"                     [id=20848, stack(0x000000f55a200000,0x000000f55a300000) (1024K)]
  0x000002a70d8325e0 WorkerThread "GC Thread#6"                     [id=27340, stack(0x000000f55a300000,0x000000f55a400000) (1024K)]
  0x000002a70ddff740 WorkerThread "GC Thread#7"                     [id=29112, stack(0x000000f55a400000,0x000000f55a500000) (1024K)]
  0x000002a6a9033b90 ConcurrentGCThread "G1 Main Marker"            terminated
  0x000002a6a90346a0 WorkerThread "G1 Conc#0"                       [id=30308, stack(0x000000f557c00000,0x000000f557d00000) (1024K)]
  0x000002a6a907e9d0 ConcurrentGCThread "G1 Refine#0"               terminated
  0x000002a6c7b176e0 ConcurrentGCThread "G1 Service"                terminated
Total: 13

Threads with active compile tasks:
Total: 0

VM state: at safepoint (shutting down)

VM Mutex/Monitor currently owned by a thread:  ([mutex/lock_event])
[0x00007ffccf6fbbb8] Threads_lock - owner thread: 0x000002a6c7c5b9b0
[0x00007ffccf6fbcb8] Heap_lock - owner thread: 0x000002a70d8cc7d0

Heap address: 0x0000000703600000, size: 4042 MB, Compressed Oops mode: Zero based, Oop shift amount: 3

CDS archive(s) mapped at: [0x000002a6c8000000-0x000002a6c8c50000-0x000002a6c8c50000), size 12910592, SharedBaseAddress: 0x000002a6c8000000, ArchiveRelocationMode: 1.
Compressed class space mapped at: 0x000002a6c9000000-0x000002a709000000, reserved size: 1073741824
Narrow klass base: 0x000002a6c8000000, Narrow klass shift: 0, Narrow klass range: 0x41000000

GC Precious Log:
 CardTable entry size: 512
 Card Set container configuration: InlinePtr #cards 4 size 8 Array Of Cards #cards 16 size 48 Howl #buckets 8 coarsen threshold 3686 Howl Bitmap #cards 512 size 80 coarsen threshold 460 Card regions per heap region 1 cards per card region 4096
 CPUs: 8 total, 8 available
 Memory: 16167M
 Large Page Support: Disabled
 NUMA Support: Disabled
 Compressed Oops: Enabled (Zero based)
 Heap Region Size: 2M
 Heap Min Capacity: 8M
 Heap Initial Capacity: 254M
 Heap Max Capacity: 4042M
 Pre-touch: Disabled
 Parallel Workers: 8
 Concurrent Workers: 2
 Concurrent Refinement Workers: 8
 Periodic GC: Disabled

Heap:
 garbage-first heap   total reserved 4139008K, committed 260096K, used 132172K [0x0000000703600000, 0x0000000800000000)
  region size 2048K, 26 young (53248K), 4 survivors (8192K)
 Metaspace       used 3565K, committed 3840K, reserved 1114112K
  class space    used 252K, committed 384K, reserved 1048576K

Heap Regions: E=young(eden), S=young(survivor), O=old, HS=humongous(starts), HC=humongous(continues), CS=collection set, F=free, TAMS=top-at-mark-start, PB=parsable bottom
|   0|0x0000000703600000, 0x0000000703800000, 0x0000000703800000|100%| O|  |TAMS 0x0000000703600000| PB 0x0000000703600000| Untracked |  0
|   1|0x0000000703800000, 0x0000000703a00000, 0x0000000703a00000|100%| O|  |TAMS 0x0000000703800000| PB 0x0000000703800000| Untracked |  0
|   2|0x0000000703a00000, 0x0000000703c00000, 0x0000000703c00000|100%| O|  |TAMS 0x0000000703a00000| PB 0x0000000703a00000| Untracked |  0
|   3|0x0000000703c00000, 0x0000000703e00000, 0x0000000703e00000|100%| O|  |TAMS 0x0000000703c00000| PB 0x0000000703c00000| Untracked |  0
|   4|0x0000000703e00000, 0x0000000704000000, 0x0000000704000000|100%| O|  |TAMS 0x0000000703e00000| PB 0x0000000703e00000| Untracked |  0
|   5|0x0000000704000000, 0x0000000704200000, 0x0000000704200000|100%| O|  |TAMS 0x0000000704000000| PB 0x0000000704000000| Untracked |  0
|   6|0x0000000704200000, 0x0000000704400000, 0x0000000704400000|100%| O|  |TAMS 0x0000000704200000| PB 0x0000000704200000| Untracked |  0
|   7|0x0000000704400000, 0x0000000704600000, 0x0000000704600000|100%| O|  |TAMS 0x0000000704400000| PB 0x0000000704400000| Untracked |  0
|   8|0x0000000704600000, 0x0000000704800000, 0x0000000704800000|100%| O|  |TAMS 0x0000000704600000| PB 0x0000000704600000| Untracked |  0
|   9|0x0000000704800000, 0x0000000704a00000, 0x0000000704a00000|100%| O|  |TAMS 0x0000000704800000| PB 0x0000000704800000| Untracked |  0
|  10|0x0000000704a00000, 0x0000000704c00000, 0x0000000704c00000|100%| O|  |TAMS 0x0000000704a00000| PB 0x0000000704a00000| Untracked |  0
|  11|0x0000000704c00000, 0x0000000704e00000, 0x0000000704e00000|100%| O|  |TAMS 0x0000000704c00000| PB 0x0000000704c00000| Untracked |  0
|  12|0x0000000704e00000, 0x0000000705000000, 0x0000000705000000|100%| O|  |TAMS 0x0000000704e00000| PB 0x0000000704e00000| Untracked |  0
|  13|0x0000000705000000, 0x0000000705200000, 0x0000000705200000|100%| O|  |TAMS 0x0000000705000000| PB 0x0000000705000000| Untracked |  0
|  14|0x0000000705200000, 0x0000000705400000, 0x0000000705400000|100%| O|  |TAMS 0x0000000705200000| PB 0x0000000705200000| Untracked |  0
|  15|0x0000000705400000, 0x0000000705600000, 0x0000000705600000|100%| O|  |TAMS 0x0000000705400000| PB 0x0000000705400000| Untracked |  0
|  16|0x0000000705600000, 0x0000000705800000, 0x0000000705800000|100%| O|  |TAMS 0x0000000705600000| PB 0x0000000705600000| Untracked |  0
|  17|0x0000000705800000, 0x0000000705a00000, 0x0000000705a00000|100%| O|  |TAMS 0x0000000705800000| PB 0x0000000705800000| Untracked |  0
|  18|0x0000000705a00000, 0x0000000705c00000, 0x0000000705c00000|100%| O|  |TAMS 0x0000000705a00000| PB 0x0000000705a00000| Untracked |  0
|  19|0x0000000705c00000, 0x0000000705e00000, 0x0000000705e00000|100%| O|  |TAMS 0x0000000705c00000| PB 0x0000000705c00000| Untracked |  0
|  20|0x0000000705e00000, 0x0000000706000000, 0x0000000706000000|100%| O|  |TAMS 0x0000000705e00000| PB 0x0000000705e00000| Untracked |  0
|  21|0x0000000706000000, 0x0000000706200000, 0x0000000706200000|100%| O|  |TAMS 0x0000000706000000| PB 0x0000000706000000| Untracked |  0
|  22|0x0000000706200000, 0x0000000706400000, 0x0000000706400000|100%| O|  |TAMS 0x0000000706200000| PB 0x0000000706200000| Untracked |  0
|  23|0x0000000706400000, 0x0000000706600000, 0x0000000706600000|100%| O|  |TAMS 0x0000000706400000| PB 0x0000000706400000| Untracked |  0
|  24|0x0000000706600000, 0x0000000706800000, 0x0000000706800000|100%| O|  |TAMS 0x0000000706600000| PB 0x0000000706600000| Untracked |  0
|  25|0x0000000706800000, 0x0000000706a00000, 0x0000000706a00000|100%| O|  |TAMS 0x0000000706800000| PB 0x0000000706800000| Untracked |  0
|  26|0x0000000706a00000, 0x0000000706c00000, 0x0000000706c00000|100%| O|  |TAMS 0x0000000706a00000| PB 0x0000000706a00000| Untracked |  0
|  27|0x0000000706c00000, 0x0000000706e00000, 0x0000000706e00000|100%| O|  |TAMS 0x0000000706c00000| PB 0x0000000706c00000| Untracked |  0
|  28|0x0000000706e00000, 0x0000000707000000, 0x0000000707000000|100%| O|  |TAMS 0x0000000706e00000| PB 0x0000000706e00000| Untracked |  0
|  29|0x0000000707000000, 0x0000000707200000, 0x0000000707200000|100%| O|  |TAMS 0x0000000707000000| PB 0x0000000707000000| Untracked |  0
|  30|0x0000000707200000, 0x0000000707400000, 0x0000000707400000|100%| O|  |TAMS 0x0000000707200000| PB 0x0000000707200000| Untracked |  0
|  31|0x0000000707400000, 0x0000000707600000, 0x0000000707600000|100%| O|  |TAMS 0x0000000707400000| PB 0x0000000707400000| Untracked |  0
|  32|0x0000000707600000, 0x0000000707800000, 0x0000000707800000|100%| O|  |TAMS 0x0000000707600000| PB 0x0000000707600000| Untracked |  0
|  33|0x0000000707800000, 0x0000000707a00000, 0x0000000707a00000|100%| O|  |TAMS 0x0000000707800000| PB 0x0000000707800000| Untracked |  0
|  34|0x0000000707a00000, 0x0000000707c00000, 0x0000000707c00000|100%| O|  |TAMS 0x0000000707a00000| PB 0x0000000707a00000| Untracked |  0
|  35|0x0000000707c00000, 0x0000000707e00000, 0x0000000707e00000|100%| O|  |TAMS 0x0000000707c00000| PB 0x0000000707c00000| Untracked |  0
|  36|0x0000000707e00000, 0x0000000708000000, 0x0000000708000000|100%| O|  |TAMS 0x0000000707e00000| PB 0x0000000707e00000| Untracked |  0
|  37|0x0000000708000000, 0x0000000708200000, 0x0000000708200000|100%| O|  |TAMS 0x0000000708000000| PB 0x0000000708000000| Untracked |  0
|  38|0x0000000708200000, 0x0000000708400000, 0x0000000708400000|100%| O|  |TAMS 0x0000000708200000| PB 0x0000000708200000| Untracked |  0
|  39|0x0000000708400000, 0x0000000708513340, 0x0000000708600000| 53%| O|  |TAMS 0x0000000708400000| PB 0x0000000708400000| Untracked |  0
|  40|0x0000000708600000, 0x0000000708600000, 0x0000000708800000|  0%| F|  |TAMS 0x0000000708600000| PB 0x0000000708600000| Untracked |  0
|  41|0x0000000708800000, 0x0000000708800000, 0x0000000708a00000|  0%| F|  |TAMS 0x0000000708800000| PB 0x0000000708800000| Untracked |  0
|  42|0x0000000708a00000, 0x0000000708a00000, 0x0000000708c00000|  0%| F|  |TAMS 0x0000000708a00000| PB 0x0000000708a00000| Untracked |  0
|  43|0x0000000708c00000, 0x0000000708c00000, 0x0000000708e00000|  0%| F|  |TAMS 0x0000000708c00000| PB 0x0000000708c00000| Untracked |  0
|  44|0x0000000708e00000, 0x0000000708e00000, 0x0000000709000000|  0%| F|  |TAMS 0x0000000708e00000| PB 0x0000000708e00000| Untracked |  0
|  45|0x0000000709000000, 0x0000000709000000, 0x0000000709200000|  0%| F|  |TAMS 0x0000000709000000| PB 0x0000000709000000| Untracked |  0
|  46|0x0000000709200000, 0x0000000709200000, 0x0000000709400000|  0%| F|  |TAMS 0x0000000709200000| PB 0x0000000709200000| Untracked |  0
|  47|0x0000000709400000, 0x0000000709400000, 0x0000000709600000|  0%| F|  |TAMS 0x0000000709400000| PB 0x0000000709400000| Untracked |  0
|  48|0x0000000709600000, 0x0000000709600000, 0x0000000709800000|  0%| F|  |TAMS 0x0000000709600000| PB 0x0000000709600000| Untracked |  0
|  49|0x0000000709800000, 0x0000000709800000, 0x0000000709a00000|  0%| F|  |TAMS 0x0000000709800000| PB 0x0000000709800000| Untracked |  0
|  50|0x0000000709a00000, 0x0000000709a00000, 0x0000000709c00000|  0%| F|  |TAMS 0x0000000709a00000| PB 0x0000000709a00000| Untracked |  0
|  51|0x0000000709c00000, 0x0000000709c00000, 0x0000000709e00000|  0%| F|  |TAMS 0x0000000709c00000| PB 0x0000000709c00000| Untracked |  0
|  52|0x0000000709e00000, 0x0000000709e00000, 0x000000070a000000|  0%| F|  |TAMS 0x0000000709e00000| PB 0x0000000709e00000| Untracked |  0
|  53|0x000000070a000000, 0x000000070a000000, 0x000000070a200000|  0%| F|  |TAMS 0x000000070a000000| PB 0x000000070a000000| Untracked |  0
|  54|0x000000070a200000, 0x000000070a200000, 0x000000070a400000|  0%| F|  |TAMS 0x000000070a200000| PB 0x000000070a200000| Untracked |  0
|  55|0x000000070a400000, 0x000000070a400000, 0x000000070a600000|  0%| F|  |TAMS 0x000000070a400000| PB 0x000000070a400000| Untracked |  0
|  56|0x000000070a600000, 0x000000070a600000, 0x000000070a800000|  0%| F|  |TAMS 0x000000070a600000| PB 0x000000070a600000| Untracked |  0
|  57|0x000000070a800000, 0x000000070a800000, 0x000000070aa00000|  0%| F|  |TAMS 0x000000070a800000| PB 0x000000070a800000| Untracked |  0
|  58|0x000000070aa00000, 0x000000070aa00000, 0x000000070ac00000|  0%| F|  |TAMS 0x000000070aa00000| PB 0x000000070aa00000| Untracked |  0
|  59|0x000000070ac00000, 0x000000070ac00000, 0x000000070ae00000|  0%| F|  |TAMS 0x000000070ac00000| PB 0x000000070ac00000| Untracked |  0
|  60|0x000000070ae00000, 0x000000070ae00000, 0x000000070b000000|  0%| F|  |TAMS 0x000000070ae00000| PB 0x000000070ae00000| Untracked |  0
|  61|0x000000070b000000, 0x000000070b000000, 0x000000070b200000|  0%| F|  |TAMS 0x000000070b000000| PB 0x000000070b000000| Untracked |  0
|  62|0x000000070b200000, 0x000000070b200000, 0x000000070b400000|  0%| F|  |TAMS 0x000000070b200000| PB 0x000000070b200000| Untracked |  0
|  63|0x000000070b400000, 0x000000070b400000, 0x000000070b600000|  0%| F|  |TAMS 0x000000070b400000| PB 0x000000070b400000| Untracked |  0
|  64|0x000000070b600000, 0x000000070b600000, 0x000000070b800000|  0%| F|  |TAMS 0x000000070b600000| PB 0x000000070b600000| Untracked |  0
|  65|0x000000070b800000, 0x000000070b800000, 0x000000070ba00000|  0%| F|  |TAMS 0x000000070b800000| PB 0x000000070b800000| Untracked |  0
|  66|0x000000070ba00000, 0x000000070ba00000, 0x000000070bc00000|  0%| F|  |TAMS 0x000000070ba00000| PB 0x000000070ba00000| Untracked |  0
|  67|0x000000070bc00000, 0x000000070bc00000, 0x000000070be00000|  0%| F|  |TAMS 0x000000070bc00000| PB 0x000000070bc00000| Untracked |  0
|  68|0x000000070be00000, 0x000000070be00000, 0x000000070c000000|  0%| F|  |TAMS 0x000000070be00000| PB 0x000000070be00000| Untracked |  0
|  69|0x000000070c000000, 0x000000070c000000, 0x000000070c200000|  0%| F|  |TAMS 0x000000070c000000| PB 0x000000070c000000| Untracked |  0
|  70|0x000000070c200000, 0x000000070c200000, 0x000000070c400000|  0%| F|  |TAMS 0x000000070c200000| PB 0x000000070c200000| Untracked |  0
|  71|0x000000070c400000, 0x000000070c400000, 0x000000070c600000|  0%| F|  |TAMS 0x000000070c400000| PB 0x000000070c400000| Untracked |  0
|  72|0x000000070c600000, 0x000000070c600000, 0x000000070c800000|  0%| F|  |TAMS 0x000000070c600000| PB 0x000000070c600000| Untracked |  0
|  73|0x000000070c800000, 0x000000070c800000, 0x000000070ca00000|  0%| F|  |TAMS 0x000000070c800000| PB 0x000000070c800000| Untracked |  0
|  74|0x000000070ca00000, 0x000000070ca00000, 0x000000070cc00000|  0%| F|  |TAMS 0x000000070ca00000| PB 0x000000070ca00000| Untracked |  0
|  75|0x000000070cc00000, 0x000000070cc00000, 0x000000070ce00000|  0%| F|  |TAMS 0x000000070cc00000| PB 0x000000070cc00000| Untracked |  0
|  76|0x000000070ce00000, 0x000000070ce00000, 0x000000070d000000|  0%| F|  |TAMS 0x000000070ce00000| PB 0x000000070ce00000| Untracked |  0
|  77|0x000000070d000000, 0x000000070d000000, 0x000000070d200000|  0%| F|  |TAMS 0x000000070d000000| PB 0x000000070d000000| Untracked |  0
|  78|0x000000070d200000, 0x000000070d200000, 0x000000070d400000|  0%| F|  |TAMS 0x000000070d200000| PB 0x000000070d200000| Untracked |  0
|  79|0x000000070d400000, 0x000000070d400000, 0x000000070d600000|  0%| F|  |TAMS 0x000000070d400000| PB 0x000000070d400000| Untracked |  0
|  80|0x000000070d600000, 0x000000070d600000, 0x000000070d800000|  0%| F|  |TAMS 0x000000070d600000| PB 0x000000070d600000| Untracked |  0
|  81|0x000000070d800000, 0x000000070d800000, 0x000000070da00000|  0%| F|  |TAMS 0x000000070d800000| PB 0x000000070d800000| Untracked |  0
|  82|0x000000070da00000, 0x000000070da00000, 0x000000070dc00000|  0%| F|  |TAMS 0x000000070da00000| PB 0x000000070da00000| Untracked |  0
|  83|0x000000070dc00000, 0x000000070dc00000, 0x000000070de00000|  0%| F|  |TAMS 0x000000070dc00000| PB 0x000000070dc00000| Untracked |  0
|  84|0x000000070de00000, 0x000000070de00000, 0x000000070e000000|  0%| F|  |TAMS 0x000000070de00000| PB 0x000000070de00000| Untracked |  0
|  85|0x000000070e000000, 0x000000070e000000, 0x000000070e200000|  0%| F|  |TAMS 0x000000070e000000| PB 0x000000070e000000| Untracked |  0
|  86|0x000000070e200000, 0x000000070e200000, 0x000000070e400000|  0%| F|  |TAMS 0x000000070e200000| PB 0x000000070e200000| Untracked |  0
|  87|0x000000070e400000, 0x000000070e400000, 0x000000070e600000|  0%| F|  |TAMS 0x000000070e400000| PB 0x000000070e400000| Untracked |  0
|  88|0x000000070e600000, 0x000000070e600000, 0x000000070e800000|  0%| F|  |TAMS 0x000000070e600000| PB 0x000000070e600000| Untracked |  0
|  89|0x000000070e800000, 0x000000070e800000, 0x000000070ea00000|  0%| F|  |TAMS 0x000000070e800000| PB 0x000000070e800000| Untracked |  0
|  90|0x000000070ea00000, 0x000000070ea00000, 0x000000070ec00000|  0%| F|  |TAMS 0x000000070ea00000| PB 0x000000070ea00000| Untracked |  0
|  91|0x000000070ec00000, 0x000000070ec00000, 0x000000070ee00000|  0%| F|  |TAMS 0x000000070ec00000| PB 0x000000070ec00000| Untracked |  0
|  92|0x000000070ee00000, 0x000000070ee00000, 0x000000070f000000|  0%| F|  |TAMS 0x000000070ee00000| PB 0x000000070ee00000| Untracked |  0
|  93|0x000000070f000000, 0x000000070f000000, 0x000000070f200000|  0%| F|  |TAMS 0x000000070f000000| PB 0x000000070f000000| Untracked |  0
|  94|0x000000070f200000, 0x000000070f200000, 0x000000070f400000|  0%| F|  |TAMS 0x000000070f200000| PB 0x000000070f200000| Untracked |  0
|  95|0x000000070f400000, 0x000000070f600000, 0x000000070f600000|100%| S|CS|TAMS 0x000000070f400000| PB 0x000000070f400000| Complete |  0
|  96|0x000000070f600000, 0x000000070f800000, 0x000000070f800000|100%| S|CS|TAMS 0x000000070f600000| PB 0x000000070f600000| Complete |  0
|  97|0x000000070f800000, 0x000000070f800000, 0x000000070fa00000|  0%| F|  |TAMS 0x000000070f800000| PB 0x000000070f800000| Untracked |  0
|  98|0x000000070fa00000, 0x000000070fa00000, 0x000000070fc00000|  0%| F|  |TAMS 0x000000070fa00000| PB 0x000000070fa00000| Untracked |  0
|  99|0x000000070fc00000, 0x000000070fc00000, 0x000000070fe00000|  0%| F|  |TAMS 0x000000070fc00000| PB 0x000000070fc00000| Untracked |  0
| 100|0x000000070fe00000, 0x000000070fe00000, 0x0000000710000000|  0%| F|  |TAMS 0x000000070fe00000| PB 0x000000070fe00000| Untracked |  0
| 101|0x0000000710000000, 0x0000000710200000, 0x0000000710200000|100%| S|CS|TAMS 0x0000000710000000| PB 0x0000000710000000| Complete |  0
| 102|0x0000000710200000, 0x0000000710400000, 0x0000000710400000|100%| S|CS|TAMS 0x0000000710200000| PB 0x0000000710200000| Complete |  0
| 103|0x0000000710400000, 0x0000000710400000, 0x0000000710600000|  0%| F|  |TAMS 0x0000000710400000| PB 0x0000000710400000| Untracked |  0
| 104|0x0000000710600000, 0x0000000710600000, 0x0000000710800000|  0%| F|  |TAMS 0x0000000710600000| PB 0x0000000710600000| Untracked |  0
| 105|0x0000000710800000, 0x0000000710862fe0, 0x0000000710a00000| 19%| E|  |TAMS 0x0000000710800000| PB 0x0000000710800000| Complete |  0
| 106|0x0000000710a00000, 0x0000000710c00000, 0x0000000710c00000|100%| E|CS|TAMS 0x0000000710a00000| PB 0x0000000710a00000| Complete |  0
| 107|0x0000000710c00000, 0x0000000710e00000, 0x0000000710e00000|100%| E|CS|TAMS 0x0000000710c00000| PB 0x0000000710c00000| Complete |  0
| 108|0x0000000710e00000, 0x0000000711000000, 0x0000000711000000|100%| E|CS|TAMS 0x0000000710e00000| PB 0x0000000710e00000| Complete |  0
| 109|0x0000000711000000, 0x0000000711200000, 0x0000000711200000|100%| E|CS|TAMS 0x0000000711000000| PB 0x0000000711000000| Complete |  0
| 110|0x0000000711200000, 0x0000000711400000, 0x0000000711400000|100%| E|CS|TAMS 0x0000000711200000| PB 0x0000000711200000| Complete |  0
| 111|0x0000000711400000, 0x0000000711600000, 0x0000000711600000|100%| E|CS|TAMS 0x0000000711400000| PB 0x0000000711400000| Complete |  0
| 112|0x0000000711600000, 0x0000000711800000, 0x0000000711800000|100%| E|CS|TAMS 0x0000000711600000| PB 0x0000000711600000| Complete |  0
| 113|0x0000000711800000, 0x0000000711a00000, 0x0000000711a00000|100%| E|CS|TAMS 0x0000000711800000| PB 0x0000000711800000| Complete |  0
| 114|0x0000000711a00000, 0x0000000711c00000, 0x0000000711c00000|100%| E|CS|TAMS 0x0000000711a00000| PB 0x0000000711a00000| Complete |  0
| 115|0x0000000711c00000, 0x0000000711e00000, 0x0000000711e00000|100%| E|CS|TAMS 0x0000000711c00000| PB 0x0000000711c00000| Complete |  0
| 116|0x0000000711e00000, 0x0000000712000000, 0x0000000712000000|100%| E|CS|TAMS 0x0000000711e00000| PB 0x0000000711e00000| Complete |  0
| 117|0x0000000712000000, 0x0000000712200000, 0x0000000712200000|100%| E|CS|TAMS 0x0000000712000000| PB 0x0000000712000000| Complete |  0
| 118|0x0000000712200000, 0x0000000712400000, 0x0000000712400000|100%| E|CS|TAMS 0x0000000712200000| PB 0x0000000712200000| Complete |  0
| 119|0x0000000712400000, 0x0000000712600000, 0x0000000712600000|100%| E|CS|TAMS 0x0000000712400000| PB 0x0000000712400000| Complete |  0
| 120|0x0000000712600000, 0x0000000712800000, 0x0000000712800000|100%| E|CS|TAMS 0x0000000712600000| PB 0x0000000712600000| Complete |  0
| 121|0x0000000712800000, 0x0000000712a00000, 0x0000000712a00000|100%| E|CS|TAMS 0x0000000712800000| PB 0x0000000712800000| Complete |  0
| 122|0x0000000712a00000, 0x0000000712c00000, 0x0000000712c00000|100%| E|CS|TAMS 0x0000000712a00000| PB 0x0000000712a00000| Complete |  0
| 123|0x0000000712c00000, 0x0000000712e00000, 0x0000000712e00000|100%| E|CS|TAMS 0x0000000712c00000| PB 0x0000000712c00000| Complete |  0
| 124|0x0000000712e00000, 0x0000000713000000, 0x0000000713000000|100%| E|CS|TAMS 0x0000000712e00000| PB 0x0000000712e00000| Complete |  0
| 125|0x0000000713000000, 0x0000000713200000, 0x0000000713200000|100%| E|CS|TAMS 0x0000000713000000| PB 0x0000000713000000| Complete |  0
| 126|0x0000000713200000, 0x0000000713400000, 0x0000000713400000|100%| E|CS|TAMS 0x0000000713200000| PB 0x0000000713200000| Complete |  0

Card table byte_map: [0x000002a6c0e20000,0x000002a6c1610000] _byte_map_base: 0x000002a6bd605000

Marking Bits: (CMBitMap*) 0x000002a6a9023470
 Bits: [0x000002a6c1610000, 0x000002a6c5538000)

Polling page: 0x000002a6a8780000

Metaspace:

Usage:
  Non-class:      3.24 MB used.
      Class:    252.84 KB used.
       Both:      3.48 MB used.

Virtual space:
  Non-class space:       64.00 MB reserved,       3.38 MB (  5%) committed,  1 nodes.
      Class space:        1.00 GB reserved,     384.00 KB ( <1%) committed,  1 nodes.
             Both:        1.06 GB reserved,       3.75 MB ( <1%) committed. 

Chunk freelists:
   Non-Class:  10.73 MB
       Class:  15.62 MB
        Both:  26.36 MB

MaxMetaspaceSize: unlimited
CompressedClassSpaceSize: 1.00 GB
Initial GC threshold: 21.00 MB
Current GC threshold: 21.00 MB
CDS: on
 - commit_granule_bytes: 65536.
 - commit_granule_words: 8192.
 - virtual_space_node_default_size: 8388608.
 - enlarge_chunks_in_place: 1.
 - use_allocation_guard: 0.


Internal statistics:

num_allocs_failed_limit: 0.
num_arena_births: 94.
num_arena_deaths: 0.
num_vsnodes_births: 2.
num_vsnodes_deaths: 0.
num_space_committed: 59.
num_space_uncommitted: 0.
num_chunks_returned_to_freelist: 0.
num_chunks_taken_from_freelist: 157.
num_chunk_merges: 0.
num_chunk_splits: 108.
num_chunks_enlarged: 69.
num_inconsistent_stats: 0.

CodeHeap 'non-profiled nmethods': size=120000Kb used=630Kb max_used=630Kb free=119369Kb
 bounds [0x000002a6b8dd0000, 0x000002a6b9040000, 0x000002a6c0300000]
CodeHeap 'profiled nmethods': size=120000Kb used=1703Kb max_used=1703Kb free=118296Kb
 bounds [0x000002a6b1300000, 0x000002a6b1570000, 0x000002a6b8830000]
CodeHeap 'non-nmethods': size=5760Kb used=1631Kb max_used=1660Kb free=4128Kb
 bounds [0x000002a6b8830000, 0x000002a6b8aa0000, 0x000002a6b8dd0000]
 total_blobs=1739 nmethods=1185 adapters=459
 compilation: enabled
              stopped_count=0, restarted_count=0
 full_count=0

Compilation events (20 events):
Event: 511.777 Thread 0x000002a70d0986a0 1176   !   3       sun.nio.cs.UnicodeDecoder::decodeLoop (304 bytes)
Event: 511.779 Thread 0x000002a70d0986a0 nmethod 1176 0x000002a6b14a4910 code [0x000002a6b14a4ca0, 0x000002a6b14a6638]
Event: 511.779 Thread 0x000002a70d0986a0 1177       3       sun.nio.cs.UnicodeDecoder::decode (24 bytes)
Event: 511.779 Thread 0x000002a70d0986a0 nmethod 1177 0x000002a6b14a6e10 code [0x000002a6b14a6fa0, 0x000002a6b14a7138]
Event: 511.779 Thread 0x000002a70d0986a0 1178       3       java.nio.HeapCharBuffer::put (16 bytes)
Event: 511.779 Thread 0x000002a70d0986a0 nmethod 1178 0x000002a6b14a7210 code [0x000002a6b14a73e0, 0x000002a6b14a76b0]
Event: 511.779 Thread 0x000002a70d0986a0 1179       3       java.nio.HeapCharBuffer::ix (7 bytes)
Event: 511.779 Thread 0x000002a70d0986a0 nmethod 1179 0x000002a6b14a7890 code [0x000002a6b14a7a20, 0x000002a6b14a7b30]
Event: 511.779 Thread 0x000002a70d0986a0 1180       3       sun.nio.cs.UnicodeEncoder::implReset (9 bytes)
Event: 511.779 Thread 0x000002a70d0986a0 nmethod 1180 0x000002a6b14a7b90 code [0x000002a6b14a7d20, 0x000002a6b14a7e38]
Event: 517.082 Thread 0x000002a70d0986a0 1182       3       java.util.ImmutableCollections$ListN::get (7 bytes)
Event: 517.082 Thread 0x000002a70d0986a0 nmethod 1182 0x000002a6b14a7f10 code [0x000002a6b14a80a0, 0x000002a6b14a81e0]
Event: 517.082 Thread 0x000002a70d0986a0 1184       3       java.util.HashMap$ValueIterator::next (8 bytes)
Event: 517.082 Thread 0x000002a70d0986a0 nmethod 1184 0x000002a6b14a8290 code [0x000002a6b14a8440, 0x000002a6b14a8580]
Event: 517.082 Thread 0x000002a70d0986a0 1186       3       jdk.internal.jimage.ImageStringsReader::unmaskedHashCode (166 bytes)
Event: 517.083 Thread 0x000002a70d0986a0 nmethod 1186 0x000002a6b14a8690 code [0x000002a6b14a88e0, 0x000002a6b14a93d8]
Event: 517.083 Thread 0x000002a70d0986a0 1183       3       java.util.ImmutableCollections$List12::get (35 bytes)
Event: 517.083 Thread 0x000002a70d0986a0 nmethod 1183 0x000002a6b14a9890 code [0x000002a6b14a9a40, 0x000002a6b14a9ce0]
Event: 517.083 Thread 0x000002a70d0986a0 1185       1       java.lang.Module::getDescriptor (5 bytes)
Event: 517.083 Thread 0x000002a70d0986a0 nmethod 1185 0x000002a6b8e6d610 code [0x000002a6b8e6d7a0, 0x000002a6b8e6d870]

GC Heap History (12 events):
Event: 27.352 GC heap before
{Heap before GC invocations=0 (full 0):
 garbage-first heap   total reserved 4139008K, committed 260096K, used 22528K [0x0000000703600000, 0x0000000800000000)
  region size 2048K, 12 young (24576K), 0 survivors (0K)
 Metaspace       used 3441K, committed 3712K, reserved 1114112K
  class space    used 240K, committed 384K, reserved 1048576K
}
Event: 27.376 GC heap after
{Heap after GC invocations=1 (full 0):
 garbage-first heap   total reserved 4139008K, committed 260096K, used 10666K [0x0000000703600000, 0x0000000800000000)
  region size 2048K, 2 young (4096K), 2 survivors (4096K)
 Metaspace       used 3441K, committed 3712K, reserved 1114112K
  class space    used 240K, committed 384K, reserved 1048576K
}
Event: 57.394 GC heap before
{Heap before GC invocations=1 (full 0):
 garbage-first heap   total reserved 4139008K, committed 260096K, used 27050K [0x0000000703600000, 0x0000000800000000)
  region size 2048K, 10 young (20480K), 2 survivors (4096K)
 Metaspace       used 3445K, committed 3712K, reserved 1114112K
  class space    used 240K, committed 384K, reserved 1048576K
}
Event: 57.423 GC heap after
{Heap after GC invocations=2 (full 0):
 garbage-first heap   total reserved 4139008K, committed 260096K, used 16807K [0x0000000703600000, 0x0000000800000000)
  region size 2048K, 2 young (4096K), 2 survivors (4096K)
 Metaspace       used 3445K, committed 3712K, reserved 1114112K
  class space    used 240K, committed 384K, reserved 1048576K
}
Event: 110.529 GC heap before
{Heap before GC invocations=2 (full 0):
 garbage-first heap   total reserved 4139008K, committed 260096K, used 43431K [0x0000000703600000, 0x0000000800000000)
  region size 2048K, 15 young (30720K), 2 survivors (4096K)
 Metaspace       used 3447K, committed 3712K, reserved 1114112K
  class space    used 240K, committed 384K, reserved 1048576K
}
Event: 110.563 GC heap after
{Heap after GC invocations=3 (full 0):
 garbage-first heap   total reserved 4139008K, committed 260096K, used 28672K [0x0000000703600000, 0x0000000800000000)
  region size 2048K, 2 young (4096K), 2 survivors (4096K)
 Metaspace       used 3447K, committed 3712K, reserved 1114112K
  class space    used 240K, committed 384K, reserved 1048576K
}
Event: 201.852 GC heap before
{Heap before GC invocations=3 (full 0):
 garbage-first heap   total reserved 4139008K, committed 260096K, used 67584K [0x0000000703600000, 0x0000000800000000)
  region size 2048K, 21 young (43008K), 2 survivors (4096K)
 Metaspace       used 3467K, committed 3712K, reserved 1114112K
  class space    used 240K, committed 384K, reserved 1048576K
}
Event: 201.903 GC heap after
{Heap after GC invocations=4 (full 0):
 garbage-first heap   total reserved 4139008K, committed 260096K, used 47104K [0x0000000703600000, 0x0000000800000000)
  region size 2048K, 3 young (6144K), 3 survivors (6144K)
 Metaspace       used 3467K, committed 3712K, reserved 1114112K
  class space    used 240K, committed 384K, reserved 1048576K
}
Event: 303.196 GC heap before
{Heap before GC invocations=4 (full 0):
 garbage-first heap   total reserved 4139008K, committed 260096K, used 94208K [0x0000000703600000, 0x0000000800000000)
  region size 2048K, 26 young (53248K), 3 survivors (6144K)
 Metaspace       used 3472K, committed 3776K, reserved 1114112K
  class space    used 240K, committed 384K, reserved 1048576K
}
Event: 303.266 GC heap after
{Heap after GC invocations=5 (full 0):
 garbage-first heap   total reserved 4139008K, committed 260096K, used 68502K [0x0000000703600000, 0x0000000800000000)
  region size 2048K, 4 young (8192K), 4 survivors (8192K)
 Metaspace       used 3472K, committed 3776K, reserved 1114112K
  class space    used 240K, committed 384K, reserved 1048576K
}
Event: 408.802 GC heap before
{Heap before GC invocations=5 (full 0):
 garbage-first heap   total reserved 4139008K, committed 260096K, used 117654K [0x0000000703600000, 0x0000000800000000)
  region size 2048K, 28 young (57344K), 4 survivors (8192K)
 Metaspace       used 3474K, committed 3776K, reserved 1114112K
  class space    used 240K, committed 384K, reserved 1048576K
}
Event: 408.861 GC heap after
{Heap after GC invocations=6 (full 0):
 garbage-first heap   total reserved 4139008K, committed 260096K, used 89164K [0x0000000703600000, 0x0000000800000000)
  region size 2048K, 4 young (8192K), 4 survivors (8192K)
 Metaspace       used 3474K, committed 3776K, reserved 1114112K
  class space    used 240K, committed 384K, reserved 1048576K
}

Dll operation events (13 events):
Event: 0.007 Loaded shared library C:\Users\Öìç²«h\.jdks\openjdk-22.0.1\bin\java.dll
Event: 0.038 Loaded shared library C:\Users\Öìç²«h\.jdks\openjdk-22.0.1\bin\jsvml.dll
Event: 0.082 Loaded shared library C:\Users\Öìç²«h\.jdks\openjdk-22.0.1\bin\zip.dll
Event: 0.087 Loaded shared library C:\Users\Öìç²«h\.jdks\openjdk-22.0.1\bin\instrument.dll
Event: 0.091 Loaded shared library C:\Users\Öìç²«h\.jdks\openjdk-22.0.1\bin\net.dll
Event: 0.092 Loaded shared library C:\Users\Öìç²«h\.jdks\openjdk-22.0.1\bin\nio.dll
Event: 0.095 Loaded shared library C:\Users\Öìç²«h\.jdks\openjdk-22.0.1\bin\zip.dll
Event: 0.115 Loaded shared library D:\IntelliJ IDEA\IntelliJ IDEA 2023.2.1\bin\breakgen64.dll
Event: 0.119 Loaded shared library C:\Users\Öìç²«h\.jdks\openjdk-22.0.1\bin\verify.dll
Event: 0.122 Loaded shared library C:\Users\Öìç²«h\.jdks\openjdk-22.0.1\bin\extnet.dll
Event: 0.129 Loaded shared library D:\SHITS\Computer Graphics\Assignment 3\Assignment3 to be completed\Assignment3\lwjgl64.dll
Event: 0.665 Loaded shared library C:\Users\Öìç²«h\.jdks\openjdk-22.0.1\bin\jimage.dll
Event: 0.720 Loaded shared library C:\Users\Öìç²«h\.jdks\openjdk-22.0.1\bin\awt.dll

Deoptimization events (20 events):
Event: 27.380 Thread 0x000002a6a6e24d20 DEOPT PACKING pc=0x000002a6b8e2ae1c sp=0x000000f5579ff020
Event: 27.380 Thread 0x000002a6a6e24d20 DEOPT UNPACKING pc=0x000002a6b8887da2 sp=0x000000f5579fee88 mode 2
Event: 27.382 Thread 0x000002a6a6e24d20 Uncommon trap: trap_request=0xffffff45 fr.pc=0x000002a6b8e2b96c relative=0x00000000000000cc
Event: 27.382 Thread 0x000002a6a6e24d20 Uncommon trap: reason=unstable_if action=reinterpret pc=0x000002a6b8e2b96c method=java.nio.Bits.tryReserveMemory(JJ)Z @ 30 c2
Event: 27.382 Thread 0x000002a6a6e24d20 DEOPT PACKING pc=0x000002a6b8e2b96c sp=0x000000f5579feec0
Event: 27.382 Thread 0x000002a6a6e24d20 DEOPT UNPACKING pc=0x000002a6b8887da2 sp=0x000000f5579fee30 mode 2
Event: 135.245 Thread 0x000002a6a6e24d20 Uncommon trap: trap_request=0xffffff45 fr.pc=0x000002a6b8e50c64 relative=0x0000000000000b44
Event: 135.245 Thread 0x000002a6a6e24d20 Uncommon trap: reason=unstable_if action=reinterpret pc=0x000002a6b8e50c64 method=org.lwjgl.input.Mouse.isButtonDown(I)Z @ 45 c2
Event: 135.245 Thread 0x000002a6a6e24d20 DEOPT PACKING pc=0x000002a6b8e50c64 sp=0x000000f5579ff220
Event: 135.245 Thread 0x000002a6a6e24d20 DEOPT UNPACKING pc=0x000002a6b8887da2 sp=0x000000f5579ff158 mode 2
Event: 135.254 Thread 0x000002a6a6e24d20 Uncommon trap: trap_request=0xffffff45 fr.pc=0x000002a6b8e5228c relative=0x00000000000002cc
Event: 135.254 Thread 0x000002a6a6e24d20 Uncommon trap: reason=unstable_if action=reinterpret pc=0x000002a6b8e5228c method=org.lwjgl.input.Mouse.isButtonDown(I)Z @ 45 c2
Event: 135.254 Thread 0x000002a6a6e24d20 DEOPT PACKING pc=0x000002a6b8e5228c sp=0x000000f5579ff1b0
Event: 135.254 Thread 0x000002a6a6e24d20 DEOPT UNPACKING pc=0x000002a6b8887da2 sp=0x000000f5579ff158 mode 2
Event: 138.342 Thread 0x000002a6a6e24d20 Uncommon trap: trap_request=0xffffff45 fr.pc=0x000002a6b8e46e04 relative=0x0000000000000ee4
Event: 138.342 Thread 0x000002a6a6e24d20 Uncommon trap: reason=unstable_if action=reinterpret pc=0x000002a6b8e46e04 method=org.lwjgl.opengl.WindowsDisplay.isVisible()Z @ 4 c2
Event: 138.342 Thread 0x000002a6a6e24d20 DEOPT PACKING pc=0x000002a6b8e46e04 sp=0x000000f5579ff210
Event: 138.342 Thread 0x000002a6a6e24d20 DEOPT UNPACKING pc=0x000002a6b8887da2 sp=0x000000f5579ff128 mode 2
Event: 201.905 Thread 0x000002a6c7c7b100 DEOPT PACKING pc=0x000002a6b1488531 sp=0x000000f5581ff1c0
Event: 201.905 Thread 0x000002a6c7c7b100 DEOPT UNPACKING pc=0x000002a6b88888e2 sp=0x000000f5581fe660 mode 0

Classes loaded (20 events):
Event: 517.083 Loading class jdk/internal/logger/AbstractLoggerWrapper
Event: 517.083 Loading class jdk/internal/logger/AbstractLoggerWrapper done
Event: 517.083 Loading class jdk/internal/logger/LazyLoggers$LazyLoggerWrapper done
Event: 517.083 Loading class jdk/internal/logger/LazyLoggers$JdkLazyLogger done
Event: 517.083 Loading class jdk/internal/logger/LazyLoggers$LazyLoggerAccessor
Event: 517.084 Loading class jdk/internal/logger/LazyLoggers$LoggerAccessor
Event: 517.084 Loading class jdk/internal/logger/LazyLoggers$LoggerAccessor done
Event: 517.084 Loading class jdk/internal/logger/LazyLoggers$LazyLoggerAccessor done
Event: 517.084 Loading class java/lang/System$Logger$Level
Event: 517.084 Loading class java/lang/System$Logger$Level done
Event: 517.084 Loading class jdk/internal/logger/SurrogateLogger
Event: 517.084 Loading class jdk/internal/logger/SimpleConsoleLogger
Event: 517.084 Loading class sun/util/logging/PlatformLogger$ConfigurableBridge$LoggerConfiguration
Event: 517.084 Loading class sun/util/logging/PlatformLogger$ConfigurableBridge$LoggerConfiguration done
Event: 517.084 Loading class jdk/internal/logger/SimpleConsoleLogger done
Event: 517.084 Loading class jdk/internal/logger/SurrogateLogger done
Event: 517.085 Loading class sun/util/logging/PlatformLogger
Event: 517.085 Loading class sun/util/logging/PlatformLogger done
Event: 517.085 Loading class sun/util/logging/PlatformLogger$Level
Event: 517.085 Loading class sun/util/logging/PlatformLogger$Level done

Classes unloaded (0 events):
No events

Classes redefined (0 events):
No events

Internal exceptions (14 events):
Event: 0.108 Thread 0x000002a6a6e24d20 Exception <a 'java/lang/NoSuchMethodError'{0x00000007131e07d0}: 'void java.lang.invoke.DirectMethodHandle$Holder.invokeStatic(java.lang.Object, java.lang.Object, java.lang.Object)'> (0x00000007131e07d0) 
thrown [s\open\src\hotspot\share\interpreter\linkResolver.cpp, line 774]
Event: 0.112 Thread 0x000002a6a6e24d20 Exception <a 'java/lang/NoSuchMethodError'{0x00000007131f84c8}: 'java.lang.Object java.lang.invoke.Invokers$Holder.invokeExact_MT(java.lang.Object, java.lang.Object, java.lang.Object, java.lang.Object, java.lang.Object)'> (0x00000007131f84c8) 
thrown [s\open\src\hotspot\share\interpreter\linkResolver.cpp, line 774]
Event: 0.123 Thread 0x000002a70d386b60 Exception <a 'java/lang/NoSuchMethodError'{0x0000000712e847a0}: 'void java.lang.invoke.DirectMethodHandle$Holder.invokeStatic(java.lang.Object, java.lang.Object)'> (0x0000000712e847a0) 
thrown [s\open\src\hotspot\share\interpreter\linkResolver.cpp, line 774]
Event: 0.220 Thread 0x000002a6a6e24d20 Exception <a 'java/lang/NoSuchMethodError'{0x0000000712f76af8}: 'int java.lang.invoke.Invokers$Holder.invokeExact_MT(java.lang.Object, java.lang.Object)'> (0x0000000712f76af8) 
thrown [s\open\src\hotspot\share\interpreter\linkResolver.cpp, line 774]
Event: 0.668 Thread 0x000002a6a6e24d20 Exception <a 'java/lang/NoSuchMethodError'{0x0000000712d60638}: 'void java.lang.invoke.DirectMethodHandle$Holder.invokeVirtual(java.lang.Object, java.lang.Object)'> (0x0000000712d60638) 
thrown [s\open\src\hotspot\share\interpreter\linkResolver.cpp, line 774]
Event: 0.668 Thread 0x000002a6a6e24d20 Exception <a 'java/lang/NoSuchMethodError'{0x0000000712d63de8}: 'void java.lang.invoke.DirectMethodHandle$Holder.invokeSpecial(java.lang.Object, java.lang.Object, java.lang.Object)'> (0x0000000712d63de8) 
thrown [s\open\src\hotspot\share\interpreter\linkResolver.cpp, line 774]
Event: 0.671 Thread 0x000002a6a6e24d20 Exception <a 'java/lang/NoSuchMethodError'{0x0000000712d76c18}: 'int java.lang.invoke.DirectMethodHandle$Holder.invokeSpecial(java.lang.Object, java.lang.Object, java.lang.Object, int)'> (0x0000000712d76c18) 
thrown [s\open\src\hotspot\share\interpreter\linkResolver.cpp, line 774]
Event: 0.673 Thread 0x000002a6a6e24d20 Exception <a 'java/lang/NoSuchMethodError'{0x0000000712d897d0}: 'java.lang.Object java.lang.invoke.DirectMethodHandle$Holder.invokeStatic(java.lang.Object, java.lang.Object, java.lang.Object, java.lang.Object, int)'> (0x0000000712d897d0) 
thrown [s\open\src\hotspot\share\interpreter\linkResolver.cpp, line 774]
Event: 0.674 Thread 0x000002a6a6e24d20 Exception <a 'java/lang/NoSuchMethodError'{0x0000000712d91508}: 'long java.lang.invoke.DirectMethodHandle$Holder.invokeStatic(java.lang.Object, java.lang.Object, int)'> (0x0000000712d91508) 
thrown [s\open\src\hotspot\share\interpreter\linkResolver.cpp, line 774]
Event: 0.676 Thread 0x000002a6a6e24d20 Exception <a 'java/lang/NoSuchMethodError'{0x0000000712d9ca18}: 'java.lang.Object java.lang.invoke.DelegatingMethodHandle$Holder.reinvoke_L(java.lang.Object, int, long, java.lang.Object, java.lang.Object, int, java.lang.Object)'> (0x0000000712d9ca18) 
thrown [s\open\src\hotspot\share\interpreter\linkResolver.cpp, line 774]
Event: 0.677 Thread 0x000002a6a6e24d20 Exception <a 'java/lang/NoSuchMethodError'{0x0000000712da4f08}: 'int java.lang.invoke.DirectMethodHandle$Holder.invokeSpecial(java.lang.Object, java.lang.Object, java.lang.Object)'> (0x0000000712da4f08) 
thrown [s\open\src\hotspot\share\interpreter\linkResolver.cpp, line 774]
Event: 0.682 Thread 0x000002a6a6e24d20 Exception <a 'java/lang/NoSuchMethodError'{0x0000000712dc8780}: 'java.lang.Object java.lang.invoke.DirectMethodHandle$Holder.invokeStatic(java.lang.Object, java.lang.Object, int)'> (0x0000000712dc8780) 
thrown [s\open\src\hotspot\share\interpreter\linkResolver.cpp, line 774]
Event: 0.683 Thread 0x000002a6a6e24d20 Exception <a 'java/lang/NoSuchMethodError'{0x0000000712dd4020}: 'void java.lang.invoke.DelegatingMethodHandle$Holder.delegate(java.lang.Object, java.lang.Object, int, java.lang.Object)'> (0x0000000712dd4020) 
thrown [s\open\src\hotspot\share\interpreter\linkResolver.cpp, line 774]
Event: 1.052 Thread 0x000002a6c7c806a0 Exception <a 'java/lang/NoSuchMethodError'{0x0000000712807928}: 'java.lang.Object java.lang.invoke.Invokers$Holder.invokeExact_MT(java.lang.Object, java.lang.Object, java.lang.Object, java.lang.Object, java.lang.Object, java.lang.Object)'> (0x0000000712807928) 
thrown [s\open\src\hotspot\share\interpreter\linkResolver.cpp, line 774]

ZGC Phase Switch (0 events):
No events

VM Operations (20 events):
Event: 240.846 Executing VM operation: HandshakeAllThreads (HandshakeForDeflation) done
Event: 240.846 Executing VM operation: RendezvousGCThreads
Event: 240.846 Executing VM operation: RendezvousGCThreads done
Event: 303.196 Executing VM operation: G1CollectForAllocation (G1 Evacuation Pause)
Event: 303.266 Executing VM operation: G1CollectForAllocation (G1 Evacuation Pause) done
Event: 361.119 Executing VM operation: HandshakeAllThreads (HandshakeForDeflation)
Event: 361.119 Executing VM operation: HandshakeAllThreads (HandshakeForDeflation) done
Event: 361.119 Executing VM operation: RendezvousGCThreads
Event: 361.119 Executing VM operation: RendezvousGCThreads done
Event: 385.365 Executing VM operation: Cleanup
Event: 385.365 Executing VM operation: Cleanup done
Event: 408.802 Executing VM operation: G1CollectForAllocation (G1 Evacuation Pause)
Event: 408.861 Executing VM operation: G1CollectForAllocation (G1 Evacuation Pause) done
Event: 421.259 Executing VM operation: HandshakeAllThreads (HandshakeForDeflation)
Event: 421.259 Executing VM operation: HandshakeAllThreads (HandshakeForDeflation) done
Event: 421.259 Executing VM operation: RendezvousGCThreads
Event: 421.259 Executing VM operation: RendezvousGCThreads done
Event: 513.393 Executing VM operation: Cleanup
Event: 513.393 Executing VM operation: Cleanup done
Event: 517.097 Executing VM operation: Exit

Events (20 events):
Event: 0.020 Thread 0x000002a6a6e24d20 Thread added: 0x000002a6a6e24d20
Event: 0.036 Thread 0x000002a6c7c7b100 Thread added: 0x000002a6c7c7b100
Event: 0.036 Thread 0x000002a6c7c7be50 Thread added: 0x000002a6c7c7be50
Event: 0.036 Thread 0x000002a6c7c7da40 Thread added: 0x000002a6c7c7da40
Event: 0.036 Thread 0x000002a6c7c806a0 Thread added: 0x000002a6c7c806a0
Event: 0.037 Thread 0x000002a6c7c82200 Thread added: 0x000002a6c7c82200
Event: 0.037 Thread 0x000002a6c7c82e80 Thread added: 0x000002a6c7c82e80
Event: 0.037 Thread 0x000002a6c7c86110 Thread added: 0x000002a6c7c86110
Event: 0.037 Thread 0x000002a70d0986a0 Thread added: 0x000002a70d0986a0
Event: 0.061 Thread 0x000002a70d154b30 Thread added: 0x000002a70d154b30
Event: 0.077 Thread 0x000002a70d1ffec0 Thread added: 0x000002a70d1ffec0
Event: 0.115 Thread 0x000002a70d386b60 Thread added: 0x000002a70d386b60
Event: 0.115 Thread 0x000002a70d3f33a0 Thread added: 0x000002a70d3f33a0
Event: 0.283 Thread 0x000002a70d1ffec0 Thread exited: 0x000002a70d1ffec0
Event: 0.805 Thread 0x000002a70dd2c470 Thread added: 0x000002a70dd2c470
Event: 0.812 Thread 0x000002a70db06b20 Thread added: 0x000002a70db06b20
Event: 1.490 Thread 0x000002a70dd2c470 Thread exited: 0x000002a70dd2c470
Event: 517.081 Thread 0x000002a70d8cc7d0 Thread added: 0x000002a70d8cc7d0
Event: 517.086 Thread 0x000002a70d8cce40 Thread added: 0x000002a70d8cce40
Event: 517.097 Thread 0x000002a70d8cce40 Thread exited: 0x000002a70d8cce40


Dynamic libraries:
0x00007ff779a20000 - 0x00007ff779a2e000 	C:\Users\Öìç²«h\.jdks\openjdk-22.0.1\bin\java.exe
0x00007ffd91130000 - 0x00007ffd91347000 	C:\WINDOWS\SYSTEM32\ntdll.dll
0x00007ffd8fc50000 - 0x00007ffd8fd14000 	C:\WINDOWS\System32\KERNEL32.DLL
0x00007ffd8e600000 - 0x00007ffd8e9b7000 	C:\WINDOWS\System32\KERNELBASE.dll
0x00007ffd8e4e0000 - 0x00007ffd8e5f1000 	C:\WINDOWS\System32\ucrtbase.dll
0x00007ffd886f0000 - 0x00007ffd88707000 	C:\Users\Öìç²«h\.jdks\openjdk-22.0.1\bin\jli.dll
0x00007ffd886d0000 - 0x00007ffd886eb000 	C:\Users\Öìç²«h\.jdks\openjdk-22.0.1\bin\VCRUNTIME140.dll
0x00007ffd8f4a0000 - 0x00007ffd8f64f000 	C:\WINDOWS\System32\USER32.dll
0x00007ffd76f30000 - 0x00007ffd771c3000 	C:\WINDOWS\WinSxS\amd64_microsoft.windows.common-controls_6595b64144ccf1df_6.0.22621.3672_none_2713b9d173822955\COMCTL32.dll
0x00007ffd8ee30000 - 0x00007ffd8ee56000 	C:\WINDOWS\System32\win32u.dll
0x00007ffd90e70000 - 0x00007ffd90f17000 	C:\WINDOWS\System32\msvcrt.dll
0x00007ffd8f8c0000 - 0x00007ffd8f8e9000 	C:\WINDOWS\System32\GDI32.dll
0x00007ffd8eab0000 - 0x00007ffd8ebc8000 	C:\WINDOWS\System32\gdi32full.dll
0x00007ffd8e440000 - 0x00007ffd8e4da000 	C:\WINDOWS\System32\msvcp_win.dll
0x00007ffd8fa80000 - 0x00007ffd8fab1000 	C:\WINDOWS\System32\IMM32.DLL
0x00007ffd89960000 - 0x00007ffd8996c000 	C:\Users\Öìç²«h\.jdks\openjdk-22.0.1\bin\vcruntime140_1.dll
0x00007ffd7fd50000 - 0x00007ffd7fdde000 	C:\Users\Öìç²«h\.jdks\openjdk-22.0.1\bin\msvcp140.dll
0x00007ffccea90000 - 0x00007ffccf7d7000 	C:\Users\Öìç²«h\.jdks\openjdk-22.0.1\bin\server\jvm.dll
0x00007ffd8f800000 - 0x00007ffd8f8b2000 	C:\WINDOWS\System32\ADVAPI32.dll
0x00007ffd8fac0000 - 0x00007ffd8fb68000 	C:\WINDOWS\System32\sechost.dll
0x00007ffd8ed40000 - 0x00007ffd8ed68000 	C:\WINDOWS\System32\bcrypt.dll
0x00007ffd8f2d0000 - 0x00007ffd8f3e4000 	C:\WINDOWS\System32\RPCRT4.dll
0x00007ffd8fde0000 - 0x00007ffd8fe51000 	C:\WINDOWS\System32\WS2_32.dll
0x00007ffd8d2f0000 - 0x00007ffd8d33d000 	C:\WINDOWS\SYSTEM32\POWRPROF.dll
0x00007ffd885a0000 - 0x00007ffd885d4000 	C:\WINDOWS\SYSTEM32\WINMM.dll
0x00007ffd84250000 - 0x00007ffd8425a000 	C:\WINDOWS\SYSTEM32\VERSION.dll
0x00007ffd8d2d0000 - 0x00007ffd8d2e3000 	C:\WINDOWS\SYSTEM32\UMPDC.dll
0x00007ffd8d580000 - 0x00007ffd8d598000 	C:\WINDOWS\SYSTEM32\kernel.appcore.dll
0x00007ffd89940000 - 0x00007ffd8994a000 	C:\Users\Öìç²«h\.jdks\openjdk-22.0.1\bin\jimage.dll
0x00007ffd8b2d0000 - 0x00007ffd8b502000 	C:\WINDOWS\SYSTEM32\DBGHELP.DLL
0x00007ffd8eee0000 - 0x00007ffd8f26e000 	C:\WINDOWS\System32\combase.dll
0x00007ffd8fb70000 - 0x00007ffd8fc47000 	C:\WINDOWS\System32\OLEAUT32.dll
0x00007ffd61510000 - 0x00007ffd61542000 	C:\WINDOWS\SYSTEM32\dbgcore.DLL
0x00007ffd8e9c0000 - 0x00007ffd8ea3b000 	C:\WINDOWS\System32\bcryptPrimitives.dll
0x00007ffd886c0000 - 0x00007ffd886cf000 	C:\Users\Öìç²«h\.jdks\openjdk-22.0.1\bin\instrument.dll
0x00007ffd87a40000 - 0x00007ffd87a5e000 	C:\Users\Öìç²«h\.jdks\openjdk-22.0.1\bin\java.dll
0x00007ffd8fe60000 - 0x00007ffd906c9000 	C:\WINDOWS\System32\SHELL32.dll
0x00007ffd8f650000 - 0x00007ffd8f7f5000 	C:\WINDOWS\System32\ole32.dll
0x00007ffd8c3c0000 - 0x00007ffd8ccbf000 	C:\WINDOWS\SYSTEM32\windows.storage.dll
0x00007ffd8c280000 - 0x00007ffd8c3bf000 	C:\WINDOWS\SYSTEM32\wintypes.dll
0x00007ffd90d70000 - 0x00007ffd90e69000 	C:\WINDOWS\System32\SHCORE.dll
0x00007ffd8f270000 - 0x00007ffd8f2ce000 	C:\WINDOWS\System32\shlwapi.dll
0x00007ffd8e370000 - 0x00007ffd8e397000 	C:\WINDOWS\SYSTEM32\profapi.dll
0x00007ffd7d5d0000 - 0x00007ffd7d6a7000 	C:\Users\Öìç²«h\.jdks\openjdk-22.0.1\bin\jsvml.dll
0x00007ffd87a20000 - 0x00007ffd87a37000 	C:\Users\Öìç²«h\.jdks\openjdk-22.0.1\bin\zip.dll
0x00007ffd87b10000 - 0x00007ffd87b20000 	C:\Users\Öìç²«h\.jdks\openjdk-22.0.1\bin\net.dll
0x00007ffd8d9f0000 - 0x00007ffd8da59000 	C:\WINDOWS\system32\mswsock.dll
0x00007ffd865b0000 - 0x00007ffd865c6000 	C:\Users\Öìç²«h\.jdks\openjdk-22.0.1\bin\nio.dll
0x00007ffd86580000 - 0x00007ffd8659a000 	D:\IntelliJ IDEA\IntelliJ IDEA 2023.2.1\bin\breakgen64.dll
0x00007ffd86540000 - 0x00007ffd86550000 	C:\Users\Öìç²«h\.jdks\openjdk-22.0.1\bin\verify.dll
0x00007ffd86530000 - 0x00007ffd86539000 	C:\Users\Öìç²«h\.jdks\openjdk-22.0.1\bin\extnet.dll
0x0000000180000000 - 0x0000000180053000 	D:\SHITS\Computer Graphics\Assignment 3\Assignment3 to be completed\Assignment3\lwjgl64.dll
0x00007ffd75070000 - 0x00007ffd75170000 	C:\WINDOWS\SYSTEM32\OPENGL32.dll
0x00007ffd7cae0000 - 0x00007ffd7cb0d000 	C:\WINDOWS\SYSTEM32\GLU32.dll
0x00007ffd8bba0000 - 0x00007ffd8bbd7000 	C:\WINDOWS\SYSTEM32\dxcore.dll
0x00007ffd89c20000 - 0x00007ffd89cdd000 	C:\WINDOWS\SYSTEM32\mscms.dll
0x00007ffd8f3f0000 - 0x00007ffd8f4a0000 	C:\WINDOWS\System32\clbcatq.dll
0x00007ffd82930000 - 0x00007ffd8297e000 	C:\Windows\System32\Windows.Internal.Graphics.Display.DisplayColorManagement.dll
0x00007ffd8e130000 - 0x00007ffd8e17e000 	C:\WINDOWS\SYSTEM32\cfgmgr32.dll
0x00007ffd8b8a0000 - 0x00007ffd8b951000 	C:\WINDOWS\system32\uxtheme.dll
0x00007ffd8f910000 - 0x00007ffd8fa70000 	C:\WINDOWS\System32\MSCTF.dll
0x00007ffd85100000 - 0x00007ffd85149000 	C:\WINDOWS\SYSTEM32\directxdatabasehelper.dll
0x00007ffd87cf0000 - 0x00007ffd87e34000 	C:\Windows\System32\AppXDeploymentClient.dll
0x00007ffc91170000 - 0x00007ffc92142000 	C:\WINDOWS\System32\DriverStore\FileRepository\iigd_dch.inf_amd64_59944c5032d36b90\igxelpicd64.dll
0x00007ffd8bb30000 - 0x00007ffd8bb5b000 	C:\WINDOWS\system32\dwmapi.dll
0x00007ffd8ba20000 - 0x00007ffd8bb17000 	C:\WINDOWS\system32\dxgi.dll
0x00007ffd76100000 - 0x00007ffd7623c000 	C:\WINDOWS\System32\DriverStore\FileRepository\iigd_dch.inf_amd64_59944c5032d36b90\igdml64.dll
0x00007ffd80cc0000 - 0x00007ffd810ca000 	C:\WINDOWS\System32\DriverStore\FileRepository\iigd_dch.inf_amd64_59944c5032d36b90\igdgmm64.dll
0x00007ffd83720000 - 0x00007ffd83863000 	C:\WINDOWS\SYSTEM32\textinputframework.dll
0x00007ffd875b0000 - 0x00007ffd876e3000 	C:\WINDOWS\SYSTEM32\CoreMessaging.dll
0x00007ffd84d90000 - 0x00007ffd850fd000 	C:\WINDOWS\SYSTEM32\CoreUIComponents.dll
0x00007ffd8dc60000 - 0x00007ffd8dc6c000 	C:\WINDOWS\SYSTEM32\CRYPTBASE.DLL
0x00007ffd6c410000 - 0x00007ffd6c859000 	C:\WINDOWS\SYSTEM32\uiautomationcore.dll
0x00007ffd6c2f0000 - 0x00007ffd6c359000 	C:\WINDOWS\system32\Oleacc.dll
0x00007ffd23e00000 - 0x00007ffd23e4a000 	C:\WINDOWS\SYSTEM32\icm32.dll
0x00007ffd74a00000 - 0x00007ffd74a4b000 	C:\WINDOWS\system32\ApplicationTargetedFeatureDatabase.dll
0x00007ffd856a0000 - 0x00007ffd85942000 	C:\Windows\System32\twinapi.appcore.dll
0x00007ffd728b0000 - 0x00007ffd728c5000 	C:\Windows\System32\threadpoolwinrt.dll
0x00007ffd77eb0000 - 0x00007ffd7c520000 	C:\WINDOWS\System32\DriverStore\FileRepository\iigd_dch.inf_amd64_59944c5032d36b90\igc64.dll
0x00007ffd1bba0000 - 0x00007ffd1bd2d000 	C:\Users\Öìç²«h\.jdks\openjdk-22.0.1\bin\awt.dll
0x00007ffd89ef0000 - 0x00007ffd89f87000 	C:\WINDOWS\SYSTEM32\apphelp.dll
0x00007ffd29fc0000 - 0x00007ffd2a088000 	C:\WINDOWS\system32\msctfuimanager.dll
0x00007ffd64500000 - 0x00007ffd646bc000 	C:\WINDOWS\system32\DUI70.dll
0x00007ffd4b190000 - 0x00007ffd4b229000 	C:\WINDOWS\system32\DUser.dll
0x00007ffd8e2b0000 - 0x00007ffd8e353000 	C:\WINDOWS\SYSTEM32\sxs.dll
0x00007ffd841d0000 - 0x00007ffd8421b000 	C:\WINDOWS\System32\UIAnimation.dll
0x00007ffd86600000 - 0x00007ffd86873000 	C:\WINDOWS\system32\dwrite.dll
0x00007ffd86250000 - 0x00007ffd864a7000 	C:\WINDOWS\system32\d3d11.dll
0x00007ffd83870000 - 0x00007ffd83f83000 	C:\WINDOWS\SYSTEM32\D3D10Warp.dll
0x00007ffd86ef0000 - 0x00007ffd87145000 	C:\WINDOWS\SYSTEM32\dcomp.dll
0x00007ffd73910000 - 0x00007ffd739ad000 	C:\WINDOWS\system32\directmanipulation.dll
0x00007ffd6d2c0000 - 0x00007ffd6d371000 	C:\WINDOWS\SYSTEM32\TextShaping.dll
0x00007ffd85660000 - 0x00007ffd85697000 	C:\WINDOWS\system32\xmllite.dll
0x00007ffd88730000 - 0x00007ffd8873e000 	C:\WINDOWS\SYSTEM32\atlthunk.dll
0x00007ffd7d6b0000 - 0x00007ffd7d760000 	C:\Windows\System32\OneCoreCommonProxyStub.dll

dbghelp: loaded successfully - version: 4.0.5 - missing functions: none
symbol engine: initialized successfully - sym options: 0x614 - pdb path: .;C:\Users\Öìç²«h\.jdks\openjdk-22.0.1\bin;C:\WINDOWS\SYSTEM32;C:\WINDOWS\WinSxS\amd64_microsoft.windows.common-controls_6595b64144ccf1df_6.0.22621.3672_none_2713b9d173822955;C:\Users\Öìç²«h\.jdks\openjdk-22.0.1\bin\;C:\Users\Öìç²«h\.jdks\openjdk-22.0.1\b;C:\Users\Öìç²«h\.jdks\openjdk-22.0.;C:\Users\Öìç²«h\.jdks\openjdk-22;C:\Users\Öìç²«h\.jdks\openjdk;C:\Users\Öìç²«h\.jdks\open;C:\Users\Öìç²«h\.jdks\openjdk-22.0.1\bin\server;D:\IntelliJ IDEA\In;D:\IntelliJ IDEA\In;D:\IntelliJ IDEA\In;D:\IntelliJ IDEA\IntelliJ IDEA 2023.2.1\bin;D:\SHITS\Computer Graphics\Assignment 3\Assignment3 to ;D:\SHITS\Computer Graphics\Assignment 3\Assignment3 to be completed\Assignment3;C:\WINDOWS\System32\DriverStore\FileRepository\iigd_dch.in;C:\WINDOWS\System32\DriverStore\FileRepository\iigd_dch.in;C:\WINDOWS\System32\DriverStore\FileRepository\iigd_dch.in

VM Arguments:
jvm_args: -javaagent:D:\IntelliJ IDEA\IntelliJ IDEA 2023.2.1\lib\idea_rt.jar=45255:D:\IntelliJ IDEA\IntelliJ IDEA 2023.2.1\bin -Dfile.encoding=UTF-8 -Dsun.stdout.encoding=UTF-8 -Dsun.stderr.encoding=UTF-8 
java_command: MainWindow
java_class_path (initial): D:\SHITS\Computer Graphics\Assignment 3\Assignment3 to be completed\Assignment3\bin;D:\SHITS\Computer Graphics\Assignment 3\Assignment3 to be completed\Assignment3\LWJGL\AppleJavaExtensions.jar;D:\SHITS\Computer Graphics\Assignment 3\Assignment3 to be completed\Assignment3\LWJGL\asm-debug-all.jar;D:\SHITS\Computer Graphics\Assignment 3\Assignment3 to be completed\Assignment3\LWJGL\jinput.jar;D:\SHITS\Computer Graphics\Assignment 3\Assignment3 to be completed\Assignment3\LWJGL\laf-plugin-7.2.1.jar;D:\SHITS\Computer Graphics\Assignment 3\Assignment3 to be completed\Assignment3\LWJGL\laf-widget-7.2.1.jar;D:\SHITS\Computer Graphics\Assignment 3\Assignment3 to be completed\Assignment3\LWJGL\log4j-api-2.0-beta9.jar;D:\SHITS\Computer Graphics\Assignment 3\Assignment3 to be completed\Assignment3\LWJGL\lwjgl_test.jar;D:\SHITS\Computer Graphics\Assignment 3\Assignment3 to be completed\Assignment3\LWJGL\lwjgl_util_applet.jar;D:\SHITS\Computer Graphics\Assignment 3\Assignment3 to be completed\Assignment3\LWJGL\lwjgl_util.jar;D:\SHITS\Computer Graphics\Assignment 3\Assignment3 to be completed\Assignment3\LWJGL\lwjgl-debug.jar;D:\SHITS\Computer Graphics\Assignment 3\Assignment3 to be completed\Assignment3\LWJGL\lwjgl.jar;D:\SHITS\Computer Graphics\Assignment 3\Assignment3 to be completed\Assignment3\LWJGL\lzma.jar;D:\SHITS\Computer Graphics\Assignment 3\Assignment3 to be completed\Assignment3\LWJGL\substance-7.2.1.jar;D:\SHITS\Computer Graphics\Assignment 3\Assignment3 to be completed\Assignment3\LWJGL\trident-7.2.1.jar;D:\SHITS\Computer Graphics\Assignment 3\Assignment3 to be completed\Assignment3\LWJGL\slick-util.jar
Launcher Type: SUN_STANDARD

[Global flags]
     intx CICompilerCount                          = 4                                         {product} {ergonomic}
     uint ConcGCThreads                            = 2                                         {product} {ergonomic}
     uint G1ConcRefinementThreads                  = 8                                         {product} {ergonomic}
   size_t G1HeapRegionSize                         = 2097152                                   {product} {ergonomic}
   size_t InitialHeapSize                          = 266338304                                 {product} {ergonomic}
   size_t MarkStackSize                            = 4194304                                   {product} {ergonomic}
   size_t MaxHeapSize                              = 4238344192                                {product} {ergonomic}
   size_t MaxNewSize                               = 2541748224                                {product} {ergonomic}
   size_t MinHeapDeltaBytes                        = 2097152                                   {product} {ergonomic}
   size_t MinHeapSize                              = 8388608                                   {product} {ergonomic}
    uintx NonNMethodCodeHeapSize                   = 5839372                                {pd product} {ergonomic}
    uintx NonProfiledCodeHeapSize                  = 122909434                              {pd product} {ergonomic}
    uintx ProfiledCodeHeapSize                     = 122909434                              {pd product} {ergonomic}
    uintx ReservedCodeCacheSize                    = 251658240                              {pd product} {ergonomic}
     bool SegmentedCodeCache                       = true                                      {product} {ergonomic}
   size_t SoftMaxHeapSize                          = 4238344192                             {manageable} {ergonomic}
     bool UseCompressedOops                        = true                           {product lp64_product} {ergonomic}
     bool UseG1GC                                  = true                                      {product} {ergonomic}
     bool UseLargePagesIndividualAllocation        = false                                  {pd product} {ergonomic}

Logging:
Log output configuration:
 #0: stdout all=off uptime,level,tags foldmultilines=false
 #1: stderr all=off uptime,level,tags foldmultilines=false

Environment Variables:
PATH=C:\Program Files\Common Files\Oracle\Java\javapath;C:\Program Files\Python310\Scripts\;C:\Program Files\Python310\;C:\Windows\System32\HWAudioDriverLibs;C:\Windows\system32;C:\Windows;C:\Windows\System32\Wbem;C:\Windows\System32\WindowsPowerShell\v1.0\;C:\Windows\System32\OpenSSH\;C:\Users\Administrator\AppData\Local\Microsoft\WindowsApps;C:\WINDOWS\system32;C:\WINDOWS;C:\WINDOWS\System32\Wbem;C:\WINDOWS\System32\WindowsPowerShell\v1.0\;C:\WINDOWS\System32\OpenSSH\;C:\Program Files\MATLAB\R2023a\bin;C:\Program Files (x86)\Microsoft SQL Server\160\Tools\Binn\;C:\Program Files\Microsoft SQL Server\160\Tools\Binn\;C:\Program Files\Microsoft SQL Server\Client SDK\ODBC\170\Tools\Binn\;C:\Program Files\Microsoft SQL Server\160\DTS\Binn\;C:\Program Files\Azure Data Studio\bin;D:\Downloads\EasyShare\x86\;D:\Downloads\EasyShare\x64\;D:\Download\Git\cmd;C:\Users\Öìç²«h\AppData\Local\Microsoft\WindowsApps;D:\texlive\texlive\2023\bin\windows;C:\Program Files\Azure Data Studio\bin
USERNAME=Öìç²«h
OS=Windows_NT
PROCESSOR_IDENTIFIER=Intel64 Family 6 Model 140 Stepping 1, GenuineIntel
TMP=C:\WINDOWS\TEMP
TEMP=C:\WINDOWS\TEMP




Periodic native trim disabled

---------------  S Y S T E M  ---------------

OS:
 Windows 11 , 64 bit Build 22621 (10.0.22621.3958)
OS uptime: 25 days 3:06 hours

CPU: total 8 (initial active 8) (4 cores per cpu, 2 threads per core) family 6 model 140 stepping 1 microcode 0x86, cx8, cmov, fxsr, ht, mmx, 3dnowpref, sse, sse2, sse3, ssse3, sse4.1, sse4.2, popcnt, lzcnt, tsc, tscinvbit, avx, avx2, aes, erms, clmul, bmi1, bmi2, adx, avx512f, avx512dq, avx512cd, avx512bw, avx512vl, sha, fma, vzeroupper, avx512_vpopcntdq, avx512_vpclmulqdq, avx512_vaes, avx512_vnni, clflush, clflushopt, clwb, avx512_vbmi2, avx512_vbmi, rdtscp, rdpid, fsrm, gfni, avx512_bitalg, f16c, pku, cet_ibt, cet_ss, avx512_ifma
Processor Information for all 8 processors :
  Max Mhz: 2112, Current Mhz: 1206, Mhz Limit: 1203

Memory: 4k page, system-wide physical 16167M (3922M free)
TotalPageFile size 24871M (AvailPageFile size 7120M)
current process WorkingSet (physical memory assigned to process): 920M, peak: 993M
current process commit charge ("private bytes"): 1033M, peak: 1107M

vm_info: OpenJDK 64-Bit Server VM (22.0.1+8-16) for windows-amd64 JRE (22.0.1+8-16), built on 2024-03-12T10:33:16Z by "mach5one" with MS VC++ 17.6 (VS2022)

END.
