#
# A fatal error has been detected by the Java Runtime Environment:
#
#  EXCEPTION_ACCESS_VIOLATION (0xc0000005) at pc=0x00007ffc87a9c02a, pid=7400, tid=14352
#
# JRE version: OpenJDK Runtime Environment (22.0.1+8) (build 22.0.1+8-16)
# Java VM: OpenJDK 64-Bit Server VM (22.0.1+8-16, mixed mode, sharing, tiered, compressed oops, compressed class ptrs, g1 gc, windows-amd64)
# Problematic frame:
# C  [igxelpicd64.dll+0x36c02a]
#
# No core dump will be written. Minidumps are not enabled by default on client versions of Windows
#
# If you would like to submit a bug report, please visit:
#   https://bugreport.java.com/bugreport/crash.jsp
#

---------------  S U M M A R Y ------------

Command Line: -javaagent:D:\IntelliJ IDEA\IntelliJ IDEA 2023.2.1\lib\idea_rt.jar=25720:D:\IntelliJ IDEA\IntelliJ IDEA 2023.2.1\bin -Dfile.encoding=UTF-8 -Dsun.stdout.encoding=UTF-8 -Dsun.stderr.encoding=UTF-8 MainWindow

Host: 11th Gen Intel(R) Core(TM) i7-1160G7 @ 1.20GHz, 8 cores, 15G,  Windows 11 , 64 bit Build 22621 (10.0.22621.3958)
Time: Sun Nov 10 19:53:32 2024  Windows 11 , 64 bit Build 22621 (10.0.22621.3958) elapsed time: 107.097302 seconds (0d 0h 1m 47s)

---------------  T H R E A D  ---------------

Current thread (0x000001fa63e35f50):  VMThread "VM Thread"          [id=14352, stack(0x0000006a4a500000,0x0000006a4a600000) (1024K)]

Stack: [0x0000006a4a500000,0x0000006a4a600000],  sp=0x0000006a4a5fe4f0,  free space=1017k
Native frames: (J=compiled Java code, j=interpreted, Vv=VM code, C=native code)
C  [igxelpicd64.dll+0x36c02a]  (no source info available)
C  [igxelpicd64.dll+0x9a847]  (no source info available)
C  [igxelpicd64.dll+0x2d956e]  (no source info available)
C  [igxelpicd64.dll+0x21300e]  (no source info available)
C  [igxelpicd64.dll+0x1c4416]  (no source info available)
C  [igxelpicd64.dll+0x1c460f]  (no source info available)
C  [igxelpicd64.dll+0xa368f]  (no source info available)
C  [igxelpicd64.dll+0xa34bd]  (no source info available)
C  [igxelpicd64.dll+0x7cd62b]  (no source info available)
C  [ntdll.dll+0x28b5f]  (no source info available)
C  [ntdll.dll+0x51566]  (no source info available)
C  [ntdll.dll+0x5115d]  (no source info available)
C  [KERNEL32.DLL+0x17fab]  (no source info available)
C  [ucrtbase.dll+0x1bed8]  (no source info available)
C  [ucrtbase.dll+0x1c099]  (no source info available)
V  [jvm.dll+0x6db40b]  (no source info available)
V  [jvm.dll+0x6daf40]  (no source info available)
V  [jvm.dll+0x3e1ea4]  (no source info available)
V  [jvm.dll+0x87d7d0]  (no source info available)
V  [jvm.dll+0x87eb57]  (no source info available)
V  [jvm.dll+0x87f0d0]  (no source info available)
V  [jvm.dll+0x87f373]  (no source info available)
V  [jvm.dll+0x81d44b]  (no source info available)
V  [jvm.dll+0x6e0915]  (no source info available)
C  [ucrtbase.dll+0x29333]  (no source info available)
C  [KERNEL32.DLL+0x1257d]  (no source info available)
C  [ntdll.dll+0x5af08]  (no source info available)


siginfo: EXCEPTION_ACCESS_VIOLATION (0xc0000005), reading address 0x0000000000035888


Registers:
RAX=0x000001fa792a6458, RBX=0x0000000000000000, RCX=0x0000000000000000, RDX=0x00000000fffffff0
RSP=0x0000006a4a5fe4f0, RBP=0x0000006a4a5fe558, RSI=0x000001fa681dbd00, RDI=0x0000000000000000
R8 =0x0000000000000000, R9 =0x0000000000000000, R10=0x000001fa792a6920, R11=0x0000000000000246
R12=0x000001fa681118d8, R13=0x0000000000000000, R14=0x000001fa792a6350, R15=0x0000000000000016
RIP=0x00007ffc87a9c02a, EFLAGS=0x0000000000010202


Register to memory mapping:

RAX=0x000001fa792a6458 points into unknown readable memory: 0x00000000001a5bf1 | f1 5b 1a 00 00 00 00 00
RBX=0x0 is null
RCX=0x0 is null
RDX=0x00000000fffffff0 is an unknown value
RSP=0x0000006a4a5fe4f0 points into unknown readable memory: 0x000001fa4140c6b0 | b0 c6 40 41 fa 01 00 00
RBP=0x0000006a4a5fe558 points into unknown readable memory: 0x000000000000000f | 0f 00 00 00 00 00 00 00
RSI=0x000001fa681dbd00 points into unknown readable memory: 0x000001fa42c60100 | 00 01 c6 42 fa 01 00 00
RDI=0x0 is null
R8 =0x0 is null
R9 =0x0 is null
R10=0x000001fa792a6920 points into unknown readable memory: 0x000001fa6868e5c0 | c0 e5 68 68 fa 01 00 00
R11=0x0000000000000246 is an unknown value
R12=0x000001fa681118d8 points into unknown readable memory: 0x0000000000040000 | 00 00 04 00 00 00 00 00
R13=0x0 is null
R14=0x000001fa792a6350 points into unknown readable memory: 0x000001fa413f76d0 | d0 76 3f 41 fa 01 00 00
R15=0x0000000000000016 is an unknown value

Top of Stack: (sp=0x0000006a4a5fe4f0)
0x0000006a4a5fe4f0:   000001fa4140c6b0 0000000000000000
0x0000006a4a5fe500:   0000006a4a5fe6a0 00007ffd8f4a42a9
0x0000006a4a5fe510:   000001fa6868e5c0 0000000000000000
0x0000006a4a5fe520:   000001fa4140c6b0 000001fa792a6920
0x0000006a4a5fe530:   02b70cfd02c7d8fb 00007ffd911d4114
0x0000006a4a5fe540:   024f78fe01e5dffd 01dd10ff02c191fe
0x0000006a4a5fe550:   024130ff00961bff 000000000000000f
0x0000006a4a5fe560:   00000000001a5cf6 0000b80200000000
0x0000006a4a5fe570:   000001fa681118d8 0000000000000000
0x0000006a4a5fe580:   0000000000000000 000001fa681dbd00
0x0000006a4a5fe590:   0000006a4a5fe6a0 00007ffc877ca847
0x0000006a4a5fe5a0:   000001fa681dbd00 0000000000000016
0x0000006a4a5fe5b0:   284302ade2400200 0b4802eeca450200
0x0000006a4a5fe5c0:   0000006a00002c00 885602e700000000
0x0000006a4a5fe5d0:   0000000000000000 9367030c445e030b
0x0000006a4a5fe5e0:   006f02d5316b0318 867802a4c77402bc
0x0000006a4a5fe5f0:   4a8002f6327a02c1 2284030d23810271
0x0000006a4a5fe600:   648c02974d8a02b5 27900303d58d02f7
0x0000006a4a5fe610:   809602ff2e90020b ec9903189c9602f1
0x0000006a4a5fe620:   4ea402ea1a9e0329 9ba902b9a9a40317
0x0000006a4a5fe630:   9faa02fe53aa0320 000001fa680dc980
0x0000006a4a5fe640:   000001fa6b000000 0000000000000060
0x0000006a4a5fe650:   0000b80200000000 0000000000002c00
0x0000006a4a5fe660:   0000000000000000 4000044000000001
0x0000006a4a5fe670:   0000000000000000 0000000000000000
0x0000006a4a5fe680:   0000000000000000 0000000000000000
0x0000006a4a5fe690:   0000000000000000 0000000000000000
0x0000006a4a5fe6a0:   0000000000000000 0000000000000000
0x0000006a4a5fe6b0:   0000000000000000 0000000000000000
0x0000006a4a5fe6c0:   0000000000000000 0000000000000000
0x0000006a4a5fe6d0:   0000000000000000 0000000000000000
0x0000006a4a5fe6e0:   0000000000000000 0000000000000000 

Instructions: (pc=0x00007ffc87a9c02a)
0x00007ffc87a9bf2a:   25 58 00 00 00 41 bd 20 00 00 00 48 8b 04 f8 4e
0x00007ffc87a9bf3a:   8b 2c 28 40 8a 7d 58 4c 3b 2d 38 98 ba 00 45 0f
0x00007ffc87a9bf4a:   44 f8 44 89 7d 50 48 85 c9 0f 84 69 07 00 00 33
0x00007ffc87a9bf5a:   db 4c 8b f1 4c 8d 91 d0 05 00 00 4c 89 55 d0 49
0x00007ffc87a9bf6a:   8b 02 48 89 45 b8 40 84 ff 74 10 48 8b d1 48 8b
0x00007ffc87a9bf7a:   09 e8 f0 2a d3 ff e9 f0 06 00 00 44 8b 86 c8 01
0x00007ffc87a9bf8a:   00 00 48 8b 05 6d 71 aa 00 83 b8 68 03 00 00 02
0x00007ffc87a9bf9a:   0f 85 1e 02 00 00 41 8d 50 f0 41 83 f8 10 73 11
0x00007ffc87a9bfaa:   4a 8d 04 c5 21 00 00 00 49 03 c0 48 8d 04 c1 eb
0x00007ffc87a9bfba:   5b 8b c2 c1 e8 04 83 f8 03 73 1f 0f ae e8 8b ca
0x00007ffc87a9bfca:   83 e1 0f 4d 8b 8c c6 88 05 00 00 4d 85 c9 74 21
0x00007ffc87a9bfda:   48 8d 0c c9 49 8d 04 c9 eb 32 48 8b 81 a0 05 00
0x00007ffc87a9bfea:   00 eb 09 44 39 00 74 2f 48 8b 40 50 48 85 c0 75
0x00007ffc87a9bffa:   f2 41 38 9e a8 05 00 00 74 23 41 8b c0 83 e0 0f
0x00007ffc87a9c00a:   48 8d 04 c0 48 8d 40 21 49 8d 04 c6 48 85 c0 74
0x00007ffc87a9c01a:   0c 48 8b 48 08 eb 09 48 83 c0 08 eb ef 48 8b cb
0x00007ffc87a9c02a:   49 3b 8d 88 58 03 00 0f 86 87 01 00 00 41 83 f8
0x00007ffc87a9c03a:   10 73 0d 4a 8d 04 c5 21 00 00 00 49 03 c0 eb 55
0x00007ffc87a9c04a:   8b c2 c1 e8 04 83 f8 03 73 1d 0f ae e8 83 e2 0f
0x00007ffc87a9c05a:   4d 8b 8c c6 88 05 00 00 4d 85 c9 74 21 48 8d 0c
0x00007ffc87a9c06a:   d2 49 8d 04 c9 eb 32 49 8b 86 a0 05 00 00 eb 09
0x00007ffc87a9c07a:   44 39 00 74 2f 48 8b 40 50 48 85 c0 75 f2 41 38
0x00007ffc87a9c08a:   9e a8 05 00 00 74 23 41 8b c0 83 e0 0f 48 8d 04
0x00007ffc87a9c09a:   c0 48 8d 40 21 49 8d 04 c6 48 85 c0 74 0c 48 8b
0x00007ffc87a9c0aa:   48 08 eb 09 48 83 c0 08 eb ef 48 8b cb 49 3b 8e
0x00007ffc87a9c0ba:   48 06 00 00 0f 86 fa 00 00 00 48 8b 86 78 02 00
0x00007ffc87a9c0ca:   00 49 89 02 4c 89 b6 78 02 00 00 ff 86 80 02 00
0x00007ffc87a9c0da:   00 ba 01 00 00 00 49 8b 4e 08 e8 d7 4a cd ff 0f
0x00007ffc87a9c0ea:   b7 c8 48 2b c1 48 05 00 00 01 00 48 01 86 88 02
0x00007ffc87a9c0fa:   00 00 ba 01 00 00 00 49 8b 4e 08 e8 b6 4a cd ff
0x00007ffc87a9c10a:   48 01 86 98 02 00 00 45 85 ff 0f 84 9a 00 00 00
0x00007ffc87a9c11a:   49 8b 9d 38 50 03 00 0f 57 c0 f3 0f 7f 45 d8 45 


Stack slot to memory mapping:

stack at sp + 0 slots: 0x000001fa4140c6b0 points into unknown readable memory: 0xffffffffffffffff | ff ff ff ff ff ff ff ff
stack at sp + 1 slots: 0x0 is null
stack at sp + 2 slots: 0x0000006a4a5fe6a0 points into unknown readable memory: 0x0000000000000000 | 00 00 00 00 00 00 00 00
stack at sp + 3 slots: 0x00007ffd8f4a42a9 USER32.dll
stack at sp + 4 slots: 0x000001fa6868e5c0 points into unknown readable memory: 0x000001fa413f76d0 | d0 76 3f 41 fa 01 00 00
stack at sp + 5 slots: 0x0 is null
stack at sp + 6 slots: 0x000001fa4140c6b0 points into unknown readable memory: 0xffffffffffffffff | ff ff ff ff ff ff ff ff
stack at sp + 7 slots: 0x000001fa792a6920 points into unknown readable memory: 0x000001fa6868e5c0 | c0 e5 68 68 fa 01 00 00

VM_Operation (0x0000006a49bfef50): Exit, mode: safepoint, requested by thread 0x000001fa4126c030


---------------  P R O C E S S  ---------------

Threads class SMR info:
_java_thread_list=0x000001fa68709d70, length=15, elements={
0x000001fa42c94ee0, 0x000001fa63e54f90, 0x000001fa63e568f0, 0x000001fa63e59fa0,
0x000001fa63e5cb00, 0x000001fa63e5dfa0, 0x000001fa63e80590, 0x000001fa63e8a220,
0x000001fa63e8b020, 0x000001fa411453f0, 0x000001fa4137ca60, 0x000001fa4137f0e0,
0x000001fa68555c60, 0x000001fa792c6ba0, 0x000001fa4126c030
}

Java Threads: ( => current thread )
  0x000001fa42c94ee0 JavaThread "main"                              [_thread_blocked, id=26368, stack(0x0000006a49e00000,0x0000006a49f00000) (1024K)]
  0x000001fa63e54f90 JavaThread "Reference Handler"          daemon [_thread_blocked, id=29720, stack(0x0000006a4a600000,0x0000006a4a700000) (1024K)]
  0x000001fa63e568f0 JavaThread "Finalizer"                  daemon [_thread_blocked, id=16416, stack(0x0000006a4a700000,0x0000006a4a800000) (1024K)]
  0x000001fa63e59fa0 JavaThread "Signal Dispatcher"          daemon [_thread_blocked, id=1392, stack(0x0000006a4a800000,0x0000006a4a900000) (1024K)]
  0x000001fa63e5cb00 JavaThread "Attach Listener"            daemon [_thread_blocked, id=17784, stack(0x0000006a4a900000,0x0000006a4aa00000) (1024K)]
  0x000001fa63e5dfa0 JavaThread "Service Thread"             daemon [_thread_blocked, id=25752, stack(0x0000006a4aa00000,0x0000006a4ab00000) (1024K)]
  0x000001fa63e80590 JavaThread "Monitor Deflation Thread"   daemon [_thread_blocked, id=24080, stack(0x0000006a4ab00000,0x0000006a4ac00000) (1024K)]
  0x000001fa63e8a220 JavaThread "C2 CompilerThread0"         daemon [_thread_blocked, id=25696, stack(0x0000006a4ac00000,0x0000006a4ad00000) (1024K)]
  0x000001fa63e8b020 JavaThread "C1 CompilerThread0"         daemon [_thread_blocked, id=14148, stack(0x0000006a4ad00000,0x0000006a4ae00000) (1024K)]
  0x000001fa411453f0 JavaThread "Common-Cleaner"             daemon [_thread_blocked, id=24184, stack(0x0000006a4ae00000,0x0000006a4af00000) (1024K)]
  0x000001fa4137ca60 JavaThread "Monitor Ctrl-Break"         daemon [_thread_in_native, id=16712, stack(0x0000006a4af00000,0x0000006a4b000000) (1024K)]
  0x000001fa4137f0e0 JavaThread "Notification Thread"        daemon [_thread_blocked, id=16228, stack(0x0000006a4b000000,0x0000006a4b100000) (1024K)]
  0x000001fa68555c60 JavaThread "Java2D Disposer"            daemon [_thread_blocked, id=25976, stack(0x0000006a4b900000,0x0000006a4ba00000) (1024K)]
  0x000001fa792c6ba0 JavaThread "LWJGL Timer"                daemon [_thread_blocked, id=5516, stack(0x0000006a4c100000,0x0000006a4c200000) (1024K)]
  0x000001fa4126c030 JavaThread "SIGINT handler"             daemon [_thread_blocked, id=29548, stack(0x0000006a49b00000,0x0000006a49c00000) (1024K)]
Total: 15

Other Threads:
=>0x000001fa63e35f50 VMThread "VM Thread"                           [id=14352, stack(0x0000006a4a500000,0x0000006a4a600000) (1024K)]
  0x000001fa44ef1600 WorkerThread "GC Thread#0"                     [id=3756, stack(0x0000006a49f00000,0x0000006a4a000000) (1024K)]
  0x000001fa685547b0 WorkerThread "GC Thread#1"                     [id=5004, stack(0x0000006a4ba00000,0x0000006a4bb00000) (1024K)]
  0x000001fa68555670 WorkerThread "GC Thread#2"                     [id=19480, stack(0x0000006a4bb00000,0x0000006a4bc00000) (1024K)]
  0x000001fa68554b60 WorkerThread "GC Thread#3"                     [id=30612, stack(0x0000006a4bc00000,0x0000006a4bd00000) (1024K)]
  0x000001fa68554f10 WorkerThread "GC Thread#4"                     [id=31628, stack(0x0000006a4bd00000,0x0000006a4be00000) (1024K)]
  0x000001fa68554400 WorkerThread "GC Thread#5"                     [id=25756, stack(0x0000006a4be00000,0x0000006a4bf00000) (1024K)]
  0x000001fa685552c0 WorkerThread "GC Thread#6"                     [id=2972, stack(0x0000006a4bf00000,0x0000006a4c000000) (1024K)]
  0x000001fa68553ca0 WorkerThread "GC Thread#7"                     [id=18156, stack(0x0000006a4c000000,0x0000006a4c100000) (1024K)]
  0x000001fa44f02280 ConcurrentGCThread "G1 Main Marker"            terminated
  0x000001fa44f02f40 WorkerThread "G1 Conc#0"                       [id=10484, stack(0x0000006a4a100000,0x0000006a4a200000) (1024K)]
  0x000001fa44f4e230 ConcurrentGCThread "G1 Refine#0"               terminated
  0x000001fa63ced550 ConcurrentGCThread "G1 Service"                terminated
Total: 13

Threads with active compile tasks:
Total: 0

VM state: at safepoint (shutting down)

VM Mutex/Monitor currently owned by a thread:  ([mutex/lock_event])
[0x00007ffcfc9fbbb8] Threads_lock - owner thread: 0x000001fa63e35f50
[0x00007ffcfc9fbcb8] Heap_lock - owner thread: 0x000001fa4126c030

Heap address: 0x0000000703600000, size: 4042 MB, Compressed Oops mode: Zero based, Oop shift amount: 3

CDS archive(s) mapped at: [0x000001fa00000000-0x000001fa00c50000-0x000001fa00c50000), size 12910592, SharedBaseAddress: 0x000001fa00000000, ArchiveRelocationMode: 1.
Compressed class space mapped at: 0x000001fa01000000-0x000001fa41000000, reserved size: 1073741824
Narrow klass base: 0x000001fa00000000, Narrow klass shift: 0, Narrow klass range: 0x41000000

GC Precious Log:
 CardTable entry size: 512
 Card Set container configuration: InlinePtr #cards 4 size 8 Array Of Cards #cards 16 size 48 Howl #buckets 8 coarsen threshold 3686 Howl Bitmap #cards 512 size 80 coarsen threshold 460 Card regions per heap region 1 cards per card region 4096
 CPUs: 8 total, 8 available
 Memory: 16167M
 Large Page Support: Disabled
 NUMA Support: Disabled
 Compressed Oops: Enabled (Zero based)
 Heap Region Size: 2M
 Heap Min Capacity: 8M
 Heap Initial Capacity: 254M
 Heap Max Capacity: 4042M
 Pre-touch: Disabled
 Parallel Workers: 8
 Concurrent Workers: 2
 Concurrent Refinement Workers: 8
 Periodic GC: Disabled

Heap:
 garbage-first heap   total reserved 4139008K, committed 260096K, used 78847K [0x0000000703600000, 0x0000000800000000)
  region size 2048K, 26 young (53248K), 2 survivors (4096K)
 Metaspace       used 6544K, committed 6784K, reserved 1114112K
  class space    used 570K, committed 704K, reserved 1048576K

Heap Regions: E=young(eden), S=young(survivor), O=old, HS=humongous(starts), HC=humongous(continues), CS=collection set, F=free, TAMS=top-at-mark-start, PB=parsable bottom
|   0|0x0000000703600000, 0x0000000703800000, 0x0000000703800000|100%|HS|  |TAMS 0x0000000703600000| PB 0x0000000703600000| Complete |  0
|   1|0x0000000703800000, 0x0000000703a00000, 0x0000000703a00000|100%|HS|  |TAMS 0x0000000703800000| PB 0x0000000703800000| Complete |  0
|   2|0x0000000703a00000, 0x0000000703c00000, 0x0000000703c00000|100%|HS|  |TAMS 0x0000000703a00000| PB 0x0000000703a00000| Complete |  0
|   3|0x0000000703c00000, 0x0000000703e00000, 0x0000000703e00000|100%|HC|  |TAMS 0x0000000703c00000| PB 0x0000000703c00000| Complete |  0
|   4|0x0000000703e00000, 0x0000000704000000, 0x0000000704000000|100%|HS|  |TAMS 0x0000000703e00000| PB 0x0000000703e00000| Complete |  0
|   5|0x0000000704000000, 0x0000000704200000, 0x0000000704200000|100%|HC|  |TAMS 0x0000000704000000| PB 0x0000000704000000| Complete |  0
|   6|0x0000000704200000, 0x0000000704400000, 0x0000000704400000|100%|HS|  |TAMS 0x0000000704200000| PB 0x0000000704200000| Complete |  0
|   7|0x0000000704400000, 0x0000000704600000, 0x0000000704600000|100%|HS|  |TAMS 0x0000000704400000| PB 0x0000000704400000| Complete |  0
|   8|0x0000000704600000, 0x0000000704600000, 0x0000000704800000|  0%| F|  |TAMS 0x0000000704600000| PB 0x0000000704600000| Untracked |  0
|   9|0x0000000704800000, 0x0000000704800000, 0x0000000704a00000|  0%| F|  |TAMS 0x0000000704800000| PB 0x0000000704800000| Untracked |  0
|  10|0x0000000704a00000, 0x0000000704a00000, 0x0000000704c00000|  0%| F|  |TAMS 0x0000000704a00000| PB 0x0000000704a00000| Untracked |  0
|  11|0x0000000704c00000, 0x0000000704e00000, 0x0000000704e00000|100%|HS|  |TAMS 0x0000000704c00000| PB 0x0000000704c00000| Complete |  0
|  12|0x0000000704e00000, 0x0000000705000000, 0x0000000705000000|100%|HC|  |TAMS 0x0000000704e00000| PB 0x0000000704e00000| Complete |  0
|  13|0x0000000705000000, 0x0000000705200000, 0x0000000705200000|100%|HS|  |TAMS 0x0000000705000000| PB 0x0000000705000000| Complete |  0
|  14|0x0000000705200000, 0x0000000705400000, 0x0000000705400000|100%|HC|  |TAMS 0x0000000705200000| PB 0x0000000705200000| Complete |  0
|  15|0x0000000705400000, 0x0000000705600000, 0x0000000705600000|100%|HS|  |TAMS 0x0000000705400000| PB 0x0000000705400000| Complete |  0
|  16|0x0000000705600000, 0x0000000705800000, 0x0000000705800000|100%|HS|  |TAMS 0x0000000705600000| PB 0x0000000705600000| Complete |  0
|  17|0x0000000705800000, 0x0000000705800000, 0x0000000705a00000|  0%| F|  |TAMS 0x0000000705800000| PB 0x0000000705800000| Untracked |  0
|  18|0x0000000705a00000, 0x0000000705a00000, 0x0000000705c00000|  0%| F|  |TAMS 0x0000000705a00000| PB 0x0000000705a00000| Untracked |  0
|  19|0x0000000705c00000, 0x0000000705c00000, 0x0000000705e00000|  0%| F|  |TAMS 0x0000000705c00000| PB 0x0000000705c00000| Untracked |  0
|  20|0x0000000705e00000, 0x0000000705e00000, 0x0000000706000000|  0%| F|  |TAMS 0x0000000705e00000| PB 0x0000000705e00000| Untracked |  0
|  21|0x0000000706000000, 0x0000000706000000, 0x0000000706200000|  0%| F|  |TAMS 0x0000000706000000| PB 0x0000000706000000| Untracked |  0
|  22|0x0000000706200000, 0x0000000706200000, 0x0000000706400000|  0%| F|  |TAMS 0x0000000706200000| PB 0x0000000706200000| Untracked |  0
|  23|0x0000000706400000, 0x0000000706400000, 0x0000000706600000|  0%| F|  |TAMS 0x0000000706400000| PB 0x0000000706400000| Untracked |  0
|  24|0x0000000706600000, 0x0000000706600000, 0x0000000706800000|  0%| F|  |TAMS 0x0000000706600000| PB 0x0000000706600000| Untracked |  0
|  25|0x0000000706800000, 0x0000000706800000, 0x0000000706a00000|  0%| F|  |TAMS 0x0000000706800000| PB 0x0000000706800000| Untracked |  0
|  26|0x0000000706a00000, 0x0000000706a00000, 0x0000000706c00000|  0%| F|  |TAMS 0x0000000706a00000| PB 0x0000000706a00000| Untracked |  0
|  27|0x0000000706c00000, 0x0000000706c00000, 0x0000000706e00000|  0%| F|  |TAMS 0x0000000706c00000| PB 0x0000000706c00000| Untracked |  0
|  28|0x0000000706e00000, 0x0000000706e00000, 0x0000000707000000|  0%| F|  |TAMS 0x0000000706e00000| PB 0x0000000706e00000| Untracked |  0
|  29|0x0000000707000000, 0x0000000707000000, 0x0000000707200000|  0%| F|  |TAMS 0x0000000707000000| PB 0x0000000707000000| Untracked |  0
|  30|0x0000000707200000, 0x0000000707200000, 0x0000000707400000|  0%| F|  |TAMS 0x0000000707200000| PB 0x0000000707200000| Untracked |  0
|  31|0x0000000707400000, 0x0000000707400000, 0x0000000707600000|  0%| F|  |TAMS 0x0000000707400000| PB 0x0000000707400000| Untracked |  0
|  32|0x0000000707600000, 0x0000000707600000, 0x0000000707800000|  0%| F|  |TAMS 0x0000000707600000| PB 0x0000000707600000| Untracked |  0
|  33|0x0000000707800000, 0x0000000707800000, 0x0000000707a00000|  0%| F|  |TAMS 0x0000000707800000| PB 0x0000000707800000| Untracked |  0
|  34|0x0000000707a00000, 0x0000000707a00000, 0x0000000707c00000|  0%| F|  |TAMS 0x0000000707a00000| PB 0x0000000707a00000| Untracked |  0
|  35|0x0000000707c00000, 0x0000000707c00000, 0x0000000707e00000|  0%| F|  |TAMS 0x0000000707c00000| PB 0x0000000707c00000| Untracked |  0
|  36|0x0000000707e00000, 0x0000000707e00000, 0x0000000708000000|  0%| F|  |TAMS 0x0000000707e00000| PB 0x0000000707e00000| Untracked |  0
|  37|0x0000000708000000, 0x0000000708000000, 0x0000000708200000|  0%| F|  |TAMS 0x0000000708000000| PB 0x0000000708000000| Untracked |  0
|  38|0x0000000708200000, 0x0000000708200000, 0x0000000708400000|  0%| F|  |TAMS 0x0000000708200000| PB 0x0000000708200000| Untracked |  0
|  39|0x0000000708400000, 0x0000000708400000, 0x0000000708600000|  0%| F|  |TAMS 0x0000000708400000| PB 0x0000000708400000| Untracked |  0
|  40|0x0000000708600000, 0x0000000708600000, 0x0000000708800000|  0%| F|  |TAMS 0x0000000708600000| PB 0x0000000708600000| Untracked |  0
|  41|0x0000000708800000, 0x0000000708800000, 0x0000000708a00000|  0%| F|  |TAMS 0x0000000708800000| PB 0x0000000708800000| Untracked |  0
|  42|0x0000000708a00000, 0x0000000708a00000, 0x0000000708c00000|  0%| F|  |TAMS 0x0000000708a00000| PB 0x0000000708a00000| Untracked |  0
|  43|0x0000000708c00000, 0x0000000708c00000, 0x0000000708e00000|  0%| F|  |TAMS 0x0000000708c00000| PB 0x0000000708c00000| Untracked |  0
|  44|0x0000000708e00000, 0x0000000708e00000, 0x0000000709000000|  0%| F|  |TAMS 0x0000000708e00000| PB 0x0000000708e00000| Untracked |  0
|  45|0x0000000709000000, 0x0000000709000000, 0x0000000709200000|  0%| F|  |TAMS 0x0000000709000000| PB 0x0000000709000000| Untracked |  0
|  46|0x0000000709200000, 0x0000000709200000, 0x0000000709400000|  0%| F|  |TAMS 0x0000000709200000| PB 0x0000000709200000| Untracked |  0
|  47|0x0000000709400000, 0x0000000709400000, 0x0000000709600000|  0%| F|  |TAMS 0x0000000709400000| PB 0x0000000709400000| Untracked |  0
|  48|0x0000000709600000, 0x0000000709600000, 0x0000000709800000|  0%| F|  |TAMS 0x0000000709600000| PB 0x0000000709600000| Untracked |  0
|  49|0x0000000709800000, 0x0000000709800000, 0x0000000709a00000|  0%| F|  |TAMS 0x0000000709800000| PB 0x0000000709800000| Untracked |  0
|  50|0x0000000709a00000, 0x0000000709a00000, 0x0000000709c00000|  0%| F|  |TAMS 0x0000000709a00000| PB 0x0000000709a00000| Untracked |  0
|  51|0x0000000709c00000, 0x0000000709c00000, 0x0000000709e00000|  0%| F|  |TAMS 0x0000000709c00000| PB 0x0000000709c00000| Untracked |  0
|  52|0x0000000709e00000, 0x0000000709e00000, 0x000000070a000000|  0%| F|  |TAMS 0x0000000709e00000| PB 0x0000000709e00000| Untracked |  0
|  53|0x000000070a000000, 0x000000070a000000, 0x000000070a200000|  0%| F|  |TAMS 0x000000070a000000| PB 0x000000070a000000| Untracked |  0
|  54|0x000000070a200000, 0x000000070a200000, 0x000000070a400000|  0%| F|  |TAMS 0x000000070a200000| PB 0x000000070a200000| Untracked |  0
|  55|0x000000070a400000, 0x000000070a400000, 0x000000070a600000|  0%| F|  |TAMS 0x000000070a400000| PB 0x000000070a400000| Untracked |  0
|  56|0x000000070a600000, 0x000000070a600000, 0x000000070a800000|  0%| F|  |TAMS 0x000000070a600000| PB 0x000000070a600000| Untracked |  0
|  57|0x000000070a800000, 0x000000070a800000, 0x000000070aa00000|  0%| F|  |TAMS 0x000000070a800000| PB 0x000000070a800000| Untracked |  0
|  58|0x000000070aa00000, 0x000000070aa00000, 0x000000070ac00000|  0%| F|  |TAMS 0x000000070aa00000| PB 0x000000070aa00000| Untracked |  0
|  59|0x000000070ac00000, 0x000000070ac00000, 0x000000070ae00000|  0%| F|  |TAMS 0x000000070ac00000| PB 0x000000070ac00000| Untracked |  0
|  60|0x000000070ae00000, 0x000000070ae00000, 0x000000070b000000|  0%| F|  |TAMS 0x000000070ae00000| PB 0x000000070ae00000| Untracked |  0
|  61|0x000000070b000000, 0x000000070b000000, 0x000000070b200000|  0%| F|  |TAMS 0x000000070b000000| PB 0x000000070b000000| Untracked |  0
|  62|0x000000070b200000, 0x000000070b200000, 0x000000070b400000|  0%| F|  |TAMS 0x000000070b200000| PB 0x000000070b200000| Untracked |  0
|  63|0x000000070b400000, 0x000000070b400000, 0x000000070b600000|  0%| F|  |TAMS 0x000000070b400000| PB 0x000000070b400000| Untracked |  0
|  64|0x000000070b600000, 0x000000070b600000, 0x000000070b800000|  0%| F|  |TAMS 0x000000070b600000| PB 0x000000070b600000| Untracked |  0
|  65|0x000000070b800000, 0x000000070b800000, 0x000000070ba00000|  0%| F|  |TAMS 0x000000070b800000| PB 0x000000070b800000| Untracked |  0
|  66|0x000000070ba00000, 0x000000070ba00000, 0x000000070bc00000|  0%| F|  |TAMS 0x000000070ba00000| PB 0x000000070ba00000| Untracked |  0
|  67|0x000000070bc00000, 0x000000070bc00000, 0x000000070be00000|  0%| F|  |TAMS 0x000000070bc00000| PB 0x000000070bc00000| Untracked |  0
|  68|0x000000070be00000, 0x000000070be00000, 0x000000070c000000|  0%| F|  |TAMS 0x000000070be00000| PB 0x000000070be00000| Untracked |  0
|  69|0x000000070c000000, 0x000000070c000000, 0x000000070c200000|  0%| F|  |TAMS 0x000000070c000000| PB 0x000000070c000000| Untracked |  0
|  70|0x000000070c200000, 0x000000070c200000, 0x000000070c400000|  0%| F|  |TAMS 0x000000070c200000| PB 0x000000070c200000| Untracked |  0
|  71|0x000000070c400000, 0x000000070c400000, 0x000000070c600000|  0%| F|  |TAMS 0x000000070c400000| PB 0x000000070c400000| Untracked |  0
|  72|0x000000070c600000, 0x000000070c600000, 0x000000070c800000|  0%| F|  |TAMS 0x000000070c600000| PB 0x000000070c600000| Untracked |  0
|  73|0x000000070c800000, 0x000000070c800000, 0x000000070ca00000|  0%| F|  |TAMS 0x000000070c800000| PB 0x000000070c800000| Untracked |  0
|  74|0x000000070ca00000, 0x000000070ca00000, 0x000000070cc00000|  0%| F|  |TAMS 0x000000070ca00000| PB 0x000000070ca00000| Untracked |  0
|  75|0x000000070cc00000, 0x000000070cc00000, 0x000000070ce00000|  0%| F|  |TAMS 0x000000070cc00000| PB 0x000000070cc00000| Untracked |  0
|  76|0x000000070ce00000, 0x000000070ce00000, 0x000000070d000000|  0%| F|  |TAMS 0x000000070ce00000| PB 0x000000070ce00000| Untracked |  0
|  77|0x000000070d000000, 0x000000070d000000, 0x000000070d200000|  0%| F|  |TAMS 0x000000070d000000| PB 0x000000070d000000| Untracked |  0
|  78|0x000000070d200000, 0x000000070d200000, 0x000000070d400000|  0%| F|  |TAMS 0x000000070d200000| PB 0x000000070d200000| Untracked |  0
|  79|0x000000070d400000, 0x000000070d400000, 0x000000070d600000|  0%| F|  |TAMS 0x000000070d400000| PB 0x000000070d400000| Untracked |  0
|  80|0x000000070d600000, 0x000000070d600000, 0x000000070d800000|  0%| F|  |TAMS 0x000000070d600000| PB 0x000000070d600000| Untracked |  0
|  81|0x000000070d800000, 0x000000070d800000, 0x000000070da00000|  0%| F|  |TAMS 0x000000070d800000| PB 0x000000070d800000| Untracked |  0
|  82|0x000000070da00000, 0x000000070da00000, 0x000000070dc00000|  0%| F|  |TAMS 0x000000070da00000| PB 0x000000070da00000| Untracked |  0
|  83|0x000000070dc00000, 0x000000070dc00000, 0x000000070de00000|  0%| F|  |TAMS 0x000000070dc00000| PB 0x000000070dc00000| Untracked |  0
|  84|0x000000070de00000, 0x000000070de00000, 0x000000070e000000|  0%| F|  |TAMS 0x000000070de00000| PB 0x000000070de00000| Untracked |  0
|  85|0x000000070e000000, 0x000000070e000000, 0x000000070e200000|  0%| F|  |TAMS 0x000000070e000000| PB 0x000000070e000000| Untracked |  0
|  86|0x000000070e200000, 0x000000070e200000, 0x000000070e400000|  0%| F|  |TAMS 0x000000070e200000| PB 0x000000070e200000| Untracked |  0
|  87|0x000000070e400000, 0x000000070e400000, 0x000000070e600000|  0%| F|  |TAMS 0x000000070e400000| PB 0x000000070e400000| Untracked |  0
|  88|0x000000070e600000, 0x000000070e600000, 0x000000070e800000|  0%| F|  |TAMS 0x000000070e600000| PB 0x000000070e600000| Untracked |  0
|  89|0x000000070e800000, 0x000000070e800000, 0x000000070ea00000|  0%| F|  |TAMS 0x000000070e800000| PB 0x000000070e800000| Untracked |  0
|  90|0x000000070ea00000, 0x000000070ea00000, 0x000000070ec00000|  0%| F|  |TAMS 0x000000070ea00000| PB 0x000000070ea00000| Untracked |  0
|  91|0x000000070ec00000, 0x000000070ec00000, 0x000000070ee00000|  0%| F|  |TAMS 0x000000070ec00000| PB 0x000000070ec00000| Untracked |  0
|  92|0x000000070ee00000, 0x000000070ee00000, 0x000000070f000000|  0%| F|  |TAMS 0x000000070ee00000| PB 0x000000070ee00000| Untracked |  0
|  93|0x000000070f000000, 0x000000070f000000, 0x000000070f200000|  0%| F|  |TAMS 0x000000070f000000| PB 0x000000070f000000| Untracked |  0
|  94|0x000000070f200000, 0x000000070f200000, 0x000000070f400000|  0%| F|  |TAMS 0x000000070f200000| PB 0x000000070f200000| Untracked |  0
|  95|0x000000070f400000, 0x000000070f400000, 0x000000070f600000|  0%| F|  |TAMS 0x000000070f400000| PB 0x000000070f400000| Untracked |  0
|  96|0x000000070f600000, 0x000000070f600000, 0x000000070f800000|  0%| F|  |TAMS 0x000000070f600000| PB 0x000000070f600000| Untracked |  0
|  97|0x000000070f800000, 0x000000070f800000, 0x000000070fa00000|  0%| F|  |TAMS 0x000000070f800000| PB 0x000000070f800000| Untracked |  0
|  98|0x000000070fa00000, 0x000000070fa00000, 0x000000070fc00000|  0%| F|  |TAMS 0x000000070fa00000| PB 0x000000070fa00000| Untracked |  0
|  99|0x000000070fc00000, 0x000000070fc00000, 0x000000070fe00000|  0%| F|  |TAMS 0x000000070fc00000| PB 0x000000070fc00000| Untracked |  0
| 100|0x000000070fe00000, 0x000000070fe00000, 0x0000000710000000|  0%| F|  |TAMS 0x000000070fe00000| PB 0x000000070fe00000| Untracked |  0
| 101|0x0000000710000000, 0x0000000710200000, 0x0000000710200000|100%| E|  |TAMS 0x0000000710000000| PB 0x0000000710000000| Complete |  0
| 102|0x0000000710200000, 0x0000000710400000, 0x0000000710400000|100%| E|CS|TAMS 0x0000000710200000| PB 0x0000000710200000| Complete |  0
| 103|0x0000000710400000, 0x00000007104ffe58, 0x0000000710600000| 49%| S|CS|TAMS 0x0000000710400000| PB 0x0000000710400000| Complete |  0
| 104|0x0000000710600000, 0x0000000710800000, 0x0000000710800000|100%| S|CS|TAMS 0x0000000710600000| PB 0x0000000710600000| Complete |  0
| 105|0x0000000710800000, 0x0000000710a00000, 0x0000000710a00000|100%| E|CS|TAMS 0x0000000710800000| PB 0x0000000710800000| Complete |  0
| 106|0x0000000710a00000, 0x0000000710c00000, 0x0000000710c00000|100%| E|CS|TAMS 0x0000000710a00000| PB 0x0000000710a00000| Complete |  0
| 107|0x0000000710c00000, 0x0000000710e00000, 0x0000000710e00000|100%| E|CS|TAMS 0x0000000710c00000| PB 0x0000000710c00000| Complete |  0
| 108|0x0000000710e00000, 0x0000000711000000, 0x0000000711000000|100%| E|CS|TAMS 0x0000000710e00000| PB 0x0000000710e00000| Complete |  0
| 109|0x0000000711000000, 0x0000000711200000, 0x0000000711200000|100%| E|CS|TAMS 0x0000000711000000| PB 0x0000000711000000| Complete |  0
| 110|0x0000000711200000, 0x0000000711400000, 0x0000000711400000|100%| E|CS|TAMS 0x0000000711200000| PB 0x0000000711200000| Complete |  0
| 111|0x0000000711400000, 0x0000000711600000, 0x0000000711600000|100%| E|CS|TAMS 0x0000000711400000| PB 0x0000000711400000| Complete |  0
| 112|0x0000000711600000, 0x0000000711800000, 0x0000000711800000|100%| E|CS|TAMS 0x0000000711600000| PB 0x0000000711600000| Complete |  0
| 113|0x0000000711800000, 0x0000000711a00000, 0x0000000711a00000|100%| E|CS|TAMS 0x0000000711800000| PB 0x0000000711800000| Complete |  0
| 114|0x0000000711a00000, 0x0000000711c00000, 0x0000000711c00000|100%| E|CS|TAMS 0x0000000711a00000| PB 0x0000000711a00000| Complete |  0
| 115|0x0000000711c00000, 0x0000000711e00000, 0x0000000711e00000|100%| E|CS|TAMS 0x0000000711c00000| PB 0x0000000711c00000| Complete |  0
| 116|0x0000000711e00000, 0x0000000712000000, 0x0000000712000000|100%| E|CS|TAMS 0x0000000711e00000| PB 0x0000000711e00000| Complete |  0
| 117|0x0000000712000000, 0x0000000712200000, 0x0000000712200000|100%| E|CS|TAMS 0x0000000712000000| PB 0x0000000712000000| Complete |  0
| 118|0x0000000712200000, 0x0000000712400000, 0x0000000712400000|100%| E|CS|TAMS 0x0000000712200000| PB 0x0000000712200000| Complete |  0
| 119|0x0000000712400000, 0x0000000712600000, 0x0000000712600000|100%| E|CS|TAMS 0x0000000712400000| PB 0x0000000712400000| Complete |  0
| 120|0x0000000712600000, 0x0000000712800000, 0x0000000712800000|100%| E|CS|TAMS 0x0000000712600000| PB 0x0000000712600000| Complete |  0
| 121|0x0000000712800000, 0x0000000712a00000, 0x0000000712a00000|100%| E|CS|TAMS 0x0000000712800000| PB 0x0000000712800000| Complete |  0
| 122|0x0000000712a00000, 0x0000000712c00000, 0x0000000712c00000|100%| E|CS|TAMS 0x0000000712a00000| PB 0x0000000712a00000| Complete |  0
| 123|0x0000000712c00000, 0x0000000712e00000, 0x0000000712e00000|100%| E|CS|TAMS 0x0000000712c00000| PB 0x0000000712c00000| Complete |  0
| 124|0x0000000712e00000, 0x0000000713000000, 0x0000000713000000|100%| E|CS|TAMS 0x0000000712e00000| PB 0x0000000712e00000| Complete |  0
| 125|0x0000000713000000, 0x0000000713200000, 0x0000000713200000|100%| E|CS|TAMS 0x0000000713000000| PB 0x0000000713000000| Complete |  0
| 126|0x0000000713200000, 0x0000000713400000, 0x0000000713400000|100%| E|CS|TAMS 0x0000000713200000| PB 0x0000000713200000| Complete |  0

Card table byte_map: [0x000001fa5ccf0000,0x000001fa5d4e0000] _byte_map_base: 0x000001fa594d5000

Marking Bits: (CMBitMap*) 0x000001fa44ef1d10
 Bits: [0x000001fa5d4e0000, 0x000001fa61408000)

Polling page: 0x000001fa44650000

Metaspace:

Usage:
  Non-class:      5.83 MB used.
      Class:    570.99 KB used.
       Both:      6.39 MB used.

Virtual space:
  Non-class space:       64.00 MB reserved,       5.94 MB (  9%) committed,  1 nodes.
      Class space:        1.00 GB reserved,     704.00 KB ( <1%) committed,  1 nodes.
             Both:        1.06 GB reserved,       6.62 MB ( <1%) committed. 

Chunk freelists:
   Non-Class:  10.01 MB
       Class:  15.24 MB
        Both:  25.25 MB

MaxMetaspaceSize: unlimited
CompressedClassSpaceSize: 1.00 GB
Initial GC threshold: 21.00 MB
Current GC threshold: 21.00 MB
CDS: on
 - commit_granule_bytes: 65536.
 - commit_granule_words: 8192.
 - virtual_space_node_default_size: 8388608.
 - enlarge_chunks_in_place: 1.
 - use_allocation_guard: 0.


Internal statistics:

num_allocs_failed_limit: 0.
num_arena_births: 174.
num_arena_deaths: 0.
num_vsnodes_births: 2.
num_vsnodes_deaths: 0.
num_space_committed: 105.
num_space_uncommitted: 0.
num_chunks_returned_to_freelist: 0.
num_chunks_taken_from_freelist: 276.
num_chunk_merges: 0.
num_chunk_splits: 161.
num_chunks_enlarged: 80.
num_inconsistent_stats: 0.

CodeHeap 'non-profiled nmethods': size=120000Kb used=606Kb max_used=606Kb free=119394Kb
 bounds [0x000001fa54ca0000, 0x000001fa54f10000, 0x000001fa5c1d0000]
CodeHeap 'profiled nmethods': size=120000Kb used=2199Kb max_used=2199Kb free=117801Kb
 bounds [0x000001fa4d1d0000, 0x000001fa4d440000, 0x000001fa54700000]
CodeHeap 'non-nmethods': size=5760Kb used=1783Kb max_used=1803Kb free=3977Kb
 bounds [0x000001fa54700000, 0x000001fa54970000, 0x000001fa54ca0000]
 total_blobs=2063 nmethods=1410 adapters=558
 compilation: enabled
              stopped_count=0, restarted_count=0
 full_count=0

Compilation events (20 events):
Event: 53.559 Thread 0x000001fa63e8a220 1402       4       java.nio.Buffer::hasRemaining (17 bytes)
Event: 53.559 Thread 0x000001fa63e8a220 nmethod 1402 0x000001fa54d32710 code [0x000001fa54d32880, 0x000001fa54d32920]
Event: 59.565 Thread 0x000001fa63e8b020 1403       1       java.nio.charset.CharsetEncoder::charset (5 bytes)
Event: 59.566 Thread 0x000001fa63e8b020 nmethod 1403 0x000001fa54d32a10 code [0x000001fa54d32ba0, 0x000001fa54d32c70]
Event: 60.551 Thread 0x000001fa63e8b020 1404       1       java.nio.charset.CharsetDecoder::maxCharsPerByte (5 bytes)
Event: 60.552 Thread 0x000001fa63e8b020 nmethod 1404 0x000001fa54d32d10 code [0x000001fa54d32ea0, 0x000001fa54d32f68]
Event: 68.066 Thread 0x000001fa63e8a220 1405       4       org.lwjgl.opengl.WindowsMouse::poll (222 bytes)
Event: 68.085 Thread 0x000001fa63e8a220 nmethod 1405 0x000001fa54d33010 code [0x000001fa54d331e0, 0x000001fa54d338a0]
Event: 75.565 Thread 0x000001fa63e8b020 1406       3       java.nio.ByteBuffer::position (6 bytes)
Event: 75.565 Thread 0x000001fa63e8b020 nmethod 1406 0x000001fa4d3f5490 code [0x000001fa4d3f5640, 0x000001fa4d3f5808]
Event: 75.801 Thread 0x000001fa63e8a220 1407       4       java.nio.ByteBuffer::put (124 bytes)
Event: 75.808 Thread 0x000001fa63e8a220 nmethod 1407 0x000001fa54d33c90 code [0x000001fa54d33e60, 0x000001fa54d343e8]
Event: 75.829 Thread 0x000001fa63e8a220 1408       4       java.nio.HeapByteBuffer::put (12 bytes)
Event: 75.834 Thread 0x000001fa63e8a220 nmethod 1408 0x000001fa54d34a90 code [0x000001fa54d34c60, 0x000001fa54d35208]
Event: 78.941 Thread 0x000001fa63e8a220 1409       4       org.lwjgl.opengl.GL11::glMatrixMode (22 bytes)
Event: 79.003 Thread 0x000001fa63e8a220 nmethod 1409 0x000001fa54d35890 code [0x000001fa54d35a60, 0x000001fa54d35cf8]
Event: 79.003 Thread 0x000001fa63e8a220 1410  s    4       org.lwjgl.opengl.EventQueue::copyEvents (77 bytes)
Event: 79.011 Thread 0x000001fa63e8a220 nmethod 1410 0x000001fa54d35f90 code [0x000001fa54d361a0, 0x000001fa54d36d88]
Event: 106.581 Thread 0x000001fa63e8b020 1411       3       org.lwjgl.opengl.WindowsKeyboard::isKeyPressed (13 bytes)
Event: 106.582 Thread 0x000001fa63e8b020 nmethod 1411 0x000001fa4d3f5890 code [0x000001fa4d3f5a20, 0x000001fa4d3f5b60]

GC Heap History (4 events):
Event: 2.114 GC heap before
{Heap before GC invocations=0 (full 0):
 garbage-first heap   total reserved 4139008K, committed 260096K, used 34816K [0x0000000703600000, 0x0000000800000000)
  region size 2048K, 12 young (24576K), 0 survivors (0K)
 Metaspace       used 6313K, committed 6592K, reserved 1114112K
  class space    used 561K, committed 704K, reserved 1048576K
}
Event: 2.121 GC heap after
{Heap after GC invocations=1 (full 0):
 garbage-first heap   total reserved 4139008K, committed 260096K, used 15543K [0x0000000703600000, 0x0000000800000000)
  region size 2048K, 2 young (4096K), 2 survivors (4096K)
 Metaspace       used 6313K, committed 6592K, reserved 1114112K
  class space    used 561K, committed 704K, reserved 1048576K
}
Event: 2.415 GC heap before
{Heap before GC invocations=1 (full 0):
 garbage-first heap   total reserved 4139008K, committed 260096K, used 79031K [0x0000000703600000, 0x0000000800000000)
  region size 2048K, 22 young (45056K), 2 survivors (4096K)
 Metaspace       used 6331K, committed 6592K, reserved 1114112K
  class space    used 561K, committed 704K, reserved 1048576K
}
Event: 2.420 GC heap after
{Heap after GC invocations=2 (full 0):
 garbage-first heap   total reserved 4139008K, committed 260096K, used 27647K [0x0000000703600000, 0x0000000800000000)
  region size 2048K, 2 young (4096K), 2 survivors (4096K)
 Metaspace       used 6331K, committed 6592K, reserved 1114112K
  class space    used 561K, committed 704K, reserved 1048576K
}

Dll operation events (14 events):
Event: 0.019 Loaded shared library C:\Users\Öìç²«h\.jdks\openjdk-22.0.1\bin\java.dll
Event: 0.124 Loaded shared library C:\Users\Öìç²«h\.jdks\openjdk-22.0.1\bin\jsvml.dll
Event: 0.267 Loaded shared library C:\Users\Öìç²«h\.jdks\openjdk-22.0.1\bin\zip.dll
Event: 0.288 Loaded shared library C:\Users\Öìç²«h\.jdks\openjdk-22.0.1\bin\instrument.dll
Event: 0.312 Loaded shared library C:\Users\Öìç²«h\.jdks\openjdk-22.0.1\bin\net.dll
Event: 0.322 Loaded shared library C:\Users\Öìç²«h\.jdks\openjdk-22.0.1\bin\nio.dll
Event: 0.328 Loaded shared library C:\Users\Öìç²«h\.jdks\openjdk-22.0.1\bin\zip.dll
Event: 0.401 Loaded shared library D:\IntelliJ IDEA\IntelliJ IDEA 2023.2.1\bin\breakgen64.dll
Event: 0.415 Loaded shared library C:\Users\Öìç²«h\.jdks\openjdk-22.0.1\bin\verify.dll
Event: 0.420 Loaded shared library C:\Users\Öìç²«h\.jdks\openjdk-22.0.1\bin\extnet.dll
Event: 0.442 Loaded shared library D:\SHITS\Computer Graphics\Assignment 3\Assignment3 to be completed\Assignment3\lwjgl64.dll
Event: 1.185 Loaded shared library C:\Users\Öìç²«h\.jdks\openjdk-22.0.1\bin\jimage.dll
Event: 1.514 Loaded shared library C:\Users\Öìç²«h\.jdks\openjdk-22.0.1\bin\awt.dll
Event: 1.838 Loaded shared library C:\Users\Öìç²«h\.jdks\openjdk-22.0.1\bin\javajpeg.dll

Deoptimization events (20 events):
Event: 3.226 Thread 0x000001fa42c94ee0 DEOPT PACKING pc=0x000001fa4d387b1f sp=0x0000006a49eff520
Event: 3.226 Thread 0x000001fa42c94ee0 DEOPT UNPACKING pc=0x000001fa547588e2 sp=0x0000006a49efea60 mode 0
Event: 3.247 Thread 0x000001fa42c94ee0 DEOPT PACKING pc=0x000001fa4d387b1f sp=0x0000006a49eff520
Event: 3.247 Thread 0x000001fa42c94ee0 DEOPT UNPACKING pc=0x000001fa547588e2 sp=0x0000006a49efea60 mode 0
Event: 3.270 Thread 0x000001fa42c94ee0 DEOPT PACKING pc=0x000001fa4d387b1f sp=0x0000006a49eff520
Event: 3.270 Thread 0x000001fa42c94ee0 DEOPT UNPACKING pc=0x000001fa547588e2 sp=0x0000006a49efea60 mode 0
Event: 3.292 Thread 0x000001fa42c94ee0 DEOPT PACKING pc=0x000001fa4d387b1f sp=0x0000006a49eff520
Event: 3.292 Thread 0x000001fa42c94ee0 DEOPT UNPACKING pc=0x000001fa547588e2 sp=0x0000006a49efea60 mode 0
Event: 3.313 Thread 0x000001fa42c94ee0 DEOPT PACKING pc=0x000001fa4d387b1f sp=0x0000006a49eff520
Event: 3.313 Thread 0x000001fa42c94ee0 DEOPT UNPACKING pc=0x000001fa547588e2 sp=0x0000006a49efea60 mode 0
Event: 3.333 Thread 0x000001fa42c94ee0 DEOPT PACKING pc=0x000001fa4d387b1f sp=0x0000006a49eff520
Event: 3.333 Thread 0x000001fa42c94ee0 DEOPT UNPACKING pc=0x000001fa547588e2 sp=0x0000006a49efea60 mode 0
Event: 3.355 Thread 0x000001fa42c94ee0 DEOPT PACKING pc=0x000001fa4d387b1f sp=0x0000006a49eff520
Event: 3.355 Thread 0x000001fa42c94ee0 DEOPT UNPACKING pc=0x000001fa547588e2 sp=0x0000006a49efea60 mode 0
Event: 3.375 Thread 0x000001fa42c94ee0 DEOPT PACKING pc=0x000001fa4d387b1f sp=0x0000006a49eff520
Event: 3.375 Thread 0x000001fa42c94ee0 DEOPT UNPACKING pc=0x000001fa547588e2 sp=0x0000006a49efea60 mode 0
Event: 29.881 Thread 0x000001fa42c94ee0 Uncommon trap: trap_request=0xffffff45 fr.pc=0x000001fa54d2d9ec relative=0x000000000000024c
Event: 29.881 Thread 0x000001fa42c94ee0 Uncommon trap: reason=unstable_if action=reinterpret pc=0x000001fa54d2d9ec method=org.lwjgl.input.Keyboard.isKeyDown(I)Z @ 29 c2
Event: 29.881 Thread 0x000001fa42c94ee0 DEOPT PACKING pc=0x000001fa54d2d9ec sp=0x0000006a49eff6f0
Event: 29.882 Thread 0x000001fa42c94ee0 DEOPT UNPACKING pc=0x000001fa54757da2 sp=0x0000006a49eff688 mode 2

Classes loaded (20 events):
Event: 1.983 Loading class sun/awt/image/IntegerInterleavedRaster
Event: 1.983 Loading class sun/awt/image/IntegerInterleavedRaster done
Event: 1.988 Loading class sun/java2d/pipe/RegionSpanIterator
Event: 1.988 Loading class sun/java2d/pipe/SpanIterator
Event: 1.988 Loading class sun/java2d/pipe/SpanIterator done
Event: 1.988 Loading class sun/java2d/pipe/RegionSpanIterator done
Event: 2.548 Loading class java/lang/FdLibm$Atan2
Event: 2.548 Loading class java/lang/FdLibm$Atan2 done
Event: 2.548 Loading class java/lang/FdLibm
Event: 2.548 Loading class java/lang/FdLibm done
Event: 2.548 Loading class java/lang/FdLibm$Atan
Event: 2.548 Loading class java/lang/FdLibm$Atan done
Event: 2.696 Loading class jdk/internal/event/ThreadSleepEvent
Event: 2.696 Loading class jdk/internal/event/ThreadSleepEvent done
Event: 106.750 Loading class jdk/internal/misc/Signal$1
Event: 106.750 Loading class jdk/internal/misc/Signal$1 done
Event: 106.754 Loading class java/util/WeakHashMap$KeyIterator
Event: 106.754 Loading class java/util/WeakHashMap$HashIterator
Event: 106.754 Loading class java/util/WeakHashMap$HashIterator done
Event: 106.754 Loading class java/util/WeakHashMap$KeyIterator done

Classes unloaded (0 events):
No events

Classes redefined (0 events):
No events

Internal exceptions (20 events):
Event: 0.392 Thread 0x000001fa42c94ee0 Exception <a 'java/lang/NoSuchMethodError'{0x00000007131f8a38}: 'java.lang.Object java.lang.invoke.Invokers$Holder.invokeExact_MT(java.lang.Object, java.lang.Object, java.lang.Object, java.lang.Object, java.lang.Object)'> (0x00000007131f8a38) 
thrown [s\open\src\hotspot\share\interpreter\linkResolver.cpp, line 774]
Event: 0.422 Thread 0x000001fa4137ca60 Exception <a 'java/lang/NoSuchMethodError'{0x0000000712e84798}: 'void java.lang.invoke.DirectMethodHandle$Holder.invokeStatic(java.lang.Object, java.lang.Object)'> (0x0000000712e84798) 
thrown [s\open\src\hotspot\share\interpreter\linkResolver.cpp, line 774]
Event: 0.646 Thread 0x000001fa42c94ee0 Exception <a 'java/lang/NoSuchMethodError'{0x0000000712f7c498}: 'int java.lang.invoke.Invokers$Holder.invokeExact_MT(java.lang.Object, java.lang.Object)'> (0x0000000712f7c498) 
thrown [s\open\src\hotspot\share\interpreter\linkResolver.cpp, line 774]
Event: 1.191 Thread 0x000001fa63e5cb00 Exception <a 'java/lang/NoSuchMethodError'{0x0000000712c78f28}: 'void java.lang.invoke.DirectMethodHandle$Holder.invokeVirtual(java.lang.Object, java.lang.Object)'> (0x0000000712c78f28) 
thrown [s\open\src\hotspot\share\interpreter\linkResolver.cpp, line 774]
Event: 1.192 Thread 0x000001fa63e5cb00 Exception <a 'java/lang/NoSuchMethodError'{0x0000000712c7c988}: 'void java.lang.invoke.DirectMethodHandle$Holder.invokeSpecial(java.lang.Object, java.lang.Object, java.lang.Object)'> (0x0000000712c7c988) 
thrown [s\open\src\hotspot\share\interpreter\linkResolver.cpp, line 774]
Event: 1.199 Thread 0x000001fa63e5cb00 Exception <a 'java/lang/NoSuchMethodError'{0x0000000712c8f990}: 'int java.lang.invoke.DirectMethodHandle$Holder.invokeSpecial(java.lang.Object, java.lang.Object, java.lang.Object, int)'> (0x0000000712c8f990) 
thrown [s\open\src\hotspot\share\interpreter\linkResolver.cpp, line 774]
Event: 1.203 Thread 0x000001fa63e5cb00 Exception <a 'java/lang/NoSuchMethodError'{0x0000000712ca2528}: 'java.lang.Object java.lang.invoke.DirectMethodHandle$Holder.invokeStatic(java.lang.Object, java.lang.Object, java.lang.Object, java.lang.Object, int)'> (0x0000000712ca2528) 
thrown [s\open\src\hotspot\share\interpreter\linkResolver.cpp, line 774]
Event: 1.221 Thread 0x000001fa63e5cb00 Exception <a 'java/lang/NoSuchMethodError'{0x0000000712caa030}: 'long java.lang.invoke.DirectMethodHandle$Holder.invokeStatic(java.lang.Object, java.lang.Object, int)'> (0x0000000712caa030) 
thrown [s\open\src\hotspot\share\interpreter\linkResolver.cpp, line 774]
Event: 1.224 Thread 0x000001fa63e5cb00 Exception <a 'java/lang/NoSuchMethodError'{0x0000000712cb5928}: 'java.lang.Object java.lang.invoke.DelegatingMethodHandle$Holder.reinvoke_L(java.lang.Object, int, long, java.lang.Object, java.lang.Object, int, java.lang.Object)'> (0x0000000712cb5928) 
thrown [s\open\src\hotspot\share\interpreter\linkResolver.cpp, line 774]
Event: 1.231 Thread 0x000001fa63e5cb00 Exception <a 'java/lang/NoSuchMethodError'{0x0000000712ccde30}: 'int java.lang.invoke.DirectMethodHandle$Holder.invokeSpecial(java.lang.Object, java.lang.Object, java.lang.Object)'> (0x0000000712ccde30) 
thrown [s\open\src\hotspot\share\interpreter\linkResolver.cpp, line 774]
Event: 1.236 Thread 0x000001fa63e5cb00 Exception <a 'java/lang/NoSuchMethodError'{0x0000000712ce1ae0}: 'java.lang.Object java.lang.invoke.DirectMethodHandle$Holder.invokeStatic(java.lang.Object, java.lang.Object, int)'> (0x0000000712ce1ae0) 
thrown [s\open\src\hotspot\share\interpreter\linkResolver.cpp, line 774]
Event: 1.239 Thread 0x000001fa63e5cb00 Exception <a 'java/lang/NoSuchMethodError'{0x0000000712ced5f0}: 'void java.lang.invoke.DelegatingMethodHandle$Holder.delegate(java.lang.Object, java.lang.Object, int, java.lang.Object)'> (0x0000000712ced5f0) 
thrown [s\open\src\hotspot\share\interpreter\linkResolver.cpp, line 774]
Event: 1.266 Thread 0x000001fa63e5cb00 Exception <a 'java/lang/NoSuchMethodError'{0x0000000712dbc1f8}: 'java.lang.Object java.lang.invoke.Invokers$Holder.invokeExact_MT(java.lang.Object, java.lang.Object, java.lang.Object, java.lang.Object, java.lang.Object, java.lang.Object)'> (0x0000000712dbc1f8) 
thrown [s\open\src\hotspot\share\interpreter\linkResolver.cpp, line 774]
Event: 1.639 Thread 0x000001fa42c94ee0 Exception <a 'java/lang/ClassNotFoundException'{0x0000000712b1eb60}: sun/awt/resources/spi/awtProvider> (0x0000000712b1eb60) 
thrown [s\open\src\hotspot\share\classfile\systemDictionary.cpp, line 313]
Event: 1.667 Thread 0x000001fa42c94ee0 Exception <a 'java/io/FileNotFoundException'{0x0000000712b6c8c0}> (0x0000000712b6c8c0) 
thrown [s\open\src\hotspot\share\prims\jni.cpp, line 520]
Event: 1.676 Thread 0x000001fa42c94ee0 Exception <a 'java/io/FileNotFoundException'{0x0000000712b9aaf0}> (0x0000000712b9aaf0) 
thrown [s\open\src\hotspot\share\prims\jni.cpp, line 520]
Event: 1.777 Thread 0x000001fa42c94ee0 Exception <a 'java/lang/NoSuchMethodError'{0x00000007128a53c0}: 'java.lang.Object java.lang.invoke.DirectMethodHandle$Holder.invokeStaticInit(java.lang.Object, int, int, int, int)'> (0x00000007128a53c0) 
thrown [s\open\src\hotspot\share\interpreter\linkResolver.cpp, line 774]
Event: 1.821 Thread 0x000001fa42c94ee0 Exception <a 'java/lang/NoSuchMethodError'{0x00000007129497d8}: 'java.lang.Object java.lang.invoke.DirectMethodHandle$Holder.invokeStaticInit(java.lang.Object, java.lang.Object, int, int, int, int)'> (0x00000007129497d8) 
thrown [s\open\src\hotspot\share\interpreter\linkResolver.cpp, line 774]
Event: 2.173 Thread 0x000001fa42c94ee0 Implicit null exception at 0x000001fa54cf775e to 0x000001fa54cf7b94
Event: 2.178 Thread 0x000001fa42c94ee0 Implicit null exception at 0x000001fa54cf3d34 to 0x000001fa54cf3fc8

ZGC Phase Switch (0 events):
No events

VM Operations (20 events):
Event: 26.485 Executing VM operation: Cleanup done
Event: 29.486 Executing VM operation: Cleanup
Event: 29.486 Executing VM operation: Cleanup done
Event: 32.488 Executing VM operation: Cleanup
Event: 32.488 Executing VM operation: Cleanup done
Event: 41.494 Executing VM operation: Cleanup
Event: 41.494 Executing VM operation: Cleanup done
Event: 42.494 Executing VM operation: Cleanup
Event: 42.494 Executing VM operation: Cleanup done
Event: 53.500 Executing VM operation: Cleanup
Event: 53.500 Executing VM operation: Cleanup done
Event: 60.106 Executing VM operation: HandshakeAllThreads (HandshakeForDeflation)
Event: 60.106 Executing VM operation: HandshakeAllThreads (HandshakeForDeflation) done
Event: 60.106 Executing VM operation: RendezvousGCThreads
Event: 60.106 Executing VM operation: RendezvousGCThreads done
Event: 76.115 Executing VM operation: Cleanup
Event: 76.115 Executing VM operation: Cleanup done
Event: 96.128 Executing VM operation: Cleanup
Event: 96.128 Executing VM operation: Cleanup done
Event: 106.761 Executing VM operation: Exit

Events (19 events):
Event: 0.064 Thread 0x000001fa42c94ee0 Thread added: 0x000001fa42c94ee0
Event: 0.119 Thread 0x000001fa63e54f90 Thread added: 0x000001fa63e54f90
Event: 0.120 Thread 0x000001fa63e568f0 Thread added: 0x000001fa63e568f0
Event: 0.120 Thread 0x000001fa63e59fa0 Thread added: 0x000001fa63e59fa0
Event: 0.120 Thread 0x000001fa63e5cb00 Thread added: 0x000001fa63e5cb00
Event: 0.120 Thread 0x000001fa63e5dfa0 Thread added: 0x000001fa63e5dfa0
Event: 0.120 Thread 0x000001fa63e80590 Thread added: 0x000001fa63e80590
Event: 0.121 Thread 0x000001fa63e8a220 Thread added: 0x000001fa63e8a220
Event: 0.121 Thread 0x000001fa63e8b020 Thread added: 0x000001fa63e8b020
Event: 0.180 Thread 0x000001fa411453f0 Thread added: 0x000001fa411453f0
Event: 0.403 Thread 0x000001fa4137ca60 Thread added: 0x000001fa4137ca60
Event: 0.403 Thread 0x000001fa4137f0e0 Thread added: 0x000001fa4137f0e0
Event: 1.832 Thread 0x000001fa68555c60 Thread added: 0x000001fa68555c60
Event: 2.696 Thread 0x000001fa792c6ba0 Thread added: 0x000001fa792c6ba0
Event: 106.751 Thread 0x000001fa4126c030 Thread added: 0x000001fa4126c030
Event: 106.751 Thread 0x000001fa68695120 Thread added: 0x000001fa68695120
Event: 106.752 Thread 0x000001fa794ae650 Thread added: 0x000001fa794ae650
Event: 106.754 Thread 0x000001fa794ae650 Thread exited: 0x000001fa794ae650
Event: 106.761 Thread 0x000001fa68695120 Thread exited: 0x000001fa68695120


Dynamic libraries:
0x00007ff7329a0000 - 0x00007ff7329ae000 	C:\Users\Öìç²«h\.jdks\openjdk-22.0.1\bin\java.exe
0x00007ffd91130000 - 0x00007ffd91347000 	C:\WINDOWS\SYSTEM32\ntdll.dll
0x00007ffd8fc50000 - 0x00007ffd8fd14000 	C:\WINDOWS\System32\KERNEL32.DLL
0x00007ffd8e600000 - 0x00007ffd8e9b7000 	C:\WINDOWS\System32\KERNELBASE.dll
0x00007ffd8e4e0000 - 0x00007ffd8e5f1000 	C:\WINDOWS\System32\ucrtbase.dll
0x00007ffd89590000 - 0x00007ffd895ab000 	C:\Users\Öìç²«h\.jdks\openjdk-22.0.1\bin\VCRUNTIME140.dll
0x00007ffd89570000 - 0x00007ffd89587000 	C:\Users\Öìç²«h\.jdks\openjdk-22.0.1\bin\jli.dll
0x00007ffd8f4a0000 - 0x00007ffd8f64f000 	C:\WINDOWS\System32\USER32.dll
0x00007ffd76f30000 - 0x00007ffd771c3000 	C:\WINDOWS\WinSxS\amd64_microsoft.windows.common-controls_6595b64144ccf1df_6.0.22621.3672_none_2713b9d173822955\COMCTL32.dll
0x00007ffd90e70000 - 0x00007ffd90f17000 	C:\WINDOWS\System32\msvcrt.dll
0x00007ffd8f8c0000 - 0x00007ffd8f8e9000 	C:\WINDOWS\System32\GDI32.dll
0x00007ffd8ee30000 - 0x00007ffd8ee56000 	C:\WINDOWS\System32\win32u.dll
0x00007ffd8eab0000 - 0x00007ffd8ebc8000 	C:\WINDOWS\System32\gdi32full.dll
0x00007ffd8e440000 - 0x00007ffd8e4da000 	C:\WINDOWS\System32\msvcp_win.dll
0x00007ffd8fa80000 - 0x00007ffd8fab1000 	C:\WINDOWS\System32\IMM32.DLL
0x00007ffd89320000 - 0x00007ffd8932c000 	C:\Users\Öìç²«h\.jdks\openjdk-22.0.1\bin\vcruntime140_1.dll
0x00007ffd837a0000 - 0x00007ffd8382e000 	C:\Users\Öìç²«h\.jdks\openjdk-22.0.1\bin\msvcp140.dll
0x00007ffcfbd90000 - 0x00007ffcfcad7000 	C:\Users\Öìç²«h\.jdks\openjdk-22.0.1\bin\server\jvm.dll
0x00007ffd8f800000 - 0x00007ffd8f8b2000 	C:\WINDOWS\System32\ADVAPI32.dll
0x00007ffd8fac0000 - 0x00007ffd8fb68000 	C:\WINDOWS\System32\sechost.dll
0x00007ffd8ed40000 - 0x00007ffd8ed68000 	C:\WINDOWS\System32\bcrypt.dll
0x00007ffd8f2d0000 - 0x00007ffd8f3e4000 	C:\WINDOWS\System32\RPCRT4.dll
0x00007ffd8fde0000 - 0x00007ffd8fe51000 	C:\WINDOWS\System32\WS2_32.dll
0x00007ffd8d2f0000 - 0x00007ffd8d33d000 	C:\WINDOWS\SYSTEM32\POWRPROF.dll
0x00007ffd885a0000 - 0x00007ffd885d4000 	C:\WINDOWS\SYSTEM32\WINMM.dll
0x00007ffd84250000 - 0x00007ffd8425a000 	C:\WINDOWS\SYSTEM32\VERSION.dll
0x00007ffd8d2d0000 - 0x00007ffd8d2e3000 	C:\WINDOWS\SYSTEM32\UMPDC.dll
0x00007ffd8d580000 - 0x00007ffd8d598000 	C:\WINDOWS\SYSTEM32\kernel.appcore.dll
0x00007ffd89310000 - 0x00007ffd8931a000 	C:\Users\Öìç²«h\.jdks\openjdk-22.0.1\bin\jimage.dll
0x00007ffd8b2d0000 - 0x00007ffd8b502000 	C:\WINDOWS\SYSTEM32\DBGHELP.DLL
0x00007ffd8eee0000 - 0x00007ffd8f26e000 	C:\WINDOWS\System32\combase.dll
0x00007ffd8fb70000 - 0x00007ffd8fc47000 	C:\WINDOWS\System32\OLEAUT32.dll
0x00007ffd61510000 - 0x00007ffd61542000 	C:\WINDOWS\SYSTEM32\dbgcore.DLL
0x00007ffd8e9c0000 - 0x00007ffd8ea3b000 	C:\WINDOWS\System32\bcryptPrimitives.dll
0x00007ffd87b20000 - 0x00007ffd87b2f000 	C:\Users\Öìç²«h\.jdks\openjdk-22.0.1\bin\instrument.dll
0x00007ffd865a0000 - 0x00007ffd865be000 	C:\Users\Öìç²«h\.jdks\openjdk-22.0.1\bin\java.dll
0x00007ffd8fe60000 - 0x00007ffd906c9000 	C:\WINDOWS\System32\SHELL32.dll
0x00007ffd8f650000 - 0x00007ffd8f7f5000 	C:\WINDOWS\System32\ole32.dll
0x00007ffd8c3c0000 - 0x00007ffd8ccbf000 	C:\WINDOWS\SYSTEM32\windows.storage.dll
0x00007ffd8c280000 - 0x00007ffd8c3bf000 	C:\WINDOWS\SYSTEM32\wintypes.dll
0x00007ffd90d70000 - 0x00007ffd90e69000 	C:\WINDOWS\System32\SHCORE.dll
0x00007ffd8f270000 - 0x00007ffd8f2ce000 	C:\WINDOWS\System32\shlwapi.dll
0x00007ffd8e370000 - 0x00007ffd8e397000 	C:\WINDOWS\SYSTEM32\profapi.dll
0x00007ffd4c610000 - 0x00007ffd4c6e7000 	C:\Users\Öìç²«h\.jdks\openjdk-22.0.1\bin\jsvml.dll
0x00007ffd86580000 - 0x00007ffd86597000 	C:\Users\Öìç²«h\.jdks\openjdk-22.0.1\bin\zip.dll
0x00007ffd87b10000 - 0x00007ffd87b20000 	C:\Users\Öìç²«h\.jdks\openjdk-22.0.1\bin\net.dll
0x00007ffd8d9f0000 - 0x00007ffd8da59000 	C:\WINDOWS\system32\mswsock.dll
0x00007ffd5ac20000 - 0x00007ffd5ac36000 	C:\Users\Öìç²«h\.jdks\openjdk-22.0.1\bin\nio.dll
0x00007ffd5ac00000 - 0x00007ffd5ac1a000 	D:\IntelliJ IDEA\IntelliJ IDEA 2023.2.1\bin\breakgen64.dll
0x00007ffd86ee0000 - 0x00007ffd86ef0000 	C:\Users\Öìç²«h\.jdks\openjdk-22.0.1\bin\verify.dll
0x00007ffd86ec0000 - 0x00007ffd86ec9000 	C:\Users\Öìç²«h\.jdks\openjdk-22.0.1\bin\extnet.dll
0x0000000180000000 - 0x0000000180053000 	D:\SHITS\Computer Graphics\Assignment 3\Assignment3 to be completed\Assignment3\lwjgl64.dll
0x00007ffd722d0000 - 0x00007ffd723d0000 	C:\WINDOWS\SYSTEM32\OPENGL32.dll
0x00007ffd7d1e0000 - 0x00007ffd7d20d000 	C:\WINDOWS\SYSTEM32\GLU32.dll
0x00007ffd8bba0000 - 0x00007ffd8bbd7000 	C:\WINDOWS\SYSTEM32\dxcore.dll
0x00007ffd89c20000 - 0x00007ffd89cdd000 	C:\WINDOWS\SYSTEM32\mscms.dll
0x00007ffd8f3f0000 - 0x00007ffd8f4a0000 	C:\WINDOWS\System32\clbcatq.dll
0x00007ffd82930000 - 0x00007ffd8297e000 	C:\Windows\System32\Windows.Internal.Graphics.Display.DisplayColorManagement.dll
0x00007ffd8e130000 - 0x00007ffd8e17e000 	C:\WINDOWS\SYSTEM32\cfgmgr32.dll
0x00007ffd8b8a0000 - 0x00007ffd8b951000 	C:\WINDOWS\system32\uxtheme.dll
0x00007ffd8f910000 - 0x00007ffd8fa70000 	C:\WINDOWS\System32\MSCTF.dll
0x00007ffd85100000 - 0x00007ffd85149000 	C:\WINDOWS\SYSTEM32\directxdatabasehelper.dll
0x00007ffd87cf0000 - 0x00007ffd87e34000 	C:\Windows\System32\AppXDeploymentClient.dll
0x00007ffc87730000 - 0x00007ffc88702000 	C:\WINDOWS\System32\DriverStore\FileRepository\iigd_dch.inf_amd64_59944c5032d36b90\igxelpicd64.dll
0x00007ffd8bb30000 - 0x00007ffd8bb5b000 	C:\WINDOWS\system32\dwmapi.dll
0x00007ffd8ba20000 - 0x00007ffd8bb17000 	C:\WINDOWS\system32\dxgi.dll
0x00007ffcca260000 - 0x00007ffcca39c000 	C:\WINDOWS\System32\DriverStore\FileRepository\iigd_dch.inf_amd64_59944c5032d36b90\igdml64.dll
0x00007ffd80cc0000 - 0x00007ffd810ca000 	C:\WINDOWS\System32\DriverStore\FileRepository\iigd_dch.inf_amd64_59944c5032d36b90\igdgmm64.dll
0x00007ffd84a50000 - 0x00007ffd84b93000 	C:\WINDOWS\SYSTEM32\textinputframework.dll
0x00007ffd875b0000 - 0x00007ffd876e3000 	C:\WINDOWS\SYSTEM32\CoreMessaging.dll
0x00007ffd84d90000 - 0x00007ffd850fd000 	C:\WINDOWS\SYSTEM32\CoreUIComponents.dll
0x00007ffd8dc60000 - 0x00007ffd8dc6c000 	C:\WINDOWS\SYSTEM32\CRYPTBASE.DLL
0x00007ffd6ba40000 - 0x00007ffd6be89000 	C:\WINDOWS\SYSTEM32\uiautomationcore.dll
0x00007ffd6c2f0000 - 0x00007ffd6c359000 	C:\WINDOWS\SYSTEM32\OLEACC.dll
0x00007ffd25fd0000 - 0x00007ffd2601a000 	C:\WINDOWS\SYSTEM32\icm32.dll
0x00007ffd73140000 - 0x00007ffd7318b000 	C:\WINDOWS\system32\ApplicationTargetedFeatureDatabase.dll
0x00007ffd856a0000 - 0x00007ffd85942000 	C:\Windows\System32\twinapi.appcore.dll
0x00007ffd77eb0000 - 0x00007ffd7c520000 	C:\WINDOWS\System32\DriverStore\FileRepository\iigd_dch.inf_amd64_59944c5032d36b90\igc64.dll
0x00007ffcd3500000 - 0x00007ffcd368d000 	C:\Users\Öìç²«h\.jdks\openjdk-22.0.1\bin\awt.dll
0x00007ffd89ef0000 - 0x00007ffd89f87000 	C:\WINDOWS\SYSTEM32\apphelp.dll
0x00007ffd8dc40000 - 0x00007ffd8dc5b000 	C:\WINDOWS\SYSTEM32\CRYPTSP.dll
0x00007ffd8d4e0000 - 0x00007ffd8d515000 	C:\WINDOWS\system32\rsaenh.dll
0x00007ffd8dae0000 - 0x00007ffd8db08000 	C:\WINDOWS\SYSTEM32\USERENV.dll
0x00007ffd8cf90000 - 0x00007ffd8cfbd000 	C:\WINDOWS\SYSTEM32\IPHLPAPI.DLL
0x00007ffd90f40000 - 0x00007ffd90f49000 	C:\WINDOWS\System32\NSI.dll
0x00007ffd5ac40000 - 0x00007ffd5ac6e000 	C:\Users\Öìç²«h\.jdks\openjdk-22.0.1\bin\javajpeg.dll
0x00007ffd77360000 - 0x00007ffd77375000 	C:\Windows\System32\threadpoolwinrt.dll

dbghelp: loaded successfully - version: 4.0.5 - missing functions: none
symbol engine: initialized successfully - sym options: 0x614 - pdb path: .;C:\Users\Öìç²«h\.jdks\openjdk-22.0.1\bin;C:\WINDOWS\SYSTEM32;C:\WINDOWS\WinSxS\amd64_microsoft.windows.common-controls_6595b64144ccf1df_6.0.22621.3672_none_2713b9d173822955;C:\Users\Öìç²«h\.jdks\openjdk-22.0.1\bin\;C:\Users\Öìç²«h\.jdks\openjdk-22.0.1\b;C:\Users\Öìç²«h\.jdks\openjdk-22.0.;C:\Users\Öìç²«h\.jdks\openjdk-22;C:\Users\Öìç²«h\.jdks\openjdk;C:\Users\Öìç²«h\.jdks\open;C:\Users\Öìç²«h\.jdks\openjdk-22.0.1\bin\server;D:\IntelliJ IDEA\In;D:\IntelliJ IDEA\In;D:\IntelliJ IDEA\In;D:\IntelliJ IDEA\IntelliJ IDEA 2023.2.1\bin;D:\SHITS\Computer Graphics\Assignment 3\Assignment3 to ;D:\SHITS\Computer Graphics\Assignment 3\Assignment3 to be completed\Assignment3;C:\WINDOWS\System32\DriverStore\FileRepository\iigd_dch.in;C:\WINDOWS\System32\DriverStore\FileRepository\iigd_dch.in;C:\WINDOWS\System32\DriverStore\FileRepository\iigd_dch.in;C:\WINDOWS\System32\DriverStore\FileRepository\iigd_dch.in

VM Arguments:
jvm_args: -javaagent:D:\IntelliJ IDEA\IntelliJ IDEA 2023.2.1\lib\idea_rt.jar=25720:D:\IntelliJ IDEA\IntelliJ IDEA 2023.2.1\bin -Dfile.encoding=UTF-8 -Dsun.stdout.encoding=UTF-8 -Dsun.stderr.encoding=UTF-8 
java_command: MainWindow
java_class_path (initial): D:\SHITS\Computer Graphics\Assignment 3\Assignment3 to be completed\Assignment3\bin;D:\SHITS\Computer Graphics\Assignment 3\Assignment3 to be completed\Assignment3\LWJGL\AppleJavaExtensions.jar;D:\SHITS\Computer Graphics\Assignment 3\Assignment3 to be completed\Assignment3\LWJGL\asm-debug-all.jar;D:\SHITS\Computer Graphics\Assignment 3\Assignment3 to be completed\Assignment3\LWJGL\jinput.jar;D:\SHITS\Computer Graphics\Assignment 3\Assignment3 to be completed\Assignment3\LWJGL\laf-plugin-7.2.1.jar;D:\SHITS\Computer Graphics\Assignment 3\Assignment3 to be completed\Assignment3\LWJGL\laf-widget-7.2.1.jar;D:\SHITS\Computer Graphics\Assignment 3\Assignment3 to be completed\Assignment3\LWJGL\log4j-api-2.0-beta9.jar;D:\SHITS\Computer Graphics\Assignment 3\Assignment3 to be completed\Assignment3\LWJGL\lwjgl_test.jar;D:\SHITS\Computer Graphics\Assignment 3\Assignment3 to be completed\Assignment3\LWJGL\lwjgl_util_applet.jar;D:\SHITS\Computer Graphics\Assignment 3\Assignment3 to be completed\Assignment3\LWJGL\lwjgl_util.jar;D:\SHITS\Computer Graphics\Assignment 3\Assignment3 to be completed\Assignment3\LWJGL\lwjgl-debug.jar;D:\SHITS\Computer Graphics\Assignment 3\Assignment3 to be completed\Assignment3\LWJGL\lwjgl.jar;D:\SHITS\Computer Graphics\Assignment 3\Assignment3 to be completed\Assignment3\LWJGL\lzma.jar;D:\SHITS\Computer Graphics\Assignment 3\Assignment3 to be completed\Assignment3\LWJGL\substance-7.2.1.jar;D:\SHITS\Computer Graphics\Assignment 3\Assignment3 to be completed\Assignment3\LWJGL\trident-7.2.1.jar;D:\SHITS\Computer Graphics\Assignment 3\Assignment3 to be completed\Assignment3\LWJGL\slick-util.jar
Launcher Type: SUN_STANDARD

[Global flags]
     intx CICompilerCount                          = 4                                         {product} {ergonomic}
     uint ConcGCThreads                            = 2                                         {product} {ergonomic}
     uint G1ConcRefinementThreads                  = 8                                         {product} {ergonomic}
   size_t G1HeapRegionSize                         = 2097152                                   {product} {ergonomic}
   size_t InitialHeapSize                          = 266338304                                 {product} {ergonomic}
   size_t MarkStackSize                            = 4194304                                   {product} {ergonomic}
   size_t MaxHeapSize                              = 4238344192                                {product} {ergonomic}
   size_t MaxNewSize                               = 2541748224                                {product} {ergonomic}
   size_t MinHeapDeltaBytes                        = 2097152                                   {product} {ergonomic}
   size_t MinHeapSize                              = 8388608                                   {product} {ergonomic}
    uintx NonNMethodCodeHeapSize                   = 5839372                                {pd product} {ergonomic}
    uintx NonProfiledCodeHeapSize                  = 122909434                              {pd product} {ergonomic}
    uintx ProfiledCodeHeapSize                     = 122909434                              {pd product} {ergonomic}
    uintx ReservedCodeCacheSize                    = 251658240                              {pd product} {ergonomic}
     bool SegmentedCodeCache                       = true                                      {product} {ergonomic}
   size_t SoftMaxHeapSize                          = 4238344192                             {manageable} {ergonomic}
     bool UseCompressedOops                        = true                           {product lp64_product} {ergonomic}
     bool UseG1GC                                  = true                                      {product} {ergonomic}
     bool UseLargePagesIndividualAllocation        = false                                  {pd product} {ergonomic}

Logging:
Log output configuration:
 #0: stdout all=off uptime,level,tags foldmultilines=false
 #1: stderr all=off uptime,level,tags foldmultilines=false

Environment Variables:
PATH=C:\Program Files\Common Files\Oracle\Java\javapath;C:\Program Files\Python310\Scripts\;C:\Program Files\Python310\;C:\Windows\System32\HWAudioDriverLibs;C:\Windows\system32;C:\Windows;C:\Windows\System32\Wbem;C:\Windows\System32\WindowsPowerShell\v1.0\;C:\Windows\System32\OpenSSH\;C:\Users\Administrator\AppData\Local\Microsoft\WindowsApps;C:\WINDOWS\system32;C:\WINDOWS;C:\WINDOWS\System32\Wbem;C:\WINDOWS\System32\WindowsPowerShell\v1.0\;C:\WINDOWS\System32\OpenSSH\;C:\Program Files\MATLAB\R2023a\bin;C:\Program Files (x86)\Microsoft SQL Server\160\Tools\Binn\;C:\Program Files\Microsoft SQL Server\160\Tools\Binn\;C:\Program Files\Microsoft SQL Server\Client SDK\ODBC\170\Tools\Binn\;C:\Program Files\Microsoft SQL Server\160\DTS\Binn\;C:\Program Files\Azure Data Studio\bin;D:\Downloads\EasyShare\x86\;D:\Downloads\EasyShare\x64\;D:\Download\Git\cmd;D:\node.js\;C:\Users\Öìç²«h\AppData\Local\Microsoft\WindowsApps;D:\texlive\texlive\2023\bin\windows;C:\Program Files\Azure Data Studio\bin;C:\Users\Öìç²«h\AppData\Roaming\npm
USERNAME=Öìç²«h
OS=Windows_NT
PROCESSOR_IDENTIFIER=Intel64 Family 6 Model 140 Stepping 1, GenuineIntel
TMP=C:\WINDOWS\TEMP
TEMP=C:\WINDOWS\TEMP




Periodic native trim disabled

---------------  S Y S T E M  ---------------

OS:
 Windows 11 , 64 bit Build 22621 (10.0.22621.3958)
OS uptime: 29 days 3:23 hours

CPU: total 8 (initial active 8) (4 cores per cpu, 2 threads per core) family 6 model 140 stepping 1 microcode 0x86, cx8, cmov, fxsr, ht, mmx, 3dnowpref, sse, sse2, sse3, ssse3, sse4.1, sse4.2, popcnt, lzcnt, tsc, tscinvbit, avx, avx2, aes, erms, clmul, bmi1, bmi2, adx, avx512f, avx512dq, avx512cd, avx512bw, avx512vl, sha, fma, vzeroupper, avx512_vpopcntdq, avx512_vpclmulqdq, avx512_vaes, avx512_vnni, clflush, clflushopt, clwb, avx512_vbmi2, avx512_vbmi, rdtscp, rdpid, fsrm, gfni, avx512_bitalg, f16c, pku, cet_ibt, cet_ss, avx512_ifma
Processor Information for all 8 processors :
  Max Mhz: 2112, Current Mhz: 1206, Mhz Limit: 1203

Memory: 4k page, system-wide physical 16167M (2371M free)
TotalPageFile size 26945M (AvailPageFile size 4333M)
current process WorkingSet (physical memory assigned to process): 254M, peak: 264M
current process commit charge ("private bytes"): 428M, peak: 442M

vm_info: OpenJDK 64-Bit Server VM (22.0.1+8-16) for windows-amd64 JRE (22.0.1+8-16), built on 2024-03-12T10:33:16Z by "mach5one" with MS VC++ 17.6 (VS2022)

END.
