#
# A fatal error has been detected by the Java Runtime Environment:
#
#  EXCEPTION_ACCESS_VIOLATION (0xc0000005) at pc=0x00007ffcd18ec02a, pid=21812, tid=27752
#
# JRE version: OpenJDK Runtime Environment (22.0.1+8) (build 22.0.1+8-16)
# Java VM: OpenJDK 64-Bit Server VM (22.0.1+8-16, mixed mode, sharing, tiered, compressed oops, compressed class ptrs, g1 gc, windows-amd64)
# Problematic frame:
# C  [igxelpicd64.dll+0x36c02a]
#
# No core dump will be written. Minidumps are not enabled by default on client versions of Windows
#
# If you would like to submit a bug report, please visit:
#   https://bugreport.java.com/bugreport/crash.jsp
#

---------------  S U M M A R Y ------------

Command Line: -javaagent:D:\IntelliJ IDEA\IntelliJ IDEA 2023.2.1\lib\idea_rt.jar=14405:D:\IntelliJ IDEA\IntelliJ IDEA 2023.2.1\bin -Dfile.encoding=UTF-8 -Dsun.stdout.encoding=UTF-8 -Dsun.stderr.encoding=UTF-8 MainWindow

Host: 11th Gen Intel(R) Core(TM) i7-1160G7 @ 1.20GHz, 8 cores, 15G,  Windows 11 , 64 bit Build 22621 (10.0.22621.3958)
Time: Sun Nov 10 16:39:27 2024  Windows 11 , 64 bit Build 22621 (10.0.22621.3958) elapsed time: 281.395412 seconds (0d 0h 4m 41s)

---------------  T H R E A D  ---------------

Current thread (0x0000016e9f77f260):  VMThread "VM Thread"          [id=27752, stack(0x00000008e5000000,0x00000008e5100000) (1024K)]

Stack: [0x00000008e5000000,0x00000008e5100000],  sp=0x00000008e50fe2e0,  free space=1016k
Native frames: (J=compiled Java code, j=interpreted, Vv=VM code, C=native code)
C  [igxelpicd64.dll+0x36c02a]  (no source info available)
C  [igxelpicd64.dll+0x9a847]  (no source info available)
C  [igxelpicd64.dll+0x2d956e]  (no source info available)
C  [igxelpicd64.dll+0x21300e]  (no source info available)
C  [igxelpicd64.dll+0x1c4416]  (no source info available)
C  [igxelpicd64.dll+0x1c460f]  (no source info available)
C  [igxelpicd64.dll+0xa368f]  (no source info available)
C  [igxelpicd64.dll+0xa34bd]  (no source info available)
C  [igxelpicd64.dll+0x7cd62b]  (no source info available)
C  [ntdll.dll+0x28b5f]  (no source info available)
C  [ntdll.dll+0x51566]  (no source info available)
C  [ntdll.dll+0x5115d]  (no source info available)
C  [KERNEL32.DLL+0x17fab]  (no source info available)
C  [ucrtbase.dll+0x1bed8]  (no source info available)
C  [ucrtbase.dll+0x1c099]  (no source info available)
V  [jvm.dll+0x6db40b]  (no source info available)
V  [jvm.dll+0x6daf40]  (no source info available)
V  [jvm.dll+0x3e1ea4]  (no source info available)
V  [jvm.dll+0x87d7d0]  (no source info available)
V  [jvm.dll+0x87eb57]  (no source info available)
V  [jvm.dll+0x87f0d0]  (no source info available)
V  [jvm.dll+0x87f373]  (no source info available)
V  [jvm.dll+0x81d44b]  (no source info available)
V  [jvm.dll+0x6e0915]  (no source info available)
C  [ucrtbase.dll+0x29333]  (no source info available)
C  [KERNEL32.DLL+0x1257d]  (no source info available)
C  [ntdll.dll+0x5af08]  (no source info available)


siginfo: EXCEPTION_ACCESS_VIOLATION (0xc0000005), reading address 0x0000000000035888


Registers:
RAX=0x0000016ef7452ad8, RBX=0x0000000000000000, RCX=0x0000000000000000, RDX=0x00000000fffffff0
RSP=0x00000008e50fe2e0, RBP=0x00000008e50fe348, RSI=0x0000016ee614bec0, RDI=0x0000000000000000
R8 =0x0000000000000000, R9 =0x0000000000000000, R10=0x0000016ef7452fa0, R11=0x0000000000000246
R12=0x0000016ee607c3d8, R13=0x0000000000000000, R14=0x0000016ef74529d0, R15=0x0000000000000016
RIP=0x00007ffcd18ec02a, EFLAGS=0x0000000000010206


Register to memory mapping:

RAX=0x0000016ef7452ad8 points into unknown readable memory: 0x0000000000303e83 | 83 3e 30 00 00 00 00 00
RBX=0x0 is null
RCX=0x0 is null
RDX=0x00000000fffffff0 is an unknown value
RSP=0x00000008e50fe2e0 points into unknown readable memory: 0x0000016ee53d50d0 | d0 50 3d e5 6e 01 00 00
RBP=0x00000008e50fe348 points into unknown readable memory: 0x000000000000000f | 0f 00 00 00 00 00 00 00
RSI=0x0000016ee614bec0 points into unknown readable memory: 0x0000016efeaf0100 | 00 01 af fe 6e 01 00 00
RDI=0x0 is null
R8 =0x0 is null
R9 =0x0 is null
R10=0x0000016ef7452fa0 points into unknown readable memory: 0x0000016ef7454410 | 10 44 45 f7 6e 01 00 00
R11=0x0000000000000246 is an unknown value
R12=0x0000016ee607c3d8 points into unknown readable memory: 0x0000000000040000 | 00 00 04 00 00 00 00 00
R13=0x0 is null
R14=0x0000016ef74529d0 points into unknown readable memory: 0x0000016ee53cd880 | 80 d8 3c e5 6e 01 00 00
R15=0x0000000000000016 is an unknown value

Top of Stack: (sp=0x00000008e50fe2e0)
0x00000008e50fe2e0:   0000016ee53d50d0 0000000000000000
0x00000008e50fe2f0:   00000008e50fe490 00007ffd8f4a42a9
0x00000008e50fe300:   0000016ef7454410 0000000000000000
0x00000008e50fe310:   0000016ee53d50d0 0000016ef7452fa0
0x00000008e50fe320:   6e3102ea653102f6 00007ffd911d4114
0x00000008e50fe330:   653701c2a23502a2 173902d18b370267
0x00000008e50fe340:   284302ade24002ea 000000000000000f
0x00000008e50fe350:   0000000000303f15 0000b80238c00000
0x00000008e50fe360:   0000016ee607c3d8 0000000000000000
0x00000008e50fe370:   0000000000000000 0000016ee614bec0
0x00000008e50fe380:   00000008e50fe490 00007ffcd161a847
0x00000008e50fe390:   0000016ee614be00 0000000000000016
0x00000008e50fe3a0:   809602ff2e900200 ec9903189c960200
0x00000008e50fe3b0:   000000080013639c 53aa032000000000
0x00000008e50fe3c0:   0000000000000000 b2b002cf3ab00327
0x00000008e50fe3d0:   66b30128c3b202cd 9bb8032941b502f6
0x00000008e50fe3e0:   31bf031348bc0320 bac102fe88c102f8
0x00000008e50fe3f0:   49c9028f3bc502e9 c7cb014117ca02c1
0x00000008e50fe400:   f3cc0318d8cb02cc 9bd6031a24d30291
0x00000008e50fe410:   18e602b1d9e10320 b3e803209be802dd
0x00000008e50fe420:   96ee02e70feb0221 0000016ee6047480
0x00000008e50fe430:   0000016ee9590000 0000000000000060
0x00000008e50fe440:   0000b80238c00000 000000000013639c
0x00000008e50fe450:   0000000000000000 4000044000000001
0x00000008e50fe460:   0000000000000000 0000000000000000
0x00000008e50fe470:   0000000000000000 0000000000000000
0x00000008e50fe480:   0000000000000000 0000000000000000
0x00000008e50fe490:   0000000000000000 0000000000000000
0x00000008e50fe4a0:   0000000000000000 0000000000000000
0x00000008e50fe4b0:   0000000000000000 0000000000000000
0x00000008e50fe4c0:   0000000000000000 0000000000000000
0x00000008e50fe4d0:   0000000000000000 0000000000000000 

Instructions: (pc=0x00007ffcd18ec02a)
0x00007ffcd18ebf2a:   25 58 00 00 00 41 bd 20 00 00 00 48 8b 04 f8 4e
0x00007ffcd18ebf3a:   8b 2c 28 40 8a 7d 58 4c 3b 2d 38 98 ba 00 45 0f
0x00007ffcd18ebf4a:   44 f8 44 89 7d 50 48 85 c9 0f 84 69 07 00 00 33
0x00007ffcd18ebf5a:   db 4c 8b f1 4c 8d 91 d0 05 00 00 4c 89 55 d0 49
0x00007ffcd18ebf6a:   8b 02 48 89 45 b8 40 84 ff 74 10 48 8b d1 48 8b
0x00007ffcd18ebf7a:   09 e8 f0 2a d3 ff e9 f0 06 00 00 44 8b 86 c8 01
0x00007ffcd18ebf8a:   00 00 48 8b 05 6d 71 aa 00 83 b8 68 03 00 00 02
0x00007ffcd18ebf9a:   0f 85 1e 02 00 00 41 8d 50 f0 41 83 f8 10 73 11
0x00007ffcd18ebfaa:   4a 8d 04 c5 21 00 00 00 49 03 c0 48 8d 04 c1 eb
0x00007ffcd18ebfba:   5b 8b c2 c1 e8 04 83 f8 03 73 1f 0f ae e8 8b ca
0x00007ffcd18ebfca:   83 e1 0f 4d 8b 8c c6 88 05 00 00 4d 85 c9 74 21
0x00007ffcd18ebfda:   48 8d 0c c9 49 8d 04 c9 eb 32 48 8b 81 a0 05 00
0x00007ffcd18ebfea:   00 eb 09 44 39 00 74 2f 48 8b 40 50 48 85 c0 75
0x00007ffcd18ebffa:   f2 41 38 9e a8 05 00 00 74 23 41 8b c0 83 e0 0f
0x00007ffcd18ec00a:   48 8d 04 c0 48 8d 40 21 49 8d 04 c6 48 85 c0 74
0x00007ffcd18ec01a:   0c 48 8b 48 08 eb 09 48 83 c0 08 eb ef 48 8b cb
0x00007ffcd18ec02a:   49 3b 8d 88 58 03 00 0f 86 87 01 00 00 41 83 f8
0x00007ffcd18ec03a:   10 73 0d 4a 8d 04 c5 21 00 00 00 49 03 c0 eb 55
0x00007ffcd18ec04a:   8b c2 c1 e8 04 83 f8 03 73 1d 0f ae e8 83 e2 0f
0x00007ffcd18ec05a:   4d 8b 8c c6 88 05 00 00 4d 85 c9 74 21 48 8d 0c
0x00007ffcd18ec06a:   d2 49 8d 04 c9 eb 32 49 8b 86 a0 05 00 00 eb 09
0x00007ffcd18ec07a:   44 39 00 74 2f 48 8b 40 50 48 85 c0 75 f2 41 38
0x00007ffcd18ec08a:   9e a8 05 00 00 74 23 41 8b c0 83 e0 0f 48 8d 04
0x00007ffcd18ec09a:   c0 48 8d 40 21 49 8d 04 c6 48 85 c0 74 0c 48 8b
0x00007ffcd18ec0aa:   48 08 eb 09 48 83 c0 08 eb ef 48 8b cb 49 3b 8e
0x00007ffcd18ec0ba:   48 06 00 00 0f 86 fa 00 00 00 48 8b 86 78 02 00
0x00007ffcd18ec0ca:   00 49 89 02 4c 89 b6 78 02 00 00 ff 86 80 02 00
0x00007ffcd18ec0da:   00 ba 01 00 00 00 49 8b 4e 08 e8 d7 4a cd ff 0f
0x00007ffcd18ec0ea:   b7 c8 48 2b c1 48 05 00 00 01 00 48 01 86 88 02
0x00007ffcd18ec0fa:   00 00 ba 01 00 00 00 49 8b 4e 08 e8 b6 4a cd ff
0x00007ffcd18ec10a:   48 01 86 98 02 00 00 45 85 ff 0f 84 9a 00 00 00
0x00007ffcd18ec11a:   49 8b 9d 38 50 03 00 0f 57 c0 f3 0f 7f 45 d8 45 


Stack slot to memory mapping:

stack at sp + 0 slots: 0x0000016ee53d50d0 points into unknown readable memory: 0xffffffffffffffff | ff ff ff ff ff ff ff ff
stack at sp + 1 slots: 0x0 is null
stack at sp + 2 slots: 0x00000008e50fe490 points into unknown readable memory: 0x0000000000000000 | 00 00 00 00 00 00 00 00
stack at sp + 3 slots: 0x00007ffd8f4a42a9 USER32.dll
stack at sp + 4 slots: 0x0000016ef7454410 points into unknown readable memory: 0x0000016ee53cd880 | 80 d8 3c e5 6e 01 00 00
stack at sp + 5 slots: 0x0 is null
stack at sp + 6 slots: 0x0000016ee53d50d0 points into unknown readable memory: 0xffffffffffffffff | ff ff ff ff ff ff ff ff
stack at sp + 7 slots: 0x0000016ef7452fa0 points into unknown readable memory: 0x0000016ef7454410 | 10 44 45 f7 6e 01 00 00

VM_Operation (0x00000008e46ff100): Exit, mode: safepoint, requested by thread 0x0000016ee61e9e10


---------------  P R O C E S S  ---------------

Threads class SMR info:
_java_thread_list=0x0000016ef6f17290, length=14, elements={
0x0000016efeb25bf0, 0x0000016ee50050a0, 0x0000016ee5006920, 0x0000016ee500ae90,
0x0000016ee500c900, 0x0000016ee500ddf0, 0x0000016ee501c1d0, 0x0000016e9f7993f0,
0x0000016ee50fad20, 0x0000016ee5350160, 0x0000016ee53520e0, 0x0000016ee647ea80,
0x0000016ee643d970, 0x0000016ee61e9e10
}

Java Threads: ( => current thread )
  0x0000016efeb25bf0 JavaThread "main"                              [_thread_blocked, id=10772, stack(0x00000008e4900000,0x00000008e4a00000) (1024K)]
  0x0000016ee50050a0 JavaThread "Reference Handler"          daemon [_thread_blocked, id=27220, stack(0x00000008e5100000,0x00000008e5200000) (1024K)]
  0x0000016ee5006920 JavaThread "Finalizer"                  daemon [_thread_blocked, id=26252, stack(0x00000008e5200000,0x00000008e5300000) (1024K)]
  0x0000016ee500ae90 JavaThread "Attach Listener"            daemon [_thread_blocked, id=8572, stack(0x00000008e5400000,0x00000008e5500000) (1024K)]
  0x0000016ee500c900 JavaThread "Service Thread"             daemon [_thread_blocked, id=6600, stack(0x00000008e5500000,0x00000008e5600000) (1024K)]
  0x0000016ee500ddf0 JavaThread "Monitor Deflation Thread"   daemon [_thread_blocked, id=10916, stack(0x00000008e5600000,0x00000008e5700000) (1024K)]
  0x0000016ee501c1d0 JavaThread "C2 CompilerThread0"         daemon [_thread_blocked, id=25628, stack(0x00000008e5700000,0x00000008e5800000) (1024K)]
  0x0000016e9f7993f0 JavaThread "C1 CompilerThread0"         daemon [_thread_blocked, id=13772, stack(0x00000008e5800000,0x00000008e5900000) (1024K)]
  0x0000016ee50fad20 JavaThread "Common-Cleaner"             daemon [_thread_blocked, id=25008, stack(0x00000008e5900000,0x00000008e5a00000) (1024K)]
  0x0000016ee5350160 JavaThread "Monitor Ctrl-Break"         daemon [_thread_in_native, id=24992, stack(0x00000008e5b00000,0x00000008e5c00000) (1024K)]
  0x0000016ee53520e0 JavaThread "Notification Thread"        daemon [_thread_blocked, id=17848, stack(0x00000008e5c00000,0x00000008e5d00000) (1024K)]
  0x0000016ee647ea80 JavaThread "Java2D Disposer"            daemon [_thread_blocked, id=25920, stack(0x00000008e6600000,0x00000008e6700000) (1024K)]
  0x0000016ee643d970 JavaThread "LWJGL Timer"                daemon [_thread_blocked, id=23780, stack(0x00000008e6500000,0x00000008e6600000) (1024K)]
  0x0000016ee61e9e10 JavaThread "SIGINT handler"             daemon [_thread_blocked, id=22160, stack(0x00000008e4600000,0x00000008e4700000) (1024K)]
Total: 14

Other Threads:
=>0x0000016e9f77f260 VMThread "VM Thread"                           [id=27752, stack(0x00000008e5000000,0x00000008e5100000) (1024K)]
  0x0000016eff9929f0 WorkerThread "GC Thread#0"                     [id=25048, stack(0x00000008e4a00000,0x00000008e4b00000) (1024K)]
  0x0000016ef6f26200 WorkerThread "GC Thread#1"                     [id=3780, stack(0x00000008e6700000,0x00000008e6800000) (1024K)]
  0x0000016ef6f265b0 WorkerThread "GC Thread#2"                     [id=10876, stack(0x00000008e6800000,0x00000008e6900000) (1024K)]
  0x0000016ef6f26960 WorkerThread "GC Thread#3"                     [id=25588, stack(0x00000008e6900000,0x00000008e6a00000) (1024K)]
  0x0000016ee643ce00 WorkerThread "GC Thread#4"                     [id=19960, stack(0x00000008e6a00000,0x00000008e6b00000) (1024K)]
  0x0000016ee643d1b0 WorkerThread "GC Thread#5"                     [id=18820, stack(0x00000008e6b00000,0x00000008e6c00000) (1024K)]
  0x0000016ef6cef680 WorkerThread "GC Thread#6"                     [id=18368, stack(0x00000008e6c00000,0x00000008e6d00000) (1024K)]
  0x0000016ef6c86360 WorkerThread "GC Thread#7"                     [id=2852, stack(0x00000008e6d00000,0x00000008e6e00000) (1024K)]
  0x0000016eff9a3730 ConcurrentGCThread "G1 Main Marker"            terminated
  0x0000016eff9a48f0 WorkerThread "G1 Conc#0"                       [id=17712, stack(0x00000008e4c00000,0x00000008e4d00000) (1024K)]
  0x0000016eff9ee500 ConcurrentGCThread "G1 Refine#0"               terminated
  0x0000016e9f619000 ConcurrentGCThread "G1 Service"                terminated
Total: 13

Threads with active compile tasks:
Total: 0

VM state: at safepoint (shutting down)

VM Mutex/Monitor currently owned by a thread:  ([mutex/lock_event])
[0x00007ffcfc9fbbb8] Threads_lock - owner thread: 0x0000016e9f77f260
[0x00007ffcfc9fbcb8] Heap_lock - owner thread: 0x0000016ee61e9e10

Heap address: 0x0000000703600000, size: 4042 MB, Compressed Oops mode: Zero based, Oop shift amount: 3

CDS archive(s) mapped at: [0x0000016ea0000000-0x0000016ea0c50000-0x0000016ea0c50000), size 12910592, SharedBaseAddress: 0x0000016ea0000000, ArchiveRelocationMode: 1.
Compressed class space mapped at: 0x0000016ea1000000-0x0000016ee1000000, reserved size: 1073741824
Narrow klass base: 0x0000016ea0000000, Narrow klass shift: 0, Narrow klass range: 0x41000000

GC Precious Log:
 CardTable entry size: 512
 Card Set container configuration: InlinePtr #cards 4 size 8 Array Of Cards #cards 16 size 48 Howl #buckets 8 coarsen threshold 3686 Howl Bitmap #cards 512 size 80 coarsen threshold 460 Card regions per heap region 1 cards per card region 4096
 CPUs: 8 total, 8 available
 Memory: 16167M
 Large Page Support: Disabled
 NUMA Support: Disabled
 Compressed Oops: Enabled (Zero based)
 Heap Region Size: 2M
 Heap Min Capacity: 8M
 Heap Initial Capacity: 254M
 Heap Max Capacity: 4042M
 Pre-touch: Disabled
 Parallel Workers: 8
 Concurrent Workers: 2
 Concurrent Refinement Workers: 8
 Periodic GC: Disabled

Heap:
 garbage-first heap   total reserved 4139008K, committed 260096K, used 66511K [0x0000000703600000, 0x0000000800000000)
  region size 2048K, 26 young (53248K), 2 survivors (4096K)
 Metaspace       used 6548K, committed 6784K, reserved 1114112K
  class space    used 571K, committed 704K, reserved 1048576K

Heap Regions: E=young(eden), S=young(survivor), O=old, HS=humongous(starts), HC=humongous(continues), CS=collection set, F=free, TAMS=top-at-mark-start, PB=parsable bottom
|   0|0x0000000703600000, 0x0000000703800000, 0x0000000703800000|100%|HS|  |TAMS 0x0000000703600000| PB 0x0000000703600000| Complete |  0
|   1|0x0000000703800000, 0x0000000703a00000, 0x0000000703a00000|100%|HC|  |TAMS 0x0000000703800000| PB 0x0000000703800000| Complete |  0
|   2|0x0000000703a00000, 0x0000000703c00000, 0x0000000703c00000|100%|HS|  |TAMS 0x0000000703a00000| PB 0x0000000703a00000| Complete |  0
|   3|0x0000000703c00000, 0x0000000703e00000, 0x0000000703e00000|100%|HC|  |TAMS 0x0000000703c00000| PB 0x0000000703c00000| Complete |  0
|   4|0x0000000703e00000, 0x0000000704000000, 0x0000000704000000|100%|HS|  |TAMS 0x0000000703e00000| PB 0x0000000703e00000| Complete |  0
|   5|0x0000000704000000, 0x0000000704200000, 0x0000000704200000|100%|HC|  |TAMS 0x0000000704000000| PB 0x0000000704000000| Complete |  0
|   6|0x0000000704200000, 0x0000000704400000, 0x0000000704400000|100%|HS|  |TAMS 0x0000000704200000| PB 0x0000000704200000| Complete |  0
|   7|0x0000000704400000, 0x0000000704600000, 0x0000000704600000|100%|HC|  |TAMS 0x0000000704400000| PB 0x0000000704400000| Complete |  0
|   8|0x0000000704600000, 0x0000000704600000, 0x0000000704800000|  0%| F|  |TAMS 0x0000000704600000| PB 0x0000000704600000| Untracked |  0
|   9|0x0000000704800000, 0x0000000704800000, 0x0000000704a00000|  0%| F|  |TAMS 0x0000000704800000| PB 0x0000000704800000| Untracked |  0
|  10|0x0000000704a00000, 0x0000000704a00000, 0x0000000704c00000|  0%| F|  |TAMS 0x0000000704a00000| PB 0x0000000704a00000| Untracked |  0
|  11|0x0000000704c00000, 0x0000000704c00000, 0x0000000704e00000|  0%| F|  |TAMS 0x0000000704c00000| PB 0x0000000704c00000| Untracked |  0
|  12|0x0000000704e00000, 0x0000000704e00000, 0x0000000705000000|  0%| F|  |TAMS 0x0000000704e00000| PB 0x0000000704e00000| Untracked |  0
|  13|0x0000000705000000, 0x0000000705000000, 0x0000000705200000|  0%| F|  |TAMS 0x0000000705000000| PB 0x0000000705000000| Untracked |  0
|  14|0x0000000705200000, 0x0000000705200000, 0x0000000705400000|  0%| F|  |TAMS 0x0000000705200000| PB 0x0000000705200000| Untracked |  0
|  15|0x0000000705400000, 0x0000000705400000, 0x0000000705600000|  0%| F|  |TAMS 0x0000000705400000| PB 0x0000000705400000| Untracked |  0
|  16|0x0000000705600000, 0x0000000705600000, 0x0000000705800000|  0%| F|  |TAMS 0x0000000705600000| PB 0x0000000705600000| Untracked |  0
|  17|0x0000000705800000, 0x0000000705800000, 0x0000000705a00000|  0%| F|  |TAMS 0x0000000705800000| PB 0x0000000705800000| Untracked |  0
|  18|0x0000000705a00000, 0x0000000705a00000, 0x0000000705c00000|  0%| F|  |TAMS 0x0000000705a00000| PB 0x0000000705a00000| Untracked |  0
|  19|0x0000000705c00000, 0x0000000705c00000, 0x0000000705e00000|  0%| F|  |TAMS 0x0000000705c00000| PB 0x0000000705c00000| Untracked |  0
|  20|0x0000000705e00000, 0x0000000705e00000, 0x0000000706000000|  0%| F|  |TAMS 0x0000000705e00000| PB 0x0000000705e00000| Untracked |  0
|  21|0x0000000706000000, 0x0000000706000000, 0x0000000706200000|  0%| F|  |TAMS 0x0000000706000000| PB 0x0000000706000000| Untracked |  0
|  22|0x0000000706200000, 0x0000000706200000, 0x0000000706400000|  0%| F|  |TAMS 0x0000000706200000| PB 0x0000000706200000| Untracked |  0
|  23|0x0000000706400000, 0x0000000706400000, 0x0000000706600000|  0%| F|  |TAMS 0x0000000706400000| PB 0x0000000706400000| Untracked |  0
|  24|0x0000000706600000, 0x0000000706600000, 0x0000000706800000|  0%| F|  |TAMS 0x0000000706600000| PB 0x0000000706600000| Untracked |  0
|  25|0x0000000706800000, 0x0000000706800000, 0x0000000706a00000|  0%| F|  |TAMS 0x0000000706800000| PB 0x0000000706800000| Untracked |  0
|  26|0x0000000706a00000, 0x0000000706a00000, 0x0000000706c00000|  0%| F|  |TAMS 0x0000000706a00000| PB 0x0000000706a00000| Untracked |  0
|  27|0x0000000706c00000, 0x0000000706c00000, 0x0000000706e00000|  0%| F|  |TAMS 0x0000000706c00000| PB 0x0000000706c00000| Untracked |  0
|  28|0x0000000706e00000, 0x0000000706e00000, 0x0000000707000000|  0%| F|  |TAMS 0x0000000706e00000| PB 0x0000000706e00000| Untracked |  0
|  29|0x0000000707000000, 0x0000000707000000, 0x0000000707200000|  0%| F|  |TAMS 0x0000000707000000| PB 0x0000000707000000| Untracked |  0
|  30|0x0000000707200000, 0x0000000707200000, 0x0000000707400000|  0%| F|  |TAMS 0x0000000707200000| PB 0x0000000707200000| Untracked |  0
|  31|0x0000000707400000, 0x0000000707400000, 0x0000000707600000|  0%| F|  |TAMS 0x0000000707400000| PB 0x0000000707400000| Untracked |  0
|  32|0x0000000707600000, 0x0000000707600000, 0x0000000707800000|  0%| F|  |TAMS 0x0000000707600000| PB 0x0000000707600000| Untracked |  0
|  33|0x0000000707800000, 0x0000000707800000, 0x0000000707a00000|  0%| F|  |TAMS 0x0000000707800000| PB 0x0000000707800000| Untracked |  0
|  34|0x0000000707a00000, 0x0000000707a00000, 0x0000000707c00000|  0%| F|  |TAMS 0x0000000707a00000| PB 0x0000000707a00000| Untracked |  0
|  35|0x0000000707c00000, 0x0000000707c00000, 0x0000000707e00000|  0%| F|  |TAMS 0x0000000707c00000| PB 0x0000000707c00000| Untracked |  0
|  36|0x0000000707e00000, 0x0000000707e00000, 0x0000000708000000|  0%| F|  |TAMS 0x0000000707e00000| PB 0x0000000707e00000| Untracked |  0
|  37|0x0000000708000000, 0x0000000708000000, 0x0000000708200000|  0%| F|  |TAMS 0x0000000708000000| PB 0x0000000708000000| Untracked |  0
|  38|0x0000000708200000, 0x0000000708200000, 0x0000000708400000|  0%| F|  |TAMS 0x0000000708200000| PB 0x0000000708200000| Untracked |  0
|  39|0x0000000708400000, 0x0000000708400000, 0x0000000708600000|  0%| F|  |TAMS 0x0000000708400000| PB 0x0000000708400000| Untracked |  0
|  40|0x0000000708600000, 0x0000000708600000, 0x0000000708800000|  0%| F|  |TAMS 0x0000000708600000| PB 0x0000000708600000| Untracked |  0
|  41|0x0000000708800000, 0x0000000708800000, 0x0000000708a00000|  0%| F|  |TAMS 0x0000000708800000| PB 0x0000000708800000| Untracked |  0
|  42|0x0000000708a00000, 0x0000000708a00000, 0x0000000708c00000|  0%| F|  |TAMS 0x0000000708a00000| PB 0x0000000708a00000| Untracked |  0
|  43|0x0000000708c00000, 0x0000000708c00000, 0x0000000708e00000|  0%| F|  |TAMS 0x0000000708c00000| PB 0x0000000708c00000| Untracked |  0
|  44|0x0000000708e00000, 0x0000000708e00000, 0x0000000709000000|  0%| F|  |TAMS 0x0000000708e00000| PB 0x0000000708e00000| Untracked |  0
|  45|0x0000000709000000, 0x0000000709000000, 0x0000000709200000|  0%| F|  |TAMS 0x0000000709000000| PB 0x0000000709000000| Untracked |  0
|  46|0x0000000709200000, 0x0000000709200000, 0x0000000709400000|  0%| F|  |TAMS 0x0000000709200000| PB 0x0000000709200000| Untracked |  0
|  47|0x0000000709400000, 0x0000000709400000, 0x0000000709600000|  0%| F|  |TAMS 0x0000000709400000| PB 0x0000000709400000| Untracked |  0
|  48|0x0000000709600000, 0x0000000709600000, 0x0000000709800000|  0%| F|  |TAMS 0x0000000709600000| PB 0x0000000709600000| Untracked |  0
|  49|0x0000000709800000, 0x0000000709800000, 0x0000000709a00000|  0%| F|  |TAMS 0x0000000709800000| PB 0x0000000709800000| Untracked |  0
|  50|0x0000000709a00000, 0x0000000709a00000, 0x0000000709c00000|  0%| F|  |TAMS 0x0000000709a00000| PB 0x0000000709a00000| Untracked |  0
|  51|0x0000000709c00000, 0x0000000709c00000, 0x0000000709e00000|  0%| F|  |TAMS 0x0000000709c00000| PB 0x0000000709c00000| Untracked |  0
|  52|0x0000000709e00000, 0x0000000709e00000, 0x000000070a000000|  0%| F|  |TAMS 0x0000000709e00000| PB 0x0000000709e00000| Untracked |  0
|  53|0x000000070a000000, 0x000000070a000000, 0x000000070a200000|  0%| F|  |TAMS 0x000000070a000000| PB 0x000000070a000000| Untracked |  0
|  54|0x000000070a200000, 0x000000070a200000, 0x000000070a400000|  0%| F|  |TAMS 0x000000070a200000| PB 0x000000070a200000| Untracked |  0
|  55|0x000000070a400000, 0x000000070a400000, 0x000000070a600000|  0%| F|  |TAMS 0x000000070a400000| PB 0x000000070a400000| Untracked |  0
|  56|0x000000070a600000, 0x000000070a600000, 0x000000070a800000|  0%| F|  |TAMS 0x000000070a600000| PB 0x000000070a600000| Untracked |  0
|  57|0x000000070a800000, 0x000000070a800000, 0x000000070aa00000|  0%| F|  |TAMS 0x000000070a800000| PB 0x000000070a800000| Untracked |  0
|  58|0x000000070aa00000, 0x000000070aa00000, 0x000000070ac00000|  0%| F|  |TAMS 0x000000070aa00000| PB 0x000000070aa00000| Untracked |  0
|  59|0x000000070ac00000, 0x000000070ac00000, 0x000000070ae00000|  0%| F|  |TAMS 0x000000070ac00000| PB 0x000000070ac00000| Untracked |  0
|  60|0x000000070ae00000, 0x000000070ae00000, 0x000000070b000000|  0%| F|  |TAMS 0x000000070ae00000| PB 0x000000070ae00000| Untracked |  0
|  61|0x000000070b000000, 0x000000070b000000, 0x000000070b200000|  0%| F|  |TAMS 0x000000070b000000| PB 0x000000070b000000| Untracked |  0
|  62|0x000000070b200000, 0x000000070b200000, 0x000000070b400000|  0%| F|  |TAMS 0x000000070b200000| PB 0x000000070b200000| Untracked |  0
|  63|0x000000070b400000, 0x000000070b400000, 0x000000070b600000|  0%| F|  |TAMS 0x000000070b400000| PB 0x000000070b400000| Untracked |  0
|  64|0x000000070b600000, 0x000000070b600000, 0x000000070b800000|  0%| F|  |TAMS 0x000000070b600000| PB 0x000000070b600000| Untracked |  0
|  65|0x000000070b800000, 0x000000070b800000, 0x000000070ba00000|  0%| F|  |TAMS 0x000000070b800000| PB 0x000000070b800000| Untracked |  0
|  66|0x000000070ba00000, 0x000000070ba00000, 0x000000070bc00000|  0%| F|  |TAMS 0x000000070ba00000| PB 0x000000070ba00000| Untracked |  0
|  67|0x000000070bc00000, 0x000000070bc00000, 0x000000070be00000|  0%| F|  |TAMS 0x000000070bc00000| PB 0x000000070bc00000| Untracked |  0
|  68|0x000000070be00000, 0x000000070be00000, 0x000000070c000000|  0%| F|  |TAMS 0x000000070be00000| PB 0x000000070be00000| Untracked |  0
|  69|0x000000070c000000, 0x000000070c000000, 0x000000070c200000|  0%| F|  |TAMS 0x000000070c000000| PB 0x000000070c000000| Untracked |  0
|  70|0x000000070c200000, 0x000000070c200000, 0x000000070c400000|  0%| F|  |TAMS 0x000000070c200000| PB 0x000000070c200000| Untracked |  0
|  71|0x000000070c400000, 0x000000070c400000, 0x000000070c600000|  0%| F|  |TAMS 0x000000070c400000| PB 0x000000070c400000| Untracked |  0
|  72|0x000000070c600000, 0x000000070c600000, 0x000000070c800000|  0%| F|  |TAMS 0x000000070c600000| PB 0x000000070c600000| Untracked |  0
|  73|0x000000070c800000, 0x000000070c800000, 0x000000070ca00000|  0%| F|  |TAMS 0x000000070c800000| PB 0x000000070c800000| Untracked |  0
|  74|0x000000070ca00000, 0x000000070ca00000, 0x000000070cc00000|  0%| F|  |TAMS 0x000000070ca00000| PB 0x000000070ca00000| Untracked |  0
|  75|0x000000070cc00000, 0x000000070cc00000, 0x000000070ce00000|  0%| F|  |TAMS 0x000000070cc00000| PB 0x000000070cc00000| Untracked |  0
|  76|0x000000070ce00000, 0x000000070ce00000, 0x000000070d000000|  0%| F|  |TAMS 0x000000070ce00000| PB 0x000000070ce00000| Untracked |  0
|  77|0x000000070d000000, 0x000000070d000000, 0x000000070d200000|  0%| F|  |TAMS 0x000000070d000000| PB 0x000000070d000000| Untracked |  0
|  78|0x000000070d200000, 0x000000070d200000, 0x000000070d400000|  0%| F|  |TAMS 0x000000070d200000| PB 0x000000070d200000| Untracked |  0
|  79|0x000000070d400000, 0x000000070d400000, 0x000000070d600000|  0%| F|  |TAMS 0x000000070d400000| PB 0x000000070d400000| Untracked |  0
|  80|0x000000070d600000, 0x000000070d600000, 0x000000070d800000|  0%| F|  |TAMS 0x000000070d600000| PB 0x000000070d600000| Untracked |  0
|  81|0x000000070d800000, 0x000000070d800000, 0x000000070da00000|  0%| F|  |TAMS 0x000000070d800000| PB 0x000000070d800000| Untracked |  0
|  82|0x000000070da00000, 0x000000070da00000, 0x000000070dc00000|  0%| F|  |TAMS 0x000000070da00000| PB 0x000000070da00000| Untracked |  0
|  83|0x000000070dc00000, 0x000000070dc00000, 0x000000070de00000|  0%| F|  |TAMS 0x000000070dc00000| PB 0x000000070dc00000| Untracked |  0
|  84|0x000000070de00000, 0x000000070de00000, 0x000000070e000000|  0%| F|  |TAMS 0x000000070de00000| PB 0x000000070de00000| Untracked |  0
|  85|0x000000070e000000, 0x000000070e000000, 0x000000070e200000|  0%| F|  |TAMS 0x000000070e000000| PB 0x000000070e000000| Untracked |  0
|  86|0x000000070e200000, 0x000000070e200000, 0x000000070e400000|  0%| F|  |TAMS 0x000000070e200000| PB 0x000000070e200000| Untracked |  0
|  87|0x000000070e400000, 0x000000070e400000, 0x000000070e600000|  0%| F|  |TAMS 0x000000070e400000| PB 0x000000070e400000| Untracked |  0
|  88|0x000000070e600000, 0x000000070e600000, 0x000000070e800000|  0%| F|  |TAMS 0x000000070e600000| PB 0x000000070e600000| Untracked |  0
|  89|0x000000070e800000, 0x000000070e800000, 0x000000070ea00000|  0%| F|  |TAMS 0x000000070e800000| PB 0x000000070e800000| Untracked |  0
|  90|0x000000070ea00000, 0x000000070ea00000, 0x000000070ec00000|  0%| F|  |TAMS 0x000000070ea00000| PB 0x000000070ea00000| Untracked |  0
|  91|0x000000070ec00000, 0x000000070ec00000, 0x000000070ee00000|  0%| F|  |TAMS 0x000000070ec00000| PB 0x000000070ec00000| Untracked |  0
|  92|0x000000070ee00000, 0x000000070ee00000, 0x000000070f000000|  0%| F|  |TAMS 0x000000070ee00000| PB 0x000000070ee00000| Untracked |  0
|  93|0x000000070f000000, 0x000000070f000000, 0x000000070f200000|  0%| F|  |TAMS 0x000000070f000000| PB 0x000000070f000000| Untracked |  0
|  94|0x000000070f200000, 0x000000070f200000, 0x000000070f400000|  0%| F|  |TAMS 0x000000070f200000| PB 0x000000070f200000| Untracked |  0
|  95|0x000000070f400000, 0x000000070f400000, 0x000000070f600000|  0%| F|  |TAMS 0x000000070f400000| PB 0x000000070f400000| Untracked |  0
|  96|0x000000070f600000, 0x000000070f600000, 0x000000070f800000|  0%| F|  |TAMS 0x000000070f600000| PB 0x000000070f600000| Untracked |  0
|  97|0x000000070f800000, 0x000000070f800000, 0x000000070fa00000|  0%| F|  |TAMS 0x000000070f800000| PB 0x000000070f800000| Untracked |  0
|  98|0x000000070fa00000, 0x000000070fa00000, 0x000000070fc00000|  0%| F|  |TAMS 0x000000070fa00000| PB 0x000000070fa00000| Untracked |  0
|  99|0x000000070fc00000, 0x000000070fc00000, 0x000000070fe00000|  0%| F|  |TAMS 0x000000070fc00000| PB 0x000000070fc00000| Untracked |  0
| 100|0x000000070fe00000, 0x000000070fe00000, 0x0000000710000000|  0%| F|  |TAMS 0x000000070fe00000| PB 0x000000070fe00000| Untracked |  0
| 101|0x0000000710000000, 0x0000000710200000, 0x0000000710200000|100%| E|  |TAMS 0x0000000710000000| PB 0x0000000710000000| Complete |  0
| 102|0x0000000710200000, 0x0000000710400000, 0x0000000710400000|100%| E|CS|TAMS 0x0000000710200000| PB 0x0000000710200000| Complete |  0
| 103|0x0000000710400000, 0x00000007104f3e40, 0x0000000710600000| 47%| S|CS|TAMS 0x0000000710400000| PB 0x0000000710400000| Complete |  0
| 104|0x0000000710600000, 0x0000000710800000, 0x0000000710800000|100%| S|CS|TAMS 0x0000000710600000| PB 0x0000000710600000| Complete |  0
| 105|0x0000000710800000, 0x0000000710a00000, 0x0000000710a00000|100%| E|CS|TAMS 0x0000000710800000| PB 0x0000000710800000| Complete |  0
| 106|0x0000000710a00000, 0x0000000710c00000, 0x0000000710c00000|100%| E|CS|TAMS 0x0000000710a00000| PB 0x0000000710a00000| Complete |  0
| 107|0x0000000710c00000, 0x0000000710e00000, 0x0000000710e00000|100%| E|CS|TAMS 0x0000000710c00000| PB 0x0000000710c00000| Complete |  0
| 108|0x0000000710e00000, 0x0000000711000000, 0x0000000711000000|100%| E|CS|TAMS 0x0000000710e00000| PB 0x0000000710e00000| Complete |  0
| 109|0x0000000711000000, 0x0000000711200000, 0x0000000711200000|100%| E|CS|TAMS 0x0000000711000000| PB 0x0000000711000000| Complete |  0
| 110|0x0000000711200000, 0x0000000711400000, 0x0000000711400000|100%| E|CS|TAMS 0x0000000711200000| PB 0x0000000711200000| Complete |  0
| 111|0x0000000711400000, 0x0000000711600000, 0x0000000711600000|100%| E|CS|TAMS 0x0000000711400000| PB 0x0000000711400000| Complete |  0
| 112|0x0000000711600000, 0x0000000711800000, 0x0000000711800000|100%| E|CS|TAMS 0x0000000711600000| PB 0x0000000711600000| Complete |  0
| 113|0x0000000711800000, 0x0000000711a00000, 0x0000000711a00000|100%| E|CS|TAMS 0x0000000711800000| PB 0x0000000711800000| Complete |  0
| 114|0x0000000711a00000, 0x0000000711c00000, 0x0000000711c00000|100%| E|CS|TAMS 0x0000000711a00000| PB 0x0000000711a00000| Complete |  0
| 115|0x0000000711c00000, 0x0000000711e00000, 0x0000000711e00000|100%| E|CS|TAMS 0x0000000711c00000| PB 0x0000000711c00000| Complete |  0
| 116|0x0000000711e00000, 0x0000000712000000, 0x0000000712000000|100%| E|CS|TAMS 0x0000000711e00000| PB 0x0000000711e00000| Complete |  0
| 117|0x0000000712000000, 0x0000000712200000, 0x0000000712200000|100%| E|CS|TAMS 0x0000000712000000| PB 0x0000000712000000| Complete |  0
| 118|0x0000000712200000, 0x0000000712400000, 0x0000000712400000|100%| E|CS|TAMS 0x0000000712200000| PB 0x0000000712200000| Complete |  0
| 119|0x0000000712400000, 0x0000000712600000, 0x0000000712600000|100%| E|CS|TAMS 0x0000000712400000| PB 0x0000000712400000| Complete |  0
| 120|0x0000000712600000, 0x0000000712800000, 0x0000000712800000|100%| E|CS|TAMS 0x0000000712600000| PB 0x0000000712600000| Complete |  0
| 121|0x0000000712800000, 0x0000000712a00000, 0x0000000712a00000|100%| E|CS|TAMS 0x0000000712800000| PB 0x0000000712800000| Complete |  0
| 122|0x0000000712a00000, 0x0000000712c00000, 0x0000000712c00000|100%| E|CS|TAMS 0x0000000712a00000| PB 0x0000000712a00000| Complete |  0
| 123|0x0000000712c00000, 0x0000000712e00000, 0x0000000712e00000|100%| E|CS|TAMS 0x0000000712c00000| PB 0x0000000712c00000| Complete |  0
| 124|0x0000000712e00000, 0x0000000713000000, 0x0000000713000000|100%| E|CS|TAMS 0x0000000712e00000| PB 0x0000000712e00000| Complete |  0
| 125|0x0000000713000000, 0x0000000713200000, 0x0000000713200000|100%| E|CS|TAMS 0x0000000713000000| PB 0x0000000713000000| Complete |  0
| 126|0x0000000713200000, 0x0000000713400000, 0x0000000713400000|100%| E|CS|TAMS 0x0000000713200000| PB 0x0000000713200000| Complete |  0

Card table byte_map: [0x0000016e98e80000,0x0000016e99670000] _byte_map_base: 0x0000016e95665000

Marking Bits: (CMBitMap*) 0x0000016eff993010
 Bits: [0x0000016e99670000, 0x0000016e9d598000)

Polling page: 0x0000016eff0f0000

Metaspace:

Usage:
  Non-class:      5.84 MB used.
      Class:    571.59 KB used.
       Both:      6.40 MB used.

Virtual space:
  Non-class space:       64.00 MB reserved,       5.94 MB (  9%) committed,  1 nodes.
      Class space:        1.00 GB reserved,     704.00 KB ( <1%) committed,  1 nodes.
             Both:        1.06 GB reserved,       6.62 MB ( <1%) committed. 

Chunk freelists:
   Non-Class:  10.03 MB
       Class:  15.23 MB
        Both:  25.26 MB

MaxMetaspaceSize: unlimited
CompressedClassSpaceSize: 1.00 GB
Initial GC threshold: 21.00 MB
Current GC threshold: 21.00 MB
CDS: on
 - commit_granule_bytes: 65536.
 - commit_granule_words: 8192.
 - virtual_space_node_default_size: 8388608.
 - enlarge_chunks_in_place: 1.
 - use_allocation_guard: 0.


Internal statistics:

num_allocs_failed_limit: 0.
num_arena_births: 174.
num_arena_deaths: 0.
num_vsnodes_births: 2.
num_vsnodes_deaths: 0.
num_space_committed: 105.
num_space_uncommitted: 0.
num_chunks_returned_to_freelist: 0.
num_chunks_taken_from_freelist: 269.
num_chunk_merges: 0.
num_chunk_splits: 163.
num_chunks_enlarged: 82.
num_inconsistent_stats: 0.

CodeHeap 'non-profiled nmethods': size=120000Kb used=693Kb max_used=693Kb free=119306Kb
 bounds [0x0000016e91160000, 0x0000016e913d0000, 0x0000016e98690000]
CodeHeap 'profiled nmethods': size=120000Kb used=2204Kb max_used=2204Kb free=117795Kb
 bounds [0x0000016e89690000, 0x0000016e89900000, 0x0000016e90bc0000]
CodeHeap 'non-nmethods': size=5760Kb used=1784Kb max_used=1803Kb free=3976Kb
 bounds [0x0000016e90bc0000, 0x0000016e90e30000, 0x0000016e91160000]
 total_blobs=2090 nmethods=1437 adapters=558
 compilation: enabled
              stopped_count=0, restarted_count=0
 full_count=0

Compilation events (20 events):
Event: 222.613 Thread 0x0000016ee501c1d0 1429   !   4       org.lwjgl.opengl.Display::isCloseRequested (38 bytes)
Event: 222.616 Thread 0x0000016ee501c1d0 nmethod 1429 0x0000016e9120a110 code [0x0000016e9120a2a0, 0x0000016e9120a4a0]
Event: 222.616 Thread 0x0000016ee501c1d0 1430       4       MainWindow::update (448 bytes)
Event: 222.661 Thread 0x0000016ee501c1d0 nmethod 1430 0x0000016e9120a590 code [0x0000016e9120a8a0, 0x0000016e9120b998]
Event: 222.661 Thread 0x0000016ee501c1d0 1431   !   4       org.lwjgl.input.Mouse::isButtonDown (61 bytes)
Event: 222.665 Thread 0x0000016ee501c1d0 nmethod 1431 0x0000016e9120c590 code [0x0000016e9120c740, 0x0000016e9120ca58]
Event: 222.665 Thread 0x0000016ee501c1d0 1432       4       MainWindow::updateFPS (56 bytes)
Event: 222.673 Thread 0x0000016ee501c1d0 nmethod 1432 0x0000016e9120cc90 code [0x0000016e9120ce60, 0x0000016e9120d110]
Event: 253.337 Thread 0x0000016e9f7993f0 1433       3       java.nio.charset.CharsetDecoder::replaceWith (68 bytes)
Event: 253.338 Thread 0x0000016e9f7993f0 nmethod 1433 0x0000016e898b2e10 code [0x0000016e898b3020, 0x0000016e898b3668]
Event: 253.338 Thread 0x0000016e9f7993f0 1434       3       java.nio.charset.CharsetDecoder::implReplaceWith (1 bytes)
Event: 253.338 Thread 0x0000016e9f7993f0 nmethod 1434 0x0000016e898b3890 code [0x0000016e898b3a20, 0x0000016e898b3b28]
Event: 258.292 Thread 0x0000016e9f7993f0 1435       3       org.lwjgl.opengl.WindowsDisplay::setTitle (17 bytes)
Event: 258.293 Thread 0x0000016e9f7993f0 nmethod 1435 0x0000016e898b3b90 code [0x0000016e898b3dc0, 0x0000016e898b4520]
Event: 258.293 Thread 0x0000016e9f7993f0 1436       3       org.lwjgl.MemoryUtil::encodeUTF16 (8 bytes)
Event: 258.294 Thread 0x0000016e9f7993f0 nmethod 1436 0x0000016e898b4890 code [0x0000016e898b4a80, 0x0000016e898b4f90]
Event: 258.294 Thread 0x0000016e9f7993f0 1437       3       sun.nio.cs.UTF_16LE::newEncoder (9 bytes)
Event: 258.294 Thread 0x0000016e9f7993f0 nmethod 1437 0x0000016e898b5190 code [0x0000016e898b5340, 0x0000016e898b5560]
Event: 263.180 Thread 0x0000016e9f7993f0 1438   !   3       sun.nio.cs.UnicodeEncoder::encodeLoop (207 bytes)
Event: 263.183 Thread 0x0000016e9f7993f0 nmethod 1438 0x0000016e898b5690 code [0x0000016e898b59c0, 0x0000016e898b6a50]

GC Heap History (4 events):
Event: 2.549 GC heap before
{Heap before GC invocations=0 (full 0):
 garbage-first heap   total reserved 4139008K, committed 260096K, used 26624K [0x0000000703600000, 0x0000000800000000)
  region size 2048K, 12 young (24576K), 0 survivors (0K)
 Metaspace       used 6326K, committed 6592K, reserved 1114112K
  class space    used 562K, committed 704K, reserved 1048576K
}
Event: 2.557 GC heap after
{Heap after GC invocations=1 (full 0):
 garbage-first heap   total reserved 4139008K, committed 260096K, used 7309K [0x0000000703600000, 0x0000000800000000)
  region size 2048K, 2 young (4096K), 2 survivors (4096K)
 Metaspace       used 6326K, committed 6592K, reserved 1114112K
  class space    used 562K, committed 704K, reserved 1048576K
}
Event: 2.970 GC heap before
{Heap before GC invocations=1 (full 0):
 garbage-first heap   total reserved 4139008K, committed 260096K, used 60557K [0x0000000703600000, 0x0000000800000000)
  region size 2048K, 22 young (45056K), 2 survivors (4096K)
 Metaspace       used 6331K, committed 6592K, reserved 1114112K
  class space    used 562K, committed 704K, reserved 1048576K
}
Event: 2.976 GC heap after
{Heap after GC invocations=2 (full 0):
 garbage-first heap   total reserved 4139008K, committed 260096K, used 19407K [0x0000000703600000, 0x0000000800000000)
  region size 2048K, 2 young (4096K), 2 survivors (4096K)
 Metaspace       used 6331K, committed 6592K, reserved 1114112K
  class space    used 562K, committed 704K, reserved 1048576K
}

Dll operation events (14 events):
Event: 0.022 Loaded shared library C:\Users\Öìç²«h\.jdks\openjdk-22.0.1\bin\java.dll
Event: 0.104 Loaded shared library C:\Users\Öìç²«h\.jdks\openjdk-22.0.1\bin\jsvml.dll
Event: 0.204 Loaded shared library C:\Users\Öìç²«h\.jdks\openjdk-22.0.1\bin\zip.dll
Event: 0.224 Loaded shared library C:\Users\Öìç²«h\.jdks\openjdk-22.0.1\bin\instrument.dll
Event: 0.234 Loaded shared library C:\Users\Öìç²«h\.jdks\openjdk-22.0.1\bin\net.dll
Event: 0.238 Loaded shared library C:\Users\Öìç²«h\.jdks\openjdk-22.0.1\bin\nio.dll
Event: 0.243 Loaded shared library C:\Users\Öìç²«h\.jdks\openjdk-22.0.1\bin\zip.dll
Event: 0.308 Loaded shared library D:\IntelliJ IDEA\IntelliJ IDEA 2023.2.1\bin\breakgen64.dll
Event: 0.322 Loaded shared library C:\Users\Öìç²«h\.jdks\openjdk-22.0.1\bin\verify.dll
Event: 0.332 Loaded shared library C:\Users\Öìç²«h\.jdks\openjdk-22.0.1\bin\extnet.dll
Event: 0.352 Loaded shared library D:\SHITS\Computer Graphics\Assignment 3\Assignment3 to be completed\Assignment3\lwjgl64.dll
Event: 1.135 Loaded shared library C:\Users\Öìç²«h\.jdks\openjdk-22.0.1\bin\jimage.dll
Event: 1.826 Loaded shared library C:\Users\Öìç²«h\.jdks\openjdk-22.0.1\bin\awt.dll
Event: 2.199 Loaded shared library C:\Users\Öìç²«h\.jdks\openjdk-22.0.1\bin\javajpeg.dll

Deoptimization events (20 events):
Event: 3.736 Thread 0x0000016efeb25bf0 DEOPT PACKING pc=0x0000016e8984221f sp=0x00000008e49fee00
Event: 3.736 Thread 0x0000016efeb25bf0 DEOPT UNPACKING pc=0x0000016e90c188e2 sp=0x00000008e49fe340 mode 0
Event: 3.762 Thread 0x0000016efeb25bf0 DEOPT PACKING pc=0x0000016e8984221f sp=0x00000008e49fee00
Event: 3.762 Thread 0x0000016efeb25bf0 DEOPT UNPACKING pc=0x0000016e90c188e2 sp=0x00000008e49fe340 mode 0
Event: 3.786 Thread 0x0000016efeb25bf0 DEOPT PACKING pc=0x0000016e8984221f sp=0x00000008e49fee00
Event: 3.786 Thread 0x0000016efeb25bf0 DEOPT UNPACKING pc=0x0000016e90c188e2 sp=0x00000008e49fe340 mode 0
Event: 3.813 Thread 0x0000016efeb25bf0 DEOPT PACKING pc=0x0000016e8984221f sp=0x00000008e49fee00
Event: 3.813 Thread 0x0000016efeb25bf0 DEOPT UNPACKING pc=0x0000016e90c188e2 sp=0x00000008e49fe340 mode 0
Event: 3.838 Thread 0x0000016efeb25bf0 DEOPT PACKING pc=0x0000016e8984221f sp=0x00000008e49fee00
Event: 3.838 Thread 0x0000016efeb25bf0 DEOPT UNPACKING pc=0x0000016e90c188e2 sp=0x00000008e49fe340 mode 0
Event: 3.866 Thread 0x0000016efeb25bf0 DEOPT PACKING pc=0x0000016e8984221f sp=0x00000008e49fee00
Event: 3.866 Thread 0x0000016efeb25bf0 DEOPT UNPACKING pc=0x0000016e90c188e2 sp=0x00000008e49fe340 mode 0
Event: 3.891 Thread 0x0000016efeb25bf0 DEOPT PACKING pc=0x0000016e8984221f sp=0x00000008e49fee00
Event: 3.891 Thread 0x0000016efeb25bf0 DEOPT UNPACKING pc=0x0000016e90c188e2 sp=0x00000008e49fe340 mode 0
Event: 3.916 Thread 0x0000016efeb25bf0 DEOPT PACKING pc=0x0000016e8984221f sp=0x00000008e49fee00
Event: 3.916 Thread 0x0000016efeb25bf0 DEOPT UNPACKING pc=0x0000016e90c188e2 sp=0x00000008e49fe340 mode 0
Event: 3.941 Thread 0x0000016efeb25bf0 DEOPT PACKING pc=0x0000016e8984221f sp=0x00000008e49fee00
Event: 3.941 Thread 0x0000016efeb25bf0 DEOPT UNPACKING pc=0x0000016e90c188e2 sp=0x00000008e49fe340 mode 0
Event: 3.964 Thread 0x0000016efeb25bf0 DEOPT PACKING pc=0x0000016e8984221f sp=0x00000008e49fee00
Event: 3.964 Thread 0x0000016efeb25bf0 DEOPT UNPACKING pc=0x0000016e90c188e2 sp=0x00000008e49fe340 mode 0

Classes loaded (20 events):
Event: 2.347 Loading class sun/awt/image/IntegerInterleavedRaster
Event: 2.348 Loading class sun/awt/image/IntegerInterleavedRaster done
Event: 2.350 Loading class sun/java2d/pipe/RegionSpanIterator
Event: 2.350 Loading class sun/java2d/pipe/SpanIterator
Event: 2.350 Loading class sun/java2d/pipe/SpanIterator done
Event: 2.350 Loading class sun/java2d/pipe/RegionSpanIterator done
Event: 3.031 Loading class java/lang/FdLibm$Atan2
Event: 3.031 Loading class java/lang/FdLibm$Atan2 done
Event: 3.031 Loading class java/lang/FdLibm
Event: 3.032 Loading class java/lang/FdLibm done
Event: 3.032 Loading class java/lang/FdLibm$Atan
Event: 3.032 Loading class java/lang/FdLibm$Atan done
Event: 3.212 Loading class jdk/internal/event/ThreadSleepEvent
Event: 3.212 Loading class jdk/internal/event/ThreadSleepEvent done
Event: 280.619 Loading class jdk/internal/misc/Signal$1
Event: 280.621 Loading class jdk/internal/misc/Signal$1 done
Event: 280.835 Loading class java/util/WeakHashMap$KeyIterator
Event: 280.835 Loading class java/util/WeakHashMap$HashIterator
Event: 280.836 Loading class java/util/WeakHashMap$HashIterator done
Event: 280.836 Loading class java/util/WeakHashMap$KeyIterator done

Classes unloaded (0 events):
No events

Classes redefined (0 events):
No events

Internal exceptions (20 events):
Event: 0.301 Thread 0x0000016efeb25bf0 Exception <a 'java/lang/NoSuchMethodError'{0x00000007131f8a38}: 'java.lang.Object java.lang.invoke.Invokers$Holder.invokeExact_MT(java.lang.Object, java.lang.Object, java.lang.Object, java.lang.Object, java.lang.Object)'> (0x00000007131f8a38) 
thrown [s\open\src\hotspot\share\interpreter\linkResolver.cpp, line 774]
Event: 0.335 Thread 0x0000016ee5350160 Exception <a 'java/lang/NoSuchMethodError'{0x0000000712e84780}: 'void java.lang.invoke.DirectMethodHandle$Holder.invokeStatic(java.lang.Object, java.lang.Object)'> (0x0000000712e84780) 
thrown [s\open\src\hotspot\share\interpreter\linkResolver.cpp, line 774]
Event: 0.741 Thread 0x0000016efeb25bf0 Exception <a 'java/lang/NoSuchMethodError'{0x0000000712f7c2c8}: 'int java.lang.invoke.Invokers$Holder.invokeExact_MT(java.lang.Object, java.lang.Object)'> (0x0000000712f7c2c8) 
thrown [s\open\src\hotspot\share\interpreter\linkResolver.cpp, line 774]
Event: 1.143 Thread 0x0000016ee500ae90 Exception <a 'java/lang/NoSuchMethodError'{0x0000000712c78ee8}: 'void java.lang.invoke.DirectMethodHandle$Holder.invokeVirtual(java.lang.Object, java.lang.Object)'> (0x0000000712c78ee8) 
thrown [s\open\src\hotspot\share\interpreter\linkResolver.cpp, line 774]
Event: 1.144 Thread 0x0000016ee500ae90 Exception <a 'java/lang/NoSuchMethodError'{0x0000000712c7c948}: 'void java.lang.invoke.DirectMethodHandle$Holder.invokeSpecial(java.lang.Object, java.lang.Object, java.lang.Object)'> (0x0000000712c7c948) 
thrown [s\open\src\hotspot\share\interpreter\linkResolver.cpp, line 774]
Event: 1.152 Thread 0x0000016ee500ae90 Exception <a 'java/lang/NoSuchMethodError'{0x0000000712c8f950}: 'int java.lang.invoke.DirectMethodHandle$Holder.invokeSpecial(java.lang.Object, java.lang.Object, java.lang.Object, int)'> (0x0000000712c8f950) 
thrown [s\open\src\hotspot\share\interpreter\linkResolver.cpp, line 774]
Event: 1.157 Thread 0x0000016ee500ae90 Exception <a 'java/lang/NoSuchMethodError'{0x0000000712ca24a8}: 'java.lang.Object java.lang.invoke.DirectMethodHandle$Holder.invokeStatic(java.lang.Object, java.lang.Object, java.lang.Object, java.lang.Object, int)'> (0x0000000712ca24a8) 
thrown [s\open\src\hotspot\share\interpreter\linkResolver.cpp, line 774]
Event: 1.160 Thread 0x0000016ee500ae90 Exception <a 'java/lang/NoSuchMethodError'{0x0000000712ca9fb0}: 'long java.lang.invoke.DirectMethodHandle$Holder.invokeStatic(java.lang.Object, java.lang.Object, int)'> (0x0000000712ca9fb0) 
thrown [s\open\src\hotspot\share\interpreter\linkResolver.cpp, line 774]
Event: 1.163 Thread 0x0000016ee500ae90 Exception <a 'java/lang/NoSuchMethodError'{0x0000000712cb58b8}: 'java.lang.Object java.lang.invoke.DelegatingMethodHandle$Holder.reinvoke_L(java.lang.Object, int, long, java.lang.Object, java.lang.Object, int, java.lang.Object)'> (0x0000000712cb58b8) 
thrown [s\open\src\hotspot\share\interpreter\linkResolver.cpp, line 774]
Event: 1.173 Thread 0x0000016ee500ae90 Exception <a 'java/lang/NoSuchMethodError'{0x0000000712ccddf8}: 'int java.lang.invoke.DirectMethodHandle$Holder.invokeSpecial(java.lang.Object, java.lang.Object, java.lang.Object)'> (0x0000000712ccddf8) 
thrown [s\open\src\hotspot\share\interpreter\linkResolver.cpp, line 774]
Event: 1.445 Thread 0x0000016ee500ae90 Exception <a 'java/lang/NoSuchMethodError'{0x0000000712ce1b70}: 'java.lang.Object java.lang.invoke.DirectMethodHandle$Holder.invokeStatic(java.lang.Object, java.lang.Object, int)'> (0x0000000712ce1b70) 
thrown [s\open\src\hotspot\share\interpreter\linkResolver.cpp, line 774]
Event: 1.448 Thread 0x0000016ee500ae90 Exception <a 'java/lang/NoSuchMethodError'{0x0000000712ced680}: 'void java.lang.invoke.DelegatingMethodHandle$Holder.delegate(java.lang.Object, java.lang.Object, int, java.lang.Object)'> (0x0000000712ced680) 
thrown [s\open\src\hotspot\share\interpreter\linkResolver.cpp, line 774]
Event: 1.477 Thread 0x0000016ee500ae90 Exception <a 'java/lang/NoSuchMethodError'{0x0000000712dbc4e0}: 'java.lang.Object java.lang.invoke.Invokers$Holder.invokeExact_MT(java.lang.Object, java.lang.Object, java.lang.Object, java.lang.Object, java.lang.Object, java.lang.Object)'> (0x0000000712dbc4e0) 
thrown [s\open\src\hotspot\share\interpreter\linkResolver.cpp, line 774]
Event: 1.980 Thread 0x0000016efeb25bf0 Exception <a 'java/lang/ClassNotFoundException'{0x0000000712b1e8a0}: sun/awt/resources/spi/awtProvider> (0x0000000712b1e8a0) 
thrown [s\open\src\hotspot\share\classfile\systemDictionary.cpp, line 313]
Event: 2.009 Thread 0x0000016efeb25bf0 Exception <a 'java/io/FileNotFoundException'{0x0000000712b6c668}> (0x0000000712b6c668) 
thrown [s\open\src\hotspot\share\prims\jni.cpp, line 520]
Event: 2.021 Thread 0x0000016efeb25bf0 Exception <a 'java/io/FileNotFoundException'{0x0000000712b9a7a8}> (0x0000000712b9a7a8) 
thrown [s\open\src\hotspot\share\prims\jni.cpp, line 520]
Event: 2.131 Thread 0x0000016efeb25bf0 Exception <a 'java/lang/NoSuchMethodError'{0x00000007128a5240}: 'java.lang.Object java.lang.invoke.DirectMethodHandle$Holder.invokeStaticInit(java.lang.Object, int, int, int, int)'> (0x00000007128a5240) 
thrown [s\open\src\hotspot\share\interpreter\linkResolver.cpp, line 774]
Event: 2.176 Thread 0x0000016efeb25bf0 Exception <a 'java/lang/NoSuchMethodError'{0x0000000712948f08}: 'java.lang.Object java.lang.invoke.DirectMethodHandle$Holder.invokeStaticInit(java.lang.Object, java.lang.Object, int, int, int, int)'> (0x0000000712948f08) 
thrown [s\open\src\hotspot\share\interpreter\linkResolver.cpp, line 774]
Event: 2.399 Thread 0x0000016efeb25bf0 Implicit null exception at 0x0000016e911b2634 to 0x0000016e911b28c8
Event: 2.400 Thread 0x0000016efeb25bf0 Implicit null exception at 0x0000016e911b39de to 0x0000016e911b3e14

ZGC Phase Switch (0 events):
No events

VM Operations (20 events):
Event: 49.062 Executing VM operation: Cleanup done
Event: 60.281 Executing VM operation: HandshakeAllThreads (HandshakeForDeflation)
Event: 60.281 Executing VM operation: HandshakeAllThreads (HandshakeForDeflation) done
Event: 60.281 Executing VM operation: RendezvousGCThreads
Event: 60.281 Executing VM operation: RendezvousGCThreads done
Event: 62.304 Executing VM operation: Cleanup
Event: 62.304 Executing VM operation: Cleanup done
Event: 70.390 Executing VM operation: Cleanup
Event: 70.390 Executing VM operation: Cleanup done
Event: 83.442 Executing VM operation: Cleanup
Event: 83.442 Executing VM operation: Cleanup done
Event: 85.443 Executing VM operation: Cleanup
Event: 85.443 Executing VM operation: Cleanup done
Event: 109.648 Executing VM operation: Cleanup
Event: 109.648 Executing VM operation: Cleanup done
Event: 164.155 Executing VM operation: Cleanup
Event: 164.155 Executing VM operation: Cleanup done
Event: 193.462 Executing VM operation: Cleanup
Event: 193.462 Executing VM operation: Cleanup done
Event: 280.891 Executing VM operation: Exit

Events (20 events):
Event: 0.099 Thread 0x0000016ee500ae90 Thread added: 0x0000016ee500ae90
Event: 0.100 Thread 0x0000016ee500c900 Thread added: 0x0000016ee500c900
Event: 0.100 Thread 0x0000016ee500ddf0 Thread added: 0x0000016ee500ddf0
Event: 0.100 Thread 0x0000016ee501c1d0 Thread added: 0x0000016ee501c1d0
Event: 0.100 Thread 0x0000016e9f7993f0 Thread added: 0x0000016e9f7993f0
Event: 0.156 Thread 0x0000016ee50fad20 Thread added: 0x0000016ee50fad20
Event: 0.210 Thread 0x0000016ee5232540 Thread added: 0x0000016ee5232540
Event: 0.309 Thread 0x0000016ee5350160 Thread added: 0x0000016ee5350160
Event: 0.310 Thread 0x0000016ee53520e0 Thread added: 0x0000016ee53520e0
Event: 0.715 Thread 0x0000016ee5232540 Thread exited: 0x0000016ee5232540
Event: 1.999 Thread 0x0000016ee64b9030 Thread added: 0x0000016ee64b9030
Event: 2.190 Thread 0x0000016ee647ea80 Thread added: 0x0000016ee647ea80
Event: 2.833 Thread 0x0000016ee64b9030 Thread exited: 0x0000016ee64b9030
Event: 3.211 Thread 0x0000016ee643d970 Thread added: 0x0000016ee643d970
Event: 280.622 Thread 0x0000016ee61e9e10 Thread added: 0x0000016ee61e9e10
Event: 280.623 Thread 0x0000016ee637f900 Thread added: 0x0000016ee637f900
Event: 280.624 Thread 0x0000016ef7287f10 Thread added: 0x0000016ef7287f10
Event: 280.836 Thread 0x0000016ef7287f10 Thread exited: 0x0000016ef7287f10
Event: 280.890 Thread 0x0000016ee637f900 Thread exited: 0x0000016ee637f900
Event: 280.891 Thread 0x0000016ee50080c0 Thread exited: 0x0000016ee50080c0


Dynamic libraries:
0x00007ff7329a0000 - 0x00007ff7329ae000 	C:\Users\Öìç²«h\.jdks\openjdk-22.0.1\bin\java.exe
0x00007ffd91130000 - 0x00007ffd91347000 	C:\WINDOWS\SYSTEM32\ntdll.dll
0x00007ffd8fc50000 - 0x00007ffd8fd14000 	C:\WINDOWS\System32\KERNEL32.DLL
0x00007ffd8e600000 - 0x00007ffd8e9b7000 	C:\WINDOWS\System32\KERNELBASE.dll
0x00007ffd8e4e0000 - 0x00007ffd8e5f1000 	C:\WINDOWS\System32\ucrtbase.dll
0x00007ffd89310000 - 0x00007ffd89327000 	C:\Users\Öìç²«h\.jdks\openjdk-22.0.1\bin\jli.dll
0x00007ffd8f4a0000 - 0x00007ffd8f64f000 	C:\WINDOWS\System32\USER32.dll
0x00007ffd8ee30000 - 0x00007ffd8ee56000 	C:\WINDOWS\System32\win32u.dll
0x00007ffd8f8c0000 - 0x00007ffd8f8e9000 	C:\WINDOWS\System32\GDI32.dll
0x00007ffd8eab0000 - 0x00007ffd8ebc8000 	C:\WINDOWS\System32\gdi32full.dll
0x00007ffd88460000 - 0x00007ffd8847b000 	C:\Users\Öìç²«h\.jdks\openjdk-22.0.1\bin\VCRUNTIME140.dll
0x00007ffd8e440000 - 0x00007ffd8e4da000 	C:\WINDOWS\System32\msvcp_win.dll
0x00007ffd76f30000 - 0x00007ffd771c3000 	C:\WINDOWS\WinSxS\amd64_microsoft.windows.common-controls_6595b64144ccf1df_6.0.22621.3672_none_2713b9d173822955\COMCTL32.dll
0x00007ffd90e70000 - 0x00007ffd90f17000 	C:\WINDOWS\System32\msvcrt.dll
0x00007ffd8fa80000 - 0x00007ffd8fab1000 	C:\WINDOWS\System32\IMM32.DLL
0x00007ffd87b20000 - 0x00007ffd87b2c000 	C:\Users\Öìç²«h\.jdks\openjdk-22.0.1\bin\vcruntime140_1.dll
0x00007ffd837a0000 - 0x00007ffd8382e000 	C:\Users\Öìç²«h\.jdks\openjdk-22.0.1\bin\msvcp140.dll
0x00007ffcfbd90000 - 0x00007ffcfcad7000 	C:\Users\Öìç²«h\.jdks\openjdk-22.0.1\bin\server\jvm.dll
0x00007ffd8f800000 - 0x00007ffd8f8b2000 	C:\WINDOWS\System32\ADVAPI32.dll
0x00007ffd8fac0000 - 0x00007ffd8fb68000 	C:\WINDOWS\System32\sechost.dll
0x00007ffd8ed40000 - 0x00007ffd8ed68000 	C:\WINDOWS\System32\bcrypt.dll
0x00007ffd8f2d0000 - 0x00007ffd8f3e4000 	C:\WINDOWS\System32\RPCRT4.dll
0x00007ffd8fde0000 - 0x00007ffd8fe51000 	C:\WINDOWS\System32\WS2_32.dll
0x00007ffd8d2f0000 - 0x00007ffd8d33d000 	C:\WINDOWS\SYSTEM32\POWRPROF.dll
0x00007ffd885a0000 - 0x00007ffd885d4000 	C:\WINDOWS\SYSTEM32\WINMM.dll
0x00007ffd84250000 - 0x00007ffd8425a000 	C:\WINDOWS\SYSTEM32\VERSION.dll
0x00007ffd8d2d0000 - 0x00007ffd8d2e3000 	C:\WINDOWS\SYSTEM32\UMPDC.dll
0x00007ffd8d580000 - 0x00007ffd8d598000 	C:\WINDOWS\SYSTEM32\kernel.appcore.dll
0x00007ffd87b10000 - 0x00007ffd87b1a000 	C:\Users\Öìç²«h\.jdks\openjdk-22.0.1\bin\jimage.dll
0x00007ffd8b2d0000 - 0x00007ffd8b502000 	C:\WINDOWS\SYSTEM32\DBGHELP.DLL
0x00007ffd8eee0000 - 0x00007ffd8f26e000 	C:\WINDOWS\System32\combase.dll
0x00007ffd8fb70000 - 0x00007ffd8fc47000 	C:\WINDOWS\System32\OLEAUT32.dll
0x00007ffd61510000 - 0x00007ffd61542000 	C:\WINDOWS\SYSTEM32\dbgcore.DLL
0x00007ffd8e9c0000 - 0x00007ffd8ea3b000 	C:\WINDOWS\System32\bcryptPrimitives.dll
0x00007ffd86ee0000 - 0x00007ffd86eef000 	C:\Users\Öìç²«h\.jdks\openjdk-22.0.1\bin\instrument.dll
0x00007ffd865a0000 - 0x00007ffd865be000 	C:\Users\Öìç²«h\.jdks\openjdk-22.0.1\bin\java.dll
0x00007ffd8fe60000 - 0x00007ffd906c9000 	C:\WINDOWS\System32\SHELL32.dll
0x00007ffd8f650000 - 0x00007ffd8f7f5000 	C:\WINDOWS\System32\ole32.dll
0x00007ffd8c3c0000 - 0x00007ffd8ccbf000 	C:\WINDOWS\SYSTEM32\windows.storage.dll
0x00007ffd8c280000 - 0x00007ffd8c3bf000 	C:\WINDOWS\SYSTEM32\wintypes.dll
0x00007ffd90d70000 - 0x00007ffd90e69000 	C:\WINDOWS\System32\SHCORE.dll
0x00007ffd8f270000 - 0x00007ffd8f2ce000 	C:\WINDOWS\System32\shlwapi.dll
0x00007ffd8e370000 - 0x00007ffd8e397000 	C:\WINDOWS\SYSTEM32\profapi.dll
0x00007ffd4c680000 - 0x00007ffd4c757000 	C:\Users\Öìç²«h\.jdks\openjdk-22.0.1\bin\jsvml.dll
0x00007ffd86580000 - 0x00007ffd86597000 	C:\Users\Öìç²«h\.jdks\openjdk-22.0.1\bin\zip.dll
0x00007ffd86ec0000 - 0x00007ffd86ed0000 	C:\Users\Öìç²«h\.jdks\openjdk-22.0.1\bin\net.dll
0x00007ffd8d9f0000 - 0x00007ffd8da59000 	C:\WINDOWS\system32\mswsock.dll
0x00007ffd855c0000 - 0x00007ffd855d6000 	C:\Users\Öìç²«h\.jdks\openjdk-22.0.1\bin\nio.dll
0x00007ffd7fda0000 - 0x00007ffd7fdba000 	D:\IntelliJ IDEA\IntelliJ IDEA 2023.2.1\bin\breakgen64.dll
0x00007ffd855b0000 - 0x00007ffd855c0000 	C:\Users\Öìç²«h\.jdks\openjdk-22.0.1\bin\verify.dll
0x00007ffd83790000 - 0x00007ffd83799000 	C:\Users\Öìç²«h\.jdks\openjdk-22.0.1\bin\extnet.dll
0x0000000180000000 - 0x0000000180053000 	D:\SHITS\Computer Graphics\Assignment 3\Assignment3 to be completed\Assignment3\lwjgl64.dll
0x00007ffd722d0000 - 0x00007ffd723d0000 	C:\WINDOWS\SYSTEM32\OPENGL32.dll
0x00007ffd7d1e0000 - 0x00007ffd7d20d000 	C:\WINDOWS\SYSTEM32\GLU32.dll
0x00007ffd8bba0000 - 0x00007ffd8bbd7000 	C:\WINDOWS\SYSTEM32\dxcore.dll
0x00007ffd89c20000 - 0x00007ffd89cdd000 	C:\WINDOWS\SYSTEM32\mscms.dll
0x00007ffd8f3f0000 - 0x00007ffd8f4a0000 	C:\WINDOWS\System32\clbcatq.dll
0x00007ffd82930000 - 0x00007ffd8297e000 	C:\Windows\System32\Windows.Internal.Graphics.Display.DisplayColorManagement.dll
0x00007ffd8e130000 - 0x00007ffd8e17e000 	C:\WINDOWS\SYSTEM32\cfgmgr32.dll
0x00007ffd8b8a0000 - 0x00007ffd8b951000 	C:\WINDOWS\system32\uxtheme.dll
0x00007ffd8f910000 - 0x00007ffd8fa70000 	C:\WINDOWS\System32\MSCTF.dll
0x00007ffd85100000 - 0x00007ffd85149000 	C:\WINDOWS\SYSTEM32\directxdatabasehelper.dll
0x00007ffd87cf0000 - 0x00007ffd87e34000 	C:\Windows\System32\AppXDeploymentClient.dll
0x00007ffcd1580000 - 0x00007ffcd2552000 	C:\WINDOWS\System32\DriverStore\FileRepository\iigd_dch.inf_amd64_59944c5032d36b90\igxelpicd64.dll
0x00007ffd8bb30000 - 0x00007ffd8bb5b000 	C:\WINDOWS\system32\dwmapi.dll
0x00007ffd8ba20000 - 0x00007ffd8bb17000 	C:\WINDOWS\system32\dxgi.dll
0x00007ffd275b0000 - 0x00007ffd276ec000 	C:\WINDOWS\System32\DriverStore\FileRepository\iigd_dch.inf_amd64_59944c5032d36b90\igdml64.dll
0x00007ffd80cc0000 - 0x00007ffd810ca000 	C:\WINDOWS\System32\DriverStore\FileRepository\iigd_dch.inf_amd64_59944c5032d36b90\igdgmm64.dll
0x00007ffd84a50000 - 0x00007ffd84b93000 	C:\WINDOWS\SYSTEM32\textinputframework.dll
0x00007ffd875b0000 - 0x00007ffd876e3000 	C:\WINDOWS\SYSTEM32\CoreMessaging.dll
0x00007ffd84d90000 - 0x00007ffd850fd000 	C:\WINDOWS\SYSTEM32\CoreUIComponents.dll
0x00007ffd8dc60000 - 0x00007ffd8dc6c000 	C:\WINDOWS\SYSTEM32\CRYPTBASE.DLL
0x00007ffd6ba40000 - 0x00007ffd6be89000 	C:\WINDOWS\SYSTEM32\uiautomationcore.dll
0x00007ffd6c2f0000 - 0x00007ffd6c359000 	C:\WINDOWS\SYSTEM32\OLEACC.dll
0x00007ffd72df0000 - 0x00007ffd72e3a000 	C:\WINDOWS\SYSTEM32\icm32.dll
0x00007ffd73140000 - 0x00007ffd7318b000 	C:\WINDOWS\system32\ApplicationTargetedFeatureDatabase.dll
0x00007ffd856a0000 - 0x00007ffd85942000 	C:\Windows\System32\twinapi.appcore.dll
0x00007ffd77eb0000 - 0x00007ffd7c520000 	C:\WINDOWS\System32\DriverStore\FileRepository\iigd_dch.inf_amd64_59944c5032d36b90\igc64.dll
0x00007ffd25e90000 - 0x00007ffd2601d000 	C:\Users\Öìç²«h\.jdks\openjdk-22.0.1\bin\awt.dll
0x00007ffd89ef0000 - 0x00007ffd89f87000 	C:\WINDOWS\SYSTEM32\apphelp.dll
0x00007ffd8dc40000 - 0x00007ffd8dc5b000 	C:\WINDOWS\SYSTEM32\CRYPTSP.dll
0x00007ffd8d4e0000 - 0x00007ffd8d515000 	C:\WINDOWS\system32\rsaenh.dll
0x00007ffd8dae0000 - 0x00007ffd8db08000 	C:\WINDOWS\SYSTEM32\USERENV.dll
0x00007ffd8cf90000 - 0x00007ffd8cfbd000 	C:\WINDOWS\SYSTEM32\IPHLPAPI.DLL
0x00007ffd90f40000 - 0x00007ffd90f49000 	C:\WINDOWS\System32\NSI.dll
0x00007ffd7d7b0000 - 0x00007ffd7d7de000 	C:\Users\Öìç²«h\.jdks\openjdk-22.0.1\bin\javajpeg.dll
0x00007ffd77360000 - 0x00007ffd77375000 	C:\Windows\System32\threadpoolwinrt.dll

dbghelp: loaded successfully - version: 4.0.5 - missing functions: none
symbol engine: initialized successfully - sym options: 0x614 - pdb path: .;C:\Users\Öìç²«h\.jdks\openjdk-22.0.1\bin;C:\WINDOWS\SYSTEM32;C:\WINDOWS\WinSxS\amd64_microsoft.windows.common-controls_6595b64144ccf1df_6.0.22621.3672_none_2713b9d173822955;C:\Users\Öìç²«h\.jdks\openjdk-22.0.1\bin\;C:\Users\Öìç²«h\.jdks\openjdk-22.0.1\b;C:\Users\Öìç²«h\.jdks\openjdk-22.0.;C:\Users\Öìç²«h\.jdks\openjdk-22;C:\Users\Öìç²«h\.jdks\openjdk;C:\Users\Öìç²«h\.jdks\open;C:\Users\Öìç²«h\.jdks\openjdk-22.0.1\bin\server;D:\IntelliJ IDEA\In;D:\IntelliJ IDEA\In;D:\IntelliJ IDEA\In;D:\IntelliJ IDEA\IntelliJ IDEA 2023.2.1\bin;D:\SHITS\Computer Graphics\Assignment 3\Assignment3 to ;D:\SHITS\Computer Graphics\Assignment 3\Assignment3 to be completed\Assignment3;C:\WINDOWS\System32\DriverStore\FileRepository\iigd_dch.in;C:\WINDOWS\System32\DriverStore\FileRepository\iigd_dch.in;C:\WINDOWS\System32\DriverStore\FileRepository\iigd_dch.in;C:\WINDOWS\System32\DriverStore\FileRepository\iigd_dch.in

VM Arguments:
jvm_args: -javaagent:D:\IntelliJ IDEA\IntelliJ IDEA 2023.2.1\lib\idea_rt.jar=14405:D:\IntelliJ IDEA\IntelliJ IDEA 2023.2.1\bin -Dfile.encoding=UTF-8 -Dsun.stdout.encoding=UTF-8 -Dsun.stderr.encoding=UTF-8 
java_command: MainWindow
java_class_path (initial): D:\SHITS\Computer Graphics\Assignment 3\Assignment3 to be completed\Assignment3\bin;D:\SHITS\Computer Graphics\Assignment 3\Assignment3 to be completed\Assignment3\LWJGL\AppleJavaExtensions.jar;D:\SHITS\Computer Graphics\Assignment 3\Assignment3 to be completed\Assignment3\LWJGL\asm-debug-all.jar;D:\SHITS\Computer Graphics\Assignment 3\Assignment3 to be completed\Assignment3\LWJGL\jinput.jar;D:\SHITS\Computer Graphics\Assignment 3\Assignment3 to be completed\Assignment3\LWJGL\laf-plugin-7.2.1.jar;D:\SHITS\Computer Graphics\Assignment 3\Assignment3 to be completed\Assignment3\LWJGL\laf-widget-7.2.1.jar;D:\SHITS\Computer Graphics\Assignment 3\Assignment3 to be completed\Assignment3\LWJGL\log4j-api-2.0-beta9.jar;D:\SHITS\Computer Graphics\Assignment 3\Assignment3 to be completed\Assignment3\LWJGL\lwjgl_test.jar;D:\SHITS\Computer Graphics\Assignment 3\Assignment3 to be completed\Assignment3\LWJGL\lwjgl_util_applet.jar;D:\SHITS\Computer Graphics\Assignment 3\Assignment3 to be completed\Assignment3\LWJGL\lwjgl_util.jar;D:\SHITS\Computer Graphics\Assignment 3\Assignment3 to be completed\Assignment3\LWJGL\lwjgl-debug.jar;D:\SHITS\Computer Graphics\Assignment 3\Assignment3 to be completed\Assignment3\LWJGL\lwjgl.jar;D:\SHITS\Computer Graphics\Assignment 3\Assignment3 to be completed\Assignment3\LWJGL\lzma.jar;D:\SHITS\Computer Graphics\Assignment 3\Assignment3 to be completed\Assignment3\LWJGL\substance-7.2.1.jar;D:\SHITS\Computer Graphics\Assignment 3\Assignment3 to be completed\Assignment3\LWJGL\trident-7.2.1.jar;D:\SHITS\Computer Graphics\Assignment 3\Assignment3 to be completed\Assignment3\LWJGL\slick-util.jar
Launcher Type: SUN_STANDARD

[Global flags]
     intx CICompilerCount                          = 4                                         {product} {ergonomic}
     uint ConcGCThreads                            = 2                                         {product} {ergonomic}
     uint G1ConcRefinementThreads                  = 8                                         {product} {ergonomic}
   size_t G1HeapRegionSize                         = 2097152                                   {product} {ergonomic}
   size_t InitialHeapSize                          = 266338304                                 {product} {ergonomic}
   size_t MarkStackSize                            = 4194304                                   {product} {ergonomic}
   size_t MaxHeapSize                              = 4238344192                                {product} {ergonomic}
   size_t MaxNewSize                               = 2541748224                                {product} {ergonomic}
   size_t MinHeapDeltaBytes                        = 2097152                                   {product} {ergonomic}
   size_t MinHeapSize                              = 8388608                                   {product} {ergonomic}
    uintx NonNMethodCodeHeapSize                   = 5839372                                {pd product} {ergonomic}
    uintx NonProfiledCodeHeapSize                  = 122909434                              {pd product} {ergonomic}
    uintx ProfiledCodeHeapSize                     = 122909434                              {pd product} {ergonomic}
    uintx ReservedCodeCacheSize                    = 251658240                              {pd product} {ergonomic}
     bool SegmentedCodeCache                       = true                                      {product} {ergonomic}
   size_t SoftMaxHeapSize                          = 4238344192                             {manageable} {ergonomic}
     bool UseCompressedOops                        = true                           {product lp64_product} {ergonomic}
     bool UseG1GC                                  = true                                      {product} {ergonomic}
     bool UseLargePagesIndividualAllocation        = false                                  {pd product} {ergonomic}

Logging:
Log output configuration:
 #0: stdout all=off uptime,level,tags foldmultilines=false
 #1: stderr all=off uptime,level,tags foldmultilines=false

Environment Variables:
PATH=C:\Program Files\Common Files\Oracle\Java\javapath;C:\Program Files\Python310\Scripts\;C:\Program Files\Python310\;C:\Windows\System32\HWAudioDriverLibs;C:\Windows\system32;C:\Windows;C:\Windows\System32\Wbem;C:\Windows\System32\WindowsPowerShell\v1.0\;C:\Windows\System32\OpenSSH\;C:\Users\Administrator\AppData\Local\Microsoft\WindowsApps;C:\WINDOWS\system32;C:\WINDOWS;C:\WINDOWS\System32\Wbem;C:\WINDOWS\System32\WindowsPowerShell\v1.0\;C:\WINDOWS\System32\OpenSSH\;C:\Program Files\MATLAB\R2023a\bin;C:\Program Files (x86)\Microsoft SQL Server\160\Tools\Binn\;C:\Program Files\Microsoft SQL Server\160\Tools\Binn\;C:\Program Files\Microsoft SQL Server\Client SDK\ODBC\170\Tools\Binn\;C:\Program Files\Microsoft SQL Server\160\DTS\Binn\;C:\Program Files\Azure Data Studio\bin;D:\Downloads\EasyShare\x86\;D:\Downloads\EasyShare\x64\;D:\Download\Git\cmd;D:\node.js\;C:\Users\Öìç²«h\AppData\Local\Microsoft\WindowsApps;D:\texlive\texlive\2023\bin\windows;C:\Program Files\Azure Data Studio\bin;C:\Users\Öìç²«h\AppData\Roaming\npm
USERNAME=Öìç²«h
OS=Windows_NT
PROCESSOR_IDENTIFIER=Intel64 Family 6 Model 140 Stepping 1, GenuineIntel
TMP=C:\WINDOWS\TEMP
TEMP=C:\WINDOWS\TEMP




Periodic native trim disabled

---------------  S Y S T E M  ---------------

OS:
 Windows 11 , 64 bit Build 22621 (10.0.22621.3958)
OS uptime: 29 days 0:09 hours

CPU: total 8 (initial active 8) (4 cores per cpu, 2 threads per core) family 6 model 140 stepping 1 microcode 0x86, cx8, cmov, fxsr, ht, mmx, 3dnowpref, sse, sse2, sse3, ssse3, sse4.1, sse4.2, popcnt, lzcnt, tsc, tscinvbit, avx, avx2, aes, erms, clmul, bmi1, bmi2, adx, avx512f, avx512dq, avx512cd, avx512bw, avx512vl, sha, fma, vzeroupper, avx512_vpopcntdq, avx512_vpclmulqdq, avx512_vaes, avx512_vnni, clflush, clflushopt, clwb, avx512_vbmi2, avx512_vbmi, rdtscp, rdpid, fsrm, gfni, avx512_bitalg, f16c, pku, cet_ibt, cet_ss, avx512_ifma
Processor Information for all 8 processors :
  Max Mhz: 2112, Current Mhz: 1206, Mhz Limit: 1203

Memory: 4k page, system-wide physical 16167M (2634M free)
TotalPageFile size 24871M (AvailPageFile size 3598M)
current process WorkingSet (physical memory assigned to process): 658M, peak: 886M
current process commit charge ("private bytes"): 861M, peak: 1091M

vm_info: OpenJDK 64-Bit Server VM (22.0.1+8-16) for windows-amd64 JRE (22.0.1+8-16), built on 2024-03-12T10:33:16Z by "mach5one" with MS VC++ 17.6 (VS2022)

END.
